INFO - 2025-10-24 12:23:11 --> Session: Class initialized using 'CodeIgniter\Session\Handlers\FileHandler' driver.
INFO - 2025-10-24 12:23:12 --> Session: Class initialized using 'CodeIgniter\Session\Handlers\FileHandler' driver.
CRITICAL - 2025-10-24 12:23:12 --> CodeIgniter\View\Exceptions\ViewException: Невалиден файл: themes/bestphone/pages/VIEW__assets.php
in FCPATH/vendor/codeigniter4/framework/system/Exceptions/FrameworkException.php on line 39.
 1 FCPATH/vendor/codeigniter4/framework/system/View/View.php(216): CodeIgniter\Exceptions\FrameworkException::forInvalidFile('themes/bestphone/pages/VIEW__assets.php')
 2 APPPATH/Common.php(31): CodeIgniter\View\View->render('themes/bestphone/pages/VIEW__assets', [], true)
 3 APPPATH/Controllers/Pages.php(39): view('themes/bestphone/pages/VIEW__assets', [...])
 4 FCPATH/vendor/codeigniter4/framework/system/CodeIgniter.php(941): App\Controllers\Pages->index('assets', 'js', 'theme', 'electro', 'pagePreloader.js')
 5 FCPATH/vendor/codeigniter4/framework/system/CodeIgniter.php(502): CodeIgniter\CodeIgniter->runController(Object(App\Controllers\Pages))
 6 FCPATH/vendor/codeigniter4/framework/system/CodeIgniter.php(361): CodeIgniter\CodeIgniter->handleRequest(null, Object(Config\Cache), false)
 7 FCPATH/index.php(91): CodeIgniter\CodeIgniter->run()
INFO - 2025-10-24 12:23:12 --> Session: Class initialized using 'CodeIgniter\Session\Handlers\FileHandler' driver.
CRITICAL - 2025-10-24 12:23:12 --> CodeIgniter\View\Exceptions\ViewException: Невалиден файл: themes/bestphone/pages/VIEW__assets.php
in FCPATH/vendor/codeigniter4/framework/system/Exceptions/FrameworkException.php on line 39.
 1 FCPATH/vendor/codeigniter4/framework/system/View/View.php(216): CodeIgniter\Exceptions\FrameworkException::forInvalidFile('themes/bestphone/pages/VIEW__assets.php')
 2 APPPATH/Common.php(31): CodeIgniter\View\View->render('themes/bestphone/pages/VIEW__assets', [], true)
 3 APPPATH/Controllers/Pages.php(39): view('themes/bestphone/pages/VIEW__assets', [...])
 4 FCPATH/vendor/codeigniter4/framework/system/CodeIgniter.php(941): App\Controllers\Pages->index('assets', 'js', 'theme', 'electro', 'pagePreloader.js')
 5 FCPATH/vendor/codeigniter4/framework/system/CodeIgniter.php(502): CodeIgniter\CodeIgniter->runController(Object(App\Controllers\Pages))
 6 FCPATH/vendor/codeigniter4/framework/system/CodeIgniter.php(361): CodeIgniter\CodeIgniter->handleRequest(null, Object(Config\Cache), false)
 7 FCPATH/index.php(91): CodeIgniter\CodeIgniter->run()
INFO - 2025-10-24 12:23:14 --> Session: Class initialized using 'CodeIgniter\Session\Handlers\FileHandler' driver.
INFO - 2025-10-24 12:43:34 --> Session: Class initialized using 'CodeIgniter\Session\Handlers\FileHandler' driver.
INFO - 2025-10-24 12:43:49 --> Session: Class initialized using 'CodeIgniter\Session\Handlers\FileHandler' driver.
INFO - 2025-10-24 12:43:49 --> Session: Class initialized using 'CodeIgniter\Session\Handlers\FileHandler' driver.
INFO - 2025-10-24 12:44:33 --> Session: Class initialized using 'CodeIgniter\Session\Handlers\FileHandler' driver.
INFO - 2025-10-24 12:49:20 --> Session: Class initialized using 'CodeIgniter\Session\Handlers\FileHandler' driver.
INFO - 2025-10-24 12:49:23 --> Session: Class initialized using 'CodeIgniter\Session\Handlers\FileHandler' driver.
INFO - 2025-10-24 12:49:33 --> Session: Class initialized using 'CodeIgniter\Session\Handlers\FileHandler' driver.
INFO - 2025-10-24 12:49:37 --> Session: Class initialized using 'CodeIgniter\Session\Handlers\FileHandler' driver.
INFO - 2025-10-24 12:50:22 --> Session: Class initialized using 'CodeIgniter\Session\Handlers\FileHandler' driver.
INFO - 2025-10-24 12:50:43 --> Session: Class initialized using 'CodeIgniter\Session\Handlers\FileHandler' driver.
INFO - 2025-10-24 12:50:57 --> Session: Class initialized using 'CodeIgniter\Session\Handlers\FileHandler' driver.
INFO - 2025-10-24 12:51:03 --> Session: Class initialized using 'CodeIgniter\Session\Handlers\FileHandler' driver.
INFO - 2025-10-24 12:51:07 --> Session: Class initialized using 'CodeIgniter\Session\Handlers\FileHandler' driver.
INFO - 2025-10-24 12:51:39 --> Session: Class initialized using 'CodeIgniter\Session\Handlers\FileHandler' driver.
INFO - 2025-10-24 12:53:06 --> Session: Class initialized using 'CodeIgniter\Session\Handlers\FileHandler' driver.
INFO - 2025-10-24 12:53:06 --> Session: Class initialized using 'CodeIgniter\Session\Handlers\FileHandler' driver.
INFO - 2025-10-24 12:53:16 --> Session: Class initialized using 'CodeIgniter\Session\Handlers\FileHandler' driver.
INFO - 2025-10-24 12:55:05 --> Session: Class initialized using 'CodeIgniter\Session\Handlers\FileHandler' driver.
INFO - 2025-10-24 12:55:11 --> Session: Class initialized using 'CodeIgniter\Session\Handlers\FileHandler' driver.
INFO - 2025-10-24 13:31:10 --> Session: Class initialized using 'CodeIgniter\Session\Handlers\FileHandler' driver.
INFO - 2025-10-24 13:32:00 --> Session: Class initialized using 'CodeIgniter\Session\Handlers\FileHandler' driver.
INFO - 2025-10-24 13:32:03 --> Session: Class initialized using 'CodeIgniter\Session\Handlers\FileHandler' driver.
INFO - 2025-10-24 13:32:07 --> Session: Class initialized using 'CodeIgniter\Session\Handlers\FileHandler' driver.
INFO - 2025-10-24 15:53:04 --> Session: Class initialized using 'CodeIgniter\Session\Handlers\FileHandler' driver.
INFO - 2025-10-24 15:58:01 --> Session: Class initialized using 'CodeIgniter\Session\Handlers\FileHandler' driver.
INFO - 2025-10-24 17:04:29 --> Session: Class initialized using 'CodeIgniter\Session\Handlers\FileHandler' driver.
INFO - 2025-10-24 17:29:15 --> Session: Class initialized using 'CodeIgniter\Session\Handlers\FileHandler' driver.
