INFO - 2026-01-28 01:59:15 --> Session: Class initialized using 'CodeIgniter\Session\Handlers\FileHandler' driver.
ERROR - 2026-01-28 01:59:15 --> mysqli_sql_exception: Table 'rnr75_endimarket._product_model_var' doesn't exist in /home/rnr75/public_html/portal.endi.rnr75.com/vendor/codeigniter4/framework/system/Database/MySQLi/Connection.php:306
Stack trace:
#0 /home/rnr75/public_html/portal.endi.rnr75.com/vendor/codeigniter4/framework/system/Database/MySQLi/Connection.php(306): mysqli->query('SELECT `pl`.*, ...', 0)
#1 /home/rnr75/public_html/portal.endi.rnr75.com/vendor/codeigniter4/framework/system/Database/BaseConnection.php(693): CodeIgniter\Database\MySQLi\Connection->execute('SELECT `pl`.*, ...')
#2 /home/rnr75/public_html/portal.endi.rnr75.com/vendor/codeigniter4/framework/system/Database/BaseConnection.php(607): CodeIgniter\Database\BaseConnection->simpleQuery('SELECT `pl`.*, ...')
#3 /home/rnr75/public_html/portal.endi.rnr75.com/vendor/codeigniter4/framework/system/Database/BaseBuilder.php(1613): CodeIgniter\Database\BaseConnection->query('SELECT `pl`.*, ...', Array, false)
#4 /home/rnr75/public_html/portal.endi.rnr75.com/app/Models/MODEL__filter.php(162): CodeIgniter\Database\BaseBuilder->get()
#5 /home/rnr75/public_html/portal.endi.rnr75.com/app/Controllers/Home.php(53): App\Models\MODEL__filter->get__brandsModels()
#6 /home/rnr75/public_html/portal.endi.rnr75.com/vendor/codeigniter4/framework/system/CodeIgniter.php(941): App\Controllers\Home->index()
#7 /home/rnr75/public_html/portal.endi.rnr75.com/vendor/codeigniter4/framework/system/CodeIgniter.php(502): CodeIgniter\CodeIgniter->runController(Object(App\Controllers\Home))
#8 /home/rnr75/public_html/portal.endi.rnr75.com/vendor/codeigniter4/framework/system/CodeIgniter.php(361): CodeIgniter\CodeIgniter->handleRequest(NULL, Object(Config\Cache), false)
#9 /home/rnr75/public_html/portal.endi.rnr75.com/index.php(91): CodeIgniter\CodeIgniter->run()
#10 {main}
CRITICAL - 2026-01-28 01:59:15 --> CodeIgniter\Database\Exceptions\DatabaseException: Table 'rnr75_endimarket._product_model_var' doesn't exist
in FCPATH/vendor/codeigniter4/framework/system/Database/BaseConnection.php on line 647.
 1 FCPATH/vendor/codeigniter4/framework/system/Database/BaseBuilder.php(1613): CodeIgniter\Database\BaseConnection->query('SELECT `pl`.*, `b`.`brandTxt`, `b`.`brand_id`, `pmv`.`model_year`, `pm`.`model`, `pm`.`model_id`, MAX(pm.image_model) AS image_model, GROUP_CONCAT(DISTINCT pmv.model_year ORDER BY pmv.model_year ASC) AS yearsArr, GROUP_CONCAT(DISTINCT p.product_id) AS productIds, CONCAT("[", 
                            GROUP_CONCAT(
                                DISTINCT CONCAT(
                                    "{",
                                        "\\"name\\":", JSON_QUOTE(pm2.model), ",",
                                        "\\"img\\":", JSON_QUOTE(pm2.image_model),
                                    "}"
                                )
                                ORDER BY pm2.model ASC
                            ), 
                        "]") AS additional_models_json, GROUP_CONCAT(DISTINCT pm2.model ORDER BY pm2.model ASC) AS additional_models, COUNT(DISTINCT pm2.model) AS count_additional_models
FROM `_product` `p`
INNER JOIN `_brand` `b` ON `b`.`brand_id` = `p`.`brand_id`
LEFT JOIN `_model` `pm` ON `pm`.`model_id` = `p`.`model_id`
LEFT JOIN `_product_modelAddit_link` `pam` ON `pam`.`model_main_id` = `p`.`model_id`
LEFT JOIN `_model` `pm2` ON `pm2`.`model_id` = `pam`.`model_addit_id`
LEFT JOIN `_product_model_var` `pmv` ON `pm`.`model_id` = `pmv`.`model_id`
LEFT JOIN `_product_priceLevel` `pl` ON `pl`.`product_id` = `p`.`product_id`
INNER JOIN `_product_sites` `ps` ON `ps`.`product_id` = `p`.`product_id`
WHERE `ps`.`sp_site_id` = :ps.sp_site_id:
AND `ps`.`visibility_type` IN :ps.visibility_type:
AND `pm`.`model` IS NOT NULL
GROUP BY `pm`.`model_id`
ORDER BY `pm`.`model` ASC', [...], false)
 2 APPPATH/Models/MODEL__filter.php(162): CodeIgniter\Database\BaseBuilder->get()
 3 APPPATH/Controllers/Home.php(53): App\Models\MODEL__filter->get__brandsModels()
 4 FCPATH/vendor/codeigniter4/framework/system/CodeIgniter.php(941): App\Controllers\Home->index()
 5 FCPATH/vendor/codeigniter4/framework/system/CodeIgniter.php(502): CodeIgniter\CodeIgniter->runController(Object(App\Controllers\Home))
 6 FCPATH/vendor/codeigniter4/framework/system/CodeIgniter.php(361): CodeIgniter\CodeIgniter->handleRequest(null, Object(Config\Cache), false)
 7 FCPATH/index.php(91): CodeIgniter\CodeIgniter->run()
CRITICAL - 2026-01-28 01:59:15 --> [Caused by] CodeIgniter\Database\Exceptions\DatabaseException: Table 'rnr75_endimarket._product_model_var' doesn't exist
in FCPATH/vendor/codeigniter4/framework/system/Database/MySQLi/Connection.php on line 311.
 1 FCPATH/vendor/codeigniter4/framework/system/Database/BaseConnection.php(693): CodeIgniter\Database\MySQLi\Connection->execute('SELECT `pl`.*, `b`.`brandTxt`, `b`.`brand_id`, `pmv`.`model_year`, `pm`.`model`, `pm`.`model_id`, MAX(pm.image_model) AS image_model, GROUP_CONCAT(DISTINCT pmv.model_year ORDER BY pmv.model_year ASC) AS yearsArr, GROUP_CONCAT(DISTINCT p.product_id) AS productIds, CONCAT("[", 
                            GROUP_CONCAT(
                                DISTINCT CONCAT(
                                    "{",
                                        "\\"name\\":", JSON_QUOTE(pm2.model), ",",
                                        "\\"img\\":", JSON_QUOTE(pm2.image_model),
                                    "}"
                                )
                                ORDER BY pm2.model ASC
                            ), 
                        "]") AS additional_models_json, GROUP_CONCAT(DISTINCT pm2.model ORDER BY pm2.model ASC) AS additional_models, COUNT(DISTINCT pm2.model) AS count_additional_models
FROM `_product` `p`
INNER JOIN `_brand` `b` ON `b`.`brand_id` = `p`.`brand_id`
LEFT JOIN `_model` `pm` ON `pm`.`model_id` = `p`.`model_id`
LEFT JOIN `_product_modelAddit_link` `pam` ON `pam`.`model_main_id` = `p`.`model_id`
LEFT JOIN `_model` `pm2` ON `pm2`.`model_id` = `pam`.`model_addit_id`
LEFT JOIN `_product_model_var` `pmv` ON `pm`.`model_id` = `pmv`.`model_id`
LEFT JOIN `_product_priceLevel` `pl` ON `pl`.`product_id` = `p`.`product_id`
INNER JOIN `_product_sites` `ps` ON `ps`.`product_id` = `p`.`product_id`
WHERE `ps`.`sp_site_id` = \'3\'
AND `ps`.`visibility_type` IN (0,1)
AND `pm`.`model` IS NOT NULL
GROUP BY `pm`.`model_id`
ORDER BY `pm`.`model` ASC')
 2 FCPATH/vendor/codeigniter4/framework/system/Database/BaseConnection.php(607): CodeIgniter\Database\BaseConnection->simpleQuery('SELECT `pl`.*, `b`.`brandTxt`, `b`.`brand_id`, `pmv`.`model_year`, `pm`.`model`, `pm`.`model_id`, MAX(pm.image_model) AS image_model, GROUP_CONCAT(DISTINCT pmv.model_year ORDER BY pmv.model_year ASC) AS yearsArr, GROUP_CONCAT(DISTINCT p.product_id) AS productIds, CONCAT("[", 
                            GROUP_CONCAT(
                                DISTINCT CONCAT(
                                    "{",
                                        "\\"name\\":", JSON_QUOTE(pm2.model), ",",
                                        "\\"img\\":", JSON_QUOTE(pm2.image_model),
                                    "}"
                                )
                                ORDER BY pm2.model ASC
                            ), 
                        "]") AS additional_models_json, GROUP_CONCAT(DISTINCT pm2.model ORDER BY pm2.model ASC) AS additional_models, COUNT(DISTINCT pm2.model) AS count_additional_models
FROM `_product` `p`
INNER JOIN `_brand` `b` ON `b`.`brand_id` = `p`.`brand_id`
LEFT JOIN `_model` `pm` ON `pm`.`model_id` = `p`.`model_id`
LEFT JOIN `_product_modelAddit_link` `pam` ON `pam`.`model_main_id` = `p`.`model_id`
LEFT JOIN `_model` `pm2` ON `pm2`.`model_id` = `pam`.`model_addit_id`
LEFT JOIN `_product_model_var` `pmv` ON `pm`.`model_id` = `pmv`.`model_id`
LEFT JOIN `_product_priceLevel` `pl` ON `pl`.`product_id` = `p`.`product_id`
INNER JOIN `_product_sites` `ps` ON `ps`.`product_id` = `p`.`product_id`
WHERE `ps`.`sp_site_id` = \'3\'
AND `ps`.`visibility_type` IN (0,1)
AND `pm`.`model` IS NOT NULL
GROUP BY `pm`.`model_id`
ORDER BY `pm`.`model` ASC')
 3 FCPATH/vendor/codeigniter4/framework/system/Database/BaseBuilder.php(1613): CodeIgniter\Database\BaseConnection->query('SELECT `pl`.*, `b`.`brandTxt`, `b`.`brand_id`, `pmv`.`model_year`, `pm`.`model`, `pm`.`model_id`, MAX(pm.image_model) AS image_model, GROUP_CONCAT(DISTINCT pmv.model_year ORDER BY pmv.model_year ASC) AS yearsArr, GROUP_CONCAT(DISTINCT p.product_id) AS productIds, CONCAT("[", 
                            GROUP_CONCAT(
                                DISTINCT CONCAT(
                                    "{",
                                        "\\"name\\":", JSON_QUOTE(pm2.model), ",",
                                        "\\"img\\":", JSON_QUOTE(pm2.image_model),
                                    "}"
                                )
                                ORDER BY pm2.model ASC
                            ), 
                        "]") AS additional_models_json, GROUP_CONCAT(DISTINCT pm2.model ORDER BY pm2.model ASC) AS additional_models, COUNT(DISTINCT pm2.model) AS count_additional_models
FROM `_product` `p`
INNER JOIN `_brand` `b` ON `b`.`brand_id` = `p`.`brand_id`
LEFT JOIN `_model` `pm` ON `pm`.`model_id` = `p`.`model_id`
LEFT JOIN `_product_modelAddit_link` `pam` ON `pam`.`model_main_id` = `p`.`model_id`
LEFT JOIN `_model` `pm2` ON `pm2`.`model_id` = `pam`.`model_addit_id`
LEFT JOIN `_product_model_var` `pmv` ON `pm`.`model_id` = `pmv`.`model_id`
LEFT JOIN `_product_priceLevel` `pl` ON `pl`.`product_id` = `p`.`product_id`
INNER JOIN `_product_sites` `ps` ON `ps`.`product_id` = `p`.`product_id`
WHERE `ps`.`sp_site_id` = :ps.sp_site_id:
AND `ps`.`visibility_type` IN :ps.visibility_type:
AND `pm`.`model` IS NOT NULL
GROUP BY `pm`.`model_id`
ORDER BY `pm`.`model` ASC', [...], false)
 4 APPPATH/Models/MODEL__filter.php(162): CodeIgniter\Database\BaseBuilder->get()
 5 APPPATH/Controllers/Home.php(53): App\Models\MODEL__filter->get__brandsModels()
 6 FCPATH/vendor/codeigniter4/framework/system/CodeIgniter.php(941): App\Controllers\Home->index()
 7 FCPATH/vendor/codeigniter4/framework/system/CodeIgniter.php(502): CodeIgniter\CodeIgniter->runController(Object(App\Controllers\Home))
 8 FCPATH/vendor/codeigniter4/framework/system/CodeIgniter.php(361): CodeIgniter\CodeIgniter->handleRequest(null, Object(Config\Cache), false)
 9 FCPATH/index.php(91): CodeIgniter\CodeIgniter->run()
CRITICAL - 2026-01-28 01:59:15 --> [Caused by] mysqli_sql_exception: Table 'rnr75_endimarket._product_model_var' doesn't exist
in FCPATH/vendor/codeigniter4/framework/system/Database/MySQLi/Connection.php on line 306.
 1 FCPATH/vendor/codeigniter4/framework/system/Database/MySQLi/Connection.php(306): mysqli->query('SELECT `pl`.*, `b`.`brandTxt`, `b`.`brand_id`, `pmv`.`model_year`, `pm`.`model`, `pm`.`model_id`, MAX(pm.image_model) AS image_model, GROUP_CONCAT(DISTINCT pmv.model_year ORDER BY pmv.model_year ASC) AS yearsArr, GROUP_CONCAT(DISTINCT p.product_id) AS productIds, CONCAT("[", 
                            GROUP_CONCAT(
                                DISTINCT CONCAT(
                                    "{",
                                        "\\"name\\":", JSON_QUOTE(pm2.model), ",",
                                        "\\"img\\":", JSON_QUOTE(pm2.image_model),
                                    "}"
                                )
                                ORDER BY pm2.model ASC
                            ), 
                        "]") AS additional_models_json, GROUP_CONCAT(DISTINCT pm2.model ORDER BY pm2.model ASC) AS additional_models, COUNT(DISTINCT pm2.model) AS count_additional_models
FROM `_product` `p`
INNER JOIN `_brand` `b` ON `b`.`brand_id` = `p`.`brand_id`
LEFT JOIN `_model` `pm` ON `pm`.`model_id` = `p`.`model_id`
LEFT JOIN `_product_modelAddit_link` `pam` ON `pam`.`model_main_id` = `p`.`model_id`
LEFT JOIN `_model` `pm2` ON `pm2`.`model_id` = `pam`.`model_addit_id`
LEFT JOIN `_product_model_var` `pmv` ON `pm`.`model_id` = `pmv`.`model_id`
LEFT JOIN `_product_priceLevel` `pl` ON `pl`.`product_id` = `p`.`product_id`
INNER JOIN `_product_sites` `ps` ON `ps`.`product_id` = `p`.`product_id`
WHERE `ps`.`sp_site_id` = \'3\'
AND `ps`.`visibility_type` IN (0,1)
AND `pm`.`model` IS NOT NULL
GROUP BY `pm`.`model_id`
ORDER BY `pm`.`model` ASC', 0)
 2 FCPATH/vendor/codeigniter4/framework/system/Database/BaseConnection.php(693): CodeIgniter\Database\MySQLi\Connection->execute('SELECT `pl`.*, `b`.`brandTxt`, `b`.`brand_id`, `pmv`.`model_year`, `pm`.`model`, `pm`.`model_id`, MAX(pm.image_model) AS image_model, GROUP_CONCAT(DISTINCT pmv.model_year ORDER BY pmv.model_year ASC) AS yearsArr, GROUP_CONCAT(DISTINCT p.product_id) AS productIds, CONCAT("[", 
                            GROUP_CONCAT(
                                DISTINCT CONCAT(
                                    "{",
                                        "\\"name\\":", JSON_QUOTE(pm2.model), ",",
                                        "\\"img\\":", JSON_QUOTE(pm2.image_model),
                                    "}"
                                )
                                ORDER BY pm2.model ASC
                            ), 
                        "]") AS additional_models_json, GROUP_CONCAT(DISTINCT pm2.model ORDER BY pm2.model ASC) AS additional_models, COUNT(DISTINCT pm2.model) AS count_additional_models
FROM `_product` `p`
INNER JOIN `_brand` `b` ON `b`.`brand_id` = `p`.`brand_id`
LEFT JOIN `_model` `pm` ON `pm`.`model_id` = `p`.`model_id`
LEFT JOIN `_product_modelAddit_link` `pam` ON `pam`.`model_main_id` = `p`.`model_id`
LEFT JOIN `_model` `pm2` ON `pm2`.`model_id` = `pam`.`model_addit_id`
LEFT JOIN `_product_model_var` `pmv` ON `pm`.`model_id` = `pmv`.`model_id`
LEFT JOIN `_product_priceLevel` `pl` ON `pl`.`product_id` = `p`.`product_id`
INNER JOIN `_product_sites` `ps` ON `ps`.`product_id` = `p`.`product_id`
WHERE `ps`.`sp_site_id` = \'3\'
AND `ps`.`visibility_type` IN (0,1)
AND `pm`.`model` IS NOT NULL
GROUP BY `pm`.`model_id`
ORDER BY `pm`.`model` ASC')
 3 FCPATH/vendor/codeigniter4/framework/system/Database/BaseConnection.php(607): CodeIgniter\Database\BaseConnection->simpleQuery('SELECT `pl`.*, `b`.`brandTxt`, `b`.`brand_id`, `pmv`.`model_year`, `pm`.`model`, `pm`.`model_id`, MAX(pm.image_model) AS image_model, GROUP_CONCAT(DISTINCT pmv.model_year ORDER BY pmv.model_year ASC) AS yearsArr, GROUP_CONCAT(DISTINCT p.product_id) AS productIds, CONCAT("[", 
                            GROUP_CONCAT(
                                DISTINCT CONCAT(
                                    "{",
                                        "\\"name\\":", JSON_QUOTE(pm2.model), ",",
                                        "\\"img\\":", JSON_QUOTE(pm2.image_model),
                                    "}"
                                )
                                ORDER BY pm2.model ASC
                            ), 
                        "]") AS additional_models_json, GROUP_CONCAT(DISTINCT pm2.model ORDER BY pm2.model ASC) AS additional_models, COUNT(DISTINCT pm2.model) AS count_additional_models
FROM `_product` `p`
INNER JOIN `_brand` `b` ON `b`.`brand_id` = `p`.`brand_id`
LEFT JOIN `_model` `pm` ON `pm`.`model_id` = `p`.`model_id`
LEFT JOIN `_product_modelAddit_link` `pam` ON `pam`.`model_main_id` = `p`.`model_id`
LEFT JOIN `_model` `pm2` ON `pm2`.`model_id` = `pam`.`model_addit_id`
LEFT JOIN `_product_model_var` `pmv` ON `pm`.`model_id` = `pmv`.`model_id`
LEFT JOIN `_product_priceLevel` `pl` ON `pl`.`product_id` = `p`.`product_id`
INNER JOIN `_product_sites` `ps` ON `ps`.`product_id` = `p`.`product_id`
WHERE `ps`.`sp_site_id` = \'3\'
AND `ps`.`visibility_type` IN (0,1)
AND `pm`.`model` IS NOT NULL
GROUP BY `pm`.`model_id`
ORDER BY `pm`.`model` ASC')
 4 FCPATH/vendor/codeigniter4/framework/system/Database/BaseBuilder.php(1613): CodeIgniter\Database\BaseConnection->query('SELECT `pl`.*, `b`.`brandTxt`, `b`.`brand_id`, `pmv`.`model_year`, `pm`.`model`, `pm`.`model_id`, MAX(pm.image_model) AS image_model, GROUP_CONCAT(DISTINCT pmv.model_year ORDER BY pmv.model_year ASC) AS yearsArr, GROUP_CONCAT(DISTINCT p.product_id) AS productIds, CONCAT("[", 
                            GROUP_CONCAT(
                                DISTINCT CONCAT(
                                    "{",
                                        "\\"name\\":", JSON_QUOTE(pm2.model), ",",
                                        "\\"img\\":", JSON_QUOTE(pm2.image_model),
                                    "}"
                                )
                                ORDER BY pm2.model ASC
                            ), 
                        "]") AS additional_models_json, GROUP_CONCAT(DISTINCT pm2.model ORDER BY pm2.model ASC) AS additional_models, COUNT(DISTINCT pm2.model) AS count_additional_models
FROM `_product` `p`
INNER JOIN `_brand` `b` ON `b`.`brand_id` = `p`.`brand_id`
LEFT JOIN `_model` `pm` ON `pm`.`model_id` = `p`.`model_id`
LEFT JOIN `_product_modelAddit_link` `pam` ON `pam`.`model_main_id` = `p`.`model_id`
LEFT JOIN `_model` `pm2` ON `pm2`.`model_id` = `pam`.`model_addit_id`
LEFT JOIN `_product_model_var` `pmv` ON `pm`.`model_id` = `pmv`.`model_id`
LEFT JOIN `_product_priceLevel` `pl` ON `pl`.`product_id` = `p`.`product_id`
INNER JOIN `_product_sites` `ps` ON `ps`.`product_id` = `p`.`product_id`
WHERE `ps`.`sp_site_id` = :ps.sp_site_id:
AND `ps`.`visibility_type` IN :ps.visibility_type:
AND `pm`.`model` IS NOT NULL
GROUP BY `pm`.`model_id`
ORDER BY `pm`.`model` ASC', [...], false)
 5 APPPATH/Models/MODEL__filter.php(162): CodeIgniter\Database\BaseBuilder->get()
 6 APPPATH/Controllers/Home.php(53): App\Models\MODEL__filter->get__brandsModels()
 7 FCPATH/vendor/codeigniter4/framework/system/CodeIgniter.php(941): App\Controllers\Home->index()
 8 FCPATH/vendor/codeigniter4/framework/system/CodeIgniter.php(502): CodeIgniter\CodeIgniter->runController(Object(App\Controllers\Home))
 9 FCPATH/vendor/codeigniter4/framework/system/CodeIgniter.php(361): CodeIgniter\CodeIgniter->handleRequest(null, Object(Config\Cache), false)
10 FCPATH/index.php(91): CodeIgniter\CodeIgniter->run()
INFO - 2026-01-28 02:01:44 --> Session: Class initialized using 'CodeIgniter\Session\Handlers\FileHandler' driver.
ERROR - 2026-01-28 02:01:44 --> mysqli_sql_exception: Unknown column 'pmv.model_year' in 'SELECT' in /home/rnr75/public_html/portal.endi.rnr75.com/vendor/codeigniter4/framework/system/Database/MySQLi/Connection.php:306
Stack trace:
#0 /home/rnr75/public_html/portal.endi.rnr75.com/vendor/codeigniter4/framework/system/Database/MySQLi/Connection.php(306): mysqli->query('SELECT `pl`.*, ...', 0)
#1 /home/rnr75/public_html/portal.endi.rnr75.com/vendor/codeigniter4/framework/system/Database/BaseConnection.php(693): CodeIgniter\Database\MySQLi\Connection->execute('SELECT `pl`.*, ...')
#2 /home/rnr75/public_html/portal.endi.rnr75.com/vendor/codeigniter4/framework/system/Database/BaseConnection.php(607): CodeIgniter\Database\BaseConnection->simpleQuery('SELECT `pl`.*, ...')
#3 /home/rnr75/public_html/portal.endi.rnr75.com/vendor/codeigniter4/framework/system/Database/BaseBuilder.php(1613): CodeIgniter\Database\BaseConnection->query('SELECT `pl`.*, ...', Array, false)
#4 /home/rnr75/public_html/portal.endi.rnr75.com/app/Models/MODEL__filter.php(162): CodeIgniter\Database\BaseBuilder->get()
#5 /home/rnr75/public_html/portal.endi.rnr75.com/app/Controllers/Home.php(53): App\Models\MODEL__filter->get__brandsModels()
#6 /home/rnr75/public_html/portal.endi.rnr75.com/vendor/codeigniter4/framework/system/CodeIgniter.php(941): App\Controllers\Home->index()
#7 /home/rnr75/public_html/portal.endi.rnr75.com/vendor/codeigniter4/framework/system/CodeIgniter.php(502): CodeIgniter\CodeIgniter->runController(Object(App\Controllers\Home))
#8 /home/rnr75/public_html/portal.endi.rnr75.com/vendor/codeigniter4/framework/system/CodeIgniter.php(361): CodeIgniter\CodeIgniter->handleRequest(NULL, Object(Config\Cache), false)
#9 /home/rnr75/public_html/portal.endi.rnr75.com/index.php(91): CodeIgniter\CodeIgniter->run()
#10 {main}
CRITICAL - 2026-01-28 02:01:44 --> CodeIgniter\Database\Exceptions\DatabaseException: Unknown column 'pmv.model_year' in 'SELECT'
in FCPATH/vendor/codeigniter4/framework/system/Database/BaseConnection.php on line 647.
 1 FCPATH/vendor/codeigniter4/framework/system/Database/BaseBuilder.php(1613): CodeIgniter\Database\BaseConnection->query('SELECT `pl`.*, `b`.`brandTxt`, `b`.`brand_id`, `pmv`.`model_year`, `pm`.`model`, `pm`.`model_id`, MAX(pm.image_model) AS image_model, GROUP_CONCAT(DISTINCT pmv.model_year ORDER BY pmv.model_year ASC) AS yearsArr, GROUP_CONCAT(DISTINCT p.product_id) AS productIds, CONCAT("[", 
                            GROUP_CONCAT(
                                DISTINCT CONCAT(
                                    "{",
                                        "\\"name\\":", JSON_QUOTE(pm2.model), ",",
                                        "\\"img\\":", JSON_QUOTE(pm2.image_model),
                                    "}"
                                )
                                ORDER BY pm2.model ASC
                            ), 
                        "]") AS additional_models_json, GROUP_CONCAT(DISTINCT pm2.model ORDER BY pm2.model ASC) AS additional_models, COUNT(DISTINCT pm2.model) AS count_additional_models
FROM `_product` `p`
INNER JOIN `_brand` `b` ON `b`.`brand_id` = `p`.`brand_id`
LEFT JOIN `_model` `pm` ON `pm`.`model_id` = `p`.`model_id`
LEFT JOIN `_product_modelAddit_link` `pam` ON `pam`.`model_main_id` = `p`.`model_id`
LEFT JOIN `_model` `pm2` ON `pm2`.`model_id` = `pam`.`model_addit_id`
LEFT JOIN `_product_model_var` `pmv` ON `pm`.`model_id` = `pmv`.`model_id`
LEFT JOIN `_product_priceLevel` `pl` ON `pl`.`product_id` = `p`.`product_id`
INNER JOIN `_product_sites` `ps` ON `ps`.`product_id` = `p`.`product_id`
WHERE `ps`.`sp_site_id` = :ps.sp_site_id:
AND `ps`.`visibility_type` IN :ps.visibility_type:
AND `pm`.`model` IS NOT NULL
GROUP BY `pm`.`model_id`
ORDER BY `pm`.`model` ASC', [...], false)
 2 APPPATH/Models/MODEL__filter.php(162): CodeIgniter\Database\BaseBuilder->get()
 3 APPPATH/Controllers/Home.php(53): App\Models\MODEL__filter->get__brandsModels()
 4 FCPATH/vendor/codeigniter4/framework/system/CodeIgniter.php(941): App\Controllers\Home->index()
 5 FCPATH/vendor/codeigniter4/framework/system/CodeIgniter.php(502): CodeIgniter\CodeIgniter->runController(Object(App\Controllers\Home))
 6 FCPATH/vendor/codeigniter4/framework/system/CodeIgniter.php(361): CodeIgniter\CodeIgniter->handleRequest(null, Object(Config\Cache), false)
 7 FCPATH/index.php(91): CodeIgniter\CodeIgniter->run()
CRITICAL - 2026-01-28 02:01:44 --> [Caused by] CodeIgniter\Database\Exceptions\DatabaseException: Unknown column 'pmv.model_year' in 'SELECT'
in FCPATH/vendor/codeigniter4/framework/system/Database/MySQLi/Connection.php on line 311.
 1 FCPATH/vendor/codeigniter4/framework/system/Database/BaseConnection.php(693): CodeIgniter\Database\MySQLi\Connection->execute('SELECT `pl`.*, `b`.`brandTxt`, `b`.`brand_id`, `pmv`.`model_year`, `pm`.`model`, `pm`.`model_id`, MAX(pm.image_model) AS image_model, GROUP_CONCAT(DISTINCT pmv.model_year ORDER BY pmv.model_year ASC) AS yearsArr, GROUP_CONCAT(DISTINCT p.product_id) AS productIds, CONCAT("[", 
                            GROUP_CONCAT(
                                DISTINCT CONCAT(
                                    "{",
                                        "\\"name\\":", JSON_QUOTE(pm2.model), ",",
                                        "\\"img\\":", JSON_QUOTE(pm2.image_model),
                                    "}"
                                )
                                ORDER BY pm2.model ASC
                            ), 
                        "]") AS additional_models_json, GROUP_CONCAT(DISTINCT pm2.model ORDER BY pm2.model ASC) AS additional_models, COUNT(DISTINCT pm2.model) AS count_additional_models
FROM `_product` `p`
INNER JOIN `_brand` `b` ON `b`.`brand_id` = `p`.`brand_id`
LEFT JOIN `_model` `pm` ON `pm`.`model_id` = `p`.`model_id`
LEFT JOIN `_product_modelAddit_link` `pam` ON `pam`.`model_main_id` = `p`.`model_id`
LEFT JOIN `_model` `pm2` ON `pm2`.`model_id` = `pam`.`model_addit_id`
LEFT JOIN `_product_model_var` `pmv` ON `pm`.`model_id` = `pmv`.`model_id`
LEFT JOIN `_product_priceLevel` `pl` ON `pl`.`product_id` = `p`.`product_id`
INNER JOIN `_product_sites` `ps` ON `ps`.`product_id` = `p`.`product_id`
WHERE `ps`.`sp_site_id` = \'3\'
AND `ps`.`visibility_type` IN (0,1)
AND `pm`.`model` IS NOT NULL
GROUP BY `pm`.`model_id`
ORDER BY `pm`.`model` ASC')
 2 FCPATH/vendor/codeigniter4/framework/system/Database/BaseConnection.php(607): CodeIgniter\Database\BaseConnection->simpleQuery('SELECT `pl`.*, `b`.`brandTxt`, `b`.`brand_id`, `pmv`.`model_year`, `pm`.`model`, `pm`.`model_id`, MAX(pm.image_model) AS image_model, GROUP_CONCAT(DISTINCT pmv.model_year ORDER BY pmv.model_year ASC) AS yearsArr, GROUP_CONCAT(DISTINCT p.product_id) AS productIds, CONCAT("[", 
                            GROUP_CONCAT(
                                DISTINCT CONCAT(
                                    "{",
                                        "\\"name\\":", JSON_QUOTE(pm2.model), ",",
                                        "\\"img\\":", JSON_QUOTE(pm2.image_model),
                                    "}"
                                )
                                ORDER BY pm2.model ASC
                            ), 
                        "]") AS additional_models_json, GROUP_CONCAT(DISTINCT pm2.model ORDER BY pm2.model ASC) AS additional_models, COUNT(DISTINCT pm2.model) AS count_additional_models
FROM `_product` `p`
INNER JOIN `_brand` `b` ON `b`.`brand_id` = `p`.`brand_id`
LEFT JOIN `_model` `pm` ON `pm`.`model_id` = `p`.`model_id`
LEFT JOIN `_product_modelAddit_link` `pam` ON `pam`.`model_main_id` = `p`.`model_id`
LEFT JOIN `_model` `pm2` ON `pm2`.`model_id` = `pam`.`model_addit_id`
LEFT JOIN `_product_model_var` `pmv` ON `pm`.`model_id` = `pmv`.`model_id`
LEFT JOIN `_product_priceLevel` `pl` ON `pl`.`product_id` = `p`.`product_id`
INNER JOIN `_product_sites` `ps` ON `ps`.`product_id` = `p`.`product_id`
WHERE `ps`.`sp_site_id` = \'3\'
AND `ps`.`visibility_type` IN (0,1)
AND `pm`.`model` IS NOT NULL
GROUP BY `pm`.`model_id`
ORDER BY `pm`.`model` ASC')
 3 FCPATH/vendor/codeigniter4/framework/system/Database/BaseBuilder.php(1613): CodeIgniter\Database\BaseConnection->query('SELECT `pl`.*, `b`.`brandTxt`, `b`.`brand_id`, `pmv`.`model_year`, `pm`.`model`, `pm`.`model_id`, MAX(pm.image_model) AS image_model, GROUP_CONCAT(DISTINCT pmv.model_year ORDER BY pmv.model_year ASC) AS yearsArr, GROUP_CONCAT(DISTINCT p.product_id) AS productIds, CONCAT("[", 
                            GROUP_CONCAT(
                                DISTINCT CONCAT(
                                    "{",
                                        "\\"name\\":", JSON_QUOTE(pm2.model), ",",
                                        "\\"img\\":", JSON_QUOTE(pm2.image_model),
                                    "}"
                                )
                                ORDER BY pm2.model ASC
                            ), 
                        "]") AS additional_models_json, GROUP_CONCAT(DISTINCT pm2.model ORDER BY pm2.model ASC) AS additional_models, COUNT(DISTINCT pm2.model) AS count_additional_models
FROM `_product` `p`
INNER JOIN `_brand` `b` ON `b`.`brand_id` = `p`.`brand_id`
LEFT JOIN `_model` `pm` ON `pm`.`model_id` = `p`.`model_id`
LEFT JOIN `_product_modelAddit_link` `pam` ON `pam`.`model_main_id` = `p`.`model_id`
LEFT JOIN `_model` `pm2` ON `pm2`.`model_id` = `pam`.`model_addit_id`
LEFT JOIN `_product_model_var` `pmv` ON `pm`.`model_id` = `pmv`.`model_id`
LEFT JOIN `_product_priceLevel` `pl` ON `pl`.`product_id` = `p`.`product_id`
INNER JOIN `_product_sites` `ps` ON `ps`.`product_id` = `p`.`product_id`
WHERE `ps`.`sp_site_id` = :ps.sp_site_id:
AND `ps`.`visibility_type` IN :ps.visibility_type:
AND `pm`.`model` IS NOT NULL
GROUP BY `pm`.`model_id`
ORDER BY `pm`.`model` ASC', [...], false)
 4 APPPATH/Models/MODEL__filter.php(162): CodeIgniter\Database\BaseBuilder->get()
 5 APPPATH/Controllers/Home.php(53): App\Models\MODEL__filter->get__brandsModels()
 6 FCPATH/vendor/codeigniter4/framework/system/CodeIgniter.php(941): App\Controllers\Home->index()
 7 FCPATH/vendor/codeigniter4/framework/system/CodeIgniter.php(502): CodeIgniter\CodeIgniter->runController(Object(App\Controllers\Home))
 8 FCPATH/vendor/codeigniter4/framework/system/CodeIgniter.php(361): CodeIgniter\CodeIgniter->handleRequest(null, Object(Config\Cache), false)
 9 FCPATH/index.php(91): CodeIgniter\CodeIgniter->run()
CRITICAL - 2026-01-28 02:01:44 --> [Caused by] mysqli_sql_exception: Unknown column 'pmv.model_year' in 'SELECT'
in FCPATH/vendor/codeigniter4/framework/system/Database/MySQLi/Connection.php on line 306.
 1 FCPATH/vendor/codeigniter4/framework/system/Database/MySQLi/Connection.php(306): mysqli->query('SELECT `pl`.*, `b`.`brandTxt`, `b`.`brand_id`, `pmv`.`model_year`, `pm`.`model`, `pm`.`model_id`, MAX(pm.image_model) AS image_model, GROUP_CONCAT(DISTINCT pmv.model_year ORDER BY pmv.model_year ASC) AS yearsArr, GROUP_CONCAT(DISTINCT p.product_id) AS productIds, CONCAT("[", 
                            GROUP_CONCAT(
                                DISTINCT CONCAT(
                                    "{",
                                        "\\"name\\":", JSON_QUOTE(pm2.model), ",",
                                        "\\"img\\":", JSON_QUOTE(pm2.image_model),
                                    "}"
                                )
                                ORDER BY pm2.model ASC
                            ), 
                        "]") AS additional_models_json, GROUP_CONCAT(DISTINCT pm2.model ORDER BY pm2.model ASC) AS additional_models, COUNT(DISTINCT pm2.model) AS count_additional_models
FROM `_product` `p`
INNER JOIN `_brand` `b` ON `b`.`brand_id` = `p`.`brand_id`
LEFT JOIN `_model` `pm` ON `pm`.`model_id` = `p`.`model_id`
LEFT JOIN `_product_modelAddit_link` `pam` ON `pam`.`model_main_id` = `p`.`model_id`
LEFT JOIN `_model` `pm2` ON `pm2`.`model_id` = `pam`.`model_addit_id`
LEFT JOIN `_product_model_var` `pmv` ON `pm`.`model_id` = `pmv`.`model_id`
LEFT JOIN `_product_priceLevel` `pl` ON `pl`.`product_id` = `p`.`product_id`
INNER JOIN `_product_sites` `ps` ON `ps`.`product_id` = `p`.`product_id`
WHERE `ps`.`sp_site_id` = \'3\'
AND `ps`.`visibility_type` IN (0,1)
AND `pm`.`model` IS NOT NULL
GROUP BY `pm`.`model_id`
ORDER BY `pm`.`model` ASC', 0)
 2 FCPATH/vendor/codeigniter4/framework/system/Database/BaseConnection.php(693): CodeIgniter\Database\MySQLi\Connection->execute('SELECT `pl`.*, `b`.`brandTxt`, `b`.`brand_id`, `pmv`.`model_year`, `pm`.`model`, `pm`.`model_id`, MAX(pm.image_model) AS image_model, GROUP_CONCAT(DISTINCT pmv.model_year ORDER BY pmv.model_year ASC) AS yearsArr, GROUP_CONCAT(DISTINCT p.product_id) AS productIds, CONCAT("[", 
                            GROUP_CONCAT(
                                DISTINCT CONCAT(
                                    "{",
                                        "\\"name\\":", JSON_QUOTE(pm2.model), ",",
                                        "\\"img\\":", JSON_QUOTE(pm2.image_model),
                                    "}"
                                )
                                ORDER BY pm2.model ASC
                            ), 
                        "]") AS additional_models_json, GROUP_CONCAT(DISTINCT pm2.model ORDER BY pm2.model ASC) AS additional_models, COUNT(DISTINCT pm2.model) AS count_additional_models
FROM `_product` `p`
INNER JOIN `_brand` `b` ON `b`.`brand_id` = `p`.`brand_id`
LEFT JOIN `_model` `pm` ON `pm`.`model_id` = `p`.`model_id`
LEFT JOIN `_product_modelAddit_link` `pam` ON `pam`.`model_main_id` = `p`.`model_id`
LEFT JOIN `_model` `pm2` ON `pm2`.`model_id` = `pam`.`model_addit_id`
LEFT JOIN `_product_model_var` `pmv` ON `pm`.`model_id` = `pmv`.`model_id`
LEFT JOIN `_product_priceLevel` `pl` ON `pl`.`product_id` = `p`.`product_id`
INNER JOIN `_product_sites` `ps` ON `ps`.`product_id` = `p`.`product_id`
WHERE `ps`.`sp_site_id` = \'3\'
AND `ps`.`visibility_type` IN (0,1)
AND `pm`.`model` IS NOT NULL
GROUP BY `pm`.`model_id`
ORDER BY `pm`.`model` ASC')
 3 FCPATH/vendor/codeigniter4/framework/system/Database/BaseConnection.php(607): CodeIgniter\Database\BaseConnection->simpleQuery('SELECT `pl`.*, `b`.`brandTxt`, `b`.`brand_id`, `pmv`.`model_year`, `pm`.`model`, `pm`.`model_id`, MAX(pm.image_model) AS image_model, GROUP_CONCAT(DISTINCT pmv.model_year ORDER BY pmv.model_year ASC) AS yearsArr, GROUP_CONCAT(DISTINCT p.product_id) AS productIds, CONCAT("[", 
                            GROUP_CONCAT(
                                DISTINCT CONCAT(
                                    "{",
                                        "\\"name\\":", JSON_QUOTE(pm2.model), ",",
                                        "\\"img\\":", JSON_QUOTE(pm2.image_model),
                                    "}"
                                )
                                ORDER BY pm2.model ASC
                            ), 
                        "]") AS additional_models_json, GROUP_CONCAT(DISTINCT pm2.model ORDER BY pm2.model ASC) AS additional_models, COUNT(DISTINCT pm2.model) AS count_additional_models
FROM `_product` `p`
INNER JOIN `_brand` `b` ON `b`.`brand_id` = `p`.`brand_id`
LEFT JOIN `_model` `pm` ON `pm`.`model_id` = `p`.`model_id`
LEFT JOIN `_product_modelAddit_link` `pam` ON `pam`.`model_main_id` = `p`.`model_id`
LEFT JOIN `_model` `pm2` ON `pm2`.`model_id` = `pam`.`model_addit_id`
LEFT JOIN `_product_model_var` `pmv` ON `pm`.`model_id` = `pmv`.`model_id`
LEFT JOIN `_product_priceLevel` `pl` ON `pl`.`product_id` = `p`.`product_id`
INNER JOIN `_product_sites` `ps` ON `ps`.`product_id` = `p`.`product_id`
WHERE `ps`.`sp_site_id` = \'3\'
AND `ps`.`visibility_type` IN (0,1)
AND `pm`.`model` IS NOT NULL
GROUP BY `pm`.`model_id`
ORDER BY `pm`.`model` ASC')
 4 FCPATH/vendor/codeigniter4/framework/system/Database/BaseBuilder.php(1613): CodeIgniter\Database\BaseConnection->query('SELECT `pl`.*, `b`.`brandTxt`, `b`.`brand_id`, `pmv`.`model_year`, `pm`.`model`, `pm`.`model_id`, MAX(pm.image_model) AS image_model, GROUP_CONCAT(DISTINCT pmv.model_year ORDER BY pmv.model_year ASC) AS yearsArr, GROUP_CONCAT(DISTINCT p.product_id) AS productIds, CONCAT("[", 
                            GROUP_CONCAT(
                                DISTINCT CONCAT(
                                    "{",
                                        "\\"name\\":", JSON_QUOTE(pm2.model), ",",
                                        "\\"img\\":", JSON_QUOTE(pm2.image_model),
                                    "}"
                                )
                                ORDER BY pm2.model ASC
                            ), 
                        "]") AS additional_models_json, GROUP_CONCAT(DISTINCT pm2.model ORDER BY pm2.model ASC) AS additional_models, COUNT(DISTINCT pm2.model) AS count_additional_models
FROM `_product` `p`
INNER JOIN `_brand` `b` ON `b`.`brand_id` = `p`.`brand_id`
LEFT JOIN `_model` `pm` ON `pm`.`model_id` = `p`.`model_id`
LEFT JOIN `_product_modelAddit_link` `pam` ON `pam`.`model_main_id` = `p`.`model_id`
LEFT JOIN `_model` `pm2` ON `pm2`.`model_id` = `pam`.`model_addit_id`
LEFT JOIN `_product_model_var` `pmv` ON `pm`.`model_id` = `pmv`.`model_id`
LEFT JOIN `_product_priceLevel` `pl` ON `pl`.`product_id` = `p`.`product_id`
INNER JOIN `_product_sites` `ps` ON `ps`.`product_id` = `p`.`product_id`
WHERE `ps`.`sp_site_id` = :ps.sp_site_id:
AND `ps`.`visibility_type` IN :ps.visibility_type:
AND `pm`.`model` IS NOT NULL
GROUP BY `pm`.`model_id`
ORDER BY `pm`.`model` ASC', [...], false)
 5 APPPATH/Models/MODEL__filter.php(162): CodeIgniter\Database\BaseBuilder->get()
 6 APPPATH/Controllers/Home.php(53): App\Models\MODEL__filter->get__brandsModels()
 7 FCPATH/vendor/codeigniter4/framework/system/CodeIgniter.php(941): App\Controllers\Home->index()
 8 FCPATH/vendor/codeigniter4/framework/system/CodeIgniter.php(502): CodeIgniter\CodeIgniter->runController(Object(App\Controllers\Home))
 9 FCPATH/vendor/codeigniter4/framework/system/CodeIgniter.php(361): CodeIgniter\CodeIgniter->handleRequest(null, Object(Config\Cache), false)
10 FCPATH/index.php(91): CodeIgniter\CodeIgniter->run()
INFO - 2026-01-28 02:02:25 --> Session: Class initialized using 'CodeIgniter\Session\Handlers\FileHandler' driver.
ERROR - 2026-01-28 02:02:25 --> mysqli_sql_exception: Unknown column 'pmv.model_id' in 'ON' in /home/rnr75/public_html/portal.endi.rnr75.com/vendor/codeigniter4/framework/system/Database/MySQLi/Connection.php:306
Stack trace:
#0 /home/rnr75/public_html/portal.endi.rnr75.com/vendor/codeigniter4/framework/system/Database/MySQLi/Connection.php(306): mysqli->query('SELECT `pl`.*, ...', 0)
#1 /home/rnr75/public_html/portal.endi.rnr75.com/vendor/codeigniter4/framework/system/Database/BaseConnection.php(693): CodeIgniter\Database\MySQLi\Connection->execute('SELECT `pl`.*, ...')
#2 /home/rnr75/public_html/portal.endi.rnr75.com/vendor/codeigniter4/framework/system/Database/BaseConnection.php(607): CodeIgniter\Database\BaseConnection->simpleQuery('SELECT `pl`.*, ...')
#3 /home/rnr75/public_html/portal.endi.rnr75.com/vendor/codeigniter4/framework/system/Database/BaseBuilder.php(1613): CodeIgniter\Database\BaseConnection->query('SELECT `pl`.*, ...', Array, false)
#4 /home/rnr75/public_html/portal.endi.rnr75.com/app/Models/MODEL__filter.php(162): CodeIgniter\Database\BaseBuilder->get()
#5 /home/rnr75/public_html/portal.endi.rnr75.com/app/Controllers/Home.php(53): App\Models\MODEL__filter->get__brandsModels()
#6 /home/rnr75/public_html/portal.endi.rnr75.com/vendor/codeigniter4/framework/system/CodeIgniter.php(941): App\Controllers\Home->index()
#7 /home/rnr75/public_html/portal.endi.rnr75.com/vendor/codeigniter4/framework/system/CodeIgniter.php(502): CodeIgniter\CodeIgniter->runController(Object(App\Controllers\Home))
#8 /home/rnr75/public_html/portal.endi.rnr75.com/vendor/codeigniter4/framework/system/CodeIgniter.php(361): CodeIgniter\CodeIgniter->handleRequest(NULL, Object(Config\Cache), false)
#9 /home/rnr75/public_html/portal.endi.rnr75.com/index.php(91): CodeIgniter\CodeIgniter->run()
#10 {main}
CRITICAL - 2026-01-28 02:02:25 --> CodeIgniter\Database\Exceptions\DatabaseException: Unknown column 'pmv.model_id' in 'ON'
in FCPATH/vendor/codeigniter4/framework/system/Database/BaseConnection.php on line 647.
 1 FCPATH/vendor/codeigniter4/framework/system/Database/BaseBuilder.php(1613): CodeIgniter\Database\BaseConnection->query('SELECT `pl`.*, `b`.`brandTxt`, `b`.`brand_id`, `pmv`.`model_year`, `pm`.`model`, `pm`.`model_id`, MAX(pm.image_model) AS image_model, GROUP_CONCAT(DISTINCT pmv.model_year ORDER BY pmv.model_year ASC) AS yearsArr, GROUP_CONCAT(DISTINCT p.product_id) AS productIds, CONCAT("[", 
                            GROUP_CONCAT(
                                DISTINCT CONCAT(
                                    "{",
                                        "\\"name\\":", JSON_QUOTE(pm2.model), ",",
                                        "\\"img\\":", JSON_QUOTE(pm2.image_model),
                                    "}"
                                )
                                ORDER BY pm2.model ASC
                            ), 
                        "]") AS additional_models_json, GROUP_CONCAT(DISTINCT pm2.model ORDER BY pm2.model ASC) AS additional_models, COUNT(DISTINCT pm2.model) AS count_additional_models
FROM `_product` `p`
INNER JOIN `_brand` `b` ON `b`.`brand_id` = `p`.`brand_id`
LEFT JOIN `_model` `pm` ON `pm`.`model_id` = `p`.`model_id`
LEFT JOIN `_product_modelAddit_link` `pam` ON `pam`.`model_main_id` = `p`.`model_id`
LEFT JOIN `_model` `pm2` ON `pm2`.`model_id` = `pam`.`model_addit_id`
LEFT JOIN `_product_model_var` `pmv` ON `pm`.`model_id` = `pmv`.`model_id`
LEFT JOIN `_product_priceLevel` `pl` ON `pl`.`product_id` = `p`.`product_id`
INNER JOIN `_product_sites` `ps` ON `ps`.`product_id` = `p`.`product_id`
WHERE `ps`.`sp_site_id` = :ps.sp_site_id:
AND `ps`.`visibility_type` IN :ps.visibility_type:
AND `pm`.`model` IS NOT NULL
GROUP BY `pm`.`model_id`
ORDER BY `pm`.`model` ASC', [...], false)
 2 APPPATH/Models/MODEL__filter.php(162): CodeIgniter\Database\BaseBuilder->get()
 3 APPPATH/Controllers/Home.php(53): App\Models\MODEL__filter->get__brandsModels()
 4 FCPATH/vendor/codeigniter4/framework/system/CodeIgniter.php(941): App\Controllers\Home->index()
 5 FCPATH/vendor/codeigniter4/framework/system/CodeIgniter.php(502): CodeIgniter\CodeIgniter->runController(Object(App\Controllers\Home))
 6 FCPATH/vendor/codeigniter4/framework/system/CodeIgniter.php(361): CodeIgniter\CodeIgniter->handleRequest(null, Object(Config\Cache), false)
 7 FCPATH/index.php(91): CodeIgniter\CodeIgniter->run()
CRITICAL - 2026-01-28 02:02:25 --> [Caused by] CodeIgniter\Database\Exceptions\DatabaseException: Unknown column 'pmv.model_id' in 'ON'
in FCPATH/vendor/codeigniter4/framework/system/Database/MySQLi/Connection.php on line 311.
 1 FCPATH/vendor/codeigniter4/framework/system/Database/BaseConnection.php(693): CodeIgniter\Database\MySQLi\Connection->execute('SELECT `pl`.*, `b`.`brandTxt`, `b`.`brand_id`, `pmv`.`model_year`, `pm`.`model`, `pm`.`model_id`, MAX(pm.image_model) AS image_model, GROUP_CONCAT(DISTINCT pmv.model_year ORDER BY pmv.model_year ASC) AS yearsArr, GROUP_CONCAT(DISTINCT p.product_id) AS productIds, CONCAT("[", 
                            GROUP_CONCAT(
                                DISTINCT CONCAT(
                                    "{",
                                        "\\"name\\":", JSON_QUOTE(pm2.model), ",",
                                        "\\"img\\":", JSON_QUOTE(pm2.image_model),
                                    "}"
                                )
                                ORDER BY pm2.model ASC
                            ), 
                        "]") AS additional_models_json, GROUP_CONCAT(DISTINCT pm2.model ORDER BY pm2.model ASC) AS additional_models, COUNT(DISTINCT pm2.model) AS count_additional_models
FROM `_product` `p`
INNER JOIN `_brand` `b` ON `b`.`brand_id` = `p`.`brand_id`
LEFT JOIN `_model` `pm` ON `pm`.`model_id` = `p`.`model_id`
LEFT JOIN `_product_modelAddit_link` `pam` ON `pam`.`model_main_id` = `p`.`model_id`
LEFT JOIN `_model` `pm2` ON `pm2`.`model_id` = `pam`.`model_addit_id`
LEFT JOIN `_product_model_var` `pmv` ON `pm`.`model_id` = `pmv`.`model_id`
LEFT JOIN `_product_priceLevel` `pl` ON `pl`.`product_id` = `p`.`product_id`
INNER JOIN `_product_sites` `ps` ON `ps`.`product_id` = `p`.`product_id`
WHERE `ps`.`sp_site_id` = \'3\'
AND `ps`.`visibility_type` IN (0,1)
AND `pm`.`model` IS NOT NULL
GROUP BY `pm`.`model_id`
ORDER BY `pm`.`model` ASC')
 2 FCPATH/vendor/codeigniter4/framework/system/Database/BaseConnection.php(607): CodeIgniter\Database\BaseConnection->simpleQuery('SELECT `pl`.*, `b`.`brandTxt`, `b`.`brand_id`, `pmv`.`model_year`, `pm`.`model`, `pm`.`model_id`, MAX(pm.image_model) AS image_model, GROUP_CONCAT(DISTINCT pmv.model_year ORDER BY pmv.model_year ASC) AS yearsArr, GROUP_CONCAT(DISTINCT p.product_id) AS productIds, CONCAT("[", 
                            GROUP_CONCAT(
                                DISTINCT CONCAT(
                                    "{",
                                        "\\"name\\":", JSON_QUOTE(pm2.model), ",",
                                        "\\"img\\":", JSON_QUOTE(pm2.image_model),
                                    "}"
                                )
                                ORDER BY pm2.model ASC
                            ), 
                        "]") AS additional_models_json, GROUP_CONCAT(DISTINCT pm2.model ORDER BY pm2.model ASC) AS additional_models, COUNT(DISTINCT pm2.model) AS count_additional_models
FROM `_product` `p`
INNER JOIN `_brand` `b` ON `b`.`brand_id` = `p`.`brand_id`
LEFT JOIN `_model` `pm` ON `pm`.`model_id` = `p`.`model_id`
LEFT JOIN `_product_modelAddit_link` `pam` ON `pam`.`model_main_id` = `p`.`model_id`
LEFT JOIN `_model` `pm2` ON `pm2`.`model_id` = `pam`.`model_addit_id`
LEFT JOIN `_product_model_var` `pmv` ON `pm`.`model_id` = `pmv`.`model_id`
LEFT JOIN `_product_priceLevel` `pl` ON `pl`.`product_id` = `p`.`product_id`
INNER JOIN `_product_sites` `ps` ON `ps`.`product_id` = `p`.`product_id`
WHERE `ps`.`sp_site_id` = \'3\'
AND `ps`.`visibility_type` IN (0,1)
AND `pm`.`model` IS NOT NULL
GROUP BY `pm`.`model_id`
ORDER BY `pm`.`model` ASC')
 3 FCPATH/vendor/codeigniter4/framework/system/Database/BaseBuilder.php(1613): CodeIgniter\Database\BaseConnection->query('SELECT `pl`.*, `b`.`brandTxt`, `b`.`brand_id`, `pmv`.`model_year`, `pm`.`model`, `pm`.`model_id`, MAX(pm.image_model) AS image_model, GROUP_CONCAT(DISTINCT pmv.model_year ORDER BY pmv.model_year ASC) AS yearsArr, GROUP_CONCAT(DISTINCT p.product_id) AS productIds, CONCAT("[", 
                            GROUP_CONCAT(
                                DISTINCT CONCAT(
                                    "{",
                                        "\\"name\\":", JSON_QUOTE(pm2.model), ",",
                                        "\\"img\\":", JSON_QUOTE(pm2.image_model),
                                    "}"
                                )
                                ORDER BY pm2.model ASC
                            ), 
                        "]") AS additional_models_json, GROUP_CONCAT(DISTINCT pm2.model ORDER BY pm2.model ASC) AS additional_models, COUNT(DISTINCT pm2.model) AS count_additional_models
FROM `_product` `p`
INNER JOIN `_brand` `b` ON `b`.`brand_id` = `p`.`brand_id`
LEFT JOIN `_model` `pm` ON `pm`.`model_id` = `p`.`model_id`
LEFT JOIN `_product_modelAddit_link` `pam` ON `pam`.`model_main_id` = `p`.`model_id`
LEFT JOIN `_model` `pm2` ON `pm2`.`model_id` = `pam`.`model_addit_id`
LEFT JOIN `_product_model_var` `pmv` ON `pm`.`model_id` = `pmv`.`model_id`
LEFT JOIN `_product_priceLevel` `pl` ON `pl`.`product_id` = `p`.`product_id`
INNER JOIN `_product_sites` `ps` ON `ps`.`product_id` = `p`.`product_id`
WHERE `ps`.`sp_site_id` = :ps.sp_site_id:
AND `ps`.`visibility_type` IN :ps.visibility_type:
AND `pm`.`model` IS NOT NULL
GROUP BY `pm`.`model_id`
ORDER BY `pm`.`model` ASC', [...], false)
 4 APPPATH/Models/MODEL__filter.php(162): CodeIgniter\Database\BaseBuilder->get()
 5 APPPATH/Controllers/Home.php(53): App\Models\MODEL__filter->get__brandsModels()
 6 FCPATH/vendor/codeigniter4/framework/system/CodeIgniter.php(941): App\Controllers\Home->index()
 7 FCPATH/vendor/codeigniter4/framework/system/CodeIgniter.php(502): CodeIgniter\CodeIgniter->runController(Object(App\Controllers\Home))
 8 FCPATH/vendor/codeigniter4/framework/system/CodeIgniter.php(361): CodeIgniter\CodeIgniter->handleRequest(null, Object(Config\Cache), false)
 9 FCPATH/index.php(91): CodeIgniter\CodeIgniter->run()
CRITICAL - 2026-01-28 02:02:25 --> [Caused by] mysqli_sql_exception: Unknown column 'pmv.model_id' in 'ON'
in FCPATH/vendor/codeigniter4/framework/system/Database/MySQLi/Connection.php on line 306.
 1 FCPATH/vendor/codeigniter4/framework/system/Database/MySQLi/Connection.php(306): mysqli->query('SELECT `pl`.*, `b`.`brandTxt`, `b`.`brand_id`, `pmv`.`model_year`, `pm`.`model`, `pm`.`model_id`, MAX(pm.image_model) AS image_model, GROUP_CONCAT(DISTINCT pmv.model_year ORDER BY pmv.model_year ASC) AS yearsArr, GROUP_CONCAT(DISTINCT p.product_id) AS productIds, CONCAT("[", 
                            GROUP_CONCAT(
                                DISTINCT CONCAT(
                                    "{",
                                        "\\"name\\":", JSON_QUOTE(pm2.model), ",",
                                        "\\"img\\":", JSON_QUOTE(pm2.image_model),
                                    "}"
                                )
                                ORDER BY pm2.model ASC
                            ), 
                        "]") AS additional_models_json, GROUP_CONCAT(DISTINCT pm2.model ORDER BY pm2.model ASC) AS additional_models, COUNT(DISTINCT pm2.model) AS count_additional_models
FROM `_product` `p`
INNER JOIN `_brand` `b` ON `b`.`brand_id` = `p`.`brand_id`
LEFT JOIN `_model` `pm` ON `pm`.`model_id` = `p`.`model_id`
LEFT JOIN `_product_modelAddit_link` `pam` ON `pam`.`model_main_id` = `p`.`model_id`
LEFT JOIN `_model` `pm2` ON `pm2`.`model_id` = `pam`.`model_addit_id`
LEFT JOIN `_product_model_var` `pmv` ON `pm`.`model_id` = `pmv`.`model_id`
LEFT JOIN `_product_priceLevel` `pl` ON `pl`.`product_id` = `p`.`product_id`
INNER JOIN `_product_sites` `ps` ON `ps`.`product_id` = `p`.`product_id`
WHERE `ps`.`sp_site_id` = \'3\'
AND `ps`.`visibility_type` IN (0,1)
AND `pm`.`model` IS NOT NULL
GROUP BY `pm`.`model_id`
ORDER BY `pm`.`model` ASC', 0)
 2 FCPATH/vendor/codeigniter4/framework/system/Database/BaseConnection.php(693): CodeIgniter\Database\MySQLi\Connection->execute('SELECT `pl`.*, `b`.`brandTxt`, `b`.`brand_id`, `pmv`.`model_year`, `pm`.`model`, `pm`.`model_id`, MAX(pm.image_model) AS image_model, GROUP_CONCAT(DISTINCT pmv.model_year ORDER BY pmv.model_year ASC) AS yearsArr, GROUP_CONCAT(DISTINCT p.product_id) AS productIds, CONCAT("[", 
                            GROUP_CONCAT(
                                DISTINCT CONCAT(
                                    "{",
                                        "\\"name\\":", JSON_QUOTE(pm2.model), ",",
                                        "\\"img\\":", JSON_QUOTE(pm2.image_model),
                                    "}"
                                )
                                ORDER BY pm2.model ASC
                            ), 
                        "]") AS additional_models_json, GROUP_CONCAT(DISTINCT pm2.model ORDER BY pm2.model ASC) AS additional_models, COUNT(DISTINCT pm2.model) AS count_additional_models
FROM `_product` `p`
INNER JOIN `_brand` `b` ON `b`.`brand_id` = `p`.`brand_id`
LEFT JOIN `_model` `pm` ON `pm`.`model_id` = `p`.`model_id`
LEFT JOIN `_product_modelAddit_link` `pam` ON `pam`.`model_main_id` = `p`.`model_id`
LEFT JOIN `_model` `pm2` ON `pm2`.`model_id` = `pam`.`model_addit_id`
LEFT JOIN `_product_model_var` `pmv` ON `pm`.`model_id` = `pmv`.`model_id`
LEFT JOIN `_product_priceLevel` `pl` ON `pl`.`product_id` = `p`.`product_id`
INNER JOIN `_product_sites` `ps` ON `ps`.`product_id` = `p`.`product_id`
WHERE `ps`.`sp_site_id` = \'3\'
AND `ps`.`visibility_type` IN (0,1)
AND `pm`.`model` IS NOT NULL
GROUP BY `pm`.`model_id`
ORDER BY `pm`.`model` ASC')
 3 FCPATH/vendor/codeigniter4/framework/system/Database/BaseConnection.php(607): CodeIgniter\Database\BaseConnection->simpleQuery('SELECT `pl`.*, `b`.`brandTxt`, `b`.`brand_id`, `pmv`.`model_year`, `pm`.`model`, `pm`.`model_id`, MAX(pm.image_model) AS image_model, GROUP_CONCAT(DISTINCT pmv.model_year ORDER BY pmv.model_year ASC) AS yearsArr, GROUP_CONCAT(DISTINCT p.product_id) AS productIds, CONCAT("[", 
                            GROUP_CONCAT(
                                DISTINCT CONCAT(
                                    "{",
                                        "\\"name\\":", JSON_QUOTE(pm2.model), ",",
                                        "\\"img\\":", JSON_QUOTE(pm2.image_model),
                                    "}"
                                )
                                ORDER BY pm2.model ASC
                            ), 
                        "]") AS additional_models_json, GROUP_CONCAT(DISTINCT pm2.model ORDER BY pm2.model ASC) AS additional_models, COUNT(DISTINCT pm2.model) AS count_additional_models
FROM `_product` `p`
INNER JOIN `_brand` `b` ON `b`.`brand_id` = `p`.`brand_id`
LEFT JOIN `_model` `pm` ON `pm`.`model_id` = `p`.`model_id`
LEFT JOIN `_product_modelAddit_link` `pam` ON `pam`.`model_main_id` = `p`.`model_id`
LEFT JOIN `_model` `pm2` ON `pm2`.`model_id` = `pam`.`model_addit_id`
LEFT JOIN `_product_model_var` `pmv` ON `pm`.`model_id` = `pmv`.`model_id`
LEFT JOIN `_product_priceLevel` `pl` ON `pl`.`product_id` = `p`.`product_id`
INNER JOIN `_product_sites` `ps` ON `ps`.`product_id` = `p`.`product_id`
WHERE `ps`.`sp_site_id` = \'3\'
AND `ps`.`visibility_type` IN (0,1)
AND `pm`.`model` IS NOT NULL
GROUP BY `pm`.`model_id`
ORDER BY `pm`.`model` ASC')
 4 FCPATH/vendor/codeigniter4/framework/system/Database/BaseBuilder.php(1613): CodeIgniter\Database\BaseConnection->query('SELECT `pl`.*, `b`.`brandTxt`, `b`.`brand_id`, `pmv`.`model_year`, `pm`.`model`, `pm`.`model_id`, MAX(pm.image_model) AS image_model, GROUP_CONCAT(DISTINCT pmv.model_year ORDER BY pmv.model_year ASC) AS yearsArr, GROUP_CONCAT(DISTINCT p.product_id) AS productIds, CONCAT("[", 
                            GROUP_CONCAT(
                                DISTINCT CONCAT(
                                    "{",
                                        "\\"name\\":", JSON_QUOTE(pm2.model), ",",
                                        "\\"img\\":", JSON_QUOTE(pm2.image_model),
                                    "}"
                                )
                                ORDER BY pm2.model ASC
                            ), 
                        "]") AS additional_models_json, GROUP_CONCAT(DISTINCT pm2.model ORDER BY pm2.model ASC) AS additional_models, COUNT(DISTINCT pm2.model) AS count_additional_models
FROM `_product` `p`
INNER JOIN `_brand` `b` ON `b`.`brand_id` = `p`.`brand_id`
LEFT JOIN `_model` `pm` ON `pm`.`model_id` = `p`.`model_id`
LEFT JOIN `_product_modelAddit_link` `pam` ON `pam`.`model_main_id` = `p`.`model_id`
LEFT JOIN `_model` `pm2` ON `pm2`.`model_id` = `pam`.`model_addit_id`
LEFT JOIN `_product_model_var` `pmv` ON `pm`.`model_id` = `pmv`.`model_id`
LEFT JOIN `_product_priceLevel` `pl` ON `pl`.`product_id` = `p`.`product_id`
INNER JOIN `_product_sites` `ps` ON `ps`.`product_id` = `p`.`product_id`
WHERE `ps`.`sp_site_id` = :ps.sp_site_id:
AND `ps`.`visibility_type` IN :ps.visibility_type:
AND `pm`.`model` IS NOT NULL
GROUP BY `pm`.`model_id`
ORDER BY `pm`.`model` ASC', [...], false)
 5 APPPATH/Models/MODEL__filter.php(162): CodeIgniter\Database\BaseBuilder->get()
 6 APPPATH/Controllers/Home.php(53): App\Models\MODEL__filter->get__brandsModels()
 7 FCPATH/vendor/codeigniter4/framework/system/CodeIgniter.php(941): App\Controllers\Home->index()
 8 FCPATH/vendor/codeigniter4/framework/system/CodeIgniter.php(502): CodeIgniter\CodeIgniter->runController(Object(App\Controllers\Home))
 9 FCPATH/vendor/codeigniter4/framework/system/CodeIgniter.php(361): CodeIgniter\CodeIgniter->handleRequest(null, Object(Config\Cache), false)
10 FCPATH/index.php(91): CodeIgniter\CodeIgniter->run()
INFO - 2026-01-28 02:02:43 --> Session: Class initialized using 'CodeIgniter\Session\Handlers\FileHandler' driver.
ERROR - 2026-01-28 02:02:43 --> mysqli_sql_exception: Unknown column 'pmv.product_model_var_id' in 'ON' in /home/rnr75/public_html/portal.endi.rnr75.com/vendor/codeigniter4/framework/system/Database/MySQLi/Connection.php:306
Stack trace:
#0 /home/rnr75/public_html/portal.endi.rnr75.com/vendor/codeigniter4/framework/system/Database/MySQLi/Connection.php(306): mysqli->query('SELECT `p`.*, `...', 0)
#1 /home/rnr75/public_html/portal.endi.rnr75.com/vendor/codeigniter4/framework/system/Database/BaseConnection.php(693): CodeIgniter\Database\MySQLi\Connection->execute('SELECT `p`.*, `...')
#2 /home/rnr75/public_html/portal.endi.rnr75.com/vendor/codeigniter4/framework/system/Database/BaseConnection.php(607): CodeIgniter\Database\BaseConnection->simpleQuery('SELECT `p`.*, `...')
#3 /home/rnr75/public_html/portal.endi.rnr75.com/vendor/codeigniter4/framework/system/Database/BaseBuilder.php(1613): CodeIgniter\Database\BaseConnection->query('SELECT `p`.*, `...', Array, false)
#4 /home/rnr75/public_html/portal.endi.rnr75.com/app/Models/MODEL__product.php(200): CodeIgniter\Database\BaseBuilder->get()
#5 /home/rnr75/public_html/portal.endi.rnr75.com/app/Controllers/Home.php(71): App\Models\MODEL__product->get__all_product(Array)
#6 /home/rnr75/public_html/portal.endi.rnr75.com/vendor/codeigniter4/framework/system/CodeIgniter.php(941): App\Controllers\Home->index()
#7 /home/rnr75/public_html/portal.endi.rnr75.com/vendor/codeigniter4/framework/system/CodeIgniter.php(502): CodeIgniter\CodeIgniter->runController(Object(App\Controllers\Home))
#8 /home/rnr75/public_html/portal.endi.rnr75.com/vendor/codeigniter4/framework/system/CodeIgniter.php(361): CodeIgniter\CodeIgniter->handleRequest(NULL, Object(Config\Cache), false)
#9 /home/rnr75/public_html/portal.endi.rnr75.com/index.php(91): CodeIgniter\CodeIgniter->run()
#10 {main}
CRITICAL - 2026-01-28 02:02:43 --> CodeIgniter\Database\Exceptions\DatabaseException: Unknown column 'pmv.product_model_var_id' in 'ON'
in FCPATH/vendor/codeigniter4/framework/system/Database/BaseConnection.php on line 647.
 1 FCPATH/vendor/codeigniter4/framework/system/Database/BaseBuilder.php(1613): CodeIgniter\Database\BaseConnection->query('SELECT `p`.*, `b`.*, `pl`.*, `pm`.`model`, GROUP_CONCAT(DISTINCT pm2.model) AS additional_models
FROM `_product` `p`
LEFT JOIN `_product_priceLevel` `pl` ON `pl`.`product_id`=`p`.`product_id`
LEFT JOIN `_brand` `b` USING (`brand_id`)
LEFT JOIN `_model` `pm` ON `pm`.`model_id`=`p`.`model_id`
LEFT JOIN `_product_modelAddit_link` `pam` ON `pam`.`model_main_id`=`p`.`model_id`
LEFT JOIN `_model` `pm2` ON `pm2`.`model_id` = `pam`.`model_addit_id`
LEFT JOIN `_product_model_var` `pmv` ON `p`.`model_var_id_year`=`pmv`.`product_model_var_id`
INNER JOIN `_product_sites` `ps` ON `ps`.`product_id`=`p`.`product_id`
WHERE   (
`ps`.`sp_site_id` = :ps.sp_site_id:
AND `ps`.`visibility_type` IN :ps.visibility_type:
 )
AND `p`.`product_id` IN :p.product_id:
AND   (
`pl`.`cenaKKC` IS NOT NULL
OR `pl`.`zavishena_zena` != "" and `pl`.`is_promo` = 1
 )
GROUP BY `p`.`product_id`
ORDER BY FIELD(p.product_id,13912,56679,946,949,63864)
 LIMIT 5', [...], false)
 2 APPPATH/Models/MODEL__product.php(200): CodeIgniter\Database\BaseBuilder->get()
 3 APPPATH/Controllers/Home.php(71): App\Models\MODEL__product->get__all_product([...])
 4 FCPATH/vendor/codeigniter4/framework/system/CodeIgniter.php(941): App\Controllers\Home->index()
 5 FCPATH/vendor/codeigniter4/framework/system/CodeIgniter.php(502): CodeIgniter\CodeIgniter->runController(Object(App\Controllers\Home))
 6 FCPATH/vendor/codeigniter4/framework/system/CodeIgniter.php(361): CodeIgniter\CodeIgniter->handleRequest(null, Object(Config\Cache), false)
 7 FCPATH/index.php(91): CodeIgniter\CodeIgniter->run()
CRITICAL - 2026-01-28 02:02:43 --> [Caused by] CodeIgniter\Database\Exceptions\DatabaseException: Unknown column 'pmv.product_model_var_id' in 'ON'
in FCPATH/vendor/codeigniter4/framework/system/Database/MySQLi/Connection.php on line 311.
 1 FCPATH/vendor/codeigniter4/framework/system/Database/BaseConnection.php(693): CodeIgniter\Database\MySQLi\Connection->execute('SELECT `p`.*, `b`.*, `pl`.*, `pm`.`model`, GROUP_CONCAT(DISTINCT pm2.model) AS additional_models
FROM `_product` `p`
LEFT JOIN `_product_priceLevel` `pl` ON `pl`.`product_id`=`p`.`product_id`
LEFT JOIN `_brand` `b` USING (`brand_id`)
LEFT JOIN `_model` `pm` ON `pm`.`model_id`=`p`.`model_id`
LEFT JOIN `_product_modelAddit_link` `pam` ON `pam`.`model_main_id`=`p`.`model_id`
LEFT JOIN `_model` `pm2` ON `pm2`.`model_id` = `pam`.`model_addit_id`
LEFT JOIN `_product_model_var` `pmv` ON `p`.`model_var_id_year`=`pmv`.`product_model_var_id`
INNER JOIN `_product_sites` `ps` ON `ps`.`product_id`=`p`.`product_id`
WHERE   (
`ps`.`sp_site_id` = \'3\'
AND `ps`.`visibility_type` IN (0,1)
 )
AND `p`.`product_id` IN (13912,56679,946,949,63864)
AND   (
`pl`.`cenaKKC` IS NOT NULL
OR `pl`.`zavishena_zena` != "" and `pl`.`is_promo` = 1
 )
GROUP BY `p`.`product_id`
ORDER BY FIELD(p.product_id,13912,56679,946,949,63864)
 LIMIT 5')
 2 FCPATH/vendor/codeigniter4/framework/system/Database/BaseConnection.php(607): CodeIgniter\Database\BaseConnection->simpleQuery('SELECT `p`.*, `b`.*, `pl`.*, `pm`.`model`, GROUP_CONCAT(DISTINCT pm2.model) AS additional_models
FROM `_product` `p`
LEFT JOIN `_product_priceLevel` `pl` ON `pl`.`product_id`=`p`.`product_id`
LEFT JOIN `_brand` `b` USING (`brand_id`)
LEFT JOIN `_model` `pm` ON `pm`.`model_id`=`p`.`model_id`
LEFT JOIN `_product_modelAddit_link` `pam` ON `pam`.`model_main_id`=`p`.`model_id`
LEFT JOIN `_model` `pm2` ON `pm2`.`model_id` = `pam`.`model_addit_id`
LEFT JOIN `_product_model_var` `pmv` ON `p`.`model_var_id_year`=`pmv`.`product_model_var_id`
INNER JOIN `_product_sites` `ps` ON `ps`.`product_id`=`p`.`product_id`
WHERE   (
`ps`.`sp_site_id` = \'3\'
AND `ps`.`visibility_type` IN (0,1)
 )
AND `p`.`product_id` IN (13912,56679,946,949,63864)
AND   (
`pl`.`cenaKKC` IS NOT NULL
OR `pl`.`zavishena_zena` != "" and `pl`.`is_promo` = 1
 )
GROUP BY `p`.`product_id`
ORDER BY FIELD(p.product_id,13912,56679,946,949,63864)
 LIMIT 5')
 3 FCPATH/vendor/codeigniter4/framework/system/Database/BaseBuilder.php(1613): CodeIgniter\Database\BaseConnection->query('SELECT `p`.*, `b`.*, `pl`.*, `pm`.`model`, GROUP_CONCAT(DISTINCT pm2.model) AS additional_models
FROM `_product` `p`
LEFT JOIN `_product_priceLevel` `pl` ON `pl`.`product_id`=`p`.`product_id`
LEFT JOIN `_brand` `b` USING (`brand_id`)
LEFT JOIN `_model` `pm` ON `pm`.`model_id`=`p`.`model_id`
LEFT JOIN `_product_modelAddit_link` `pam` ON `pam`.`model_main_id`=`p`.`model_id`
LEFT JOIN `_model` `pm2` ON `pm2`.`model_id` = `pam`.`model_addit_id`
LEFT JOIN `_product_model_var` `pmv` ON `p`.`model_var_id_year`=`pmv`.`product_model_var_id`
INNER JOIN `_product_sites` `ps` ON `ps`.`product_id`=`p`.`product_id`
WHERE   (
`ps`.`sp_site_id` = :ps.sp_site_id:
AND `ps`.`visibility_type` IN :ps.visibility_type:
 )
AND `p`.`product_id` IN :p.product_id:
AND   (
`pl`.`cenaKKC` IS NOT NULL
OR `pl`.`zavishena_zena` != "" and `pl`.`is_promo` = 1
 )
GROUP BY `p`.`product_id`
ORDER BY FIELD(p.product_id,13912,56679,946,949,63864)
 LIMIT 5', [...], false)
 4 APPPATH/Models/MODEL__product.php(200): CodeIgniter\Database\BaseBuilder->get()
 5 APPPATH/Controllers/Home.php(71): App\Models\MODEL__product->get__all_product([...])
 6 FCPATH/vendor/codeigniter4/framework/system/CodeIgniter.php(941): App\Controllers\Home->index()
 7 FCPATH/vendor/codeigniter4/framework/system/CodeIgniter.php(502): CodeIgniter\CodeIgniter->runController(Object(App\Controllers\Home))
 8 FCPATH/vendor/codeigniter4/framework/system/CodeIgniter.php(361): CodeIgniter\CodeIgniter->handleRequest(null, Object(Config\Cache), false)
 9 FCPATH/index.php(91): CodeIgniter\CodeIgniter->run()
CRITICAL - 2026-01-28 02:02:43 --> [Caused by] mysqli_sql_exception: Unknown column 'pmv.product_model_var_id' in 'ON'
in FCPATH/vendor/codeigniter4/framework/system/Database/MySQLi/Connection.php on line 306.
 1 FCPATH/vendor/codeigniter4/framework/system/Database/MySQLi/Connection.php(306): mysqli->query('SELECT `p`.*, `b`.*, `pl`.*, `pm`.`model`, GROUP_CONCAT(DISTINCT pm2.model) AS additional_models
FROM `_product` `p`
LEFT JOIN `_product_priceLevel` `pl` ON `pl`.`product_id`=`p`.`product_id`
LEFT JOIN `_brand` `b` USING (`brand_id`)
LEFT JOIN `_model` `pm` ON `pm`.`model_id`=`p`.`model_id`
LEFT JOIN `_product_modelAddit_link` `pam` ON `pam`.`model_main_id`=`p`.`model_id`
LEFT JOIN `_model` `pm2` ON `pm2`.`model_id` = `pam`.`model_addit_id`
LEFT JOIN `_product_model_var` `pmv` ON `p`.`model_var_id_year`=`pmv`.`product_model_var_id`
INNER JOIN `_product_sites` `ps` ON `ps`.`product_id`=`p`.`product_id`
WHERE   (
`ps`.`sp_site_id` = \'3\'
AND `ps`.`visibility_type` IN (0,1)
 )
AND `p`.`product_id` IN (13912,56679,946,949,63864)
AND   (
`pl`.`cenaKKC` IS NOT NULL
OR `pl`.`zavishena_zena` != "" and `pl`.`is_promo` = 1
 )
GROUP BY `p`.`product_id`
ORDER BY FIELD(p.product_id,13912,56679,946,949,63864)
 LIMIT 5', 0)
 2 FCPATH/vendor/codeigniter4/framework/system/Database/BaseConnection.php(693): CodeIgniter\Database\MySQLi\Connection->execute('SELECT `p`.*, `b`.*, `pl`.*, `pm`.`model`, GROUP_CONCAT(DISTINCT pm2.model) AS additional_models
FROM `_product` `p`
LEFT JOIN `_product_priceLevel` `pl` ON `pl`.`product_id`=`p`.`product_id`
LEFT JOIN `_brand` `b` USING (`brand_id`)
LEFT JOIN `_model` `pm` ON `pm`.`model_id`=`p`.`model_id`
LEFT JOIN `_product_modelAddit_link` `pam` ON `pam`.`model_main_id`=`p`.`model_id`
LEFT JOIN `_model` `pm2` ON `pm2`.`model_id` = `pam`.`model_addit_id`
LEFT JOIN `_product_model_var` `pmv` ON `p`.`model_var_id_year`=`pmv`.`product_model_var_id`
INNER JOIN `_product_sites` `ps` ON `ps`.`product_id`=`p`.`product_id`
WHERE   (
`ps`.`sp_site_id` = \'3\'
AND `ps`.`visibility_type` IN (0,1)
 )
AND `p`.`product_id` IN (13912,56679,946,949,63864)
AND   (
`pl`.`cenaKKC` IS NOT NULL
OR `pl`.`zavishena_zena` != "" and `pl`.`is_promo` = 1
 )
GROUP BY `p`.`product_id`
ORDER BY FIELD(p.product_id,13912,56679,946,949,63864)
 LIMIT 5')
 3 FCPATH/vendor/codeigniter4/framework/system/Database/BaseConnection.php(607): CodeIgniter\Database\BaseConnection->simpleQuery('SELECT `p`.*, `b`.*, `pl`.*, `pm`.`model`, GROUP_CONCAT(DISTINCT pm2.model) AS additional_models
FROM `_product` `p`
LEFT JOIN `_product_priceLevel` `pl` ON `pl`.`product_id`=`p`.`product_id`
LEFT JOIN `_brand` `b` USING (`brand_id`)
LEFT JOIN `_model` `pm` ON `pm`.`model_id`=`p`.`model_id`
LEFT JOIN `_product_modelAddit_link` `pam` ON `pam`.`model_main_id`=`p`.`model_id`
LEFT JOIN `_model` `pm2` ON `pm2`.`model_id` = `pam`.`model_addit_id`
LEFT JOIN `_product_model_var` `pmv` ON `p`.`model_var_id_year`=`pmv`.`product_model_var_id`
INNER JOIN `_product_sites` `ps` ON `ps`.`product_id`=`p`.`product_id`
WHERE   (
`ps`.`sp_site_id` = \'3\'
AND `ps`.`visibility_type` IN (0,1)
 )
AND `p`.`product_id` IN (13912,56679,946,949,63864)
AND   (
`pl`.`cenaKKC` IS NOT NULL
OR `pl`.`zavishena_zena` != "" and `pl`.`is_promo` = 1
 )
GROUP BY `p`.`product_id`
ORDER BY FIELD(p.product_id,13912,56679,946,949,63864)
 LIMIT 5')
 4 FCPATH/vendor/codeigniter4/framework/system/Database/BaseBuilder.php(1613): CodeIgniter\Database\BaseConnection->query('SELECT `p`.*, `b`.*, `pl`.*, `pm`.`model`, GROUP_CONCAT(DISTINCT pm2.model) AS additional_models
FROM `_product` `p`
LEFT JOIN `_product_priceLevel` `pl` ON `pl`.`product_id`=`p`.`product_id`
LEFT JOIN `_brand` `b` USING (`brand_id`)
LEFT JOIN `_model` `pm` ON `pm`.`model_id`=`p`.`model_id`
LEFT JOIN `_product_modelAddit_link` `pam` ON `pam`.`model_main_id`=`p`.`model_id`
LEFT JOIN `_model` `pm2` ON `pm2`.`model_id` = `pam`.`model_addit_id`
LEFT JOIN `_product_model_var` `pmv` ON `p`.`model_var_id_year`=`pmv`.`product_model_var_id`
INNER JOIN `_product_sites` `ps` ON `ps`.`product_id`=`p`.`product_id`
WHERE   (
`ps`.`sp_site_id` = :ps.sp_site_id:
AND `ps`.`visibility_type` IN :ps.visibility_type:
 )
AND `p`.`product_id` IN :p.product_id:
AND   (
`pl`.`cenaKKC` IS NOT NULL
OR `pl`.`zavishena_zena` != "" and `pl`.`is_promo` = 1
 )
GROUP BY `p`.`product_id`
ORDER BY FIELD(p.product_id,13912,56679,946,949,63864)
 LIMIT 5', [...], false)
 5 APPPATH/Models/MODEL__product.php(200): CodeIgniter\Database\BaseBuilder->get()
 6 APPPATH/Controllers/Home.php(71): App\Models\MODEL__product->get__all_product([...])
 7 FCPATH/vendor/codeigniter4/framework/system/CodeIgniter.php(941): App\Controllers\Home->index()
 8 FCPATH/vendor/codeigniter4/framework/system/CodeIgniter.php(502): CodeIgniter\CodeIgniter->runController(Object(App\Controllers\Home))
 9 FCPATH/vendor/codeigniter4/framework/system/CodeIgniter.php(361): CodeIgniter\CodeIgniter->handleRequest(null, Object(Config\Cache), false)
10 FCPATH/index.php(91): CodeIgniter\CodeIgniter->run()
INFO - 2026-01-28 02:03:03 --> Session: Class initialized using 'CodeIgniter\Session\Handlers\FileHandler' driver.
INFO - 2026-01-28 02:03:04 --> Session: Class initialized using 'CodeIgniter\Session\Handlers\FileHandler' driver.
INFO - 2026-01-28 02:03:04 --> Session: Class initialized using 'CodeIgniter\Session\Handlers\FileHandler' driver.
INFO - 2026-01-28 02:03:05 --> Session: Class initialized using 'CodeIgniter\Session\Handlers\FileHandler' driver.
INFO - 2026-01-28 02:03:05 --> Session: Class initialized using 'CodeIgniter\Session\Handlers\FileHandler' driver.
INFO - 2026-01-28 02:03:05 --> Session: Class initialized using 'CodeIgniter\Session\Handlers\FileHandler' driver.
INFO - 2026-01-28 02:03:05 --> Session: Class initialized using 'CodeIgniter\Session\Handlers\FileHandler' driver.
INFO - 2026-01-28 02:03:05 --> Session: Class initialized using 'CodeIgniter\Session\Handlers\FileHandler' driver.
INFO - 2026-01-28 02:03:05 --> Session: Class initialized using 'CodeIgniter\Session\Handlers\FileHandler' driver.
INFO - 2026-01-28 02:03:05 --> Session: Class initialized using 'CodeIgniter\Session\Handlers\FileHandler' driver.
INFO - 2026-01-28 02:03:06 --> Session: Class initialized using 'CodeIgniter\Session\Handlers\FileHandler' driver.
INFO - 2026-01-28 02:03:06 --> Session: Class initialized using 'CodeIgniter\Session\Handlers\FileHandler' driver.
INFO - 2026-01-28 02:03:06 --> Session: Class initialized using 'CodeIgniter\Session\Handlers\FileHandler' driver.
INFO - 2026-01-28 02:03:06 --> Session: Class initialized using 'CodeIgniter\Session\Handlers\FileHandler' driver.
INFO - 2026-01-28 02:03:06 --> Session: Class initialized using 'CodeIgniter\Session\Handlers\FileHandler' driver.
INFO - 2026-01-28 02:03:06 --> Session: Class initialized using 'CodeIgniter\Session\Handlers\FileHandler' driver.
INFO - 2026-01-28 02:03:06 --> Session: Class initialized using 'CodeIgniter\Session\Handlers\FileHandler' driver.
INFO - 2026-01-28 02:03:06 --> Session: Class initialized using 'CodeIgniter\Session\Handlers\FileHandler' driver.
INFO - 2026-01-28 02:03:06 --> Session: Class initialized using 'CodeIgniter\Session\Handlers\FileHandler' driver.
INFO - 2026-01-28 02:03:07 --> Session: Class initialized using 'CodeIgniter\Session\Handlers\FileHandler' driver.
INFO - 2026-01-28 02:03:07 --> Session: Class initialized using 'CodeIgniter\Session\Handlers\FileHandler' driver.
INFO - 2026-01-28 02:03:07 --> Session: Class initialized using 'CodeIgniter\Session\Handlers\FileHandler' driver.
INFO - 2026-01-28 02:03:07 --> Session: Class initialized using 'CodeIgniter\Session\Handlers\FileHandler' driver.
INFO - 2026-01-28 02:03:07 --> Session: Class initialized using 'CodeIgniter\Session\Handlers\FileHandler' driver.
INFO - 2026-01-28 02:03:07 --> Session: Class initialized using 'CodeIgniter\Session\Handlers\FileHandler' driver.
INFO - 2026-01-28 02:03:07 --> Session: Class initialized using 'CodeIgniter\Session\Handlers\FileHandler' driver.
INFO - 2026-01-28 02:03:08 --> Session: Class initialized using 'CodeIgniter\Session\Handlers\FileHandler' driver.
INFO - 2026-01-28 02:03:08 --> Session: Class initialized using 'CodeIgniter\Session\Handlers\FileHandler' driver.
INFO - 2026-01-28 02:03:08 --> Session: Class initialized using 'CodeIgniter\Session\Handlers\FileHandler' driver.
INFO - 2026-01-28 02:03:08 --> Session: Class initialized using 'CodeIgniter\Session\Handlers\FileHandler' driver.
INFO - 2026-01-28 02:03:08 --> Session: Class initialized using 'CodeIgniter\Session\Handlers\FileHandler' driver.
INFO - 2026-01-28 02:03:08 --> Session: Class initialized using 'CodeIgniter\Session\Handlers\FileHandler' driver.
INFO - 2026-01-28 02:03:08 --> Session: Class initialized using 'CodeIgniter\Session\Handlers\FileHandler' driver.
INFO - 2026-01-28 02:03:08 --> Session: Class initialized using 'CodeIgniter\Session\Handlers\FileHandler' driver.
INFO - 2026-01-28 02:03:09 --> Session: Class initialized using 'CodeIgniter\Session\Handlers\FileHandler' driver.
INFO - 2026-01-28 02:03:09 --> Session: Class initialized using 'CodeIgniter\Session\Handlers\FileHandler' driver.
INFO - 2026-01-28 02:03:09 --> Session: Class initialized using 'CodeIgniter\Session\Handlers\FileHandler' driver.
INFO - 2026-01-28 02:03:09 --> Session: Class initialized using 'CodeIgniter\Session\Handlers\FileHandler' driver.
INFO - 2026-01-28 02:03:09 --> Session: Class initialized using 'CodeIgniter\Session\Handlers\FileHandler' driver.
INFO - 2026-01-28 02:03:09 --> Session: Class initialized using 'CodeIgniter\Session\Handlers\FileHandler' driver.
INFO - 2026-01-28 02:03:09 --> Session: Class initialized using 'CodeIgniter\Session\Handlers\FileHandler' driver.
INFO - 2026-01-28 02:03:29 --> Session: Class initialized using 'CodeIgniter\Session\Handlers\FileHandler' driver.
INFO - 2026-01-28 02:03:30 --> Session: Class initialized using 'CodeIgniter\Session\Handlers\FileHandler' driver.
INFO - 2026-01-28 02:03:30 --> Session: Class initialized using 'CodeIgniter\Session\Handlers\FileHandler' driver.
INFO - 2026-01-28 02:03:31 --> Session: Class initialized using 'CodeIgniter\Session\Handlers\FileHandler' driver.
INFO - 2026-01-28 02:03:31 --> Session: Class initialized using 'CodeIgniter\Session\Handlers\FileHandler' driver.
INFO - 2026-01-28 02:03:31 --> Session: Class initialized using 'CodeIgniter\Session\Handlers\FileHandler' driver.
INFO - 2026-01-28 02:03:31 --> Session: Class initialized using 'CodeIgniter\Session\Handlers\FileHandler' driver.
INFO - 2026-01-28 02:03:31 --> Session: Class initialized using 'CodeIgniter\Session\Handlers\FileHandler' driver.
INFO - 2026-01-28 02:03:31 --> Session: Class initialized using 'CodeIgniter\Session\Handlers\FileHandler' driver.
INFO - 2026-01-28 02:03:31 --> Session: Class initialized using 'CodeIgniter\Session\Handlers\FileHandler' driver.
INFO - 2026-01-28 02:03:31 --> Session: Class initialized using 'CodeIgniter\Session\Handlers\FileHandler' driver.
INFO - 2026-01-28 02:03:31 --> Session: Class initialized using 'CodeIgniter\Session\Handlers\FileHandler' driver.
INFO - 2026-01-28 02:03:32 --> Session: Class initialized using 'CodeIgniter\Session\Handlers\FileHandler' driver.
INFO - 2026-01-28 02:03:32 --> Session: Class initialized using 'CodeIgniter\Session\Handlers\FileHandler' driver.
INFO - 2026-01-28 02:03:32 --> Session: Class initialized using 'CodeIgniter\Session\Handlers\FileHandler' driver.
INFO - 2026-01-28 02:03:32 --> Session: Class initialized using 'CodeIgniter\Session\Handlers\FileHandler' driver.
INFO - 2026-01-28 02:03:32 --> Session: Class initialized using 'CodeIgniter\Session\Handlers\FileHandler' driver.
INFO - 2026-01-28 02:03:32 --> Session: Class initialized using 'CodeIgniter\Session\Handlers\FileHandler' driver.
INFO - 2026-01-28 02:03:32 --> Session: Class initialized using 'CodeIgniter\Session\Handlers\FileHandler' driver.
INFO - 2026-01-28 02:03:32 --> Session: Class initialized using 'CodeIgniter\Session\Handlers\FileHandler' driver.
INFO - 2026-01-28 02:03:32 --> Session: Class initialized using 'CodeIgniter\Session\Handlers\FileHandler' driver.
INFO - 2026-01-28 02:03:33 --> Session: Class initialized using 'CodeIgniter\Session\Handlers\FileHandler' driver.
INFO - 2026-01-28 02:03:33 --> Session: Class initialized using 'CodeIgniter\Session\Handlers\FileHandler' driver.
INFO - 2026-01-28 02:03:33 --> Session: Class initialized using 'CodeIgniter\Session\Handlers\FileHandler' driver.
INFO - 2026-01-28 02:03:33 --> Session: Class initialized using 'CodeIgniter\Session\Handlers\FileHandler' driver.
INFO - 2026-01-28 02:03:33 --> Session: Class initialized using 'CodeIgniter\Session\Handlers\FileHandler' driver.
INFO - 2026-01-28 02:03:33 --> Session: Class initialized using 'CodeIgniter\Session\Handlers\FileHandler' driver.
INFO - 2026-01-28 02:03:33 --> Session: Class initialized using 'CodeIgniter\Session\Handlers\FileHandler' driver.
INFO - 2026-01-28 02:03:34 --> Session: Class initialized using 'CodeIgniter\Session\Handlers\FileHandler' driver.
INFO - 2026-01-28 02:03:34 --> Session: Class initialized using 'CodeIgniter\Session\Handlers\FileHandler' driver.
INFO - 2026-01-28 02:03:34 --> Session: Class initialized using 'CodeIgniter\Session\Handlers\FileHandler' driver.
INFO - 2026-01-28 02:03:34 --> Session: Class initialized using 'CodeIgniter\Session\Handlers\FileHandler' driver.
INFO - 2026-01-28 02:03:34 --> Session: Class initialized using 'CodeIgniter\Session\Handlers\FileHandler' driver.
INFO - 2026-01-28 02:03:34 --> Session: Class initialized using 'CodeIgniter\Session\Handlers\FileHandler' driver.
INFO - 2026-01-28 02:03:34 --> Session: Class initialized using 'CodeIgniter\Session\Handlers\FileHandler' driver.
INFO - 2026-01-28 02:03:34 --> Session: Class initialized using 'CodeIgniter\Session\Handlers\FileHandler' driver.
INFO - 2026-01-28 02:03:34 --> Session: Class initialized using 'CodeIgniter\Session\Handlers\FileHandler' driver.
INFO - 2026-01-28 02:03:35 --> Session: Class initialized using 'CodeIgniter\Session\Handlers\FileHandler' driver.
INFO - 2026-01-28 02:03:35 --> Session: Class initialized using 'CodeIgniter\Session\Handlers\FileHandler' driver.
INFO - 2026-01-28 02:03:35 --> Session: Class initialized using 'CodeIgniter\Session\Handlers\FileHandler' driver.
INFO - 2026-01-28 02:03:35 --> Session: Class initialized using 'CodeIgniter\Session\Handlers\FileHandler' driver.
INFO - 2026-01-28 02:03:35 --> Session: Class initialized using 'CodeIgniter\Session\Handlers\FileHandler' driver.
INFO - 2026-01-28 02:03:35 --> Session: Class initialized using 'CodeIgniter\Session\Handlers\FileHandler' driver.
INFO - 2026-01-28 02:03:36 --> Session: Class initialized using 'CodeIgniter\Session\Handlers\FileHandler' driver.
INFO - 2026-01-28 02:03:48 --> Session: Class initialized using 'CodeIgniter\Session\Handlers\FileHandler' driver.
INFO - 2026-01-28 02:03:49 --> Session: Class initialized using 'CodeIgniter\Session\Handlers\FileHandler' driver.
INFO - 2026-01-28 02:03:49 --> Session: Class initialized using 'CodeIgniter\Session\Handlers\FileHandler' driver.
INFO - 2026-01-28 02:03:49 --> Session: Class initialized using 'CodeIgniter\Session\Handlers\FileHandler' driver.
INFO - 2026-01-28 02:03:49 --> Session: Class initialized using 'CodeIgniter\Session\Handlers\FileHandler' driver.
INFO - 2026-01-28 02:03:50 --> Session: Class initialized using 'CodeIgniter\Session\Handlers\FileHandler' driver.
INFO - 2026-01-28 02:03:50 --> Session: Class initialized using 'CodeIgniter\Session\Handlers\FileHandler' driver.
INFO - 2026-01-28 02:03:50 --> Session: Class initialized using 'CodeIgniter\Session\Handlers\FileHandler' driver.
INFO - 2026-01-28 02:03:50 --> Session: Class initialized using 'CodeIgniter\Session\Handlers\FileHandler' driver.
INFO - 2026-01-28 02:03:50 --> Session: Class initialized using 'CodeIgniter\Session\Handlers\FileHandler' driver.
INFO - 2026-01-28 02:03:50 --> Session: Class initialized using 'CodeIgniter\Session\Handlers\FileHandler' driver.
INFO - 2026-01-28 02:03:50 --> Session: Class initialized using 'CodeIgniter\Session\Handlers\FileHandler' driver.
INFO - 2026-01-28 02:03:50 --> Session: Class initialized using 'CodeIgniter\Session\Handlers\FileHandler' driver.
INFO - 2026-01-28 02:03:50 --> Session: Class initialized using 'CodeIgniter\Session\Handlers\FileHandler' driver.
INFO - 2026-01-28 02:03:50 --> Session: Class initialized using 'CodeIgniter\Session\Handlers\FileHandler' driver.
INFO - 2026-01-28 02:03:51 --> Session: Class initialized using 'CodeIgniter\Session\Handlers\FileHandler' driver.
INFO - 2026-01-28 02:03:51 --> Session: Class initialized using 'CodeIgniter\Session\Handlers\FileHandler' driver.
INFO - 2026-01-28 02:03:51 --> Session: Class initialized using 'CodeIgniter\Session\Handlers\FileHandler' driver.
INFO - 2026-01-28 02:03:51 --> Session: Class initialized using 'CodeIgniter\Session\Handlers\FileHandler' driver.
INFO - 2026-01-28 02:03:51 --> Session: Class initialized using 'CodeIgniter\Session\Handlers\FileHandler' driver.
INFO - 2026-01-28 02:03:51 --> Session: Class initialized using 'CodeIgniter\Session\Handlers\FileHandler' driver.
INFO - 2026-01-28 02:03:51 --> Session: Class initialized using 'CodeIgniter\Session\Handlers\FileHandler' driver.
INFO - 2026-01-28 02:03:51 --> Session: Class initialized using 'CodeIgniter\Session\Handlers\FileHandler' driver.
INFO - 2026-01-28 02:03:51 --> Session: Class initialized using 'CodeIgniter\Session\Handlers\FileHandler' driver.
INFO - 2026-01-28 02:03:51 --> Session: Class initialized using 'CodeIgniter\Session\Handlers\FileHandler' driver.
INFO - 2026-01-28 02:03:52 --> Session: Class initialized using 'CodeIgniter\Session\Handlers\FileHandler' driver.
INFO - 2026-01-28 02:03:52 --> Session: Class initialized using 'CodeIgniter\Session\Handlers\FileHandler' driver.
INFO - 2026-01-28 02:03:52 --> Session: Class initialized using 'CodeIgniter\Session\Handlers\FileHandler' driver.
INFO - 2026-01-28 02:03:52 --> Session: Class initialized using 'CodeIgniter\Session\Handlers\FileHandler' driver.
INFO - 2026-01-28 02:03:52 --> Session: Class initialized using 'CodeIgniter\Session\Handlers\FileHandler' driver.
INFO - 2026-01-28 02:03:52 --> Session: Class initialized using 'CodeIgniter\Session\Handlers\FileHandler' driver.
INFO - 2026-01-28 02:03:52 --> Session: Class initialized using 'CodeIgniter\Session\Handlers\FileHandler' driver.
INFO - 2026-01-28 02:03:52 --> Session: Class initialized using 'CodeIgniter\Session\Handlers\FileHandler' driver.
INFO - 2026-01-28 02:03:52 --> Session: Class initialized using 'CodeIgniter\Session\Handlers\FileHandler' driver.
INFO - 2026-01-28 02:03:53 --> Session: Class initialized using 'CodeIgniter\Session\Handlers\FileHandler' driver.
INFO - 2026-01-28 02:03:53 --> Session: Class initialized using 'CodeIgniter\Session\Handlers\FileHandler' driver.
INFO - 2026-01-28 02:03:53 --> Session: Class initialized using 'CodeIgniter\Session\Handlers\FileHandler' driver.
INFO - 2026-01-28 02:03:53 --> Session: Class initialized using 'CodeIgniter\Session\Handlers\FileHandler' driver.
INFO - 2026-01-28 02:03:53 --> Session: Class initialized using 'CodeIgniter\Session\Handlers\FileHandler' driver.
INFO - 2026-01-28 02:03:53 --> Session: Class initialized using 'CodeIgniter\Session\Handlers\FileHandler' driver.
INFO - 2026-01-28 02:03:53 --> Session: Class initialized using 'CodeIgniter\Session\Handlers\FileHandler' driver.
INFO - 2026-01-28 11:18:27 --> Session: Class initialized using 'CodeIgniter\Session\Handlers\FileHandler' driver.
INFO - 2026-01-28 11:18:52 --> Session: Class initialized using 'CodeIgniter\Session\Handlers\FileHandler' driver.
INFO - 2026-01-28 11:18:53 --> Session: Class initialized using 'CodeIgniter\Session\Handlers\FileHandler' driver.
INFO - 2026-01-28 11:18:53 --> Session: Class initialized using 'CodeIgniter\Session\Handlers\FileHandler' driver.
INFO - 2026-01-28 11:18:53 --> Session: Class initialized using 'CodeIgniter\Session\Handlers\FileHandler' driver.
INFO - 2026-01-28 11:18:53 --> Session: Class initialized using 'CodeIgniter\Session\Handlers\FileHandler' driver.
INFO - 2026-01-28 11:18:53 --> Session: Class initialized using 'CodeIgniter\Session\Handlers\FileHandler' driver.
INFO - 2026-01-28 11:18:54 --> Session: Class initialized using 'CodeIgniter\Session\Handlers\FileHandler' driver.
INFO - 2026-01-28 11:18:54 --> Session: Class initialized using 'CodeIgniter\Session\Handlers\FileHandler' driver.
INFO - 2026-01-28 11:18:54 --> Session: Class initialized using 'CodeIgniter\Session\Handlers\FileHandler' driver.
INFO - 2026-01-28 11:18:54 --> Session: Class initialized using 'CodeIgniter\Session\Handlers\FileHandler' driver.
INFO - 2026-01-28 11:18:54 --> Session: Class initialized using 'CodeIgniter\Session\Handlers\FileHandler' driver.
INFO - 2026-01-28 11:18:54 --> Session: Class initialized using 'CodeIgniter\Session\Handlers\FileHandler' driver.
INFO - 2026-01-28 11:18:54 --> Session: Class initialized using 'CodeIgniter\Session\Handlers\FileHandler' driver.
INFO - 2026-01-28 11:18:55 --> Session: Class initialized using 'CodeIgniter\Session\Handlers\FileHandler' driver.
INFO - 2026-01-28 11:18:55 --> Session: Class initialized using 'CodeIgniter\Session\Handlers\FileHandler' driver.
INFO - 2026-01-28 11:18:55 --> Session: Class initialized using 'CodeIgniter\Session\Handlers\FileHandler' driver.
INFO - 2026-01-28 11:18:55 --> Session: Class initialized using 'CodeIgniter\Session\Handlers\FileHandler' driver.
INFO - 2026-01-28 11:18:55 --> Session: Class initialized using 'CodeIgniter\Session\Handlers\FileHandler' driver.
INFO - 2026-01-28 11:18:55 --> Session: Class initialized using 'CodeIgniter\Session\Handlers\FileHandler' driver.
INFO - 2026-01-28 11:18:55 --> Session: Class initialized using 'CodeIgniter\Session\Handlers\FileHandler' driver.
INFO - 2026-01-28 11:18:55 --> Session: Class initialized using 'CodeIgniter\Session\Handlers\FileHandler' driver.
INFO - 2026-01-28 11:18:56 --> Session: Class initialized using 'CodeIgniter\Session\Handlers\FileHandler' driver.
INFO - 2026-01-28 11:18:56 --> Session: Class initialized using 'CodeIgniter\Session\Handlers\FileHandler' driver.
INFO - 2026-01-28 11:18:56 --> Session: Class initialized using 'CodeIgniter\Session\Handlers\FileHandler' driver.
INFO - 2026-01-28 11:18:56 --> Session: Class initialized using 'CodeIgniter\Session\Handlers\FileHandler' driver.
INFO - 2026-01-28 11:18:56 --> Session: Class initialized using 'CodeIgniter\Session\Handlers\FileHandler' driver.
INFO - 2026-01-28 11:18:56 --> Session: Class initialized using 'CodeIgniter\Session\Handlers\FileHandler' driver.
INFO - 2026-01-28 11:18:56 --> Session: Class initialized using 'CodeIgniter\Session\Handlers\FileHandler' driver.
INFO - 2026-01-28 11:18:56 --> Session: Class initialized using 'CodeIgniter\Session\Handlers\FileHandler' driver.
INFO - 2026-01-28 11:18:56 --> Session: Class initialized using 'CodeIgniter\Session\Handlers\FileHandler' driver.
INFO - 2026-01-28 11:18:57 --> Session: Class initialized using 'CodeIgniter\Session\Handlers\FileHandler' driver.
INFO - 2026-01-28 11:18:57 --> Session: Class initialized using 'CodeIgniter\Session\Handlers\FileHandler' driver.
INFO - 2026-01-28 11:18:57 --> Session: Class initialized using 'CodeIgniter\Session\Handlers\FileHandler' driver.
INFO - 2026-01-28 11:18:57 --> Session: Class initialized using 'CodeIgniter\Session\Handlers\FileHandler' driver.
INFO - 2026-01-28 11:18:57 --> Session: Class initialized using 'CodeIgniter\Session\Handlers\FileHandler' driver.
INFO - 2026-01-28 11:18:57 --> Session: Class initialized using 'CodeIgniter\Session\Handlers\FileHandler' driver.
INFO - 2026-01-28 11:18:57 --> Session: Class initialized using 'CodeIgniter\Session\Handlers\FileHandler' driver.
INFO - 2026-01-28 11:18:57 --> Session: Class initialized using 'CodeIgniter\Session\Handlers\FileHandler' driver.
INFO - 2026-01-28 11:18:58 --> Session: Class initialized using 'CodeIgniter\Session\Handlers\FileHandler' driver.
INFO - 2026-01-28 11:18:58 --> Session: Class initialized using 'CodeIgniter\Session\Handlers\FileHandler' driver.
INFO - 2026-01-28 11:18:58 --> Session: Class initialized using 'CodeIgniter\Session\Handlers\FileHandler' driver.
