INFO - 2025-10-22 09:13:52 --> Session: Class initialized using 'CodeIgniter\Session\Handlers\FileHandler' driver.
INFO - 2025-10-22 09:13:52 --> Session: Class initialized using 'CodeIgniter\Session\Handlers\FileHandler' driver.
INFO - 2025-10-22 09:13:57 --> Session: Class initialized using 'CodeIgniter\Session\Handlers\FileHandler' driver.
INFO - 2025-10-22 09:14:10 --> Session: Class initialized using 'CodeIgniter\Session\Handlers\FileHandler' driver.
INFO - 2025-10-22 09:14:11 --> Session: Class initialized using 'CodeIgniter\Session\Handlers\FileHandler' driver.
INFO - 2025-10-22 09:14:13 --> Session: Class initialized using 'CodeIgniter\Session\Handlers\FileHandler' driver.
INFO - 2025-10-22 09:14:29 --> Session: Class initialized using 'CodeIgniter\Session\Handlers\FileHandler' driver.
INFO - 2025-10-22 09:14:30 --> Session: Class initialized using 'CodeIgniter\Session\Handlers\FileHandler' driver.
INFO - 2025-10-22 09:15:12 --> Session: Class initialized using 'CodeIgniter\Session\Handlers\FileHandler' driver.
INFO - 2025-10-22 09:15:16 --> Session: Class initialized using 'CodeIgniter\Session\Handlers\FileHandler' driver.
INFO - 2025-10-22 09:15:17 --> Session: Class initialized using 'CodeIgniter\Session\Handlers\FileHandler' driver.
INFO - 2025-10-22 09:15:38 --> Session: Class initialized using 'CodeIgniter\Session\Handlers\FileHandler' driver.
INFO - 2025-10-22 09:15:48 --> Session: Class initialized using 'CodeIgniter\Session\Handlers\FileHandler' driver.
INFO - 2025-10-22 09:15:48 --> Session: Class initialized using 'CodeIgniter\Session\Handlers\FileHandler' driver.
INFO - 2025-10-22 09:16:13 --> Session: Class initialized using 'CodeIgniter\Session\Handlers\FileHandler' driver.
INFO - 2025-10-22 09:16:17 --> Session: Class initialized using 'CodeIgniter\Session\Handlers\FileHandler' driver.
INFO - 2025-10-22 09:16:17 --> Session: Class initialized using 'CodeIgniter\Session\Handlers\FileHandler' driver.
INFO - 2025-10-22 09:17:09 --> Session: Class initialized using 'CodeIgniter\Session\Handlers\FileHandler' driver.
INFO - 2025-10-22 09:18:37 --> Session: Class initialized using 'CodeIgniter\Session\Handlers\FileHandler' driver.
INFO - 2025-10-22 12:57:15 --> Session: Class initialized using 'CodeIgniter\Session\Handlers\FileHandler' driver.
INFO - 2025-10-22 12:57:31 --> Session: Class initialized using 'CodeIgniter\Session\Handlers\FileHandler' driver.
INFO - 2025-10-22 12:57:31 --> Session: Class initialized using 'CodeIgniter\Session\Handlers\FileHandler' driver.
INFO - 2025-10-22 15:15:33 --> Session: Class initialized using 'CodeIgniter\Session\Handlers\FileHandler' driver.
INFO - 2025-10-22 15:51:23 --> Session: Class initialized using 'CodeIgniter\Session\Handlers\FileHandler' driver.
INFO - 2025-10-22 15:51:36 --> Session: Class initialized using 'CodeIgniter\Session\Handlers\FileHandler' driver.
INFO - 2025-10-22 15:51:37 --> Session: Class initialized using 'CodeIgniter\Session\Handlers\FileHandler' driver.
CRITICAL - 2025-10-22 15:51:37 --> CodeIgniter\View\Exceptions\ViewException: Невалиден файл: themes/bestphone/pages/VIEW__assets.php
in FCPATH/vendor/codeigniter4/framework/system/Exceptions/FrameworkException.php on line 39.
 1 FCPATH/vendor/codeigniter4/framework/system/View/View.php(216): CodeIgniter\Exceptions\FrameworkException::forInvalidFile('themes/bestphone/pages/VIEW__assets.php')
 2 APPPATH/Common.php(31): CodeIgniter\View\View->render('themes/bestphone/pages/VIEW__assets', [], true)
 3 APPPATH/Controllers/Pages.php(39): view('themes/bestphone/pages/VIEW__assets', [...])
 4 FCPATH/vendor/codeigniter4/framework/system/CodeIgniter.php(941): App\Controllers\Pages->index('assets', 'js', 'theme', 'electro', 'pagePreloader.js')
 5 FCPATH/vendor/codeigniter4/framework/system/CodeIgniter.php(502): CodeIgniter\CodeIgniter->runController(Object(App\Controllers\Pages))
 6 FCPATH/vendor/codeigniter4/framework/system/CodeIgniter.php(361): CodeIgniter\CodeIgniter->handleRequest(null, Object(Config\Cache), false)
 7 FCPATH/index.php(91): CodeIgniter\CodeIgniter->run()
INFO - 2025-10-22 15:51:37 --> Session: Class initialized using 'CodeIgniter\Session\Handlers\FileHandler' driver.
CRITICAL - 2025-10-22 15:51:37 --> CodeIgniter\View\Exceptions\ViewException: Невалиден файл: themes/bestphone/pages/VIEW__assets.php
in FCPATH/vendor/codeigniter4/framework/system/Exceptions/FrameworkException.php on line 39.
 1 FCPATH/vendor/codeigniter4/framework/system/View/View.php(216): CodeIgniter\Exceptions\FrameworkException::forInvalidFile('themes/bestphone/pages/VIEW__assets.php')
 2 APPPATH/Common.php(31): CodeIgniter\View\View->render('themes/bestphone/pages/VIEW__assets', [], true)
 3 APPPATH/Controllers/Pages.php(39): view('themes/bestphone/pages/VIEW__assets', [...])
 4 FCPATH/vendor/codeigniter4/framework/system/CodeIgniter.php(941): App\Controllers\Pages->index('assets', 'js', 'theme', 'electro', 'pagePreloader.js')
 5 FCPATH/vendor/codeigniter4/framework/system/CodeIgniter.php(502): CodeIgniter\CodeIgniter->runController(Object(App\Controllers\Pages))
 6 FCPATH/vendor/codeigniter4/framework/system/CodeIgniter.php(361): CodeIgniter\CodeIgniter->handleRequest(null, Object(Config\Cache), false)
 7 FCPATH/index.php(91): CodeIgniter\CodeIgniter->run()
