INFO - 2025-11-30 05:17:41 --> Session: Class initialized using 'CodeIgniter\Session\Handlers\FileHandler' driver.
INFO - 2025-11-30 10:37:48 --> Session: Class initialized using 'CodeIgniter\Session\Handlers\FileHandler' driver.
INFO - 2025-11-30 11:02:16 --> Session: Class initialized using 'CodeIgniter\Session\Handlers\FileHandler' driver.
INFO - 2025-11-30 11:25:50 --> Session: Class initialized using 'CodeIgniter\Session\Handlers\FileHandler' driver.
WARNING - 2025-11-30 11:25:50 --> [DEPRECATED] Implicit conversion from float 298.6666666666667 to int loses precision in APPPATH/Controllers/ResizeImage.php on line 68.
 1 APPPATH/Controllers/ResizeImage.php(68): imagecopyresampled(Object(GdImage), Object(GdImage), 69, 0, 0, 0, 161.0, 298.6666666666667, 552, 1024)
 2 APPPATH/Views/themes/bestphone/home/VIEW__home-index.php(399): App\Controllers\ResizeImage::resize(Object(GdImage), 300, 300)
 3 FCPATH/vendor/codeigniter4/framework/system/View/View.php(228): include('/home/rnr75/public_html/portal.endi.rnr75.com/app/Views/themes/bestphone/home/VIEW__home-index.php')
 4 FCPATH/vendor/codeigniter4/framework/system/View/View.php(231): CodeIgniter\View\View->CodeIgniter\View\{closure}()
 5 APPPATH/Common.php(31): CodeIgniter\View\View->render('themes/bestphone/home/VIEW__home-index', [], true)
 6 APPPATH/Controllers/Home.php(99): view('themes/bestphone/home/VIEW__home-index', [...])
 7 FCPATH/vendor/codeigniter4/framework/system/CodeIgniter.php(941): App\Controllers\Home->index()
 8 FCPATH/vendor/codeigniter4/framework/system/CodeIgniter.php(502): CodeIgniter\CodeIgniter->runController(Object(App\Controllers\Home))
 9 FCPATH/vendor/codeigniter4/framework/system/CodeIgniter.php(361): CodeIgniter\CodeIgniter->handleRequest(null, Object(Config\Cache), false)
10 FCPATH/index.php(91): CodeIgniter\CodeIgniter->run()
WARNING - 2025-11-30 11:25:50 --> [DEPRECATED] Implicit conversion from float 299.11764705882354 to int loses precision in APPPATH/Controllers/ResizeImage.php on line 68.
 1 APPPATH/Controllers/ResizeImage.php(68): imagecopyresampled(Object(GdImage), Object(GdImage), 93, 0, 0, 0, 113.0, 299.11764705882354, 340, 900)
 2 APPPATH/Views/themes/bestphone/home/VIEW__home-index.php(399): App\Controllers\ResizeImage::resize(Object(GdImage), 300, 300)
 3 FCPATH/vendor/codeigniter4/framework/system/View/View.php(228): include('/home/rnr75/public_html/portal.endi.rnr75.com/app/Views/themes/bestphone/home/VIEW__home-index.php')
 4 FCPATH/vendor/codeigniter4/framework/system/View/View.php(231): CodeIgniter\View\View->CodeIgniter\View\{closure}()
 5 APPPATH/Common.php(31): CodeIgniter\View\View->render('themes/bestphone/home/VIEW__home-index', [], true)
 6 APPPATH/Controllers/Home.php(99): view('themes/bestphone/home/VIEW__home-index', [...])
 7 FCPATH/vendor/codeigniter4/framework/system/CodeIgniter.php(941): App\Controllers\Home->index()
 8 FCPATH/vendor/codeigniter4/framework/system/CodeIgniter.php(502): CodeIgniter\CodeIgniter->runController(Object(App\Controllers\Home))
 9 FCPATH/vendor/codeigniter4/framework/system/CodeIgniter.php(361): CodeIgniter\CodeIgniter->handleRequest(null, Object(Config\Cache), false)
10 FCPATH/index.php(91): CodeIgniter\CodeIgniter->run()
INFO - 2025-11-30 11:25:54 --> Session: Class initialized using 'CodeIgniter\Session\Handlers\FileHandler' driver.
INFO - 2025-11-30 11:27:37 --> Session: Class initialized using 'CodeIgniter\Session\Handlers\FileHandler' driver.
INFO - 2025-11-30 11:27:53 --> Session: Class initialized using 'CodeIgniter\Session\Handlers\FileHandler' driver.
INFO - 2025-11-30 12:21:48 --> Session: Class initialized using 'CodeIgniter\Session\Handlers\FileHandler' driver.
INFO - 2025-11-30 12:21:48 --> Session: Class initialized using 'CodeIgniter\Session\Handlers\FileHandler' driver.
INFO - 2025-11-30 12:50:36 --> Session: Class initialized using 'CodeIgniter\Session\Handlers\FileHandler' driver.
INFO - 2025-11-30 12:50:37 --> Session: Class initialized using 'CodeIgniter\Session\Handlers\FileHandler' driver.
INFO - 2025-11-30 12:50:37 --> Session: Class initialized using 'CodeIgniter\Session\Handlers\FileHandler' driver.
WARNING - 2025-11-30 12:50:38 --> [DEPRECATED] Implicit conversion from float 298.6666666666667 to int loses precision in APPPATH/Controllers/ResizeImage.php on line 68.
 1 APPPATH/Controllers/ResizeImage.php(68): imagecopyresampled(Object(GdImage), Object(GdImage), 69, 0, 0, 0, 161.0, 298.6666666666667, 552, 1024)
 2 APPPATH/Views/themes/bestphone/home/VIEW__home-index.php(399): App\Controllers\ResizeImage::resize(Object(GdImage), 300, 300)
 3 FCPATH/vendor/codeigniter4/framework/system/View/View.php(228): include('/home/rnr75/public_html/portal.endi.rnr75.com/app/Views/themes/bestphone/home/VIEW__home-index.php')
 4 FCPATH/vendor/codeigniter4/framework/system/View/View.php(231): CodeIgniter\View\View->CodeIgniter\View\{closure}()
 5 APPPATH/Common.php(31): CodeIgniter\View\View->render('themes/bestphone/home/VIEW__home-index', [], true)
 6 APPPATH/Controllers/Home.php(99): view('themes/bestphone/home/VIEW__home-index', [...])
 7 FCPATH/vendor/codeigniter4/framework/system/CodeIgniter.php(941): App\Controllers\Home->index()
 8 FCPATH/vendor/codeigniter4/framework/system/CodeIgniter.php(502): CodeIgniter\CodeIgniter->runController(Object(App\Controllers\Home))
 9 FCPATH/vendor/codeigniter4/framework/system/CodeIgniter.php(361): CodeIgniter\CodeIgniter->handleRequest(null, Object(Config\Cache), false)
10 FCPATH/index.php(91): CodeIgniter\CodeIgniter->run()
WARNING - 2025-11-30 12:50:38 --> [DEPRECATED] Implicit conversion from float 299.11764705882354 to int loses precision in APPPATH/Controllers/ResizeImage.php on line 68.
 1 APPPATH/Controllers/ResizeImage.php(68): imagecopyresampled(Object(GdImage), Object(GdImage), 93, 0, 0, 0, 113.0, 299.11764705882354, 340, 900)
 2 APPPATH/Views/themes/bestphone/home/VIEW__home-index.php(399): App\Controllers\ResizeImage::resize(Object(GdImage), 300, 300)
 3 FCPATH/vendor/codeigniter4/framework/system/View/View.php(228): include('/home/rnr75/public_html/portal.endi.rnr75.com/app/Views/themes/bestphone/home/VIEW__home-index.php')
 4 FCPATH/vendor/codeigniter4/framework/system/View/View.php(231): CodeIgniter\View\View->CodeIgniter\View\{closure}()
 5 APPPATH/Common.php(31): CodeIgniter\View\View->render('themes/bestphone/home/VIEW__home-index', [], true)
 6 APPPATH/Controllers/Home.php(99): view('themes/bestphone/home/VIEW__home-index', [...])
 7 FCPATH/vendor/codeigniter4/framework/system/CodeIgniter.php(941): App\Controllers\Home->index()
 8 FCPATH/vendor/codeigniter4/framework/system/CodeIgniter.php(502): CodeIgniter\CodeIgniter->runController(Object(App\Controllers\Home))
 9 FCPATH/vendor/codeigniter4/framework/system/CodeIgniter.php(361): CodeIgniter\CodeIgniter->handleRequest(null, Object(Config\Cache), false)
10 FCPATH/index.php(91): CodeIgniter\CodeIgniter->run()
INFO - 2025-11-30 12:50:44 --> Session: Class initialized using 'CodeIgniter\Session\Handlers\FileHandler' driver.
INFO - 2025-11-30 12:50:44 --> Session: Class initialized using 'CodeIgniter\Session\Handlers\FileHandler' driver.
INFO - 2025-11-30 12:50:59 --> Session: Class initialized using 'CodeIgniter\Session\Handlers\FileHandler' driver.
INFO - 2025-11-30 12:51:01 --> Session: Class initialized using 'CodeIgniter\Session\Handlers\FileHandler' driver.
INFO - 2025-11-30 12:51:02 --> Session: Class initialized using 'CodeIgniter\Session\Handlers\FileHandler' driver.
INFO - 2025-11-30 12:51:02 --> Session: Class initialized using 'CodeIgniter\Session\Handlers\FileHandler' driver.
WARNING - 2025-11-30 12:51:02 --> [DEPRECATED] Implicit conversion from float 298.6666666666667 to int loses precision in APPPATH/Controllers/ResizeImage.php on line 68.
 1 APPPATH/Controllers/ResizeImage.php(68): imagecopyresampled(Object(GdImage), Object(GdImage), 69, 0, 0, 0, 161.0, 298.6666666666667, 552, 1024)
 2 APPPATH/Views/themes/bestphone/shop/VIEW__shop-productsGrid.php(61): App\Controllers\ResizeImage::resize(Object(GdImage), 300, 300)
 3 FCPATH/vendor/codeigniter4/framework/system/View/View.php(228): include('/home/rnr75/public_html/portal.endi.rnr75.com/app/Views/themes/bestphone/shop/VIEW__shop-productsGrid.php')
 4 FCPATH/vendor/codeigniter4/framework/system/View/View.php(231): CodeIgniter\View\View->CodeIgniter\View\{closure}()
 5 APPPATH/Common.php(31): CodeIgniter\View\View->render('themes/bestphone/shop/VIEW__shop-productsGrid', [], true)
 6 APPPATH/Views/themes/bestphone/shop/VIEW__shop-index.php(93): view('themes/bestphone/shop/VIEW__shop-productsGrid')
 7 FCPATH/vendor/codeigniter4/framework/system/View/View.php(228): include('/home/rnr75/public_html/portal.endi.rnr75.com/app/Views/themes/bestphone/shop/VIEW__shop-index.php')
 8 FCPATH/vendor/codeigniter4/framework/system/View/View.php(231): CodeIgniter\View\View->CodeIgniter\View\{closure}()
 9 APPPATH/Common.php(31): CodeIgniter\View\View->render('themes/bestphone/shop/VIEW__shop-index', [], true)
10 APPPATH/Controllers/Shop.php(211): view('themes/bestphone/shop/VIEW__shop-index', [...])
11 FCPATH/vendor/codeigniter4/framework/system/CodeIgniter.php(941): App\Controllers\Shop->index()
12 FCPATH/vendor/codeigniter4/framework/system/CodeIgniter.php(502): CodeIgniter\CodeIgniter->runController(Object(App\Controllers\Shop))
13 FCPATH/vendor/codeigniter4/framework/system/CodeIgniter.php(361): CodeIgniter\CodeIgniter->handleRequest(null, Object(Config\Cache), false)
14 FCPATH/index.php(91): CodeIgniter\CodeIgniter->run()
INFO - 2025-11-30 12:51:18 --> Session: Class initialized using 'CodeIgniter\Session\Handlers\FileHandler' driver.
WARNING - 2025-11-30 12:51:18 --> [DEPRECATED] Implicit conversion from float 298.6666666666667 to int loses precision in APPPATH/Controllers/ResizeImage.php on line 68.
 1 APPPATH/Controllers/ResizeImage.php(68): imagecopyresampled(Object(GdImage), Object(GdImage), 69, 0, 0, 0, 161.0, 298.6666666666667, 552, 1024)
 2 APPPATH/Views/themes/bestphone/home/VIEW__home-index.php(399): App\Controllers\ResizeImage::resize(Object(GdImage), 300, 300)
 3 FCPATH/vendor/codeigniter4/framework/system/View/View.php(228): include('/home/rnr75/public_html/portal.endi.rnr75.com/app/Views/themes/bestphone/home/VIEW__home-index.php')
 4 FCPATH/vendor/codeigniter4/framework/system/View/View.php(231): CodeIgniter\View\View->CodeIgniter\View\{closure}()
 5 APPPATH/Common.php(31): CodeIgniter\View\View->render('themes/bestphone/home/VIEW__home-index', [], true)
 6 APPPATH/Controllers/Home.php(99): view('themes/bestphone/home/VIEW__home-index', [...])
 7 FCPATH/vendor/codeigniter4/framework/system/CodeIgniter.php(941): App\Controllers\Home->index()
 8 FCPATH/vendor/codeigniter4/framework/system/CodeIgniter.php(502): CodeIgniter\CodeIgniter->runController(Object(App\Controllers\Home))
 9 FCPATH/vendor/codeigniter4/framework/system/CodeIgniter.php(361): CodeIgniter\CodeIgniter->handleRequest(null, Object(Config\Cache), false)
10 FCPATH/index.php(91): CodeIgniter\CodeIgniter->run()
WARNING - 2025-11-30 12:51:18 --> [DEPRECATED] Implicit conversion from float 299.11764705882354 to int loses precision in APPPATH/Controllers/ResizeImage.php on line 68.
 1 APPPATH/Controllers/ResizeImage.php(68): imagecopyresampled(Object(GdImage), Object(GdImage), 93, 0, 0, 0, 113.0, 299.11764705882354, 340, 900)
 2 APPPATH/Views/themes/bestphone/home/VIEW__home-index.php(399): App\Controllers\ResizeImage::resize(Object(GdImage), 300, 300)
 3 FCPATH/vendor/codeigniter4/framework/system/View/View.php(228): include('/home/rnr75/public_html/portal.endi.rnr75.com/app/Views/themes/bestphone/home/VIEW__home-index.php')
 4 FCPATH/vendor/codeigniter4/framework/system/View/View.php(231): CodeIgniter\View\View->CodeIgniter\View\{closure}()
 5 APPPATH/Common.php(31): CodeIgniter\View\View->render('themes/bestphone/home/VIEW__home-index', [], true)
 6 APPPATH/Controllers/Home.php(99): view('themes/bestphone/home/VIEW__home-index', [...])
 7 FCPATH/vendor/codeigniter4/framework/system/CodeIgniter.php(941): App\Controllers\Home->index()
 8 FCPATH/vendor/codeigniter4/framework/system/CodeIgniter.php(502): CodeIgniter\CodeIgniter->runController(Object(App\Controllers\Home))
 9 FCPATH/vendor/codeigniter4/framework/system/CodeIgniter.php(361): CodeIgniter\CodeIgniter->handleRequest(null, Object(Config\Cache), false)
10 FCPATH/index.php(91): CodeIgniter\CodeIgniter->run()
INFO - 2025-11-30 13:17:06 --> Session: Class initialized using 'CodeIgniter\Session\Handlers\FileHandler' driver.
WARNING - 2025-11-30 13:17:06 --> [DEPRECATED] Implicit conversion from float 298.6666666666667 to int loses precision in APPPATH/Controllers/ResizeImage.php on line 68.
 1 APPPATH/Controllers/ResizeImage.php(68): imagecopyresampled(Object(GdImage), Object(GdImage), 69, 0, 0, 0, 161.0, 298.6666666666667, 552, 1024)
 2 APPPATH/Views/themes/bestphone/home/VIEW__home-index.php(399): App\Controllers\ResizeImage::resize(Object(GdImage), 300, 300)
 3 FCPATH/vendor/codeigniter4/framework/system/View/View.php(228): include('/home/rnr75/public_html/portal.endi.rnr75.com/app/Views/themes/bestphone/home/VIEW__home-index.php')
 4 FCPATH/vendor/codeigniter4/framework/system/View/View.php(231): CodeIgniter\View\View->CodeIgniter\View\{closure}()
 5 APPPATH/Common.php(31): CodeIgniter\View\View->render('themes/bestphone/home/VIEW__home-index', [], true)
 6 APPPATH/Controllers/Home.php(99): view('themes/bestphone/home/VIEW__home-index', [...])
 7 FCPATH/vendor/codeigniter4/framework/system/CodeIgniter.php(941): App\Controllers\Home->index()
 8 FCPATH/vendor/codeigniter4/framework/system/CodeIgniter.php(502): CodeIgniter\CodeIgniter->runController(Object(App\Controllers\Home))
 9 FCPATH/vendor/codeigniter4/framework/system/CodeIgniter.php(361): CodeIgniter\CodeIgniter->handleRequest(null, Object(Config\Cache), false)
10 FCPATH/index.php(91): CodeIgniter\CodeIgniter->run()
WARNING - 2025-11-30 13:17:06 --> [DEPRECATED] Implicit conversion from float 299.11764705882354 to int loses precision in APPPATH/Controllers/ResizeImage.php on line 68.
 1 APPPATH/Controllers/ResizeImage.php(68): imagecopyresampled(Object(GdImage), Object(GdImage), 93, 0, 0, 0, 113.0, 299.11764705882354, 340, 900)
 2 APPPATH/Views/themes/bestphone/home/VIEW__home-index.php(399): App\Controllers\ResizeImage::resize(Object(GdImage), 300, 300)
 3 FCPATH/vendor/codeigniter4/framework/system/View/View.php(228): include('/home/rnr75/public_html/portal.endi.rnr75.com/app/Views/themes/bestphone/home/VIEW__home-index.php')
 4 FCPATH/vendor/codeigniter4/framework/system/View/View.php(231): CodeIgniter\View\View->CodeIgniter\View\{closure}()
 5 APPPATH/Common.php(31): CodeIgniter\View\View->render('themes/bestphone/home/VIEW__home-index', [], true)
 6 APPPATH/Controllers/Home.php(99): view('themes/bestphone/home/VIEW__home-index', [...])
 7 FCPATH/vendor/codeigniter4/framework/system/CodeIgniter.php(941): App\Controllers\Home->index()
 8 FCPATH/vendor/codeigniter4/framework/system/CodeIgniter.php(502): CodeIgniter\CodeIgniter->runController(Object(App\Controllers\Home))
 9 FCPATH/vendor/codeigniter4/framework/system/CodeIgniter.php(361): CodeIgniter\CodeIgniter->handleRequest(null, Object(Config\Cache), false)
10 FCPATH/index.php(91): CodeIgniter\CodeIgniter->run()
INFO - 2025-11-30 13:17:28 --> Session: Class initialized using 'CodeIgniter\Session\Handlers\FileHandler' driver.
WARNING - 2025-11-30 13:17:28 --> [DEPRECATED] Implicit conversion from float 298.6666666666667 to int loses precision in APPPATH/Controllers/ResizeImage.php on line 68.
 1 APPPATH/Controllers/ResizeImage.php(68): imagecopyresampled(Object(GdImage), Object(GdImage), 69, 0, 0, 0, 161.0, 298.6666666666667, 552, 1024)
 2 APPPATH/Views/themes/bestphone/home/VIEW__home-index.php(399): App\Controllers\ResizeImage::resize(Object(GdImage), 300, 300)
 3 FCPATH/vendor/codeigniter4/framework/system/View/View.php(228): include('/home/rnr75/public_html/portal.endi.rnr75.com/app/Views/themes/bestphone/home/VIEW__home-index.php')
 4 FCPATH/vendor/codeigniter4/framework/system/View/View.php(231): CodeIgniter\View\View->CodeIgniter\View\{closure}()
 5 APPPATH/Common.php(31): CodeIgniter\View\View->render('themes/bestphone/home/VIEW__home-index', [], true)
 6 APPPATH/Controllers/Home.php(99): view('themes/bestphone/home/VIEW__home-index', [...])
 7 FCPATH/vendor/codeigniter4/framework/system/CodeIgniter.php(941): App\Controllers\Home->index()
 8 FCPATH/vendor/codeigniter4/framework/system/CodeIgniter.php(502): CodeIgniter\CodeIgniter->runController(Object(App\Controllers\Home))
 9 FCPATH/vendor/codeigniter4/framework/system/CodeIgniter.php(361): CodeIgniter\CodeIgniter->handleRequest(null, Object(Config\Cache), false)
10 FCPATH/index.php(91): CodeIgniter\CodeIgniter->run()
WARNING - 2025-11-30 13:17:28 --> [DEPRECATED] Implicit conversion from float 299.11764705882354 to int loses precision in APPPATH/Controllers/ResizeImage.php on line 68.
 1 APPPATH/Controllers/ResizeImage.php(68): imagecopyresampled(Object(GdImage), Object(GdImage), 93, 0, 0, 0, 113.0, 299.11764705882354, 340, 900)
 2 APPPATH/Views/themes/bestphone/home/VIEW__home-index.php(399): App\Controllers\ResizeImage::resize(Object(GdImage), 300, 300)
 3 FCPATH/vendor/codeigniter4/framework/system/View/View.php(228): include('/home/rnr75/public_html/portal.endi.rnr75.com/app/Views/themes/bestphone/home/VIEW__home-index.php')
 4 FCPATH/vendor/codeigniter4/framework/system/View/View.php(231): CodeIgniter\View\View->CodeIgniter\View\{closure}()
 5 APPPATH/Common.php(31): CodeIgniter\View\View->render('themes/bestphone/home/VIEW__home-index', [], true)
 6 APPPATH/Controllers/Home.php(99): view('themes/bestphone/home/VIEW__home-index', [...])
 7 FCPATH/vendor/codeigniter4/framework/system/CodeIgniter.php(941): App\Controllers\Home->index()
 8 FCPATH/vendor/codeigniter4/framework/system/CodeIgniter.php(502): CodeIgniter\CodeIgniter->runController(Object(App\Controllers\Home))
 9 FCPATH/vendor/codeigniter4/framework/system/CodeIgniter.php(361): CodeIgniter\CodeIgniter->handleRequest(null, Object(Config\Cache), false)
10 FCPATH/index.php(91): CodeIgniter\CodeIgniter->run()
INFO - 2025-11-30 13:23:26 --> Session: Class initialized using 'CodeIgniter\Session\Handlers\FileHandler' driver.
WARNING - 2025-11-30 13:23:26 --> [DEPRECATED] Implicit conversion from float 298.6666666666667 to int loses precision in APPPATH/Controllers/ResizeImage.php on line 68.
 1 APPPATH/Controllers/ResizeImage.php(68): imagecopyresampled(Object(GdImage), Object(GdImage), 69, 0, 0, 0, 161.0, 298.6666666666667, 552, 1024)
 2 APPPATH/Views/themes/bestphone/home/VIEW__home-index.php(346): App\Controllers\ResizeImage::resize(Object(GdImage), 300, 300)
 3 FCPATH/vendor/codeigniter4/framework/system/View/View.php(228): include('/home/rnr75/public_html/portal.endi.rnr75.com/app/Views/themes/bestphone/home/VIEW__home-index.php')
 4 FCPATH/vendor/codeigniter4/framework/system/View/View.php(231): CodeIgniter\View\View->CodeIgniter\View\{closure}()
 5 APPPATH/Common.php(31): CodeIgniter\View\View->render('themes/bestphone/home/VIEW__home-index', [], true)
 6 APPPATH/Controllers/Home.php(99): view('themes/bestphone/home/VIEW__home-index', [...])
 7 FCPATH/vendor/codeigniter4/framework/system/CodeIgniter.php(941): App\Controllers\Home->index()
 8 FCPATH/vendor/codeigniter4/framework/system/CodeIgniter.php(502): CodeIgniter\CodeIgniter->runController(Object(App\Controllers\Home))
 9 FCPATH/vendor/codeigniter4/framework/system/CodeIgniter.php(361): CodeIgniter\CodeIgniter->handleRequest(null, Object(Config\Cache), false)
10 FCPATH/index.php(91): CodeIgniter\CodeIgniter->run()
WARNING - 2025-11-30 13:23:26 --> [DEPRECATED] Implicit conversion from float 299.11764705882354 to int loses precision in APPPATH/Controllers/ResizeImage.php on line 68.
 1 APPPATH/Controllers/ResizeImage.php(68): imagecopyresampled(Object(GdImage), Object(GdImage), 93, 0, 0, 0, 113.0, 299.11764705882354, 340, 900)
 2 APPPATH/Views/themes/bestphone/home/VIEW__home-index.php(346): App\Controllers\ResizeImage::resize(Object(GdImage), 300, 300)
 3 FCPATH/vendor/codeigniter4/framework/system/View/View.php(228): include('/home/rnr75/public_html/portal.endi.rnr75.com/app/Views/themes/bestphone/home/VIEW__home-index.php')
 4 FCPATH/vendor/codeigniter4/framework/system/View/View.php(231): CodeIgniter\View\View->CodeIgniter\View\{closure}()
 5 APPPATH/Common.php(31): CodeIgniter\View\View->render('themes/bestphone/home/VIEW__home-index', [], true)
 6 APPPATH/Controllers/Home.php(99): view('themes/bestphone/home/VIEW__home-index', [...])
 7 FCPATH/vendor/codeigniter4/framework/system/CodeIgniter.php(941): App\Controllers\Home->index()
 8 FCPATH/vendor/codeigniter4/framework/system/CodeIgniter.php(502): CodeIgniter\CodeIgniter->runController(Object(App\Controllers\Home))
 9 FCPATH/vendor/codeigniter4/framework/system/CodeIgniter.php(361): CodeIgniter\CodeIgniter->handleRequest(null, Object(Config\Cache), false)
10 FCPATH/index.php(91): CodeIgniter\CodeIgniter->run()
INFO - 2025-11-30 13:26:21 --> Session: Class initialized using 'CodeIgniter\Session\Handlers\FileHandler' driver.
WARNING - 2025-11-30 13:26:21 --> [DEPRECATED] Implicit conversion from float 298.6666666666667 to int loses precision in APPPATH/Controllers/ResizeImage.php on line 68.
 1 APPPATH/Controllers/ResizeImage.php(68): imagecopyresampled(Object(GdImage), Object(GdImage), 69, 0, 0, 0, 161.0, 298.6666666666667, 552, 1024)
 2 APPPATH/Views/themes/bestphone/home/VIEW__home-index.php(346): App\Controllers\ResizeImage::resize(Object(GdImage), 300, 300)
 3 FCPATH/vendor/codeigniter4/framework/system/View/View.php(228): include('/home/rnr75/public_html/portal.endi.rnr75.com/app/Views/themes/bestphone/home/VIEW__home-index.php')
 4 FCPATH/vendor/codeigniter4/framework/system/View/View.php(231): CodeIgniter\View\View->CodeIgniter\View\{closure}()
 5 APPPATH/Common.php(31): CodeIgniter\View\View->render('themes/bestphone/home/VIEW__home-index', [], true)
 6 APPPATH/Controllers/Home.php(99): view('themes/bestphone/home/VIEW__home-index', [...])
 7 FCPATH/vendor/codeigniter4/framework/system/CodeIgniter.php(941): App\Controllers\Home->index()
 8 FCPATH/vendor/codeigniter4/framework/system/CodeIgniter.php(502): CodeIgniter\CodeIgniter->runController(Object(App\Controllers\Home))
 9 FCPATH/vendor/codeigniter4/framework/system/CodeIgniter.php(361): CodeIgniter\CodeIgniter->handleRequest(null, Object(Config\Cache), false)
10 FCPATH/index.php(91): CodeIgniter\CodeIgniter->run()
WARNING - 2025-11-30 13:26:21 --> [DEPRECATED] Implicit conversion from float 299.11764705882354 to int loses precision in APPPATH/Controllers/ResizeImage.php on line 68.
 1 APPPATH/Controllers/ResizeImage.php(68): imagecopyresampled(Object(GdImage), Object(GdImage), 93, 0, 0, 0, 113.0, 299.11764705882354, 340, 900)
 2 APPPATH/Views/themes/bestphone/home/VIEW__home-index.php(346): App\Controllers\ResizeImage::resize(Object(GdImage), 300, 300)
 3 FCPATH/vendor/codeigniter4/framework/system/View/View.php(228): include('/home/rnr75/public_html/portal.endi.rnr75.com/app/Views/themes/bestphone/home/VIEW__home-index.php')
 4 FCPATH/vendor/codeigniter4/framework/system/View/View.php(231): CodeIgniter\View\View->CodeIgniter\View\{closure}()
 5 APPPATH/Common.php(31): CodeIgniter\View\View->render('themes/bestphone/home/VIEW__home-index', [], true)
 6 APPPATH/Controllers/Home.php(99): view('themes/bestphone/home/VIEW__home-index', [...])
 7 FCPATH/vendor/codeigniter4/framework/system/CodeIgniter.php(941): App\Controllers\Home->index()
 8 FCPATH/vendor/codeigniter4/framework/system/CodeIgniter.php(502): CodeIgniter\CodeIgniter->runController(Object(App\Controllers\Home))
 9 FCPATH/vendor/codeigniter4/framework/system/CodeIgniter.php(361): CodeIgniter\CodeIgniter->handleRequest(null, Object(Config\Cache), false)
10 FCPATH/index.php(91): CodeIgniter\CodeIgniter->run()
INFO - 2025-11-30 13:30:21 --> Session: Class initialized using 'CodeIgniter\Session\Handlers\FileHandler' driver.
WARNING - 2025-11-30 13:30:21 --> [DEPRECATED] Implicit conversion from float 298.6666666666667 to int loses precision in APPPATH/Controllers/ResizeImage.php on line 68.
 1 APPPATH/Controllers/ResizeImage.php(68): imagecopyresampled(Object(GdImage), Object(GdImage), 69, 0, 0, 0, 161.0, 298.6666666666667, 552, 1024)
 2 APPPATH/Views/themes/bestphone/home/VIEW__home-index.php(346): App\Controllers\ResizeImage::resize(Object(GdImage), 300, 300)
 3 FCPATH/vendor/codeigniter4/framework/system/View/View.php(228): include('/home/rnr75/public_html/portal.endi.rnr75.com/app/Views/themes/bestphone/home/VIEW__home-index.php')
 4 FCPATH/vendor/codeigniter4/framework/system/View/View.php(231): CodeIgniter\View\View->CodeIgniter\View\{closure}()
 5 APPPATH/Common.php(31): CodeIgniter\View\View->render('themes/bestphone/home/VIEW__home-index', [], true)
 6 APPPATH/Controllers/Home.php(99): view('themes/bestphone/home/VIEW__home-index', [...])
 7 FCPATH/vendor/codeigniter4/framework/system/CodeIgniter.php(941): App\Controllers\Home->index()
 8 FCPATH/vendor/codeigniter4/framework/system/CodeIgniter.php(502): CodeIgniter\CodeIgniter->runController(Object(App\Controllers\Home))
 9 FCPATH/vendor/codeigniter4/framework/system/CodeIgniter.php(361): CodeIgniter\CodeIgniter->handleRequest(null, Object(Config\Cache), false)
10 FCPATH/index.php(91): CodeIgniter\CodeIgniter->run()
WARNING - 2025-11-30 13:30:21 --> [DEPRECATED] Implicit conversion from float 299.11764705882354 to int loses precision in APPPATH/Controllers/ResizeImage.php on line 68.
 1 APPPATH/Controllers/ResizeImage.php(68): imagecopyresampled(Object(GdImage), Object(GdImage), 93, 0, 0, 0, 113.0, 299.11764705882354, 340, 900)
 2 APPPATH/Views/themes/bestphone/home/VIEW__home-index.php(346): App\Controllers\ResizeImage::resize(Object(GdImage), 300, 300)
 3 FCPATH/vendor/codeigniter4/framework/system/View/View.php(228): include('/home/rnr75/public_html/portal.endi.rnr75.com/app/Views/themes/bestphone/home/VIEW__home-index.php')
 4 FCPATH/vendor/codeigniter4/framework/system/View/View.php(231): CodeIgniter\View\View->CodeIgniter\View\{closure}()
 5 APPPATH/Common.php(31): CodeIgniter\View\View->render('themes/bestphone/home/VIEW__home-index', [], true)
 6 APPPATH/Controllers/Home.php(99): view('themes/bestphone/home/VIEW__home-index', [...])
 7 FCPATH/vendor/codeigniter4/framework/system/CodeIgniter.php(941): App\Controllers\Home->index()
 8 FCPATH/vendor/codeigniter4/framework/system/CodeIgniter.php(502): CodeIgniter\CodeIgniter->runController(Object(App\Controllers\Home))
 9 FCPATH/vendor/codeigniter4/framework/system/CodeIgniter.php(361): CodeIgniter\CodeIgniter->handleRequest(null, Object(Config\Cache), false)
10 FCPATH/index.php(91): CodeIgniter\CodeIgniter->run()
INFO - 2025-11-30 13:38:50 --> Session: Class initialized using 'CodeIgniter\Session\Handlers\FileHandler' driver.
WARNING - 2025-11-30 13:38:50 --> [DEPRECATED] Implicit conversion from float 298.6666666666667 to int loses precision in APPPATH/Controllers/ResizeImage.php on line 68.
 1 APPPATH/Controllers/ResizeImage.php(68): imagecopyresampled(Object(GdImage), Object(GdImage), 69, 0, 0, 0, 161.0, 298.6666666666667, 552, 1024)
 2 APPPATH/Views/themes/bestphone/home/VIEW__home-index.php(346): App\Controllers\ResizeImage::resize(Object(GdImage), 300, 300)
 3 FCPATH/vendor/codeigniter4/framework/system/View/View.php(228): include('/home/rnr75/public_html/portal.endi.rnr75.com/app/Views/themes/bestphone/home/VIEW__home-index.php')
 4 FCPATH/vendor/codeigniter4/framework/system/View/View.php(231): CodeIgniter\View\View->CodeIgniter\View\{closure}()
 5 APPPATH/Common.php(31): CodeIgniter\View\View->render('themes/bestphone/home/VIEW__home-index', [], true)
 6 APPPATH/Controllers/Home.php(99): view('themes/bestphone/home/VIEW__home-index', [...])
 7 FCPATH/vendor/codeigniter4/framework/system/CodeIgniter.php(941): App\Controllers\Home->index()
 8 FCPATH/vendor/codeigniter4/framework/system/CodeIgniter.php(502): CodeIgniter\CodeIgniter->runController(Object(App\Controllers\Home))
 9 FCPATH/vendor/codeigniter4/framework/system/CodeIgniter.php(361): CodeIgniter\CodeIgniter->handleRequest(null, Object(Config\Cache), false)
10 FCPATH/index.php(91): CodeIgniter\CodeIgniter->run()
WARNING - 2025-11-30 13:38:50 --> [DEPRECATED] Implicit conversion from float 299.11764705882354 to int loses precision in APPPATH/Controllers/ResizeImage.php on line 68.
 1 APPPATH/Controllers/ResizeImage.php(68): imagecopyresampled(Object(GdImage), Object(GdImage), 93, 0, 0, 0, 113.0, 299.11764705882354, 340, 900)
 2 APPPATH/Views/themes/bestphone/home/VIEW__home-index.php(346): App\Controllers\ResizeImage::resize(Object(GdImage), 300, 300)
 3 FCPATH/vendor/codeigniter4/framework/system/View/View.php(228): include('/home/rnr75/public_html/portal.endi.rnr75.com/app/Views/themes/bestphone/home/VIEW__home-index.php')
 4 FCPATH/vendor/codeigniter4/framework/system/View/View.php(231): CodeIgniter\View\View->CodeIgniter\View\{closure}()
 5 APPPATH/Common.php(31): CodeIgniter\View\View->render('themes/bestphone/home/VIEW__home-index', [], true)
 6 APPPATH/Controllers/Home.php(99): view('themes/bestphone/home/VIEW__home-index', [...])
 7 FCPATH/vendor/codeigniter4/framework/system/CodeIgniter.php(941): App\Controllers\Home->index()
 8 FCPATH/vendor/codeigniter4/framework/system/CodeIgniter.php(502): CodeIgniter\CodeIgniter->runController(Object(App\Controllers\Home))
 9 FCPATH/vendor/codeigniter4/framework/system/CodeIgniter.php(361): CodeIgniter\CodeIgniter->handleRequest(null, Object(Config\Cache), false)
10 FCPATH/index.php(91): CodeIgniter\CodeIgniter->run()
INFO - 2025-11-30 13:39:49 --> Session: Class initialized using 'CodeIgniter\Session\Handlers\FileHandler' driver.
WARNING - 2025-11-30 13:39:49 --> [DEPRECATED] Implicit conversion from float 298.6666666666667 to int loses precision in APPPATH/Controllers/ResizeImage.php on line 68.
 1 APPPATH/Controllers/ResizeImage.php(68): imagecopyresampled(Object(GdImage), Object(GdImage), 69, 0, 0, 0, 161.0, 298.6666666666667, 552, 1024)
 2 APPPATH/Views/themes/bestphone/home/VIEW__home-index.php(346): App\Controllers\ResizeImage::resize(Object(GdImage), 300, 300)
 3 FCPATH/vendor/codeigniter4/framework/system/View/View.php(228): include('/home/rnr75/public_html/portal.endi.rnr75.com/app/Views/themes/bestphone/home/VIEW__home-index.php')
 4 FCPATH/vendor/codeigniter4/framework/system/View/View.php(231): CodeIgniter\View\View->CodeIgniter\View\{closure}()
 5 APPPATH/Common.php(31): CodeIgniter\View\View->render('themes/bestphone/home/VIEW__home-index', [], true)
 6 APPPATH/Controllers/Home.php(99): view('themes/bestphone/home/VIEW__home-index', [...])
 7 FCPATH/vendor/codeigniter4/framework/system/CodeIgniter.php(941): App\Controllers\Home->index()
 8 FCPATH/vendor/codeigniter4/framework/system/CodeIgniter.php(502): CodeIgniter\CodeIgniter->runController(Object(App\Controllers\Home))
 9 FCPATH/vendor/codeigniter4/framework/system/CodeIgniter.php(361): CodeIgniter\CodeIgniter->handleRequest(null, Object(Config\Cache), false)
10 FCPATH/index.php(91): CodeIgniter\CodeIgniter->run()
WARNING - 2025-11-30 13:39:49 --> [DEPRECATED] Implicit conversion from float 299.11764705882354 to int loses precision in APPPATH/Controllers/ResizeImage.php on line 68.
 1 APPPATH/Controllers/ResizeImage.php(68): imagecopyresampled(Object(GdImage), Object(GdImage), 93, 0, 0, 0, 113.0, 299.11764705882354, 340, 900)
 2 APPPATH/Views/themes/bestphone/home/VIEW__home-index.php(346): App\Controllers\ResizeImage::resize(Object(GdImage), 300, 300)
 3 FCPATH/vendor/codeigniter4/framework/system/View/View.php(228): include('/home/rnr75/public_html/portal.endi.rnr75.com/app/Views/themes/bestphone/home/VIEW__home-index.php')
 4 FCPATH/vendor/codeigniter4/framework/system/View/View.php(231): CodeIgniter\View\View->CodeIgniter\View\{closure}()
 5 APPPATH/Common.php(31): CodeIgniter\View\View->render('themes/bestphone/home/VIEW__home-index', [], true)
 6 APPPATH/Controllers/Home.php(99): view('themes/bestphone/home/VIEW__home-index', [...])
 7 FCPATH/vendor/codeigniter4/framework/system/CodeIgniter.php(941): App\Controllers\Home->index()
 8 FCPATH/vendor/codeigniter4/framework/system/CodeIgniter.php(502): CodeIgniter\CodeIgniter->runController(Object(App\Controllers\Home))
 9 FCPATH/vendor/codeigniter4/framework/system/CodeIgniter.php(361): CodeIgniter\CodeIgniter->handleRequest(null, Object(Config\Cache), false)
10 FCPATH/index.php(91): CodeIgniter\CodeIgniter->run()
INFO - 2025-11-30 13:45:14 --> Session: Class initialized using 'CodeIgniter\Session\Handlers\FileHandler' driver.
WARNING - 2025-11-30 13:45:14 --> [DEPRECATED] Implicit conversion from float 298.6666666666667 to int loses precision in APPPATH/Controllers/ResizeImage.php on line 68.
 1 APPPATH/Controllers/ResizeImage.php(68): imagecopyresampled(Object(GdImage), Object(GdImage), 69, 0, 0, 0, 161.0, 298.6666666666667, 552, 1024)
 2 APPPATH/Views/themes/bestphone/home/VIEW__home-index.php(346): App\Controllers\ResizeImage::resize(Object(GdImage), 300, 300)
 3 FCPATH/vendor/codeigniter4/framework/system/View/View.php(228): include('/home/rnr75/public_html/portal.endi.rnr75.com/app/Views/themes/bestphone/home/VIEW__home-index.php')
 4 FCPATH/vendor/codeigniter4/framework/system/View/View.php(231): CodeIgniter\View\View->CodeIgniter\View\{closure}()
 5 APPPATH/Common.php(31): CodeIgniter\View\View->render('themes/bestphone/home/VIEW__home-index', [], true)
 6 APPPATH/Controllers/Home.php(99): view('themes/bestphone/home/VIEW__home-index', [...])
 7 FCPATH/vendor/codeigniter4/framework/system/CodeIgniter.php(941): App\Controllers\Home->index()
 8 FCPATH/vendor/codeigniter4/framework/system/CodeIgniter.php(502): CodeIgniter\CodeIgniter->runController(Object(App\Controllers\Home))
 9 FCPATH/vendor/codeigniter4/framework/system/CodeIgniter.php(361): CodeIgniter\CodeIgniter->handleRequest(null, Object(Config\Cache), false)
10 FCPATH/index.php(91): CodeIgniter\CodeIgniter->run()
WARNING - 2025-11-30 13:45:14 --> [DEPRECATED] Implicit conversion from float 299.11764705882354 to int loses precision in APPPATH/Controllers/ResizeImage.php on line 68.
 1 APPPATH/Controllers/ResizeImage.php(68): imagecopyresampled(Object(GdImage), Object(GdImage), 93, 0, 0, 0, 113.0, 299.11764705882354, 340, 900)
 2 APPPATH/Views/themes/bestphone/home/VIEW__home-index.php(346): App\Controllers\ResizeImage::resize(Object(GdImage), 300, 300)
 3 FCPATH/vendor/codeigniter4/framework/system/View/View.php(228): include('/home/rnr75/public_html/portal.endi.rnr75.com/app/Views/themes/bestphone/home/VIEW__home-index.php')
 4 FCPATH/vendor/codeigniter4/framework/system/View/View.php(231): CodeIgniter\View\View->CodeIgniter\View\{closure}()
 5 APPPATH/Common.php(31): CodeIgniter\View\View->render('themes/bestphone/home/VIEW__home-index', [], true)
 6 APPPATH/Controllers/Home.php(99): view('themes/bestphone/home/VIEW__home-index', [...])
 7 FCPATH/vendor/codeigniter4/framework/system/CodeIgniter.php(941): App\Controllers\Home->index()
 8 FCPATH/vendor/codeigniter4/framework/system/CodeIgniter.php(502): CodeIgniter\CodeIgniter->runController(Object(App\Controllers\Home))
 9 FCPATH/vendor/codeigniter4/framework/system/CodeIgniter.php(361): CodeIgniter\CodeIgniter->handleRequest(null, Object(Config\Cache), false)
10 FCPATH/index.php(91): CodeIgniter\CodeIgniter->run()
INFO - 2025-11-30 18:59:53 --> Session: Class initialized using 'CodeIgniter\Session\Handlers\FileHandler' driver.
WARNING - 2025-11-30 18:59:53 --> [DEPRECATED] Implicit conversion from float 298.6666666666667 to int loses precision in APPPATH/Controllers/ResizeImage.php on line 68.
 1 APPPATH/Controllers/ResizeImage.php(68): imagecopyresampled(Object(GdImage), Object(GdImage), 69, 0, 0, 0, 161.0, 298.6666666666667, 552, 1024)
 2 APPPATH/Views/themes/bestphone/home/VIEW__home-index.php(346): App\Controllers\ResizeImage::resize(Object(GdImage), 300, 300)
 3 FCPATH/vendor/codeigniter4/framework/system/View/View.php(228): include('/home/rnr75/public_html/portal.endi.rnr75.com/app/Views/themes/bestphone/home/VIEW__home-index.php')
 4 FCPATH/vendor/codeigniter4/framework/system/View/View.php(231): CodeIgniter\View\View->CodeIgniter\View\{closure}()
 5 APPPATH/Common.php(31): CodeIgniter\View\View->render('themes/bestphone/home/VIEW__home-index', [], true)
 6 APPPATH/Controllers/Home.php(99): view('themes/bestphone/home/VIEW__home-index', [...])
 7 FCPATH/vendor/codeigniter4/framework/system/CodeIgniter.php(941): App\Controllers\Home->index()
 8 FCPATH/vendor/codeigniter4/framework/system/CodeIgniter.php(502): CodeIgniter\CodeIgniter->runController(Object(App\Controllers\Home))
 9 FCPATH/vendor/codeigniter4/framework/system/CodeIgniter.php(361): CodeIgniter\CodeIgniter->handleRequest(null, Object(Config\Cache), false)
10 FCPATH/index.php(91): CodeIgniter\CodeIgniter->run()
WARNING - 2025-11-30 18:59:53 --> [DEPRECATED] Implicit conversion from float 299.11764705882354 to int loses precision in APPPATH/Controllers/ResizeImage.php on line 68.
 1 APPPATH/Controllers/ResizeImage.php(68): imagecopyresampled(Object(GdImage), Object(GdImage), 93, 0, 0, 0, 113.0, 299.11764705882354, 340, 900)
 2 APPPATH/Views/themes/bestphone/home/VIEW__home-index.php(346): App\Controllers\ResizeImage::resize(Object(GdImage), 300, 300)
 3 FCPATH/vendor/codeigniter4/framework/system/View/View.php(228): include('/home/rnr75/public_html/portal.endi.rnr75.com/app/Views/themes/bestphone/home/VIEW__home-index.php')
 4 FCPATH/vendor/codeigniter4/framework/system/View/View.php(231): CodeIgniter\View\View->CodeIgniter\View\{closure}()
 5 APPPATH/Common.php(31): CodeIgniter\View\View->render('themes/bestphone/home/VIEW__home-index', [], true)
 6 APPPATH/Controllers/Home.php(99): view('themes/bestphone/home/VIEW__home-index', [...])
 7 FCPATH/vendor/codeigniter4/framework/system/CodeIgniter.php(941): App\Controllers\Home->index()
 8 FCPATH/vendor/codeigniter4/framework/system/CodeIgniter.php(502): CodeIgniter\CodeIgniter->runController(Object(App\Controllers\Home))
 9 FCPATH/vendor/codeigniter4/framework/system/CodeIgniter.php(361): CodeIgniter\CodeIgniter->handleRequest(null, Object(Config\Cache), false)
10 FCPATH/index.php(91): CodeIgniter\CodeIgniter->run()
