CRITICAL - 2025-05-19 10:58:42 --> ErrorException: Undefined array key "f_brandId"
in APPPATH/Views/themes/bestphone/shop/filter/VIEW__shop-filter.php on line 9.
 1 APPPATH/Views/themes/bestphone/shop/filter/VIEW__shop-filter.php(9): CodeIgniter\Debug\Exceptions->errorHandler(2, 'Undefined array key "f_brandId"', '/home/bestph615/public_html/portal.bestphone.bg/app/Views/themes/bestphone/shop/filter/VIEW__shop-filter.php', 9)
 2 FCPATH/vendor/codeigniter4/framework/system/View/View.php(228): include('/home/bestph615/public_html/portal.bestphone.bg/app/Views/themes/bestphone/shop/filter/VIEW__shop-filter.php')
 3 FCPATH/vendor/codeigniter4/framework/system/View/View.php(231): CodeIgniter\View\View->CodeIgniter\View\{closure}()
 4 APPPATH/Common.php(31): CodeIgniter\View\View->render('themes/bestphone/shop/filter/VIEW__shop-filter', [], true)
 5 APPPATH/Views/themes/bestphone/shop/VIEW__shop-index.php(57): view('themes/bestphone/shop/filter/VIEW__shop-filter')
 6 FCPATH/vendor/codeigniter4/framework/system/View/View.php(228): include('/home/bestph615/public_html/portal.bestphone.bg/app/Views/themes/bestphone/shop/VIEW__shop-index.php')
 7 FCPATH/vendor/codeigniter4/framework/system/View/View.php(231): CodeIgniter\View\View->CodeIgniter\View\{closure}()
 8 APPPATH/Common.php(31): CodeIgniter\View\View->render('themes/bestphone/shop/VIEW__shop-index', [], true)
 9 APPPATH/Controllers/Shop.php(187): view('themes/bestphone/shop/VIEW__shop-index', [...])
10 FCPATH/vendor/codeigniter4/framework/system/CodeIgniter.php(941): App\Controllers\Shop->index()
11 FCPATH/vendor/codeigniter4/framework/system/CodeIgniter.php(502): CodeIgniter\CodeIgniter->runController(Object(App\Controllers\Shop))
12 FCPATH/vendor/codeigniter4/framework/system/CodeIgniter.php(361): CodeIgniter\CodeIgniter->handleRequest(null, Object(Config\Cache), false)
13 FCPATH/index.php(78): CodeIgniter\CodeIgniter->run()
CRITICAL - 2025-05-19 10:58:44 --> ErrorException: Undefined array key "f_brandId"
in APPPATH/Views/themes/bestphone/shop/filter/VIEW__shop-filter.php on line 9.
 1 APPPATH/Views/themes/bestphone/shop/filter/VIEW__shop-filter.php(9): CodeIgniter\Debug\Exceptions->errorHandler(2, 'Undefined array key "f_brandId"', '/home/bestph615/public_html/portal.bestphone.bg/app/Views/themes/bestphone/shop/filter/VIEW__shop-filter.php', 9)
 2 FCPATH/vendor/codeigniter4/framework/system/View/View.php(228): include('/home/bestph615/public_html/portal.bestphone.bg/app/Views/themes/bestphone/shop/filter/VIEW__shop-filter.php')
 3 FCPATH/vendor/codeigniter4/framework/system/View/View.php(231): CodeIgniter\View\View->CodeIgniter\View\{closure}()
 4 APPPATH/Common.php(31): CodeIgniter\View\View->render('themes/bestphone/shop/filter/VIEW__shop-filter', [], true)
 5 APPPATH/Views/themes/bestphone/shop/VIEW__shop-index.php(57): view('themes/bestphone/shop/filter/VIEW__shop-filter')
 6 FCPATH/vendor/codeigniter4/framework/system/View/View.php(228): include('/home/bestph615/public_html/portal.bestphone.bg/app/Views/themes/bestphone/shop/VIEW__shop-index.php')
 7 FCPATH/vendor/codeigniter4/framework/system/View/View.php(231): CodeIgniter\View\View->CodeIgniter\View\{closure}()
 8 APPPATH/Common.php(31): CodeIgniter\View\View->render('themes/bestphone/shop/VIEW__shop-index', [], true)
 9 APPPATH/Controllers/Shop.php(187): view('themes/bestphone/shop/VIEW__shop-index', [...])
10 FCPATH/vendor/codeigniter4/framework/system/CodeIgniter.php(941): App\Controllers\Shop->index()
11 FCPATH/vendor/codeigniter4/framework/system/CodeIgniter.php(502): CodeIgniter\CodeIgniter->runController(Object(App\Controllers\Shop))
12 FCPATH/vendor/codeigniter4/framework/system/CodeIgniter.php(361): CodeIgniter\CodeIgniter->handleRequest(null, Object(Config\Cache), false)
13 FCPATH/index.php(78): CodeIgniter\CodeIgniter->run()
CRITICAL - 2025-05-19 10:59:02 --> ErrorException: Undefined array key "f_brandId"
in APPPATH/Views/themes/bestphone/shop/filter/VIEW__shop-filter.php on line 9.
 1 APPPATH/Views/themes/bestphone/shop/filter/VIEW__shop-filter.php(9): CodeIgniter\Debug\Exceptions->errorHandler(2, 'Undefined array key "f_brandId"', '/home/bestph615/public_html/portal.bestphone.bg/app/Views/themes/bestphone/shop/filter/VIEW__shop-filter.php', 9)
 2 FCPATH/vendor/codeigniter4/framework/system/View/View.php(228): include('/home/bestph615/public_html/portal.bestphone.bg/app/Views/themes/bestphone/shop/filter/VIEW__shop-filter.php')
 3 FCPATH/vendor/codeigniter4/framework/system/View/View.php(231): CodeIgniter\View\View->CodeIgniter\View\{closure}()
 4 APPPATH/Common.php(31): CodeIgniter\View\View->render('themes/bestphone/shop/filter/VIEW__shop-filter', [], true)
 5 APPPATH/Views/themes/bestphone/shop/VIEW__shop-index.php(57): view('themes/bestphone/shop/filter/VIEW__shop-filter')
 6 FCPATH/vendor/codeigniter4/framework/system/View/View.php(228): include('/home/bestph615/public_html/portal.bestphone.bg/app/Views/themes/bestphone/shop/VIEW__shop-index.php')
 7 FCPATH/vendor/codeigniter4/framework/system/View/View.php(231): CodeIgniter\View\View->CodeIgniter\View\{closure}()
 8 APPPATH/Common.php(31): CodeIgniter\View\View->render('themes/bestphone/shop/VIEW__shop-index', [], true)
 9 APPPATH/Controllers/Shop.php(187): view('themes/bestphone/shop/VIEW__shop-index', [...])
10 FCPATH/vendor/codeigniter4/framework/system/CodeIgniter.php(941): App\Controllers\Shop->index()
11 FCPATH/vendor/codeigniter4/framework/system/CodeIgniter.php(502): CodeIgniter\CodeIgniter->runController(Object(App\Controllers\Shop))
12 FCPATH/vendor/codeigniter4/framework/system/CodeIgniter.php(361): CodeIgniter\CodeIgniter->handleRequest(null, Object(Config\Cache), false)
13 FCPATH/index.php(78): CodeIgniter\CodeIgniter->run()
