INFO - 2025-12-10 07:28:19 --> Session: Class initialized using 'CodeIgniter\Session\Handlers\FileHandler' driver.
INFO - 2025-12-10 07:28:21 --> Session: Class initialized using 'CodeIgniter\Session\Handlers\FileHandler' driver.
INFO - 2025-12-10 17:04:02 --> Session: Class initialized using 'CodeIgniter\Session\Handlers\FileHandler' driver.
WARNING - 2025-12-10 17:04:02 --> [DEPRECATED] Implicit conversion from float 299.42857142857144 to int loses precision in APPPATH/Controllers/ResizeImage.php on line 68.
 1 APPPATH/Controllers/ResizeImage.php(68): imagecopyresampled(Object(GdImage), Object(GdImage), 19, 0, 0, 0, 262.0, 299.42857142857144, 896, 1024)
 2 APPPATH/Views/themes/bestphone/home/VIEW__home-index.php(57): App\Controllers\ResizeImage::resize(Object(GdImage), 300, 300)
 3 APPPATH/Views/themes/bestphone/home/VIEW__home-index.php(238): CodeIgniter\View\View->{closure}([...])
 4 FCPATH/vendor/codeigniter4/framework/system/View/View.php(228): include('/home/rnr75/public_html/portal.endi.rnr75.com/app/Views/themes/bestphone/home/VIEW__home-index.php')
 5 FCPATH/vendor/codeigniter4/framework/system/View/View.php(231): CodeIgniter\View\View->CodeIgniter\View\{closure}()
 6 APPPATH/Common.php(31): CodeIgniter\View\View->render('themes/bestphone/home/VIEW__home-index', [], true)
 7 APPPATH/Controllers/Home.php(136): view('themes/bestphone/home/VIEW__home-index', [...])
 8 FCPATH/vendor/codeigniter4/framework/system/CodeIgniter.php(941): App\Controllers\Home->index()
 9 FCPATH/vendor/codeigniter4/framework/system/CodeIgniter.php(502): CodeIgniter\CodeIgniter->runController(Object(App\Controllers\Home))
10 FCPATH/vendor/codeigniter4/framework/system/CodeIgniter.php(361): CodeIgniter\CodeIgniter->handleRequest(null, Object(Config\Cache), false)
11 FCPATH/index.php(91): CodeIgniter\CodeIgniter->run()
WARNING - 2025-12-10 17:04:03 --> [DEPRECATED] Implicit conversion from float 299.42857142857144 to int loses precision in APPPATH/Controllers/ResizeImage.php on line 68.
 1 APPPATH/Controllers/ResizeImage.php(68): imagecopyresampled(Object(GdImage), Object(GdImage), 19, 0, 0, 0, 262.0, 299.42857142857144, 896, 1024)
 2 APPPATH/Views/themes/bestphone/home/VIEW__home-index.php(57): App\Controllers\ResizeImage::resize(Object(GdImage), 300, 300)
 3 APPPATH/Views/themes/bestphone/home/VIEW__home-index.php(238): CodeIgniter\View\View->{closure}([...])
 4 FCPATH/vendor/codeigniter4/framework/system/View/View.php(228): include('/home/rnr75/public_html/portal.endi.rnr75.com/app/Views/themes/bestphone/home/VIEW__home-index.php')
 5 FCPATH/vendor/codeigniter4/framework/system/View/View.php(231): CodeIgniter\View\View->CodeIgniter\View\{closure}()
 6 APPPATH/Common.php(31): CodeIgniter\View\View->render('themes/bestphone/home/VIEW__home-index', [], true)
 7 APPPATH/Controllers/Home.php(136): view('themes/bestphone/home/VIEW__home-index', [...])
 8 FCPATH/vendor/codeigniter4/framework/system/CodeIgniter.php(941): App\Controllers\Home->index()
 9 FCPATH/vendor/codeigniter4/framework/system/CodeIgniter.php(502): CodeIgniter\CodeIgniter->runController(Object(App\Controllers\Home))
10 FCPATH/vendor/codeigniter4/framework/system/CodeIgniter.php(361): CodeIgniter\CodeIgniter->handleRequest(null, Object(Config\Cache), false)
11 FCPATH/index.php(91): CodeIgniter\CodeIgniter->run()
WARNING - 2025-12-10 17:04:03 --> [DEPRECATED] Implicit conversion from float 298.4551724137931 to int loses precision in APPPATH/Controllers/ResizeImage.php on line 68.
 1 APPPATH/Controllers/ResizeImage.php(68): imagecopyresampled(Object(GdImage), Object(GdImage), 88, 0, 0, 0, 124.0, 298.4551724137931, 145, 349)
 2 APPPATH/Views/themes/bestphone/home/VIEW__home-index.php(57): App\Controllers\ResizeImage::resize(Object(GdImage), 300, 300)
 3 APPPATH/Views/themes/bestphone/home/VIEW__home-index.php(238): CodeIgniter\View\View->{closure}([...])
 4 FCPATH/vendor/codeigniter4/framework/system/View/View.php(228): include('/home/rnr75/public_html/portal.endi.rnr75.com/app/Views/themes/bestphone/home/VIEW__home-index.php')
 5 FCPATH/vendor/codeigniter4/framework/system/View/View.php(231): CodeIgniter\View\View->CodeIgniter\View\{closure}()
 6 APPPATH/Common.php(31): CodeIgniter\View\View->render('themes/bestphone/home/VIEW__home-index', [], true)
 7 APPPATH/Controllers/Home.php(136): view('themes/bestphone/home/VIEW__home-index', [...])
 8 FCPATH/vendor/codeigniter4/framework/system/CodeIgniter.php(941): App\Controllers\Home->index()
 9 FCPATH/vendor/codeigniter4/framework/system/CodeIgniter.php(502): CodeIgniter\CodeIgniter->runController(Object(App\Controllers\Home))
10 FCPATH/vendor/codeigniter4/framework/system/CodeIgniter.php(361): CodeIgniter\CodeIgniter->handleRequest(null, Object(Config\Cache), false)
11 FCPATH/index.php(91): CodeIgniter\CodeIgniter->run()
WARNING - 2025-12-10 17:04:03 --> [DEPRECATED] Implicit conversion from float 298.69314079422384 to int loses precision in APPPATH/Controllers/ResizeImage.php on line 68.
 1 APPPATH/Controllers/ResizeImage.php(68): imagecopyresampled(Object(GdImage), Object(GdImage), 68, 0, 0, 0, 164.0, 298.69314079422384, 554, 1009)
 2 APPPATH/Views/themes/bestphone/home/VIEW__home-index.php(57): App\Controllers\ResizeImage::resize(Object(GdImage), 300, 300)
 3 APPPATH/Views/themes/bestphone/home/VIEW__home-index.php(238): CodeIgniter\View\View->{closure}([...])
 4 FCPATH/vendor/codeigniter4/framework/system/View/View.php(228): include('/home/rnr75/public_html/portal.endi.rnr75.com/app/Views/themes/bestphone/home/VIEW__home-index.php')
 5 FCPATH/vendor/codeigniter4/framework/system/View/View.php(231): CodeIgniter\View\View->CodeIgniter\View\{closure}()
 6 APPPATH/Common.php(31): CodeIgniter\View\View->render('themes/bestphone/home/VIEW__home-index', [], true)
 7 APPPATH/Controllers/Home.php(136): view('themes/bestphone/home/VIEW__home-index', [...])
 8 FCPATH/vendor/codeigniter4/framework/system/CodeIgniter.php(941): App\Controllers\Home->index()
 9 FCPATH/vendor/codeigniter4/framework/system/CodeIgniter.php(502): CodeIgniter\CodeIgniter->runController(Object(App\Controllers\Home))
10 FCPATH/vendor/codeigniter4/framework/system/CodeIgniter.php(361): CodeIgniter\CodeIgniter->handleRequest(null, Object(Config\Cache), false)
11 FCPATH/index.php(91): CodeIgniter\CodeIgniter->run()
INFO - 2025-12-10 17:04:04 --> Session: Class initialized using 'CodeIgniter\Session\Handlers\FileHandler' driver.
WARNING - 2025-12-10 17:04:04 --> [DEPRECATED] Implicit conversion from float 298.6666666666667 to int loses precision in APPPATH/Controllers/ResizeImage.php on line 68.
 1 APPPATH/Controllers/ResizeImage.php(68): imagecopyresampled(Object(GdImage), Object(GdImage), 69, 0, 0, 0, 161.0, 298.6666666666667, 552, 1024)
 2 APPPATH/Views/themes/bestphone/home/VIEW__home-index.php(57): App\Controllers\ResizeImage::resize(Object(GdImage), 300, 300)
 3 APPPATH/Views/themes/bestphone/home/VIEW__home-index.php(322): CodeIgniter\View\View->{closure}([...])
 4 FCPATH/vendor/codeigniter4/framework/system/View/View.php(228): include('/home/rnr75/public_html/portal.endi.rnr75.com/app/Views/themes/bestphone/home/VIEW__home-index.php')
 5 FCPATH/vendor/codeigniter4/framework/system/View/View.php(231): CodeIgniter\View\View->CodeIgniter\View\{closure}()
 6 APPPATH/Common.php(31): CodeIgniter\View\View->render('themes/bestphone/home/VIEW__home-index', [], true)
 7 APPPATH/Controllers/Home.php(136): view('themes/bestphone/home/VIEW__home-index', [...])
 8 FCPATH/vendor/codeigniter4/framework/system/CodeIgniter.php(941): App\Controllers\Home->index()
 9 FCPATH/vendor/codeigniter4/framework/system/CodeIgniter.php(502): CodeIgniter\CodeIgniter->runController(Object(App\Controllers\Home))
10 FCPATH/vendor/codeigniter4/framework/system/CodeIgniter.php(361): CodeIgniter\CodeIgniter->handleRequest(null, Object(Config\Cache), false)
11 FCPATH/index.php(91): CodeIgniter\CodeIgniter->run()
WARNING - 2025-12-10 17:04:04 --> [DEPRECATED] Implicit conversion from float 298.6666666666667 to int loses precision in APPPATH/Controllers/ResizeImage.php on line 68.
 1 APPPATH/Controllers/ResizeImage.php(68): imagecopyresampled(Object(GdImage), Object(GdImage), 69, 0, 0, 0, 161.0, 298.6666666666667, 552, 1024)
 2 APPPATH/Views/themes/bestphone/home/VIEW__home-index.php(57): App\Controllers\ResizeImage::resize(Object(GdImage), 300, 300)
 3 APPPATH/Views/themes/bestphone/home/VIEW__home-index.php(350): CodeIgniter\View\View->{closure}([...])
 4 FCPATH/vendor/codeigniter4/framework/system/View/View.php(228): include('/home/rnr75/public_html/portal.endi.rnr75.com/app/Views/themes/bestphone/home/VIEW__home-index.php')
 5 FCPATH/vendor/codeigniter4/framework/system/View/View.php(231): CodeIgniter\View\View->CodeIgniter\View\{closure}()
 6 APPPATH/Common.php(31): CodeIgniter\View\View->render('themes/bestphone/home/VIEW__home-index', [], true)
 7 APPPATH/Controllers/Home.php(136): view('themes/bestphone/home/VIEW__home-index', [...])
 8 FCPATH/vendor/codeigniter4/framework/system/CodeIgniter.php(941): App\Controllers\Home->index()
 9 FCPATH/vendor/codeigniter4/framework/system/CodeIgniter.php(502): CodeIgniter\CodeIgniter->runController(Object(App\Controllers\Home))
10 FCPATH/vendor/codeigniter4/framework/system/CodeIgniter.php(361): CodeIgniter\CodeIgniter->handleRequest(null, Object(Config\Cache), false)
11 FCPATH/index.php(91): CodeIgniter\CodeIgniter->run()
WARNING - 2025-12-10 17:04:04 --> [DEPRECATED] Implicit conversion from float 299.42857142857144 to int loses precision in APPPATH/Controllers/ResizeImage.php on line 68.
 1 APPPATH/Controllers/ResizeImage.php(68): imagecopyresampled(Object(GdImage), Object(GdImage), 19, 0, 0, 0, 262.0, 299.42857142857144, 896, 1024)
 2 APPPATH/Views/themes/bestphone/home/VIEW__home-index.php(57): App\Controllers\ResizeImage::resize(Object(GdImage), 300, 300)
 3 APPPATH/Views/themes/bestphone/home/VIEW__home-index.php(238): CodeIgniter\View\View->{closure}([...])
 4 FCPATH/vendor/codeigniter4/framework/system/View/View.php(228): include('/home/rnr75/public_html/portal.endi.rnr75.com/app/Views/themes/bestphone/home/VIEW__home-index.php')
 5 FCPATH/vendor/codeigniter4/framework/system/View/View.php(231): CodeIgniter\View\View->CodeIgniter\View\{closure}()
 6 APPPATH/Common.php(31): CodeIgniter\View\View->render('themes/bestphone/home/VIEW__home-index', [], true)
 7 APPPATH/Controllers/Home.php(136): view('themes/bestphone/home/VIEW__home-index', [...])
 8 FCPATH/vendor/codeigniter4/framework/system/CodeIgniter.php(941): App\Controllers\Home->index()
 9 FCPATH/vendor/codeigniter4/framework/system/CodeIgniter.php(502): CodeIgniter\CodeIgniter->runController(Object(App\Controllers\Home))
10 FCPATH/vendor/codeigniter4/framework/system/CodeIgniter.php(361): CodeIgniter\CodeIgniter->handleRequest(null, Object(Config\Cache), false)
11 FCPATH/index.php(91): CodeIgniter\CodeIgniter->run()
WARNING - 2025-12-10 17:04:04 --> [DEPRECATED] Implicit conversion from float 299.42857142857144 to int loses precision in APPPATH/Controllers/ResizeImage.php on line 68.
 1 APPPATH/Controllers/ResizeImage.php(68): imagecopyresampled(Object(GdImage), Object(GdImage), 19, 0, 0, 0, 262.0, 299.42857142857144, 896, 1024)
 2 APPPATH/Views/themes/bestphone/home/VIEW__home-index.php(57): App\Controllers\ResizeImage::resize(Object(GdImage), 300, 300)
 3 APPPATH/Views/themes/bestphone/home/VIEW__home-index.php(238): CodeIgniter\View\View->{closure}([...])
 4 FCPATH/vendor/codeigniter4/framework/system/View/View.php(228): include('/home/rnr75/public_html/portal.endi.rnr75.com/app/Views/themes/bestphone/home/VIEW__home-index.php')
 5 FCPATH/vendor/codeigniter4/framework/system/View/View.php(231): CodeIgniter\View\View->CodeIgniter\View\{closure}()
 6 APPPATH/Common.php(31): CodeIgniter\View\View->render('themes/bestphone/home/VIEW__home-index', [], true)
 7 APPPATH/Controllers/Home.php(136): view('themes/bestphone/home/VIEW__home-index', [...])
 8 FCPATH/vendor/codeigniter4/framework/system/CodeIgniter.php(941): App\Controllers\Home->index()
 9 FCPATH/vendor/codeigniter4/framework/system/CodeIgniter.php(502): CodeIgniter\CodeIgniter->runController(Object(App\Controllers\Home))
10 FCPATH/vendor/codeigniter4/framework/system/CodeIgniter.php(361): CodeIgniter\CodeIgniter->handleRequest(null, Object(Config\Cache), false)
11 FCPATH/index.php(91): CodeIgniter\CodeIgniter->run()
WARNING - 2025-12-10 17:04:04 --> [DEPRECATED] Implicit conversion from float 299.11764705882354 to int loses precision in APPPATH/Controllers/ResizeImage.php on line 68.
 1 APPPATH/Controllers/ResizeImage.php(68): imagecopyresampled(Object(GdImage), Object(GdImage), 93, 0, 0, 0, 113.0, 299.11764705882354, 340, 900)
 2 APPPATH/Views/themes/bestphone/home/VIEW__home-index.php(57): App\Controllers\ResizeImage::resize(Object(GdImage), 300, 300)
 3 APPPATH/Views/themes/bestphone/home/VIEW__home-index.php(350): CodeIgniter\View\View->{closure}([...])
 4 FCPATH/vendor/codeigniter4/framework/system/View/View.php(228): include('/home/rnr75/public_html/portal.endi.rnr75.com/app/Views/themes/bestphone/home/VIEW__home-index.php')
 5 FCPATH/vendor/codeigniter4/framework/system/View/View.php(231): CodeIgniter\View\View->CodeIgniter\View\{closure}()
 6 APPPATH/Common.php(31): CodeIgniter\View\View->render('themes/bestphone/home/VIEW__home-index', [], true)
 7 APPPATH/Controllers/Home.php(136): view('themes/bestphone/home/VIEW__home-index', [...])
 8 FCPATH/vendor/codeigniter4/framework/system/CodeIgniter.php(941): App\Controllers\Home->index()
 9 FCPATH/vendor/codeigniter4/framework/system/CodeIgniter.php(502): CodeIgniter\CodeIgniter->runController(Object(App\Controllers\Home))
10 FCPATH/vendor/codeigniter4/framework/system/CodeIgniter.php(361): CodeIgniter\CodeIgniter->handleRequest(null, Object(Config\Cache), false)
11 FCPATH/index.php(91): CodeIgniter\CodeIgniter->run()
WARNING - 2025-12-10 17:04:05 --> [DEPRECATED] Implicit conversion from float 298.4551724137931 to int loses precision in APPPATH/Controllers/ResizeImage.php on line 68.
 1 APPPATH/Controllers/ResizeImage.php(68): imagecopyresampled(Object(GdImage), Object(GdImage), 88, 0, 0, 0, 124.0, 298.4551724137931, 145, 349)
 2 APPPATH/Views/themes/bestphone/home/VIEW__home-index.php(57): App\Controllers\ResizeImage::resize(Object(GdImage), 300, 300)
 3 APPPATH/Views/themes/bestphone/home/VIEW__home-index.php(238): CodeIgniter\View\View->{closure}([...])
 4 FCPATH/vendor/codeigniter4/framework/system/View/View.php(228): include('/home/rnr75/public_html/portal.endi.rnr75.com/app/Views/themes/bestphone/home/VIEW__home-index.php')
 5 FCPATH/vendor/codeigniter4/framework/system/View/View.php(231): CodeIgniter\View\View->CodeIgniter\View\{closure}()
 6 APPPATH/Common.php(31): CodeIgniter\View\View->render('themes/bestphone/home/VIEW__home-index', [], true)
 7 APPPATH/Controllers/Home.php(136): view('themes/bestphone/home/VIEW__home-index', [...])
 8 FCPATH/vendor/codeigniter4/framework/system/CodeIgniter.php(941): App\Controllers\Home->index()
 9 FCPATH/vendor/codeigniter4/framework/system/CodeIgniter.php(502): CodeIgniter\CodeIgniter->runController(Object(App\Controllers\Home))
10 FCPATH/vendor/codeigniter4/framework/system/CodeIgniter.php(361): CodeIgniter\CodeIgniter->handleRequest(null, Object(Config\Cache), false)
11 FCPATH/index.php(91): CodeIgniter\CodeIgniter->run()
WARNING - 2025-12-10 17:04:05 --> [DEPRECATED] Implicit conversion from float 298.4551724137931 to int loses precision in APPPATH/Controllers/ResizeImage.php on line 68.
 1 APPPATH/Controllers/ResizeImage.php(68): imagecopyresampled(Object(GdImage), Object(GdImage), 88, 0, 0, 0, 124.0, 298.4551724137931, 145, 349)
 2 APPPATH/Views/themes/bestphone/home/VIEW__home-index.php(57): App\Controllers\ResizeImage::resize(Object(GdImage), 300, 300)
 3 APPPATH/Views/themes/bestphone/home/VIEW__home-index.php(350): CodeIgniter\View\View->{closure}([...])
 4 FCPATH/vendor/codeigniter4/framework/system/View/View.php(228): include('/home/rnr75/public_html/portal.endi.rnr75.com/app/Views/themes/bestphone/home/VIEW__home-index.php')
 5 FCPATH/vendor/codeigniter4/framework/system/View/View.php(231): CodeIgniter\View\View->CodeIgniter\View\{closure}()
 6 APPPATH/Common.php(31): CodeIgniter\View\View->render('themes/bestphone/home/VIEW__home-index', [], true)
 7 APPPATH/Controllers/Home.php(136): view('themes/bestphone/home/VIEW__home-index', [...])
 8 FCPATH/vendor/codeigniter4/framework/system/CodeIgniter.php(941): App\Controllers\Home->index()
 9 FCPATH/vendor/codeigniter4/framework/system/CodeIgniter.php(502): CodeIgniter\CodeIgniter->runController(Object(App\Controllers\Home))
10 FCPATH/vendor/codeigniter4/framework/system/CodeIgniter.php(361): CodeIgniter\CodeIgniter->handleRequest(null, Object(Config\Cache), false)
11 FCPATH/index.php(91): CodeIgniter\CodeIgniter->run()
WARNING - 2025-12-10 17:04:05 --> [DEPRECATED] Implicit conversion from float 298.69314079422384 to int loses precision in APPPATH/Controllers/ResizeImage.php on line 68.
 1 APPPATH/Controllers/ResizeImage.php(68): imagecopyresampled(Object(GdImage), Object(GdImage), 68, 0, 0, 0, 164.0, 298.69314079422384, 554, 1009)
 2 APPPATH/Views/themes/bestphone/home/VIEW__home-index.php(57): App\Controllers\ResizeImage::resize(Object(GdImage), 300, 300)
 3 APPPATH/Views/themes/bestphone/home/VIEW__home-index.php(238): CodeIgniter\View\View->{closure}([...])
 4 FCPATH/vendor/codeigniter4/framework/system/View/View.php(228): include('/home/rnr75/public_html/portal.endi.rnr75.com/app/Views/themes/bestphone/home/VIEW__home-index.php')
 5 FCPATH/vendor/codeigniter4/framework/system/View/View.php(231): CodeIgniter\View\View->CodeIgniter\View\{closure}()
 6 APPPATH/Common.php(31): CodeIgniter\View\View->render('themes/bestphone/home/VIEW__home-index', [], true)
 7 APPPATH/Controllers/Home.php(136): view('themes/bestphone/home/VIEW__home-index', [...])
 8 FCPATH/vendor/codeigniter4/framework/system/CodeIgniter.php(941): App\Controllers\Home->index()
 9 FCPATH/vendor/codeigniter4/framework/system/CodeIgniter.php(502): CodeIgniter\CodeIgniter->runController(Object(App\Controllers\Home))
10 FCPATH/vendor/codeigniter4/framework/system/CodeIgniter.php(361): CodeIgniter\CodeIgniter->handleRequest(null, Object(Config\Cache), false)
11 FCPATH/index.php(91): CodeIgniter\CodeIgniter->run()
WARNING - 2025-12-10 17:04:06 --> [DEPRECATED] Implicit conversion from float 298.6666666666667 to int loses precision in APPPATH/Controllers/ResizeImage.php on line 68.
 1 APPPATH/Controllers/ResizeImage.php(68): imagecopyresampled(Object(GdImage), Object(GdImage), 69, 0, 0, 0, 161.0, 298.6666666666667, 552, 1024)
 2 APPPATH/Views/themes/bestphone/home/VIEW__home-index.php(57): App\Controllers\ResizeImage::resize(Object(GdImage), 300, 300)
 3 APPPATH/Views/themes/bestphone/home/VIEW__home-index.php(322): CodeIgniter\View\View->{closure}([...])
 4 FCPATH/vendor/codeigniter4/framework/system/View/View.php(228): include('/home/rnr75/public_html/portal.endi.rnr75.com/app/Views/themes/bestphone/home/VIEW__home-index.php')
 5 FCPATH/vendor/codeigniter4/framework/system/View/View.php(231): CodeIgniter\View\View->CodeIgniter\View\{closure}()
 6 APPPATH/Common.php(31): CodeIgniter\View\View->render('themes/bestphone/home/VIEW__home-index', [], true)
 7 APPPATH/Controllers/Home.php(136): view('themes/bestphone/home/VIEW__home-index', [...])
 8 FCPATH/vendor/codeigniter4/framework/system/CodeIgniter.php(941): App\Controllers\Home->index()
 9 FCPATH/vendor/codeigniter4/framework/system/CodeIgniter.php(502): CodeIgniter\CodeIgniter->runController(Object(App\Controllers\Home))
10 FCPATH/vendor/codeigniter4/framework/system/CodeIgniter.php(361): CodeIgniter\CodeIgniter->handleRequest(null, Object(Config\Cache), false)
11 FCPATH/index.php(91): CodeIgniter\CodeIgniter->run()
WARNING - 2025-12-10 17:04:06 --> [DEPRECATED] Implicit conversion from float 298.6666666666667 to int loses precision in APPPATH/Controllers/ResizeImage.php on line 68.
 1 APPPATH/Controllers/ResizeImage.php(68): imagecopyresampled(Object(GdImage), Object(GdImage), 69, 0, 0, 0, 161.0, 298.6666666666667, 552, 1024)
 2 APPPATH/Views/themes/bestphone/home/VIEW__home-index.php(57): App\Controllers\ResizeImage::resize(Object(GdImage), 300, 300)
 3 APPPATH/Views/themes/bestphone/home/VIEW__home-index.php(350): CodeIgniter\View\View->{closure}([...])
 4 FCPATH/vendor/codeigniter4/framework/system/View/View.php(228): include('/home/rnr75/public_html/portal.endi.rnr75.com/app/Views/themes/bestphone/home/VIEW__home-index.php')
 5 FCPATH/vendor/codeigniter4/framework/system/View/View.php(231): CodeIgniter\View\View->CodeIgniter\View\{closure}()
 6 APPPATH/Common.php(31): CodeIgniter\View\View->render('themes/bestphone/home/VIEW__home-index', [], true)
 7 APPPATH/Controllers/Home.php(136): view('themes/bestphone/home/VIEW__home-index', [...])
 8 FCPATH/vendor/codeigniter4/framework/system/CodeIgniter.php(941): App\Controllers\Home->index()
 9 FCPATH/vendor/codeigniter4/framework/system/CodeIgniter.php(502): CodeIgniter\CodeIgniter->runController(Object(App\Controllers\Home))
10 FCPATH/vendor/codeigniter4/framework/system/CodeIgniter.php(361): CodeIgniter\CodeIgniter->handleRequest(null, Object(Config\Cache), false)
11 FCPATH/index.php(91): CodeIgniter\CodeIgniter->run()
WARNING - 2025-12-10 17:04:06 --> [DEPRECATED] Implicit conversion from float 299.11764705882354 to int loses precision in APPPATH/Controllers/ResizeImage.php on line 68.
 1 APPPATH/Controllers/ResizeImage.php(68): imagecopyresampled(Object(GdImage), Object(GdImage), 93, 0, 0, 0, 113.0, 299.11764705882354, 340, 900)
 2 APPPATH/Views/themes/bestphone/home/VIEW__home-index.php(57): App\Controllers\ResizeImage::resize(Object(GdImage), 300, 300)
 3 APPPATH/Views/themes/bestphone/home/VIEW__home-index.php(350): CodeIgniter\View\View->{closure}([...])
 4 FCPATH/vendor/codeigniter4/framework/system/View/View.php(228): include('/home/rnr75/public_html/portal.endi.rnr75.com/app/Views/themes/bestphone/home/VIEW__home-index.php')
 5 FCPATH/vendor/codeigniter4/framework/system/View/View.php(231): CodeIgniter\View\View->CodeIgniter\View\{closure}()
 6 APPPATH/Common.php(31): CodeIgniter\View\View->render('themes/bestphone/home/VIEW__home-index', [], true)
 7 APPPATH/Controllers/Home.php(136): view('themes/bestphone/home/VIEW__home-index', [...])
 8 FCPATH/vendor/codeigniter4/framework/system/CodeIgniter.php(941): App\Controllers\Home->index()
 9 FCPATH/vendor/codeigniter4/framework/system/CodeIgniter.php(502): CodeIgniter\CodeIgniter->runController(Object(App\Controllers\Home))
10 FCPATH/vendor/codeigniter4/framework/system/CodeIgniter.php(361): CodeIgniter\CodeIgniter->handleRequest(null, Object(Config\Cache), false)
11 FCPATH/index.php(91): CodeIgniter\CodeIgniter->run()
WARNING - 2025-12-10 17:04:06 --> [DEPRECATED] Implicit conversion from float 298.4551724137931 to int loses precision in APPPATH/Controllers/ResizeImage.php on line 68.
 1 APPPATH/Controllers/ResizeImage.php(68): imagecopyresampled(Object(GdImage), Object(GdImage), 88, 0, 0, 0, 124.0, 298.4551724137931, 145, 349)
 2 APPPATH/Views/themes/bestphone/home/VIEW__home-index.php(57): App\Controllers\ResizeImage::resize(Object(GdImage), 300, 300)
 3 APPPATH/Views/themes/bestphone/home/VIEW__home-index.php(350): CodeIgniter\View\View->{closure}([...])
 4 FCPATH/vendor/codeigniter4/framework/system/View/View.php(228): include('/home/rnr75/public_html/portal.endi.rnr75.com/app/Views/themes/bestphone/home/VIEW__home-index.php')
 5 FCPATH/vendor/codeigniter4/framework/system/View/View.php(231): CodeIgniter\View\View->CodeIgniter\View\{closure}()
 6 APPPATH/Common.php(31): CodeIgniter\View\View->render('themes/bestphone/home/VIEW__home-index', [], true)
 7 APPPATH/Controllers/Home.php(136): view('themes/bestphone/home/VIEW__home-index', [...])
 8 FCPATH/vendor/codeigniter4/framework/system/CodeIgniter.php(941): App\Controllers\Home->index()
 9 FCPATH/vendor/codeigniter4/framework/system/CodeIgniter.php(502): CodeIgniter\CodeIgniter->runController(Object(App\Controllers\Home))
10 FCPATH/vendor/codeigniter4/framework/system/CodeIgniter.php(361): CodeIgniter\CodeIgniter->handleRequest(null, Object(Config\Cache), false)
11 FCPATH/index.php(91): CodeIgniter\CodeIgniter->run()
WARNING - 2025-12-10 17:04:06 --> [DEPRECATED] Implicit conversion from float 299.42857142857144 to int loses precision in APPPATH/Controllers/ResizeImage.php on line 68.
 1 APPPATH/Controllers/ResizeImage.php(68): imagecopyresampled(Object(GdImage), Object(GdImage), 19, 0, 0, 0, 262.0, 299.42857142857144, 896, 1024)
 2 APPPATH/Views/themes/bestphone/home/VIEW__home-index.php(57): App\Controllers\ResizeImage::resize(Object(GdImage), 300, 300)
 3 APPPATH/Views/themes/bestphone/home/VIEW__home-index.php(350): CodeIgniter\View\View->{closure}([...])
 4 FCPATH/vendor/codeigniter4/framework/system/View/View.php(228): include('/home/rnr75/public_html/portal.endi.rnr75.com/app/Views/themes/bestphone/home/VIEW__home-index.php')
 5 FCPATH/vendor/codeigniter4/framework/system/View/View.php(231): CodeIgniter\View\View->CodeIgniter\View\{closure}()
 6 APPPATH/Common.php(31): CodeIgniter\View\View->render('themes/bestphone/home/VIEW__home-index', [], true)
 7 APPPATH/Controllers/Home.php(136): view('themes/bestphone/home/VIEW__home-index', [...])
 8 FCPATH/vendor/codeigniter4/framework/system/CodeIgniter.php(941): App\Controllers\Home->index()
 9 FCPATH/vendor/codeigniter4/framework/system/CodeIgniter.php(502): CodeIgniter\CodeIgniter->runController(Object(App\Controllers\Home))
10 FCPATH/vendor/codeigniter4/framework/system/CodeIgniter.php(361): CodeIgniter\CodeIgniter->handleRequest(null, Object(Config\Cache), false)
11 FCPATH/index.php(91): CodeIgniter\CodeIgniter->run()
WARNING - 2025-12-10 17:04:07 --> [DEPRECATED] Implicit conversion from float 299.42857142857144 to int loses precision in APPPATH/Controllers/ResizeImage.php on line 68.
 1 APPPATH/Controllers/ResizeImage.php(68): imagecopyresampled(Object(GdImage), Object(GdImage), 19, 0, 0, 0, 262.0, 299.42857142857144, 896, 1024)
 2 APPPATH/Views/themes/bestphone/home/VIEW__home-index.php(57): App\Controllers\ResizeImage::resize(Object(GdImage), 300, 300)
 3 APPPATH/Views/themes/bestphone/home/VIEW__home-index.php(350): CodeIgniter\View\View->{closure}([...])
 4 FCPATH/vendor/codeigniter4/framework/system/View/View.php(228): include('/home/rnr75/public_html/portal.endi.rnr75.com/app/Views/themes/bestphone/home/VIEW__home-index.php')
 5 FCPATH/vendor/codeigniter4/framework/system/View/View.php(231): CodeIgniter\View\View->CodeIgniter\View\{closure}()
 6 APPPATH/Common.php(31): CodeIgniter\View\View->render('themes/bestphone/home/VIEW__home-index', [], true)
 7 APPPATH/Controllers/Home.php(136): view('themes/bestphone/home/VIEW__home-index', [...])
 8 FCPATH/vendor/codeigniter4/framework/system/CodeIgniter.php(941): App\Controllers\Home->index()
 9 FCPATH/vendor/codeigniter4/framework/system/CodeIgniter.php(502): CodeIgniter\CodeIgniter->runController(Object(App\Controllers\Home))
10 FCPATH/vendor/codeigniter4/framework/system/CodeIgniter.php(361): CodeIgniter\CodeIgniter->handleRequest(null, Object(Config\Cache), false)
11 FCPATH/index.php(91): CodeIgniter\CodeIgniter->run()
WARNING - 2025-12-10 17:04:07 --> [DEPRECATED] Implicit conversion from float 298.69314079422384 to int loses precision in APPPATH/Controllers/ResizeImage.php on line 68.
 1 APPPATH/Controllers/ResizeImage.php(68): imagecopyresampled(Object(GdImage), Object(GdImage), 68, 0, 0, 0, 164.0, 298.69314079422384, 554, 1009)
 2 APPPATH/Views/themes/bestphone/home/VIEW__home-index.php(57): App\Controllers\ResizeImage::resize(Object(GdImage), 300, 300)
 3 APPPATH/Views/themes/bestphone/home/VIEW__home-index.php(350): CodeIgniter\View\View->{closure}([...])
 4 FCPATH/vendor/codeigniter4/framework/system/View/View.php(228): include('/home/rnr75/public_html/portal.endi.rnr75.com/app/Views/themes/bestphone/home/VIEW__home-index.php')
 5 FCPATH/vendor/codeigniter4/framework/system/View/View.php(231): CodeIgniter\View\View->CodeIgniter\View\{closure}()
 6 APPPATH/Common.php(31): CodeIgniter\View\View->render('themes/bestphone/home/VIEW__home-index', [], true)
 7 APPPATH/Controllers/Home.php(136): view('themes/bestphone/home/VIEW__home-index', [...])
 8 FCPATH/vendor/codeigniter4/framework/system/CodeIgniter.php(941): App\Controllers\Home->index()
 9 FCPATH/vendor/codeigniter4/framework/system/CodeIgniter.php(502): CodeIgniter\CodeIgniter->runController(Object(App\Controllers\Home))
10 FCPATH/vendor/codeigniter4/framework/system/CodeIgniter.php(361): CodeIgniter\CodeIgniter->handleRequest(null, Object(Config\Cache), false)
11 FCPATH/index.php(91): CodeIgniter\CodeIgniter->run()
WARNING - 2025-12-10 17:04:07 --> [DEPRECATED] Implicit conversion from float 299.42857142857144 to int loses precision in APPPATH/Controllers/ResizeImage.php on line 68.
 1 APPPATH/Controllers/ResizeImage.php(68): imagecopyresampled(Object(GdImage), Object(GdImage), 19, 0, 0, 0, 262.0, 299.42857142857144, 896, 1024)
 2 APPPATH/Views/themes/bestphone/home/VIEW__home-index.php(57): App\Controllers\ResizeImage::resize(Object(GdImage), 300, 300)
 3 APPPATH/Views/themes/bestphone/home/VIEW__home-index.php(350): CodeIgniter\View\View->{closure}([...])
 4 FCPATH/vendor/codeigniter4/framework/system/View/View.php(228): include('/home/rnr75/public_html/portal.endi.rnr75.com/app/Views/themes/bestphone/home/VIEW__home-index.php')
 5 FCPATH/vendor/codeigniter4/framework/system/View/View.php(231): CodeIgniter\View\View->CodeIgniter\View\{closure}()
 6 APPPATH/Common.php(31): CodeIgniter\View\View->render('themes/bestphone/home/VIEW__home-index', [], true)
 7 APPPATH/Controllers/Home.php(136): view('themes/bestphone/home/VIEW__home-index', [...])
 8 FCPATH/vendor/codeigniter4/framework/system/CodeIgniter.php(941): App\Controllers\Home->index()
 9 FCPATH/vendor/codeigniter4/framework/system/CodeIgniter.php(502): CodeIgniter\CodeIgniter->runController(Object(App\Controllers\Home))
10 FCPATH/vendor/codeigniter4/framework/system/CodeIgniter.php(361): CodeIgniter\CodeIgniter->handleRequest(null, Object(Config\Cache), false)
11 FCPATH/index.php(91): CodeIgniter\CodeIgniter->run()
WARNING - 2025-12-10 17:04:07 --> [DEPRECATED] Implicit conversion from float 299.42857142857144 to int loses precision in APPPATH/Controllers/ResizeImage.php on line 68.
 1 APPPATH/Controllers/ResizeImage.php(68): imagecopyresampled(Object(GdImage), Object(GdImage), 19, 0, 0, 0, 262.0, 299.42857142857144, 896, 1024)
 2 APPPATH/Views/themes/bestphone/home/VIEW__home-index.php(57): App\Controllers\ResizeImage::resize(Object(GdImage), 300, 300)
 3 APPPATH/Views/themes/bestphone/home/VIEW__home-index.php(350): CodeIgniter\View\View->{closure}([...])
 4 FCPATH/vendor/codeigniter4/framework/system/View/View.php(228): include('/home/rnr75/public_html/portal.endi.rnr75.com/app/Views/themes/bestphone/home/VIEW__home-index.php')
 5 FCPATH/vendor/codeigniter4/framework/system/View/View.php(231): CodeIgniter\View\View->CodeIgniter\View\{closure}()
 6 APPPATH/Common.php(31): CodeIgniter\View\View->render('themes/bestphone/home/VIEW__home-index', [], true)
 7 APPPATH/Controllers/Home.php(136): view('themes/bestphone/home/VIEW__home-index', [...])
 8 FCPATH/vendor/codeigniter4/framework/system/CodeIgniter.php(941): App\Controllers\Home->index()
 9 FCPATH/vendor/codeigniter4/framework/system/CodeIgniter.php(502): CodeIgniter\CodeIgniter->runController(Object(App\Controllers\Home))
10 FCPATH/vendor/codeigniter4/framework/system/CodeIgniter.php(361): CodeIgniter\CodeIgniter->handleRequest(null, Object(Config\Cache), false)
11 FCPATH/index.php(91): CodeIgniter\CodeIgniter->run()
WARNING - 2025-12-10 17:04:08 --> [DEPRECATED] Implicit conversion from float 298.69314079422384 to int loses precision in APPPATH/Controllers/ResizeImage.php on line 68.
 1 APPPATH/Controllers/ResizeImage.php(68): imagecopyresampled(Object(GdImage), Object(GdImage), 68, 0, 0, 0, 164.0, 298.69314079422384, 554, 1009)
 2 APPPATH/Views/themes/bestphone/home/VIEW__home-index.php(57): App\Controllers\ResizeImage::resize(Object(GdImage), 300, 300)
 3 APPPATH/Views/themes/bestphone/home/VIEW__home-index.php(350): CodeIgniter\View\View->{closure}([...])
 4 FCPATH/vendor/codeigniter4/framework/system/View/View.php(228): include('/home/rnr75/public_html/portal.endi.rnr75.com/app/Views/themes/bestphone/home/VIEW__home-index.php')
 5 FCPATH/vendor/codeigniter4/framework/system/View/View.php(231): CodeIgniter\View\View->CodeIgniter\View\{closure}()
 6 APPPATH/Common.php(31): CodeIgniter\View\View->render('themes/bestphone/home/VIEW__home-index', [], true)
 7 APPPATH/Controllers/Home.php(136): view('themes/bestphone/home/VIEW__home-index', [...])
 8 FCPATH/vendor/codeigniter4/framework/system/CodeIgniter.php(941): App\Controllers\Home->index()
 9 FCPATH/vendor/codeigniter4/framework/system/CodeIgniter.php(502): CodeIgniter\CodeIgniter->runController(Object(App\Controllers\Home))
10 FCPATH/vendor/codeigniter4/framework/system/CodeIgniter.php(361): CodeIgniter\CodeIgniter->handleRequest(null, Object(Config\Cache), false)
11 FCPATH/index.php(91): CodeIgniter\CodeIgniter->run()
