INFO - 2025-11-23 00:08:54 --> Session: Class initialized using 'CodeIgniter\Session\Handlers\FileHandler' driver.
ERROR - 2025-11-23 00:08:54 --> mysqli_sql_exception: Illegal parameter data types int unsigned and row for operation '=' in /home/rnr75/public_html/portal.rnr75.com/vendor/codeigniter4/framework/system/Database/MySQLi/Connection.php:306
Stack trace:
#0 /home/rnr75/public_html/portal.rnr75.com/vendor/codeigniter4/framework/system/Database/MySQLi/Connection.php(306): mysqli->query('SELECT `ca`.`ca...', 0)
#1 /home/rnr75/public_html/portal.rnr75.com/vendor/codeigniter4/framework/system/Database/BaseConnection.php(693): CodeIgniter\Database\MySQLi\Connection->execute('SELECT `ca`.`ca...')
#2 /home/rnr75/public_html/portal.rnr75.com/vendor/codeigniter4/framework/system/Database/BaseConnection.php(607): CodeIgniter\Database\BaseConnection->simpleQuery('SELECT `ca`.`ca...')
#3 /home/rnr75/public_html/portal.rnr75.com/vendor/codeigniter4/framework/system/Database/BaseBuilder.php(1613): CodeIgniter\Database\BaseConnection->query('SELECT `ca`.`ca...', Array, false)
#4 /home/rnr75/public_html/portal.rnr75.com/app/Models/MODEL__filter.php(248): CodeIgniter\Database\BaseBuilder->get()
#5 /home/rnr75/public_html/portal.rnr75.com/app/Controllers/Shop.php(76): App\Models\MODEL__filter->get__categoryFilters(Array)
#6 /home/rnr75/public_html/portal.rnr75.com/vendor/codeigniter4/framework/system/CodeIgniter.php(941): App\Controllers\Shop->index()
#7 /home/rnr75/public_html/portal.rnr75.com/vendor/codeigniter4/framework/system/CodeIgniter.php(502): CodeIgniter\CodeIgniter->runController(Object(App\Controllers\Shop))
#8 /home/rnr75/public_html/portal.rnr75.com/vendor/codeigniter4/framework/system/CodeIgniter.php(361): CodeIgniter\CodeIgniter->handleRequest(NULL, Object(Config\Cache), false)
#9 /home/rnr75/public_html/portal.rnr75.com/index.php(91): CodeIgniter\CodeIgniter->run()
#10 {main}
CRITICAL - 2025-11-23 00:08:54 --> CodeIgniter\Database\Exceptions\DatabaseException: Illegal parameter data types int unsigned and row for operation '='
in FCPATH/vendor/codeigniter4/framework/system/Database/BaseConnection.php on line 647.
 1 FCPATH/vendor/codeigniter4/framework/system/Database/BaseBuilder.php(1613): CodeIgniter\Database\BaseConnection->query('SELECT `ca`.`category_characteristic_id`, `ca`.`value`, `pcv`.*, `p`.`product_id`, `b`.*
FROM `_product_characteristic` `pc`
INNER JOIN `_product` `p` USING (`product_id`)
LEFT JOIN `_product_characteristic_value` `pcv` USING (`product_characteristic_value_id`)
LEFT JOIN `_category_characteristic` `ca` USING (`category_characteristic_id`)
LEFT JOIN `_brand` `b` USING (`brand_id`)
LEFT JOIN (SELECT model_id,model FROM _model ) as pm ON `pm`.`model_id`=`p`.`model_id`
INNER JOIN `_product_sites` `ps` ON `ps`.`product_id`=`p`.`product_id`
WHERE   (
`ps`.`sp_site_id` = :ps.sp_site_id:
AND `ps`.`visibility_type` IN :ps.visibility_type:
 )
AND `p`.`category_id` = :p.category_id:
AND `pc`.`category_characteristic_id` IN :pc.category_characteristic_id:
GROUP BY `ca`.`category_characteristic_id`, `pcv`.`product_characteristic_value_id`
ORDER BY ISNULL(category_char_position), `category_char_position` ASC, ABS(pcv.product_characteristic_text) ASC, `pcv`.`product_characteristic_text` ASC', [...], false)
 2 APPPATH/Models/MODEL__filter.php(248): CodeIgniter\Database\BaseBuilder->get()
 3 APPPATH/Controllers/Shop.php(76): App\Models\MODEL__filter->get__categoryFilters([...])
 4 FCPATH/vendor/codeigniter4/framework/system/CodeIgniter.php(941): App\Controllers\Shop->index()
 5 FCPATH/vendor/codeigniter4/framework/system/CodeIgniter.php(502): CodeIgniter\CodeIgniter->runController(Object(App\Controllers\Shop))
 6 FCPATH/vendor/codeigniter4/framework/system/CodeIgniter.php(361): CodeIgniter\CodeIgniter->handleRequest(null, Object(Config\Cache), false)
 7 FCPATH/index.php(91): CodeIgniter\CodeIgniter->run()
CRITICAL - 2025-11-23 00:08:54 --> [Caused by] CodeIgniter\Database\Exceptions\DatabaseException: Illegal parameter data types int unsigned and row for operation '='
in FCPATH/vendor/codeigniter4/framework/system/Database/MySQLi/Connection.php on line 311.
 1 FCPATH/vendor/codeigniter4/framework/system/Database/BaseConnection.php(693): CodeIgniter\Database\MySQLi\Connection->execute('SELECT `ca`.`category_characteristic_id`, `ca`.`value`, `pcv`.*, `p`.`product_id`, `b`.*
FROM `_product_characteristic` `pc`
INNER JOIN `_product` `p` USING (`product_id`)
LEFT JOIN `_product_characteristic_value` `pcv` USING (`product_characteristic_value_id`)
LEFT JOIN `_category_characteristic` `ca` USING (`category_characteristic_id`)
LEFT JOIN `_brand` `b` USING (`brand_id`)
LEFT JOIN (SELECT model_id,model FROM _model ) as pm ON `pm`.`model_id`=`p`.`model_id`
INNER JOIN `_product_sites` `ps` ON `ps`.`product_id`=`p`.`product_id`
WHERE   (
`ps`.`sp_site_id` = \'3\'
AND `ps`.`visibility_type` IN (0,1)
 )
AND `p`.`category_id` = (\'315\',\'316\')
AND `pc`.`category_characteristic_id` IN (105,138,139,140)
GROUP BY `ca`.`category_characteristic_id`, `pcv`.`product_characteristic_value_id`
ORDER BY ISNULL(category_char_position), `category_char_position` ASC, ABS(pcv.product_characteristic_text) ASC, `pcv`.`product_characteristic_text` ASC')
 2 FCPATH/vendor/codeigniter4/framework/system/Database/BaseConnection.php(607): CodeIgniter\Database\BaseConnection->simpleQuery('SELECT `ca`.`category_characteristic_id`, `ca`.`value`, `pcv`.*, `p`.`product_id`, `b`.*
FROM `_product_characteristic` `pc`
INNER JOIN `_product` `p` USING (`product_id`)
LEFT JOIN `_product_characteristic_value` `pcv` USING (`product_characteristic_value_id`)
LEFT JOIN `_category_characteristic` `ca` USING (`category_characteristic_id`)
LEFT JOIN `_brand` `b` USING (`brand_id`)
LEFT JOIN (SELECT model_id,model FROM _model ) as pm ON `pm`.`model_id`=`p`.`model_id`
INNER JOIN `_product_sites` `ps` ON `ps`.`product_id`=`p`.`product_id`
WHERE   (
`ps`.`sp_site_id` = \'3\'
AND `ps`.`visibility_type` IN (0,1)
 )
AND `p`.`category_id` = (\'315\',\'316\')
AND `pc`.`category_characteristic_id` IN (105,138,139,140)
GROUP BY `ca`.`category_characteristic_id`, `pcv`.`product_characteristic_value_id`
ORDER BY ISNULL(category_char_position), `category_char_position` ASC, ABS(pcv.product_characteristic_text) ASC, `pcv`.`product_characteristic_text` ASC')
 3 FCPATH/vendor/codeigniter4/framework/system/Database/BaseBuilder.php(1613): CodeIgniter\Database\BaseConnection->query('SELECT `ca`.`category_characteristic_id`, `ca`.`value`, `pcv`.*, `p`.`product_id`, `b`.*
FROM `_product_characteristic` `pc`
INNER JOIN `_product` `p` USING (`product_id`)
LEFT JOIN `_product_characteristic_value` `pcv` USING (`product_characteristic_value_id`)
LEFT JOIN `_category_characteristic` `ca` USING (`category_characteristic_id`)
LEFT JOIN `_brand` `b` USING (`brand_id`)
LEFT JOIN (SELECT model_id,model FROM _model ) as pm ON `pm`.`model_id`=`p`.`model_id`
INNER JOIN `_product_sites` `ps` ON `ps`.`product_id`=`p`.`product_id`
WHERE   (
`ps`.`sp_site_id` = :ps.sp_site_id:
AND `ps`.`visibility_type` IN :ps.visibility_type:
 )
AND `p`.`category_id` = :p.category_id:
AND `pc`.`category_characteristic_id` IN :pc.category_characteristic_id:
GROUP BY `ca`.`category_characteristic_id`, `pcv`.`product_characteristic_value_id`
ORDER BY ISNULL(category_char_position), `category_char_position` ASC, ABS(pcv.product_characteristic_text) ASC, `pcv`.`product_characteristic_text` ASC', [...], false)
 4 APPPATH/Models/MODEL__filter.php(248): CodeIgniter\Database\BaseBuilder->get()
 5 APPPATH/Controllers/Shop.php(76): App\Models\MODEL__filter->get__categoryFilters([...])
 6 FCPATH/vendor/codeigniter4/framework/system/CodeIgniter.php(941): App\Controllers\Shop->index()
 7 FCPATH/vendor/codeigniter4/framework/system/CodeIgniter.php(502): CodeIgniter\CodeIgniter->runController(Object(App\Controllers\Shop))
 8 FCPATH/vendor/codeigniter4/framework/system/CodeIgniter.php(361): CodeIgniter\CodeIgniter->handleRequest(null, Object(Config\Cache), false)
 9 FCPATH/index.php(91): CodeIgniter\CodeIgniter->run()
CRITICAL - 2025-11-23 00:08:54 --> [Caused by] mysqli_sql_exception: Illegal parameter data types int unsigned and row for operation '='
in FCPATH/vendor/codeigniter4/framework/system/Database/MySQLi/Connection.php on line 306.
 1 FCPATH/vendor/codeigniter4/framework/system/Database/MySQLi/Connection.php(306): mysqli->query('SELECT `ca`.`category_characteristic_id`, `ca`.`value`, `pcv`.*, `p`.`product_id`, `b`.*
FROM `_product_characteristic` `pc`
INNER JOIN `_product` `p` USING (`product_id`)
LEFT JOIN `_product_characteristic_value` `pcv` USING (`product_characteristic_value_id`)
LEFT JOIN `_category_characteristic` `ca` USING (`category_characteristic_id`)
LEFT JOIN `_brand` `b` USING (`brand_id`)
LEFT JOIN (SELECT model_id,model FROM _model ) as pm ON `pm`.`model_id`=`p`.`model_id`
INNER JOIN `_product_sites` `ps` ON `ps`.`product_id`=`p`.`product_id`
WHERE   (
`ps`.`sp_site_id` = \'3\'
AND `ps`.`visibility_type` IN (0,1)
 )
AND `p`.`category_id` = (\'315\',\'316\')
AND `pc`.`category_characteristic_id` IN (105,138,139,140)
GROUP BY `ca`.`category_characteristic_id`, `pcv`.`product_characteristic_value_id`
ORDER BY ISNULL(category_char_position), `category_char_position` ASC, ABS(pcv.product_characteristic_text) ASC, `pcv`.`product_characteristic_text` ASC', 0)
 2 FCPATH/vendor/codeigniter4/framework/system/Database/BaseConnection.php(693): CodeIgniter\Database\MySQLi\Connection->execute('SELECT `ca`.`category_characteristic_id`, `ca`.`value`, `pcv`.*, `p`.`product_id`, `b`.*
FROM `_product_characteristic` `pc`
INNER JOIN `_product` `p` USING (`product_id`)
LEFT JOIN `_product_characteristic_value` `pcv` USING (`product_characteristic_value_id`)
LEFT JOIN `_category_characteristic` `ca` USING (`category_characteristic_id`)
LEFT JOIN `_brand` `b` USING (`brand_id`)
LEFT JOIN (SELECT model_id,model FROM _model ) as pm ON `pm`.`model_id`=`p`.`model_id`
INNER JOIN `_product_sites` `ps` ON `ps`.`product_id`=`p`.`product_id`
WHERE   (
`ps`.`sp_site_id` = \'3\'
AND `ps`.`visibility_type` IN (0,1)
 )
AND `p`.`category_id` = (\'315\',\'316\')
AND `pc`.`category_characteristic_id` IN (105,138,139,140)
GROUP BY `ca`.`category_characteristic_id`, `pcv`.`product_characteristic_value_id`
ORDER BY ISNULL(category_char_position), `category_char_position` ASC, ABS(pcv.product_characteristic_text) ASC, `pcv`.`product_characteristic_text` ASC')
 3 FCPATH/vendor/codeigniter4/framework/system/Database/BaseConnection.php(607): CodeIgniter\Database\BaseConnection->simpleQuery('SELECT `ca`.`category_characteristic_id`, `ca`.`value`, `pcv`.*, `p`.`product_id`, `b`.*
FROM `_product_characteristic` `pc`
INNER JOIN `_product` `p` USING (`product_id`)
LEFT JOIN `_product_characteristic_value` `pcv` USING (`product_characteristic_value_id`)
LEFT JOIN `_category_characteristic` `ca` USING (`category_characteristic_id`)
LEFT JOIN `_brand` `b` USING (`brand_id`)
LEFT JOIN (SELECT model_id,model FROM _model ) as pm ON `pm`.`model_id`=`p`.`model_id`
INNER JOIN `_product_sites` `ps` ON `ps`.`product_id`=`p`.`product_id`
WHERE   (
`ps`.`sp_site_id` = \'3\'
AND `ps`.`visibility_type` IN (0,1)
 )
AND `p`.`category_id` = (\'315\',\'316\')
AND `pc`.`category_characteristic_id` IN (105,138,139,140)
GROUP BY `ca`.`category_characteristic_id`, `pcv`.`product_characteristic_value_id`
ORDER BY ISNULL(category_char_position), `category_char_position` ASC, ABS(pcv.product_characteristic_text) ASC, `pcv`.`product_characteristic_text` ASC')
 4 FCPATH/vendor/codeigniter4/framework/system/Database/BaseBuilder.php(1613): CodeIgniter\Database\BaseConnection->query('SELECT `ca`.`category_characteristic_id`, `ca`.`value`, `pcv`.*, `p`.`product_id`, `b`.*
FROM `_product_characteristic` `pc`
INNER JOIN `_product` `p` USING (`product_id`)
LEFT JOIN `_product_characteristic_value` `pcv` USING (`product_characteristic_value_id`)
LEFT JOIN `_category_characteristic` `ca` USING (`category_characteristic_id`)
LEFT JOIN `_brand` `b` USING (`brand_id`)
LEFT JOIN (SELECT model_id,model FROM _model ) as pm ON `pm`.`model_id`=`p`.`model_id`
INNER JOIN `_product_sites` `ps` ON `ps`.`product_id`=`p`.`product_id`
WHERE   (
`ps`.`sp_site_id` = :ps.sp_site_id:
AND `ps`.`visibility_type` IN :ps.visibility_type:
 )
AND `p`.`category_id` = :p.category_id:
AND `pc`.`category_characteristic_id` IN :pc.category_characteristic_id:
GROUP BY `ca`.`category_characteristic_id`, `pcv`.`product_characteristic_value_id`
ORDER BY ISNULL(category_char_position), `category_char_position` ASC, ABS(pcv.product_characteristic_text) ASC, `pcv`.`product_characteristic_text` ASC', [...], false)
 5 APPPATH/Models/MODEL__filter.php(248): CodeIgniter\Database\BaseBuilder->get()
 6 APPPATH/Controllers/Shop.php(76): App\Models\MODEL__filter->get__categoryFilters([...])
 7 FCPATH/vendor/codeigniter4/framework/system/CodeIgniter.php(941): App\Controllers\Shop->index()
 8 FCPATH/vendor/codeigniter4/framework/system/CodeIgniter.php(502): CodeIgniter\CodeIgniter->runController(Object(App\Controllers\Shop))
 9 FCPATH/vendor/codeigniter4/framework/system/CodeIgniter.php(361): CodeIgniter\CodeIgniter->handleRequest(null, Object(Config\Cache), false)
10 FCPATH/index.php(91): CodeIgniter\CodeIgniter->run()
INFO - 2025-11-23 00:19:25 --> Session: Class initialized using 'CodeIgniter\Session\Handlers\FileHandler' driver.
CRITICAL - 2025-11-23 00:19:25 --> ErrorException: Undefined property: App\Controllers\Shop::$MODEL_filter
in APPPATH/Controllers/Shop.php on line 77.
 1 APPPATH/Controllers/Shop.php(77): CodeIgniter\Debug\Exceptions->errorHandler(2, 'Undefined property: App\\Controllers\\Shop::$MODEL_filter', '/home/rnr75/public_html/portal.rnr75.com/app/Controllers/Shop.php', 77)
 2 FCPATH/vendor/codeigniter4/framework/system/CodeIgniter.php(941): App\Controllers\Shop->index()
 3 FCPATH/vendor/codeigniter4/framework/system/CodeIgniter.php(502): CodeIgniter\CodeIgniter->runController(Object(App\Controllers\Shop))
 4 FCPATH/vendor/codeigniter4/framework/system/CodeIgniter.php(361): CodeIgniter\CodeIgniter->handleRequest(null, Object(Config\Cache), false)
 5 FCPATH/index.php(91): CodeIgniter\CodeIgniter->run()
INFO - 2025-11-23 00:19:40 --> Session: Class initialized using 'CodeIgniter\Session\Handlers\FileHandler' driver.
ERROR - 2025-11-23 00:19:40 --> mysqli_sql_exception: Unknown column 'p.sub_category_id' in 'WHERE' in /home/rnr75/public_html/portal.rnr75.com/vendor/codeigniter4/framework/system/Database/MySQLi/Connection.php:306
Stack trace:
#0 /home/rnr75/public_html/portal.rnr75.com/vendor/codeigniter4/framework/system/Database/MySQLi/Connection.php(306): mysqli->query('SELECT `cc`.`ca...', 0)
#1 /home/rnr75/public_html/portal.rnr75.com/vendor/codeigniter4/framework/system/Database/BaseConnection.php(693): CodeIgniter\Database\MySQLi\Connection->execute('SELECT `cc`.`ca...')
#2 /home/rnr75/public_html/portal.rnr75.com/vendor/codeigniter4/framework/system/Database/BaseConnection.php(607): CodeIgniter\Database\BaseConnection->simpleQuery('SELECT `cc`.`ca...')
#3 /home/rnr75/public_html/portal.rnr75.com/vendor/codeigniter4/framework/system/Database/BaseBuilder.php(1613): CodeIgniter\Database\BaseConnection->query('SELECT `cc`.`ca...', Array, false)
#4 /home/rnr75/public_html/portal.rnr75.com/app/Models/MODEL__filter.php(426): CodeIgniter\Database\BaseBuilder->get()
#5 /home/rnr75/public_html/portal.rnr75.com/app/Controllers/Shop.php(77): App\Models\MODEL__filter->getCharacteristicFiltersBySubcategories(Array)
#6 /home/rnr75/public_html/portal.rnr75.com/vendor/codeigniter4/framework/system/CodeIgniter.php(941): App\Controllers\Shop->index()
#7 /home/rnr75/public_html/portal.rnr75.com/vendor/codeigniter4/framework/system/CodeIgniter.php(502): CodeIgniter\CodeIgniter->runController(Object(App\Controllers\Shop))
#8 /home/rnr75/public_html/portal.rnr75.com/vendor/codeigniter4/framework/system/CodeIgniter.php(361): CodeIgniter\CodeIgniter->handleRequest(NULL, Object(Config\Cache), false)
#9 /home/rnr75/public_html/portal.rnr75.com/index.php(91): CodeIgniter\CodeIgniter->run()
#10 {main}
CRITICAL - 2025-11-23 00:19:40 --> CodeIgniter\Database\Exceptions\DatabaseException: Unknown column 'p.sub_category_id' in 'WHERE'
in FCPATH/vendor/codeigniter4/framework/system/Database/BaseConnection.php on line 647.
 1 FCPATH/vendor/codeigniter4/framework/system/Database/BaseBuilder.php(1613): CodeIgniter\Database\BaseConnection->query('SELECT `cc`.`category_characteristic_id`, `cc`.`value` AS `characteristic_name`, `pcv`.`product_characteristic_value_id`, `pcv`.`product_characteristic_text`
FROM `_product_characteristic` `pc`
JOIN `_category_characteristic` `cc` ON `cc`.`category_characteristic_id` = `pc`.`category_characteristic_id`
JOIN `_product_characteristic_value` `pcv` ON `pcv`.`product_characteristic_value_id` = `pc`.`product_characteristic_value_id`
JOIN `_product` `p` ON `p`.`product_id` = `pc`.`product_id`
WHERE `p`.`sub_category_id` IN :p.sub_category_id:
GROUP BY `cc`.`category_characteristic_id`, `pcv`.`product_characteristic_value_id`
ORDER BY `cc`.`value`, `pcv`.`product_characteristic_text`', [...], false)
 2 APPPATH/Models/MODEL__filter.php(426): CodeIgniter\Database\BaseBuilder->get()
 3 APPPATH/Controllers/Shop.php(77): App\Models\MODEL__filter->getCharacteristicFiltersBySubcategories([...])
 4 FCPATH/vendor/codeigniter4/framework/system/CodeIgniter.php(941): App\Controllers\Shop->index()
 5 FCPATH/vendor/codeigniter4/framework/system/CodeIgniter.php(502): CodeIgniter\CodeIgniter->runController(Object(App\Controllers\Shop))
 6 FCPATH/vendor/codeigniter4/framework/system/CodeIgniter.php(361): CodeIgniter\CodeIgniter->handleRequest(null, Object(Config\Cache), false)
 7 FCPATH/index.php(91): CodeIgniter\CodeIgniter->run()
CRITICAL - 2025-11-23 00:19:40 --> [Caused by] CodeIgniter\Database\Exceptions\DatabaseException: Unknown column 'p.sub_category_id' in 'WHERE'
in FCPATH/vendor/codeigniter4/framework/system/Database/MySQLi/Connection.php on line 311.
 1 FCPATH/vendor/codeigniter4/framework/system/Database/BaseConnection.php(693): CodeIgniter\Database\MySQLi\Connection->execute('SELECT `cc`.`category_characteristic_id`, `cc`.`value` AS `characteristic_name`, `pcv`.`product_characteristic_value_id`, `pcv`.`product_characteristic_text`
FROM `_product_characteristic` `pc`
JOIN `_category_characteristic` `cc` ON `cc`.`category_characteristic_id` = `pc`.`category_characteristic_id`
JOIN `_product_characteristic_value` `pcv` ON `pcv`.`product_characteristic_value_id` = `pc`.`product_characteristic_value_id`
JOIN `_product` `p` ON `p`.`product_id` = `pc`.`product_id`
WHERE `p`.`sub_category_id` IN (\'315\')
GROUP BY `cc`.`category_characteristic_id`, `pcv`.`product_characteristic_value_id`
ORDER BY `cc`.`value`, `pcv`.`product_characteristic_text`')
 2 FCPATH/vendor/codeigniter4/framework/system/Database/BaseConnection.php(607): CodeIgniter\Database\BaseConnection->simpleQuery('SELECT `cc`.`category_characteristic_id`, `cc`.`value` AS `characteristic_name`, `pcv`.`product_characteristic_value_id`, `pcv`.`product_characteristic_text`
FROM `_product_characteristic` `pc`
JOIN `_category_characteristic` `cc` ON `cc`.`category_characteristic_id` = `pc`.`category_characteristic_id`
JOIN `_product_characteristic_value` `pcv` ON `pcv`.`product_characteristic_value_id` = `pc`.`product_characteristic_value_id`
JOIN `_product` `p` ON `p`.`product_id` = `pc`.`product_id`
WHERE `p`.`sub_category_id` IN (\'315\')
GROUP BY `cc`.`category_characteristic_id`, `pcv`.`product_characteristic_value_id`
ORDER BY `cc`.`value`, `pcv`.`product_characteristic_text`')
 3 FCPATH/vendor/codeigniter4/framework/system/Database/BaseBuilder.php(1613): CodeIgniter\Database\BaseConnection->query('SELECT `cc`.`category_characteristic_id`, `cc`.`value` AS `characteristic_name`, `pcv`.`product_characteristic_value_id`, `pcv`.`product_characteristic_text`
FROM `_product_characteristic` `pc`
JOIN `_category_characteristic` `cc` ON `cc`.`category_characteristic_id` = `pc`.`category_characteristic_id`
JOIN `_product_characteristic_value` `pcv` ON `pcv`.`product_characteristic_value_id` = `pc`.`product_characteristic_value_id`
JOIN `_product` `p` ON `p`.`product_id` = `pc`.`product_id`
WHERE `p`.`sub_category_id` IN :p.sub_category_id:
GROUP BY `cc`.`category_characteristic_id`, `pcv`.`product_characteristic_value_id`
ORDER BY `cc`.`value`, `pcv`.`product_characteristic_text`', [...], false)
 4 APPPATH/Models/MODEL__filter.php(426): CodeIgniter\Database\BaseBuilder->get()
 5 APPPATH/Controllers/Shop.php(77): App\Models\MODEL__filter->getCharacteristicFiltersBySubcategories([...])
 6 FCPATH/vendor/codeigniter4/framework/system/CodeIgniter.php(941): App\Controllers\Shop->index()
 7 FCPATH/vendor/codeigniter4/framework/system/CodeIgniter.php(502): CodeIgniter\CodeIgniter->runController(Object(App\Controllers\Shop))
 8 FCPATH/vendor/codeigniter4/framework/system/CodeIgniter.php(361): CodeIgniter\CodeIgniter->handleRequest(null, Object(Config\Cache), false)
 9 FCPATH/index.php(91): CodeIgniter\CodeIgniter->run()
CRITICAL - 2025-11-23 00:19:40 --> [Caused by] mysqli_sql_exception: Unknown column 'p.sub_category_id' in 'WHERE'
in FCPATH/vendor/codeigniter4/framework/system/Database/MySQLi/Connection.php on line 306.
 1 FCPATH/vendor/codeigniter4/framework/system/Database/MySQLi/Connection.php(306): mysqli->query('SELECT `cc`.`category_characteristic_id`, `cc`.`value` AS `characteristic_name`, `pcv`.`product_characteristic_value_id`, `pcv`.`product_characteristic_text`
FROM `_product_characteristic` `pc`
JOIN `_category_characteristic` `cc` ON `cc`.`category_characteristic_id` = `pc`.`category_characteristic_id`
JOIN `_product_characteristic_value` `pcv` ON `pcv`.`product_characteristic_value_id` = `pc`.`product_characteristic_value_id`
JOIN `_product` `p` ON `p`.`product_id` = `pc`.`product_id`
WHERE `p`.`sub_category_id` IN (\'315\')
GROUP BY `cc`.`category_characteristic_id`, `pcv`.`product_characteristic_value_id`
ORDER BY `cc`.`value`, `pcv`.`product_characteristic_text`', 0)
 2 FCPATH/vendor/codeigniter4/framework/system/Database/BaseConnection.php(693): CodeIgniter\Database\MySQLi\Connection->execute('SELECT `cc`.`category_characteristic_id`, `cc`.`value` AS `characteristic_name`, `pcv`.`product_characteristic_value_id`, `pcv`.`product_characteristic_text`
FROM `_product_characteristic` `pc`
JOIN `_category_characteristic` `cc` ON `cc`.`category_characteristic_id` = `pc`.`category_characteristic_id`
JOIN `_product_characteristic_value` `pcv` ON `pcv`.`product_characteristic_value_id` = `pc`.`product_characteristic_value_id`
JOIN `_product` `p` ON `p`.`product_id` = `pc`.`product_id`
WHERE `p`.`sub_category_id` IN (\'315\')
GROUP BY `cc`.`category_characteristic_id`, `pcv`.`product_characteristic_value_id`
ORDER BY `cc`.`value`, `pcv`.`product_characteristic_text`')
 3 FCPATH/vendor/codeigniter4/framework/system/Database/BaseConnection.php(607): CodeIgniter\Database\BaseConnection->simpleQuery('SELECT `cc`.`category_characteristic_id`, `cc`.`value` AS `characteristic_name`, `pcv`.`product_characteristic_value_id`, `pcv`.`product_characteristic_text`
FROM `_product_characteristic` `pc`
JOIN `_category_characteristic` `cc` ON `cc`.`category_characteristic_id` = `pc`.`category_characteristic_id`
JOIN `_product_characteristic_value` `pcv` ON `pcv`.`product_characteristic_value_id` = `pc`.`product_characteristic_value_id`
JOIN `_product` `p` ON `p`.`product_id` = `pc`.`product_id`
WHERE `p`.`sub_category_id` IN (\'315\')
GROUP BY `cc`.`category_characteristic_id`, `pcv`.`product_characteristic_value_id`
ORDER BY `cc`.`value`, `pcv`.`product_characteristic_text`')
 4 FCPATH/vendor/codeigniter4/framework/system/Database/BaseBuilder.php(1613): CodeIgniter\Database\BaseConnection->query('SELECT `cc`.`category_characteristic_id`, `cc`.`value` AS `characteristic_name`, `pcv`.`product_characteristic_value_id`, `pcv`.`product_characteristic_text`
FROM `_product_characteristic` `pc`
JOIN `_category_characteristic` `cc` ON `cc`.`category_characteristic_id` = `pc`.`category_characteristic_id`
JOIN `_product_characteristic_value` `pcv` ON `pcv`.`product_characteristic_value_id` = `pc`.`product_characteristic_value_id`
JOIN `_product` `p` ON `p`.`product_id` = `pc`.`product_id`
WHERE `p`.`sub_category_id` IN :p.sub_category_id:
GROUP BY `cc`.`category_characteristic_id`, `pcv`.`product_characteristic_value_id`
ORDER BY `cc`.`value`, `pcv`.`product_characteristic_text`', [...], false)
 5 APPPATH/Models/MODEL__filter.php(426): CodeIgniter\Database\BaseBuilder->get()
 6 APPPATH/Controllers/Shop.php(77): App\Models\MODEL__filter->getCharacteristicFiltersBySubcategories([...])
 7 FCPATH/vendor/codeigniter4/framework/system/CodeIgniter.php(941): App\Controllers\Shop->index()
 8 FCPATH/vendor/codeigniter4/framework/system/CodeIgniter.php(502): CodeIgniter\CodeIgniter->runController(Object(App\Controllers\Shop))
 9 FCPATH/vendor/codeigniter4/framework/system/CodeIgniter.php(361): CodeIgniter\CodeIgniter->handleRequest(null, Object(Config\Cache), false)
10 FCPATH/index.php(91): CodeIgniter\CodeIgniter->run()
INFO - 2025-11-23 00:22:12 --> Session: Class initialized using 'CodeIgniter\Session\Handlers\FileHandler' driver.
INFO - 2025-11-23 00:22:47 --> Session: Class initialized using 'CodeIgniter\Session\Handlers\FileHandler' driver.
INFO - 2025-11-23 00:23:18 --> Session: Class initialized using 'CodeIgniter\Session\Handlers\FileHandler' driver.
INFO - 2025-11-23 00:26:37 --> Session: Class initialized using 'CodeIgniter\Session\Handlers\FileHandler' driver.
CRITICAL - 2025-11-23 00:26:37 --> ErrorException: Undefined array key "filter"
in APPPATH/Controllers/Shop.php on line 86.
 1 APPPATH/Controllers/Shop.php(86): CodeIgniter\Debug\Exceptions->errorHandler(2, 'Undefined array key "filter"', '/home/rnr75/public_html/portal.rnr75.com/app/Controllers/Shop.php', 86)
 2 FCPATH/vendor/codeigniter4/framework/system/CodeIgniter.php(941): App\Controllers\Shop->index()
 3 FCPATH/vendor/codeigniter4/framework/system/CodeIgniter.php(502): CodeIgniter\CodeIgniter->runController(Object(App\Controllers\Shop))
 4 FCPATH/vendor/codeigniter4/framework/system/CodeIgniter.php(361): CodeIgniter\CodeIgniter->handleRequest(null, Object(Config\Cache), false)
 5 FCPATH/index.php(91): CodeIgniter\CodeIgniter->run()
INFO - 2025-11-23 00:27:28 --> Session: Class initialized using 'CodeIgniter\Session\Handlers\FileHandler' driver.
CRITICAL - 2025-11-23 00:27:28 --> ErrorException: Undefined variable $filter_groups1
in APPPATH/Controllers/Shop.php on line 81.
 1 APPPATH/Controllers/Shop.php(81): CodeIgniter\Debug\Exceptions->errorHandler(2, 'Undefined variable $filter_groups1', '/home/rnr75/public_html/portal.rnr75.com/app/Controllers/Shop.php', 81)
 2 FCPATH/vendor/codeigniter4/framework/system/CodeIgniter.php(941): App\Controllers\Shop->index()
 3 FCPATH/vendor/codeigniter4/framework/system/CodeIgniter.php(502): CodeIgniter\CodeIgniter->runController(Object(App\Controllers\Shop))
 4 FCPATH/vendor/codeigniter4/framework/system/CodeIgniter.php(361): CodeIgniter\CodeIgniter->handleRequest(null, Object(Config\Cache), false)
 5 FCPATH/index.php(91): CodeIgniter\CodeIgniter->run()
INFO - 2025-11-23 00:27:55 --> Session: Class initialized using 'CodeIgniter\Session\Handlers\FileHandler' driver.
INFO - 2025-11-23 00:28:45 --> Session: Class initialized using 'CodeIgniter\Session\Handlers\FileHandler' driver.
INFO - 2025-11-23 00:31:39 --> Session: Class initialized using 'CodeIgniter\Session\Handlers\FileHandler' driver.
ERROR - 2025-11-23 00:31:39 --> mysqli_sql_exception: Unknown column 'ps.sp_site_id' in 'WHERE' in /home/rnr75/public_html/portal.rnr75.com/vendor/codeigniter4/framework/system/Database/MySQLi/Connection.php:306
Stack trace:
#0 /home/rnr75/public_html/portal.rnr75.com/vendor/codeigniter4/framework/system/Database/MySQLi/Connection.php(306): mysqli->query('SELECT `cc`.`ca...', 0)
#1 /home/rnr75/public_html/portal.rnr75.com/vendor/codeigniter4/framework/system/Database/BaseConnection.php(693): CodeIgniter\Database\MySQLi\Connection->execute('SELECT `cc`.`ca...')
#2 /home/rnr75/public_html/portal.rnr75.com/vendor/codeigniter4/framework/system/Database/BaseConnection.php(607): CodeIgniter\Database\BaseConnection->simpleQuery('SELECT `cc`.`ca...')
#3 /home/rnr75/public_html/portal.rnr75.com/vendor/codeigniter4/framework/system/Database/BaseBuilder.php(1613): CodeIgniter\Database\BaseConnection->query('SELECT `cc`.`ca...', Array, false)
#4 /home/rnr75/public_html/portal.rnr75.com/app/Models/MODEL__filter.php(429): CodeIgniter\Database\BaseBuilder->get()
#5 /home/rnr75/public_html/portal.rnr75.com/app/Controllers/Shop.php(77): App\Models\MODEL__filter->getCharacteristicFiltersBySubcategories(Array)
#6 /home/rnr75/public_html/portal.rnr75.com/vendor/codeigniter4/framework/system/CodeIgniter.php(941): App\Controllers\Shop->index()
#7 /home/rnr75/public_html/portal.rnr75.com/vendor/codeigniter4/framework/system/CodeIgniter.php(502): CodeIgniter\CodeIgniter->runController(Object(App\Controllers\Shop))
#8 /home/rnr75/public_html/portal.rnr75.com/vendor/codeigniter4/framework/system/CodeIgniter.php(361): CodeIgniter\CodeIgniter->handleRequest(NULL, Object(Config\Cache), false)
#9 /home/rnr75/public_html/portal.rnr75.com/index.php(91): CodeIgniter\CodeIgniter->run()
#10 {main}
CRITICAL - 2025-11-23 00:31:39 --> CodeIgniter\Database\Exceptions\DatabaseException: Unknown column 'ps.sp_site_id' in 'WHERE'
in FCPATH/vendor/codeigniter4/framework/system/Database/BaseConnection.php on line 647.
 1 FCPATH/vendor/codeigniter4/framework/system/Database/BaseBuilder.php(1613): CodeIgniter\Database\BaseConnection->query('SELECT `cc`.`category_characteristic_id`, `cc`.`value` AS `characteristic_name`, `pcv`.`product_characteristic_value_id`, `pcv`.`product_characteristic_text`
FROM `_product_characteristic` `pc`
JOIN `_category_characteristic` `cc` ON `cc`.`category_characteristic_id` = `pc`.`category_characteristic_id`
JOIN `_product_characteristic_value` `pcv` ON `pcv`.`product_characteristic_value_id` = `pc`.`product_characteristic_value_id`
JOIN `_product` `p` ON `p`.`product_id` = `pc`.`product_id`
WHERE `p`.`category_id` IN :p.category_id:
AND   (
`ps`.`sp_site_id` = :ps.sp_site_id:
AND `ps`.`visibility_type` IN :ps.visibility_type:
 )
GROUP BY `cc`.`category_characteristic_id`, `pcv`.`product_characteristic_value_id`
ORDER BY `cc`.`value`, `pcv`.`product_characteristic_text`', [...], false)
 2 APPPATH/Models/MODEL__filter.php(429): CodeIgniter\Database\BaseBuilder->get()
 3 APPPATH/Controllers/Shop.php(77): App\Models\MODEL__filter->getCharacteristicFiltersBySubcategories([...])
 4 FCPATH/vendor/codeigniter4/framework/system/CodeIgniter.php(941): App\Controllers\Shop->index()
 5 FCPATH/vendor/codeigniter4/framework/system/CodeIgniter.php(502): CodeIgniter\CodeIgniter->runController(Object(App\Controllers\Shop))
 6 FCPATH/vendor/codeigniter4/framework/system/CodeIgniter.php(361): CodeIgniter\CodeIgniter->handleRequest(null, Object(Config\Cache), false)
 7 FCPATH/index.php(91): CodeIgniter\CodeIgniter->run()
CRITICAL - 2025-11-23 00:31:39 --> [Caused by] CodeIgniter\Database\Exceptions\DatabaseException: Unknown column 'ps.sp_site_id' in 'WHERE'
in FCPATH/vendor/codeigniter4/framework/system/Database/MySQLi/Connection.php on line 311.
 1 FCPATH/vendor/codeigniter4/framework/system/Database/BaseConnection.php(693): CodeIgniter\Database\MySQLi\Connection->execute('SELECT `cc`.`category_characteristic_id`, `cc`.`value` AS `characteristic_name`, `pcv`.`product_characteristic_value_id`, `pcv`.`product_characteristic_text`
FROM `_product_characteristic` `pc`
JOIN `_category_characteristic` `cc` ON `cc`.`category_characteristic_id` = `pc`.`category_characteristic_id`
JOIN `_product_characteristic_value` `pcv` ON `pcv`.`product_characteristic_value_id` = `pc`.`product_characteristic_value_id`
JOIN `_product` `p` ON `p`.`product_id` = `pc`.`product_id`
WHERE `p`.`category_id` IN (\'315\')
AND   (
`ps`.`sp_site_id` = \'3\'
AND `ps`.`visibility_type` IN (0,1)
 )
GROUP BY `cc`.`category_characteristic_id`, `pcv`.`product_characteristic_value_id`
ORDER BY `cc`.`value`, `pcv`.`product_characteristic_text`')
 2 FCPATH/vendor/codeigniter4/framework/system/Database/BaseConnection.php(607): CodeIgniter\Database\BaseConnection->simpleQuery('SELECT `cc`.`category_characteristic_id`, `cc`.`value` AS `characteristic_name`, `pcv`.`product_characteristic_value_id`, `pcv`.`product_characteristic_text`
FROM `_product_characteristic` `pc`
JOIN `_category_characteristic` `cc` ON `cc`.`category_characteristic_id` = `pc`.`category_characteristic_id`
JOIN `_product_characteristic_value` `pcv` ON `pcv`.`product_characteristic_value_id` = `pc`.`product_characteristic_value_id`
JOIN `_product` `p` ON `p`.`product_id` = `pc`.`product_id`
WHERE `p`.`category_id` IN (\'315\')
AND   (
`ps`.`sp_site_id` = \'3\'
AND `ps`.`visibility_type` IN (0,1)
 )
GROUP BY `cc`.`category_characteristic_id`, `pcv`.`product_characteristic_value_id`
ORDER BY `cc`.`value`, `pcv`.`product_characteristic_text`')
 3 FCPATH/vendor/codeigniter4/framework/system/Database/BaseBuilder.php(1613): CodeIgniter\Database\BaseConnection->query('SELECT `cc`.`category_characteristic_id`, `cc`.`value` AS `characteristic_name`, `pcv`.`product_characteristic_value_id`, `pcv`.`product_characteristic_text`
FROM `_product_characteristic` `pc`
JOIN `_category_characteristic` `cc` ON `cc`.`category_characteristic_id` = `pc`.`category_characteristic_id`
JOIN `_product_characteristic_value` `pcv` ON `pcv`.`product_characteristic_value_id` = `pc`.`product_characteristic_value_id`
JOIN `_product` `p` ON `p`.`product_id` = `pc`.`product_id`
WHERE `p`.`category_id` IN :p.category_id:
AND   (
`ps`.`sp_site_id` = :ps.sp_site_id:
AND `ps`.`visibility_type` IN :ps.visibility_type:
 )
GROUP BY `cc`.`category_characteristic_id`, `pcv`.`product_characteristic_value_id`
ORDER BY `cc`.`value`, `pcv`.`product_characteristic_text`', [...], false)
 4 APPPATH/Models/MODEL__filter.php(429): CodeIgniter\Database\BaseBuilder->get()
 5 APPPATH/Controllers/Shop.php(77): App\Models\MODEL__filter->getCharacteristicFiltersBySubcategories([...])
 6 FCPATH/vendor/codeigniter4/framework/system/CodeIgniter.php(941): App\Controllers\Shop->index()
 7 FCPATH/vendor/codeigniter4/framework/system/CodeIgniter.php(502): CodeIgniter\CodeIgniter->runController(Object(App\Controllers\Shop))
 8 FCPATH/vendor/codeigniter4/framework/system/CodeIgniter.php(361): CodeIgniter\CodeIgniter->handleRequest(null, Object(Config\Cache), false)
 9 FCPATH/index.php(91): CodeIgniter\CodeIgniter->run()
CRITICAL - 2025-11-23 00:31:39 --> [Caused by] mysqli_sql_exception: Unknown column 'ps.sp_site_id' in 'WHERE'
in FCPATH/vendor/codeigniter4/framework/system/Database/MySQLi/Connection.php on line 306.
 1 FCPATH/vendor/codeigniter4/framework/system/Database/MySQLi/Connection.php(306): mysqli->query('SELECT `cc`.`category_characteristic_id`, `cc`.`value` AS `characteristic_name`, `pcv`.`product_characteristic_value_id`, `pcv`.`product_characteristic_text`
FROM `_product_characteristic` `pc`
JOIN `_category_characteristic` `cc` ON `cc`.`category_characteristic_id` = `pc`.`category_characteristic_id`
JOIN `_product_characteristic_value` `pcv` ON `pcv`.`product_characteristic_value_id` = `pc`.`product_characteristic_value_id`
JOIN `_product` `p` ON `p`.`product_id` = `pc`.`product_id`
WHERE `p`.`category_id` IN (\'315\')
AND   (
`ps`.`sp_site_id` = \'3\'
AND `ps`.`visibility_type` IN (0,1)
 )
GROUP BY `cc`.`category_characteristic_id`, `pcv`.`product_characteristic_value_id`
ORDER BY `cc`.`value`, `pcv`.`product_characteristic_text`', 0)
 2 FCPATH/vendor/codeigniter4/framework/system/Database/BaseConnection.php(693): CodeIgniter\Database\MySQLi\Connection->execute('SELECT `cc`.`category_characteristic_id`, `cc`.`value` AS `characteristic_name`, `pcv`.`product_characteristic_value_id`, `pcv`.`product_characteristic_text`
FROM `_product_characteristic` `pc`
JOIN `_category_characteristic` `cc` ON `cc`.`category_characteristic_id` = `pc`.`category_characteristic_id`
JOIN `_product_characteristic_value` `pcv` ON `pcv`.`product_characteristic_value_id` = `pc`.`product_characteristic_value_id`
JOIN `_product` `p` ON `p`.`product_id` = `pc`.`product_id`
WHERE `p`.`category_id` IN (\'315\')
AND   (
`ps`.`sp_site_id` = \'3\'
AND `ps`.`visibility_type` IN (0,1)
 )
GROUP BY `cc`.`category_characteristic_id`, `pcv`.`product_characteristic_value_id`
ORDER BY `cc`.`value`, `pcv`.`product_characteristic_text`')
 3 FCPATH/vendor/codeigniter4/framework/system/Database/BaseConnection.php(607): CodeIgniter\Database\BaseConnection->simpleQuery('SELECT `cc`.`category_characteristic_id`, `cc`.`value` AS `characteristic_name`, `pcv`.`product_characteristic_value_id`, `pcv`.`product_characteristic_text`
FROM `_product_characteristic` `pc`
JOIN `_category_characteristic` `cc` ON `cc`.`category_characteristic_id` = `pc`.`category_characteristic_id`
JOIN `_product_characteristic_value` `pcv` ON `pcv`.`product_characteristic_value_id` = `pc`.`product_characteristic_value_id`
JOIN `_product` `p` ON `p`.`product_id` = `pc`.`product_id`
WHERE `p`.`category_id` IN (\'315\')
AND   (
`ps`.`sp_site_id` = \'3\'
AND `ps`.`visibility_type` IN (0,1)
 )
GROUP BY `cc`.`category_characteristic_id`, `pcv`.`product_characteristic_value_id`
ORDER BY `cc`.`value`, `pcv`.`product_characteristic_text`')
 4 FCPATH/vendor/codeigniter4/framework/system/Database/BaseBuilder.php(1613): CodeIgniter\Database\BaseConnection->query('SELECT `cc`.`category_characteristic_id`, `cc`.`value` AS `characteristic_name`, `pcv`.`product_characteristic_value_id`, `pcv`.`product_characteristic_text`
FROM `_product_characteristic` `pc`
JOIN `_category_characteristic` `cc` ON `cc`.`category_characteristic_id` = `pc`.`category_characteristic_id`
JOIN `_product_characteristic_value` `pcv` ON `pcv`.`product_characteristic_value_id` = `pc`.`product_characteristic_value_id`
JOIN `_product` `p` ON `p`.`product_id` = `pc`.`product_id`
WHERE `p`.`category_id` IN :p.category_id:
AND   (
`ps`.`sp_site_id` = :ps.sp_site_id:
AND `ps`.`visibility_type` IN :ps.visibility_type:
 )
GROUP BY `cc`.`category_characteristic_id`, `pcv`.`product_characteristic_value_id`
ORDER BY `cc`.`value`, `pcv`.`product_characteristic_text`', [...], false)
 5 APPPATH/Models/MODEL__filter.php(429): CodeIgniter\Database\BaseBuilder->get()
 6 APPPATH/Controllers/Shop.php(77): App\Models\MODEL__filter->getCharacteristicFiltersBySubcategories([...])
 7 FCPATH/vendor/codeigniter4/framework/system/CodeIgniter.php(941): App\Controllers\Shop->index()
 8 FCPATH/vendor/codeigniter4/framework/system/CodeIgniter.php(502): CodeIgniter\CodeIgniter->runController(Object(App\Controllers\Shop))
 9 FCPATH/vendor/codeigniter4/framework/system/CodeIgniter.php(361): CodeIgniter\CodeIgniter->handleRequest(null, Object(Config\Cache), false)
10 FCPATH/index.php(91): CodeIgniter\CodeIgniter->run()
INFO - 2025-11-23 00:32:32 --> Session: Class initialized using 'CodeIgniter\Session\Handlers\FileHandler' driver.
ERROR - 2025-11-23 00:32:32 --> mysqli_sql_exception: Unknown column 'p.product_id' in 'ON' in /home/rnr75/public_html/portal.rnr75.com/vendor/codeigniter4/framework/system/Database/MySQLi/Connection.php:306
Stack trace:
#0 /home/rnr75/public_html/portal.rnr75.com/vendor/codeigniter4/framework/system/Database/MySQLi/Connection.php(306): mysqli->query('SELECT `cc`.`ca...', 0)
#1 /home/rnr75/public_html/portal.rnr75.com/vendor/codeigniter4/framework/system/Database/BaseConnection.php(693): CodeIgniter\Database\MySQLi\Connection->execute('SELECT `cc`.`ca...')
#2 /home/rnr75/public_html/portal.rnr75.com/vendor/codeigniter4/framework/system/Database/BaseConnection.php(607): CodeIgniter\Database\BaseConnection->simpleQuery('SELECT `cc`.`ca...')
#3 /home/rnr75/public_html/portal.rnr75.com/vendor/codeigniter4/framework/system/Database/BaseBuilder.php(1613): CodeIgniter\Database\BaseConnection->query('SELECT `cc`.`ca...', Array, false)
#4 /home/rnr75/public_html/portal.rnr75.com/app/Models/MODEL__filter.php(430): CodeIgniter\Database\BaseBuilder->get()
#5 /home/rnr75/public_html/portal.rnr75.com/app/Controllers/Shop.php(77): App\Models\MODEL__filter->getCharacteristicFiltersBySubcategories(Array)
#6 /home/rnr75/public_html/portal.rnr75.com/vendor/codeigniter4/framework/system/CodeIgniter.php(941): App\Controllers\Shop->index()
#7 /home/rnr75/public_html/portal.rnr75.com/vendor/codeigniter4/framework/system/CodeIgniter.php(502): CodeIgniter\CodeIgniter->runController(Object(App\Controllers\Shop))
#8 /home/rnr75/public_html/portal.rnr75.com/vendor/codeigniter4/framework/system/CodeIgniter.php(361): CodeIgniter\CodeIgniter->handleRequest(NULL, Object(Config\Cache), false)
#9 /home/rnr75/public_html/portal.rnr75.com/index.php(91): CodeIgniter\CodeIgniter->run()
#10 {main}
CRITICAL - 2025-11-23 00:32:32 --> CodeIgniter\Database\Exceptions\DatabaseException: Unknown column 'p.product_id' in 'ON'
in FCPATH/vendor/codeigniter4/framework/system/Database/BaseConnection.php on line 647.
 1 FCPATH/vendor/codeigniter4/framework/system/Database/BaseBuilder.php(1613): CodeIgniter\Database\BaseConnection->query('SELECT `cc`.`category_characteristic_id`, `cc`.`value` AS `characteristic_name`, `pcv`.`product_characteristic_value_id`, `pcv`.`product_characteristic_text`
FROM `_product_characteristic` `pc`
INNER JOIN `_product_sites` `ps` ON `ps`.`product_id`=`p`.`product_id`
JOIN `_category_characteristic` `cc` ON `cc`.`category_characteristic_id` = `pc`.`category_characteristic_id`
JOIN `_product_characteristic_value` `pcv` ON `pcv`.`product_characteristic_value_id` = `pc`.`product_characteristic_value_id`
JOIN `_product` `p` ON `p`.`product_id` = `pc`.`product_id`
WHERE `p`.`category_id` IN :p.category_id:
AND   (
`ps`.`sp_site_id` = :ps.sp_site_id:
AND `ps`.`visibility_type` IN :ps.visibility_type:
 )
GROUP BY `cc`.`category_characteristic_id`, `pcv`.`product_characteristic_value_id`
ORDER BY `cc`.`value`, `pcv`.`product_characteristic_text`', [...], false)
 2 APPPATH/Models/MODEL__filter.php(430): CodeIgniter\Database\BaseBuilder->get()
 3 APPPATH/Controllers/Shop.php(77): App\Models\MODEL__filter->getCharacteristicFiltersBySubcategories([...])
 4 FCPATH/vendor/codeigniter4/framework/system/CodeIgniter.php(941): App\Controllers\Shop->index()
 5 FCPATH/vendor/codeigniter4/framework/system/CodeIgniter.php(502): CodeIgniter\CodeIgniter->runController(Object(App\Controllers\Shop))
 6 FCPATH/vendor/codeigniter4/framework/system/CodeIgniter.php(361): CodeIgniter\CodeIgniter->handleRequest(null, Object(Config\Cache), false)
 7 FCPATH/index.php(91): CodeIgniter\CodeIgniter->run()
CRITICAL - 2025-11-23 00:32:32 --> [Caused by] CodeIgniter\Database\Exceptions\DatabaseException: Unknown column 'p.product_id' in 'ON'
in FCPATH/vendor/codeigniter4/framework/system/Database/MySQLi/Connection.php on line 311.
 1 FCPATH/vendor/codeigniter4/framework/system/Database/BaseConnection.php(693): CodeIgniter\Database\MySQLi\Connection->execute('SELECT `cc`.`category_characteristic_id`, `cc`.`value` AS `characteristic_name`, `pcv`.`product_characteristic_value_id`, `pcv`.`product_characteristic_text`
FROM `_product_characteristic` `pc`
INNER JOIN `_product_sites` `ps` ON `ps`.`product_id`=`p`.`product_id`
JOIN `_category_characteristic` `cc` ON `cc`.`category_characteristic_id` = `pc`.`category_characteristic_id`
JOIN `_product_characteristic_value` `pcv` ON `pcv`.`product_characteristic_value_id` = `pc`.`product_characteristic_value_id`
JOIN `_product` `p` ON `p`.`product_id` = `pc`.`product_id`
WHERE `p`.`category_id` IN (\'315\')
AND   (
`ps`.`sp_site_id` = \'3\'
AND `ps`.`visibility_type` IN (0,1)
 )
GROUP BY `cc`.`category_characteristic_id`, `pcv`.`product_characteristic_value_id`
ORDER BY `cc`.`value`, `pcv`.`product_characteristic_text`')
 2 FCPATH/vendor/codeigniter4/framework/system/Database/BaseConnection.php(607): CodeIgniter\Database\BaseConnection->simpleQuery('SELECT `cc`.`category_characteristic_id`, `cc`.`value` AS `characteristic_name`, `pcv`.`product_characteristic_value_id`, `pcv`.`product_characteristic_text`
FROM `_product_characteristic` `pc`
INNER JOIN `_product_sites` `ps` ON `ps`.`product_id`=`p`.`product_id`
JOIN `_category_characteristic` `cc` ON `cc`.`category_characteristic_id` = `pc`.`category_characteristic_id`
JOIN `_product_characteristic_value` `pcv` ON `pcv`.`product_characteristic_value_id` = `pc`.`product_characteristic_value_id`
JOIN `_product` `p` ON `p`.`product_id` = `pc`.`product_id`
WHERE `p`.`category_id` IN (\'315\')
AND   (
`ps`.`sp_site_id` = \'3\'
AND `ps`.`visibility_type` IN (0,1)
 )
GROUP BY `cc`.`category_characteristic_id`, `pcv`.`product_characteristic_value_id`
ORDER BY `cc`.`value`, `pcv`.`product_characteristic_text`')
 3 FCPATH/vendor/codeigniter4/framework/system/Database/BaseBuilder.php(1613): CodeIgniter\Database\BaseConnection->query('SELECT `cc`.`category_characteristic_id`, `cc`.`value` AS `characteristic_name`, `pcv`.`product_characteristic_value_id`, `pcv`.`product_characteristic_text`
FROM `_product_characteristic` `pc`
INNER JOIN `_product_sites` `ps` ON `ps`.`product_id`=`p`.`product_id`
JOIN `_category_characteristic` `cc` ON `cc`.`category_characteristic_id` = `pc`.`category_characteristic_id`
JOIN `_product_characteristic_value` `pcv` ON `pcv`.`product_characteristic_value_id` = `pc`.`product_characteristic_value_id`
JOIN `_product` `p` ON `p`.`product_id` = `pc`.`product_id`
WHERE `p`.`category_id` IN :p.category_id:
AND   (
`ps`.`sp_site_id` = :ps.sp_site_id:
AND `ps`.`visibility_type` IN :ps.visibility_type:
 )
GROUP BY `cc`.`category_characteristic_id`, `pcv`.`product_characteristic_value_id`
ORDER BY `cc`.`value`, `pcv`.`product_characteristic_text`', [...], false)
 4 APPPATH/Models/MODEL__filter.php(430): CodeIgniter\Database\BaseBuilder->get()
 5 APPPATH/Controllers/Shop.php(77): App\Models\MODEL__filter->getCharacteristicFiltersBySubcategories([...])
 6 FCPATH/vendor/codeigniter4/framework/system/CodeIgniter.php(941): App\Controllers\Shop->index()
 7 FCPATH/vendor/codeigniter4/framework/system/CodeIgniter.php(502): CodeIgniter\CodeIgniter->runController(Object(App\Controllers\Shop))
 8 FCPATH/vendor/codeigniter4/framework/system/CodeIgniter.php(361): CodeIgniter\CodeIgniter->handleRequest(null, Object(Config\Cache), false)
 9 FCPATH/index.php(91): CodeIgniter\CodeIgniter->run()
CRITICAL - 2025-11-23 00:32:32 --> [Caused by] mysqli_sql_exception: Unknown column 'p.product_id' in 'ON'
in FCPATH/vendor/codeigniter4/framework/system/Database/MySQLi/Connection.php on line 306.
 1 FCPATH/vendor/codeigniter4/framework/system/Database/MySQLi/Connection.php(306): mysqli->query('SELECT `cc`.`category_characteristic_id`, `cc`.`value` AS `characteristic_name`, `pcv`.`product_characteristic_value_id`, `pcv`.`product_characteristic_text`
FROM `_product_characteristic` `pc`
INNER JOIN `_product_sites` `ps` ON `ps`.`product_id`=`p`.`product_id`
JOIN `_category_characteristic` `cc` ON `cc`.`category_characteristic_id` = `pc`.`category_characteristic_id`
JOIN `_product_characteristic_value` `pcv` ON `pcv`.`product_characteristic_value_id` = `pc`.`product_characteristic_value_id`
JOIN `_product` `p` ON `p`.`product_id` = `pc`.`product_id`
WHERE `p`.`category_id` IN (\'315\')
AND   (
`ps`.`sp_site_id` = \'3\'
AND `ps`.`visibility_type` IN (0,1)
 )
GROUP BY `cc`.`category_characteristic_id`, `pcv`.`product_characteristic_value_id`
ORDER BY `cc`.`value`, `pcv`.`product_characteristic_text`', 0)
 2 FCPATH/vendor/codeigniter4/framework/system/Database/BaseConnection.php(693): CodeIgniter\Database\MySQLi\Connection->execute('SELECT `cc`.`category_characteristic_id`, `cc`.`value` AS `characteristic_name`, `pcv`.`product_characteristic_value_id`, `pcv`.`product_characteristic_text`
FROM `_product_characteristic` `pc`
INNER JOIN `_product_sites` `ps` ON `ps`.`product_id`=`p`.`product_id`
JOIN `_category_characteristic` `cc` ON `cc`.`category_characteristic_id` = `pc`.`category_characteristic_id`
JOIN `_product_characteristic_value` `pcv` ON `pcv`.`product_characteristic_value_id` = `pc`.`product_characteristic_value_id`
JOIN `_product` `p` ON `p`.`product_id` = `pc`.`product_id`
WHERE `p`.`category_id` IN (\'315\')
AND   (
`ps`.`sp_site_id` = \'3\'
AND `ps`.`visibility_type` IN (0,1)
 )
GROUP BY `cc`.`category_characteristic_id`, `pcv`.`product_characteristic_value_id`
ORDER BY `cc`.`value`, `pcv`.`product_characteristic_text`')
 3 FCPATH/vendor/codeigniter4/framework/system/Database/BaseConnection.php(607): CodeIgniter\Database\BaseConnection->simpleQuery('SELECT `cc`.`category_characteristic_id`, `cc`.`value` AS `characteristic_name`, `pcv`.`product_characteristic_value_id`, `pcv`.`product_characteristic_text`
FROM `_product_characteristic` `pc`
INNER JOIN `_product_sites` `ps` ON `ps`.`product_id`=`p`.`product_id`
JOIN `_category_characteristic` `cc` ON `cc`.`category_characteristic_id` = `pc`.`category_characteristic_id`
JOIN `_product_characteristic_value` `pcv` ON `pcv`.`product_characteristic_value_id` = `pc`.`product_characteristic_value_id`
JOIN `_product` `p` ON `p`.`product_id` = `pc`.`product_id`
WHERE `p`.`category_id` IN (\'315\')
AND   (
`ps`.`sp_site_id` = \'3\'
AND `ps`.`visibility_type` IN (0,1)
 )
GROUP BY `cc`.`category_characteristic_id`, `pcv`.`product_characteristic_value_id`
ORDER BY `cc`.`value`, `pcv`.`product_characteristic_text`')
 4 FCPATH/vendor/codeigniter4/framework/system/Database/BaseBuilder.php(1613): CodeIgniter\Database\BaseConnection->query('SELECT `cc`.`category_characteristic_id`, `cc`.`value` AS `characteristic_name`, `pcv`.`product_characteristic_value_id`, `pcv`.`product_characteristic_text`
FROM `_product_characteristic` `pc`
INNER JOIN `_product_sites` `ps` ON `ps`.`product_id`=`p`.`product_id`
JOIN `_category_characteristic` `cc` ON `cc`.`category_characteristic_id` = `pc`.`category_characteristic_id`
JOIN `_product_characteristic_value` `pcv` ON `pcv`.`product_characteristic_value_id` = `pc`.`product_characteristic_value_id`
JOIN `_product` `p` ON `p`.`product_id` = `pc`.`product_id`
WHERE `p`.`category_id` IN :p.category_id:
AND   (
`ps`.`sp_site_id` = :ps.sp_site_id:
AND `ps`.`visibility_type` IN :ps.visibility_type:
 )
GROUP BY `cc`.`category_characteristic_id`, `pcv`.`product_characteristic_value_id`
ORDER BY `cc`.`value`, `pcv`.`product_characteristic_text`', [...], false)
 5 APPPATH/Models/MODEL__filter.php(430): CodeIgniter\Database\BaseBuilder->get()
 6 APPPATH/Controllers/Shop.php(77): App\Models\MODEL__filter->getCharacteristicFiltersBySubcategories([...])
 7 FCPATH/vendor/codeigniter4/framework/system/CodeIgniter.php(941): App\Controllers\Shop->index()
 8 FCPATH/vendor/codeigniter4/framework/system/CodeIgniter.php(502): CodeIgniter\CodeIgniter->runController(Object(App\Controllers\Shop))
 9 FCPATH/vendor/codeigniter4/framework/system/CodeIgniter.php(361): CodeIgniter\CodeIgniter->handleRequest(null, Object(Config\Cache), false)
10 FCPATH/index.php(91): CodeIgniter\CodeIgniter->run()
INFO - 2025-11-23 00:32:46 --> Session: Class initialized using 'CodeIgniter\Session\Handlers\FileHandler' driver.
INFO - 2025-11-23 00:37:14 --> Session: Class initialized using 'CodeIgniter\Session\Handlers\FileHandler' driver.
CRITICAL - 2025-11-23 00:37:14 --> InvalidArgumentException: whereIn() expects $values to be of type array or closure
in FCPATH/vendor/codeigniter4/framework/system/Database/BaseBuilder.php on line 937.
 1 FCPATH/vendor/codeigniter4/framework/system/Database/BaseBuilder.php(823): CodeIgniter\Database\BaseBuilder->_whereIn('p.category_id', '315', false, 'AND ', null)
 2 APPPATH/Models/MODEL__filter.php(422): CodeIgniter\Database\BaseBuilder->whereIn('p.category_id', '315')
 3 APPPATH/Controllers/Shop.php(77): App\Models\MODEL__filter->getCharacteristicFiltersBySubcategories([...])
 4 FCPATH/vendor/codeigniter4/framework/system/CodeIgniter.php(941): App\Controllers\Shop->index()
 5 FCPATH/vendor/codeigniter4/framework/system/CodeIgniter.php(502): CodeIgniter\CodeIgniter->runController(Object(App\Controllers\Shop))
 6 FCPATH/vendor/codeigniter4/framework/system/CodeIgniter.php(361): CodeIgniter\CodeIgniter->handleRequest(null, Object(Config\Cache), false)
 7 FCPATH/index.php(91): CodeIgniter\CodeIgniter->run()
INFO - 2025-11-23 00:37:29 --> Session: Class initialized using 'CodeIgniter\Session\Handlers\FileHandler' driver.
INFO - 2025-11-23 00:37:52 --> Session: Class initialized using 'CodeIgniter\Session\Handlers\FileHandler' driver.
INFO - 2025-11-23 00:38:32 --> Session: Class initialized using 'CodeIgniter\Session\Handlers\FileHandler' driver.
INFO - 2025-11-23 00:39:52 --> Session: Class initialized using 'CodeIgniter\Session\Handlers\FileHandler' driver.
INFO - 2025-11-23 00:48:58 --> Session: Class initialized using 'CodeIgniter\Session\Handlers\FileHandler' driver.
INFO - 2025-11-23 00:49:12 --> Session: Class initialized using 'CodeIgniter\Session\Handlers\FileHandler' driver.
INFO - 2025-11-23 00:50:11 --> Session: Class initialized using 'CodeIgniter\Session\Handlers\FileHandler' driver.
INFO - 2025-11-23 00:51:07 --> Session: Class initialized using 'CodeIgniter\Session\Handlers\FileHandler' driver.
INFO - 2025-11-23 00:59:29 --> Session: Class initialized using 'CodeIgniter\Session\Handlers\FileHandler' driver.
INFO - 2025-11-23 01:02:46 --> Session: Class initialized using 'CodeIgniter\Session\Handlers\FileHandler' driver.
INFO - 2025-11-23 01:07:04 --> Session: Class initialized using 'CodeIgniter\Session\Handlers\FileHandler' driver.
INFO - 2025-11-23 01:07:12 --> Session: Class initialized using 'CodeIgniter\Session\Handlers\FileHandler' driver.
INFO - 2025-11-23 01:15:02 --> Session: Class initialized using 'CodeIgniter\Session\Handlers\FileHandler' driver.
INFO - 2025-11-23 01:16:35 --> Session: Class initialized using 'CodeIgniter\Session\Handlers\FileHandler' driver.
INFO - 2025-11-23 01:16:54 --> Session: Class initialized using 'CodeIgniter\Session\Handlers\FileHandler' driver.
INFO - 2025-11-23 01:18:54 --> Session: Class initialized using 'CodeIgniter\Session\Handlers\FileHandler' driver.
CRITICAL - 2025-11-23 01:18:54 --> InvalidArgumentException: whereIn() expects $values to be of type array or closure
in FCPATH/vendor/codeigniter4/framework/system/Database/BaseBuilder.php on line 937.
 1 FCPATH/vendor/codeigniter4/framework/system/Database/BaseBuilder.php(823): CodeIgniter\Database\BaseBuilder->_whereIn('category_id', 316, false, 'AND ', null)
 2 APPPATH/Models/MODEL__filter.php(413): CodeIgniter\Database\BaseBuilder->whereIn('category_id', 316)
 3 APPPATH/Controllers/Shop.php(77): App\Models\MODEL__filter->getCharacteristicFiltersBySubcategories([...])
 4 FCPATH/vendor/codeigniter4/framework/system/CodeIgniter.php(941): App\Controllers\Shop->index()
 5 FCPATH/vendor/codeigniter4/framework/system/CodeIgniter.php(502): CodeIgniter\CodeIgniter->runController(Object(App\Controllers\Shop))
 6 FCPATH/vendor/codeigniter4/framework/system/CodeIgniter.php(361): CodeIgniter\CodeIgniter->handleRequest(null, Object(Config\Cache), false)
 7 FCPATH/index.php(91): CodeIgniter\CodeIgniter->run()
INFO - 2025-11-23 01:19:02 --> Session: Class initialized using 'CodeIgniter\Session\Handlers\FileHandler' driver.
INFO - 2025-11-23 01:19:13 --> Session: Class initialized using 'CodeIgniter\Session\Handlers\FileHandler' driver.
INFO - 2025-11-23 01:19:23 --> Session: Class initialized using 'CodeIgniter\Session\Handlers\FileHandler' driver.
INFO - 2025-11-23 01:26:47 --> Session: Class initialized using 'CodeIgniter\Session\Handlers\FileHandler' driver.
INFO - 2025-11-23 01:27:47 --> Session: Class initialized using 'CodeIgniter\Session\Handlers\FileHandler' driver.
INFO - 2025-11-23 01:29:41 --> Session: Class initialized using 'CodeIgniter\Session\Handlers\FileHandler' driver.
INFO - 2025-11-23 01:29:53 --> Session: Class initialized using 'CodeIgniter\Session\Handlers\FileHandler' driver.
INFO - 2025-11-23 01:36:54 --> Session: Class initialized using 'CodeIgniter\Session\Handlers\FileHandler' driver.
INFO - 2025-11-23 01:37:40 --> Session: Class initialized using 'CodeIgniter\Session\Handlers\FileHandler' driver.
INFO - 2025-11-23 01:39:12 --> Session: Class initialized using 'CodeIgniter\Session\Handlers\FileHandler' driver.
INFO - 2025-11-23 01:41:32 --> Session: Class initialized using 'CodeIgniter\Session\Handlers\FileHandler' driver.
INFO - 2025-11-23 01:43:19 --> Session: Class initialized using 'CodeIgniter\Session\Handlers\FileHandler' driver.
INFO - 2025-11-23 01:44:22 --> Session: Class initialized using 'CodeIgniter\Session\Handlers\FileHandler' driver.
INFO - 2025-11-23 01:45:23 --> Session: Class initialized using 'CodeIgniter\Session\Handlers\FileHandler' driver.
INFO - 2025-11-23 01:51:12 --> Session: Class initialized using 'CodeIgniter\Session\Handlers\FileHandler' driver.
INFO - 2025-11-23 01:54:14 --> Session: Class initialized using 'CodeIgniter\Session\Handlers\FileHandler' driver.
INFO - 2025-11-23 01:54:23 --> Session: Class initialized using 'CodeIgniter\Session\Handlers\FileHandler' driver.
INFO - 2025-11-23 01:55:32 --> Session: Class initialized using 'CodeIgniter\Session\Handlers\FileHandler' driver.
INFO - 2025-11-23 01:58:55 --> Session: Class initialized using 'CodeIgniter\Session\Handlers\FileHandler' driver.
INFO - 2025-11-23 01:59:03 --> Session: Class initialized using 'CodeIgniter\Session\Handlers\FileHandler' driver.
INFO - 2025-11-23 01:59:06 --> Session: Class initialized using 'CodeIgniter\Session\Handlers\FileHandler' driver.
INFO - 2025-11-23 02:13:05 --> Session: Class initialized using 'CodeIgniter\Session\Handlers\FileHandler' driver.
INFO - 2025-11-23 02:13:15 --> Session: Class initialized using 'CodeIgniter\Session\Handlers\FileHandler' driver.
INFO - 2025-11-23 02:13:33 --> Session: Class initialized using 'CodeIgniter\Session\Handlers\FileHandler' driver.
INFO - 2025-11-23 02:13:51 --> Session: Class initialized using 'CodeIgniter\Session\Handlers\FileHandler' driver.
INFO - 2025-11-23 02:17:05 --> Session: Class initialized using 'CodeIgniter\Session\Handlers\FileHandler' driver.
CRITICAL - 2025-11-23 02:17:05 --> ErrorException: Array to string conversion
in APPPATH/Views/themes/bestphone/shop/filter/VIEW__shop-filter-productAttr_1.php on line 82.
 1 APPPATH/Views/themes/bestphone/shop/filter/VIEW__shop-filter-productAttr_1.php(82): CodeIgniter\Debug\Exceptions->errorHandler(2, 'Array to string conversion', '/home/rnr75/public_html/portal.rnr75.com/app/Views/themes/bestphone/shop/filter/VIEW__shop-filter-productAttr_1.php', 82)
 2 FCPATH/vendor/codeigniter4/framework/system/View/View.php(228): include('/home/rnr75/public_html/portal.rnr75.com/app/Views/themes/bestphone/shop/filter/VIEW__shop-filter-productAttr_1.php')
 3 FCPATH/vendor/codeigniter4/framework/system/View/View.php(231): CodeIgniter\View\View->CodeIgniter\View\{closure}()
 4 APPPATH/Common.php(31): CodeIgniter\View\View->render('themes/bestphone/shop/filter/VIEW__shop-filter-productAttr_1', [], true)
 5 APPPATH/Views/themes/bestphone/shop/filter/VIEW__shop-filter.php(51): view('themes/bestphone/shop/filter/VIEW__shop-filter-productAttr_1')
 6 FCPATH/vendor/codeigniter4/framework/system/View/View.php(228): include('/home/rnr75/public_html/portal.rnr75.com/app/Views/themes/bestphone/shop/filter/VIEW__shop-filter.php')
 7 FCPATH/vendor/codeigniter4/framework/system/View/View.php(231): CodeIgniter\View\View->CodeIgniter\View\{closure}()
 8 APPPATH/Common.php(31): CodeIgniter\View\View->render('themes/bestphone/shop/filter/VIEW__shop-filter', [], true)
 9 APPPATH/Views/themes/bestphone/shop/VIEW__shop-index.php(12): view('themes/bestphone/shop/filter/VIEW__shop-filter')
10 FCPATH/vendor/codeigniter4/framework/system/View/View.php(228): include('/home/rnr75/public_html/portal.rnr75.com/app/Views/themes/bestphone/shop/VIEW__shop-index.php')
11 FCPATH/vendor/codeigniter4/framework/system/View/View.php(231): CodeIgniter\View\View->CodeIgniter\View\{closure}()
12 APPPATH/Common.php(31): CodeIgniter\View\View->render('themes/bestphone/shop/VIEW__shop-index', [], true)
13 APPPATH/Controllers/Shop.php(206): view('themes/bestphone/shop/VIEW__shop-index', [...])
14 FCPATH/vendor/codeigniter4/framework/system/CodeIgniter.php(941): App\Controllers\Shop->index()
15 FCPATH/vendor/codeigniter4/framework/system/CodeIgniter.php(502): CodeIgniter\CodeIgniter->runController(Object(App\Controllers\Shop))
16 FCPATH/vendor/codeigniter4/framework/system/CodeIgniter.php(361): CodeIgniter\CodeIgniter->handleRequest(null, Object(Config\Cache), false)
17 FCPATH/index.php(91): CodeIgniter\CodeIgniter->run()
INFO - 2025-11-23 02:19:29 --> Session: Class initialized using 'CodeIgniter\Session\Handlers\FileHandler' driver.
INFO - 2025-11-23 02:23:06 --> Session: Class initialized using 'CodeIgniter\Session\Handlers\FileHandler' driver.
INFO - 2025-11-23 02:23:55 --> Session: Class initialized using 'CodeIgniter\Session\Handlers\FileHandler' driver.
CRITICAL - 2025-11-23 02:23:55 --> ParseError: Unclosed '{' on line 12 does not match ')'
in APPPATH/Models/MODEL__product.php on line 51.
 1 SYSTEMPATH/Autoloader/Autoloader.php(288): CodeIgniter\Autoloader\Autoloader->includeFile('/home/rnr75/public_html/portal.rnr75.com/app/Models/MODEL__product.php')
 2 SYSTEMPATH/Autoloader/Autoloader.php(266): CodeIgniter\Autoloader\Autoloader->loadInNamespace('App\\Models\\MODEL__product')
 3 APPPATH/Controllers/Shop.php(23): CodeIgniter\Autoloader\Autoloader->loadClass('App\\Models\\MODEL__product')
 4 FCPATH/vendor/codeigniter4/framework/system/CodeIgniter.php(913): App\Controllers\Shop->__construct()
 5 FCPATH/vendor/codeigniter4/framework/system/CodeIgniter.php(493): CodeIgniter\CodeIgniter->createController()
 6 FCPATH/vendor/codeigniter4/framework/system/CodeIgniter.php(361): CodeIgniter\CodeIgniter->handleRequest(null, Object(Config\Cache), false)
 7 FCPATH/index.php(91): CodeIgniter\CodeIgniter->run()
INFO - 2025-11-23 02:24:06 --> Session: Class initialized using 'CodeIgniter\Session\Handlers\FileHandler' driver.
INFO - 2025-11-23 02:24:32 --> Session: Class initialized using 'CodeIgniter\Session\Handlers\FileHandler' driver.
INFO - 2025-11-23 02:26:37 --> Session: Class initialized using 'CodeIgniter\Session\Handlers\FileHandler' driver.
INFO - 2025-11-23 02:37:50 --> Session: Class initialized using 'CodeIgniter\Session\Handlers\FileHandler' driver.
INFO - 2025-11-23 02:40:13 --> Session: Class initialized using 'CodeIgniter\Session\Handlers\FileHandler' driver.
CRITICAL - 2025-11-23 02:40:13 --> Error: Undefined constant "App\Models\data"
in APPPATH/Models/MODEL__product.php on line 51.
 1 APPPATH/Controllers/Shop.php(147): App\Models\MODEL__product->get__all_product([...])
 2 FCPATH/vendor/codeigniter4/framework/system/CodeIgniter.php(941): App\Controllers\Shop->index()
 3 FCPATH/vendor/codeigniter4/framework/system/CodeIgniter.php(502): CodeIgniter\CodeIgniter->runController(Object(App\Controllers\Shop))
 4 FCPATH/vendor/codeigniter4/framework/system/CodeIgniter.php(361): CodeIgniter\CodeIgniter->handleRequest(null, Object(Config\Cache), false)
 5 FCPATH/index.php(91): CodeIgniter\CodeIgniter->run()
INFO - 2025-11-23 02:40:24 --> Session: Class initialized using 'CodeIgniter\Session\Handlers\FileHandler' driver.
INFO - 2025-11-23 02:40:35 --> Session: Class initialized using 'CodeIgniter\Session\Handlers\FileHandler' driver.
INFO - 2025-11-23 02:40:56 --> Session: Class initialized using 'CodeIgniter\Session\Handlers\FileHandler' driver.
INFO - 2025-11-23 02:45:16 --> Session: Class initialized using 'CodeIgniter\Session\Handlers\FileHandler' driver.
