INFO - 2025-08-12 09:14:55 --> Session: Class initialized using 'CodeIgniter\Session\Handlers\FileHandler' driver.
INFO - 2025-08-12 09:15:00 --> Session: Class initialized using 'CodeIgniter\Session\Handlers\FileHandler' driver.
INFO - 2025-08-12 09:15:01 --> Session: Class initialized using 'CodeIgniter\Session\Handlers\FileHandler' driver.
INFO - 2025-08-12 14:02:43 --> Session: Class initialized using 'CodeIgniter\Session\Handlers\FileHandler' driver.
INFO - 2025-08-12 14:02:44 --> Session: Class initialized using 'CodeIgniter\Session\Handlers\FileHandler' driver.
INFO - 2025-08-12 14:03:58 --> Session: Class initialized using 'CodeIgniter\Session\Handlers\FileHandler' driver.
INFO - 2025-08-12 14:04:00 --> Session: Class initialized using 'CodeIgniter\Session\Handlers\FileHandler' driver.
INFO - 2025-08-12 14:05:06 --> Session: Class initialized using 'CodeIgniter\Session\Handlers\FileHandler' driver.
INFO - 2025-08-12 14:05:08 --> Session: Class initialized using 'CodeIgniter\Session\Handlers\FileHandler' driver.
INFO - 2025-08-12 14:05:37 --> Session: Class initialized using 'CodeIgniter\Session\Handlers\FileHandler' driver.
INFO - 2025-08-12 14:05:39 --> Session: Class initialized using 'CodeIgniter\Session\Handlers\FileHandler' driver.
INFO - 2025-08-12 14:05:44 --> Session: Class initialized using 'CodeIgniter\Session\Handlers\FileHandler' driver.
INFO - 2025-08-12 14:05:44 --> Session: Class initialized using 'CodeIgniter\Session\Handlers\FileHandler' driver.
INFO - 2025-08-12 14:05:45 --> Session: Class initialized using 'CodeIgniter\Session\Handlers\FileHandler' driver.
INFO - 2025-08-12 14:05:53 --> Session: Class initialized using 'CodeIgniter\Session\Handlers\FileHandler' driver.
INFO - 2025-08-12 14:05:54 --> Session: Class initialized using 'CodeIgniter\Session\Handlers\FileHandler' driver.
INFO - 2025-08-12 14:08:53 --> Session: Class initialized using 'CodeIgniter\Session\Handlers\FileHandler' driver.
INFO - 2025-08-12 14:08:54 --> Session: Class initialized using 'CodeIgniter\Session\Handlers\FileHandler' driver.
INFO - 2025-08-12 14:08:56 --> Session: Class initialized using 'CodeIgniter\Session\Handlers\FileHandler' driver.
INFO - 2025-08-12 14:08:57 --> Session: Class initialized using 'CodeIgniter\Session\Handlers\FileHandler' driver.
INFO - 2025-08-12 14:09:05 --> Session: Class initialized using 'CodeIgniter\Session\Handlers\FileHandler' driver.
INFO - 2025-08-12 14:09:05 --> Session: Class initialized using 'CodeIgniter\Session\Handlers\FileHandler' driver.
INFO - 2025-08-12 14:09:13 --> Session: Class initialized using 'CodeIgniter\Session\Handlers\FileHandler' driver.
INFO - 2025-08-12 14:09:13 --> Session: Class initialized using 'CodeIgniter\Session\Handlers\FileHandler' driver.
INFO - 2025-08-12 14:13:04 --> Session: Class initialized using 'CodeIgniter\Session\Handlers\FileHandler' driver.
INFO - 2025-08-12 14:13:05 --> Session: Class initialized using 'CodeIgniter\Session\Handlers\FileHandler' driver.
INFO - 2025-08-12 14:13:12 --> Session: Class initialized using 'CodeIgniter\Session\Handlers\FileHandler' driver.
INFO - 2025-08-12 14:13:13 --> Session: Class initialized using 'CodeIgniter\Session\Handlers\FileHandler' driver.
INFO - 2025-08-12 14:13:13 --> Session: Class initialized using 'CodeIgniter\Session\Handlers\FileHandler' driver.
INFO - 2025-08-12 14:27:31 --> Session: Class initialized using 'CodeIgniter\Session\Handlers\FileHandler' driver.
ERROR - 2025-08-12 14:27:31 --> mysqli_sql_exception: Unknown column 'pmv.product_modelvar_id' in 'ON' in /home/kukabgeu/public_html/portal.kukabg.eu/vendor/codeigniter4/framework/system/Database/MySQLi/Connection.php:306
Stack trace:
#0 /home/kukabgeu/public_html/portal.kukabg.eu/vendor/codeigniter4/framework/system/Database/MySQLi/Connection.php(306): mysqli->query('SELECT `p`.*, `...', 0)
#1 /home/kukabgeu/public_html/portal.kukabg.eu/vendor/codeigniter4/framework/system/Database/BaseConnection.php(693): CodeIgniter\Database\MySQLi\Connection->execute('SELECT `p`.*, `...')
#2 /home/kukabgeu/public_html/portal.kukabg.eu/vendor/codeigniter4/framework/system/Database/BaseConnection.php(607): CodeIgniter\Database\BaseConnection->simpleQuery('SELECT `p`.*, `...')
#3 /home/kukabgeu/public_html/portal.kukabg.eu/vendor/codeigniter4/framework/system/Database/BaseBuilder.php(1613): CodeIgniter\Database\BaseConnection->query('SELECT `p`.*, `...', Array, false)
#4 /home/kukabgeu/public_html/portal.kukabg.eu/app/Models/MODEL__product.php(205): CodeIgniter\Database\BaseBuilder->get()
#5 /home/kukabgeu/public_html/portal.kukabg.eu/app/Controllers/Shop.php(197): App\Models\MODEL__product->getProduct('952')
#6 /home/kukabgeu/public_html/portal.kukabg.eu/vendor/codeigniter4/framework/system/CodeIgniter.php(941): App\Controllers\Shop->get_single_product('952')
#7 /home/kukabgeu/public_html/portal.kukabg.eu/vendor/codeigniter4/framework/system/CodeIgniter.php(502): CodeIgniter\CodeIgniter->runController(Object(App\Controllers\Shop))
#8 /home/kukabgeu/public_html/portal.kukabg.eu/vendor/codeigniter4/framework/system/CodeIgniter.php(361): CodeIgniter\CodeIgniter->handleRequest(NULL, Object(Config\Cache), false)
#9 /home/kukabgeu/public_html/portal.kukabg.eu/index.php(91): CodeIgniter\CodeIgniter->run()
#10 {main}
CRITICAL - 2025-08-12 14:27:31 --> CodeIgniter\Database\Exceptions\DatabaseException: Unknown column 'pmv.product_modelvar_id' in 'ON'
in FCPATH/vendor/codeigniter4/framework/system/Database/BaseConnection.php on line 647.
 1 FCPATH/vendor/codeigniter4/framework/system/Database/BaseBuilder.php(1613): CodeIgniter\Database\BaseConnection->query('SELECT `p`.*, `c`.`category_name`, `sc`.`category_name` AS `subCategory_name`, `pl`.*, `b`.*, `pm`.`model`, `pmv`.`model_year`, GROUP_CONCAT(pm2.model) AS additional_models
FROM `_product` `p`
LEFT JOIN `_product_priceLevel` `pl` ON `pl`.`product_id`=`p`.`product_id`
LEFT JOIN `_brand` `b` USING (`brand_id`)
LEFT JOIN `_product_model` `pm` ON `pm`.`product_model_id`=`p`.`model_id`
LEFT JOIN `_product_model` `pm2` ON `pm2`.`product_model_id` IN ( p.model2_id, p.model3_id)
LEFT JOIN `_category` `c` USING (`category_id`)
LEFT JOIN `_category` `sc` ON `sc`.`category_id` = `p`.`category_id`
LEFT JOIN `_product_model_var` `pmv` ON `pmv`.`product_modelvar_id` = `p`.`model_var_id`
WHERE `p`.`product_id` = :p.product_id:', [...], false)
 2 APPPATH/Models/MODEL__product.php(205): CodeIgniter\Database\BaseBuilder->get()
 3 APPPATH/Controllers/Shop.php(197): App\Models\MODEL__product->getProduct('952')
 4 FCPATH/vendor/codeigniter4/framework/system/CodeIgniter.php(941): App\Controllers\Shop->get_single_product('952')
 5 FCPATH/vendor/codeigniter4/framework/system/CodeIgniter.php(502): CodeIgniter\CodeIgniter->runController(Object(App\Controllers\Shop))
 6 FCPATH/vendor/codeigniter4/framework/system/CodeIgniter.php(361): CodeIgniter\CodeIgniter->handleRequest(null, Object(Config\Cache), false)
 7 FCPATH/index.php(91): CodeIgniter\CodeIgniter->run()
CRITICAL - 2025-08-12 14:27:31 --> [Caused by] CodeIgniter\Database\Exceptions\DatabaseException: Unknown column 'pmv.product_modelvar_id' in 'ON'
in FCPATH/vendor/codeigniter4/framework/system/Database/MySQLi/Connection.php on line 311.
 1 FCPATH/vendor/codeigniter4/framework/system/Database/BaseConnection.php(693): CodeIgniter\Database\MySQLi\Connection->execute('SELECT `p`.*, `c`.`category_name`, `sc`.`category_name` AS `subCategory_name`, `pl`.*, `b`.*, `pm`.`model`, `pmv`.`model_year`, GROUP_CONCAT(pm2.model) AS additional_models
FROM `_product` `p`
LEFT JOIN `_product_priceLevel` `pl` ON `pl`.`product_id`=`p`.`product_id`
LEFT JOIN `_brand` `b` USING (`brand_id`)
LEFT JOIN `_product_model` `pm` ON `pm`.`product_model_id`=`p`.`model_id`
LEFT JOIN `_product_model` `pm2` ON `pm2`.`product_model_id` IN ( p.model2_id, p.model3_id)
LEFT JOIN `_category` `c` USING (`category_id`)
LEFT JOIN `_category` `sc` ON `sc`.`category_id` = `p`.`category_id`
LEFT JOIN `_product_model_var` `pmv` ON `pmv`.`product_modelvar_id` = `p`.`model_var_id`
WHERE `p`.`product_id` = \'952\'')
 2 FCPATH/vendor/codeigniter4/framework/system/Database/BaseConnection.php(607): CodeIgniter\Database\BaseConnection->simpleQuery('SELECT `p`.*, `c`.`category_name`, `sc`.`category_name` AS `subCategory_name`, `pl`.*, `b`.*, `pm`.`model`, `pmv`.`model_year`, GROUP_CONCAT(pm2.model) AS additional_models
FROM `_product` `p`
LEFT JOIN `_product_priceLevel` `pl` ON `pl`.`product_id`=`p`.`product_id`
LEFT JOIN `_brand` `b` USING (`brand_id`)
LEFT JOIN `_product_model` `pm` ON `pm`.`product_model_id`=`p`.`model_id`
LEFT JOIN `_product_model` `pm2` ON `pm2`.`product_model_id` IN ( p.model2_id, p.model3_id)
LEFT JOIN `_category` `c` USING (`category_id`)
LEFT JOIN `_category` `sc` ON `sc`.`category_id` = `p`.`category_id`
LEFT JOIN `_product_model_var` `pmv` ON `pmv`.`product_modelvar_id` = `p`.`model_var_id`
WHERE `p`.`product_id` = \'952\'')
 3 FCPATH/vendor/codeigniter4/framework/system/Database/BaseBuilder.php(1613): CodeIgniter\Database\BaseConnection->query('SELECT `p`.*, `c`.`category_name`, `sc`.`category_name` AS `subCategory_name`, `pl`.*, `b`.*, `pm`.`model`, `pmv`.`model_year`, GROUP_CONCAT(pm2.model) AS additional_models
FROM `_product` `p`
LEFT JOIN `_product_priceLevel` `pl` ON `pl`.`product_id`=`p`.`product_id`
LEFT JOIN `_brand` `b` USING (`brand_id`)
LEFT JOIN `_product_model` `pm` ON `pm`.`product_model_id`=`p`.`model_id`
LEFT JOIN `_product_model` `pm2` ON `pm2`.`product_model_id` IN ( p.model2_id, p.model3_id)
LEFT JOIN `_category` `c` USING (`category_id`)
LEFT JOIN `_category` `sc` ON `sc`.`category_id` = `p`.`category_id`
LEFT JOIN `_product_model_var` `pmv` ON `pmv`.`product_modelvar_id` = `p`.`model_var_id`
WHERE `p`.`product_id` = :p.product_id:', [...], false)
 4 APPPATH/Models/MODEL__product.php(205): CodeIgniter\Database\BaseBuilder->get()
 5 APPPATH/Controllers/Shop.php(197): App\Models\MODEL__product->getProduct('952')
 6 FCPATH/vendor/codeigniter4/framework/system/CodeIgniter.php(941): App\Controllers\Shop->get_single_product('952')
 7 FCPATH/vendor/codeigniter4/framework/system/CodeIgniter.php(502): CodeIgniter\CodeIgniter->runController(Object(App\Controllers\Shop))
 8 FCPATH/vendor/codeigniter4/framework/system/CodeIgniter.php(361): CodeIgniter\CodeIgniter->handleRequest(null, Object(Config\Cache), false)
 9 FCPATH/index.php(91): CodeIgniter\CodeIgniter->run()
CRITICAL - 2025-08-12 14:27:31 --> [Caused by] mysqli_sql_exception: Unknown column 'pmv.product_modelvar_id' in 'ON'
in FCPATH/vendor/codeigniter4/framework/system/Database/MySQLi/Connection.php on line 306.
 1 FCPATH/vendor/codeigniter4/framework/system/Database/MySQLi/Connection.php(306): mysqli->query('SELECT `p`.*, `c`.`category_name`, `sc`.`category_name` AS `subCategory_name`, `pl`.*, `b`.*, `pm`.`model`, `pmv`.`model_year`, GROUP_CONCAT(pm2.model) AS additional_models
FROM `_product` `p`
LEFT JOIN `_product_priceLevel` `pl` ON `pl`.`product_id`=`p`.`product_id`
LEFT JOIN `_brand` `b` USING (`brand_id`)
LEFT JOIN `_product_model` `pm` ON `pm`.`product_model_id`=`p`.`model_id`
LEFT JOIN `_product_model` `pm2` ON `pm2`.`product_model_id` IN ( p.model2_id, p.model3_id)
LEFT JOIN `_category` `c` USING (`category_id`)
LEFT JOIN `_category` `sc` ON `sc`.`category_id` = `p`.`category_id`
LEFT JOIN `_product_model_var` `pmv` ON `pmv`.`product_modelvar_id` = `p`.`model_var_id`
WHERE `p`.`product_id` = \'952\'', 0)
 2 FCPATH/vendor/codeigniter4/framework/system/Database/BaseConnection.php(693): CodeIgniter\Database\MySQLi\Connection->execute('SELECT `p`.*, `c`.`category_name`, `sc`.`category_name` AS `subCategory_name`, `pl`.*, `b`.*, `pm`.`model`, `pmv`.`model_year`, GROUP_CONCAT(pm2.model) AS additional_models
FROM `_product` `p`
LEFT JOIN `_product_priceLevel` `pl` ON `pl`.`product_id`=`p`.`product_id`
LEFT JOIN `_brand` `b` USING (`brand_id`)
LEFT JOIN `_product_model` `pm` ON `pm`.`product_model_id`=`p`.`model_id`
LEFT JOIN `_product_model` `pm2` ON `pm2`.`product_model_id` IN ( p.model2_id, p.model3_id)
LEFT JOIN `_category` `c` USING (`category_id`)
LEFT JOIN `_category` `sc` ON `sc`.`category_id` = `p`.`category_id`
LEFT JOIN `_product_model_var` `pmv` ON `pmv`.`product_modelvar_id` = `p`.`model_var_id`
WHERE `p`.`product_id` = \'952\'')
 3 FCPATH/vendor/codeigniter4/framework/system/Database/BaseConnection.php(607): CodeIgniter\Database\BaseConnection->simpleQuery('SELECT `p`.*, `c`.`category_name`, `sc`.`category_name` AS `subCategory_name`, `pl`.*, `b`.*, `pm`.`model`, `pmv`.`model_year`, GROUP_CONCAT(pm2.model) AS additional_models
FROM `_product` `p`
LEFT JOIN `_product_priceLevel` `pl` ON `pl`.`product_id`=`p`.`product_id`
LEFT JOIN `_brand` `b` USING (`brand_id`)
LEFT JOIN `_product_model` `pm` ON `pm`.`product_model_id`=`p`.`model_id`
LEFT JOIN `_product_model` `pm2` ON `pm2`.`product_model_id` IN ( p.model2_id, p.model3_id)
LEFT JOIN `_category` `c` USING (`category_id`)
LEFT JOIN `_category` `sc` ON `sc`.`category_id` = `p`.`category_id`
LEFT JOIN `_product_model_var` `pmv` ON `pmv`.`product_modelvar_id` = `p`.`model_var_id`
WHERE `p`.`product_id` = \'952\'')
 4 FCPATH/vendor/codeigniter4/framework/system/Database/BaseBuilder.php(1613): CodeIgniter\Database\BaseConnection->query('SELECT `p`.*, `c`.`category_name`, `sc`.`category_name` AS `subCategory_name`, `pl`.*, `b`.*, `pm`.`model`, `pmv`.`model_year`, GROUP_CONCAT(pm2.model) AS additional_models
FROM `_product` `p`
LEFT JOIN `_product_priceLevel` `pl` ON `pl`.`product_id`=`p`.`product_id`
LEFT JOIN `_brand` `b` USING (`brand_id`)
LEFT JOIN `_product_model` `pm` ON `pm`.`product_model_id`=`p`.`model_id`
LEFT JOIN `_product_model` `pm2` ON `pm2`.`product_model_id` IN ( p.model2_id, p.model3_id)
LEFT JOIN `_category` `c` USING (`category_id`)
LEFT JOIN `_category` `sc` ON `sc`.`category_id` = `p`.`category_id`
LEFT JOIN `_product_model_var` `pmv` ON `pmv`.`product_modelvar_id` = `p`.`model_var_id`
WHERE `p`.`product_id` = :p.product_id:', [...], false)
 5 APPPATH/Models/MODEL__product.php(205): CodeIgniter\Database\BaseBuilder->get()
 6 APPPATH/Controllers/Shop.php(197): App\Models\MODEL__product->getProduct('952')
 7 FCPATH/vendor/codeigniter4/framework/system/CodeIgniter.php(941): App\Controllers\Shop->get_single_product('952')
 8 FCPATH/vendor/codeigniter4/framework/system/CodeIgniter.php(502): CodeIgniter\CodeIgniter->runController(Object(App\Controllers\Shop))
 9 FCPATH/vendor/codeigniter4/framework/system/CodeIgniter.php(361): CodeIgniter\CodeIgniter->handleRequest(null, Object(Config\Cache), false)
10 FCPATH/index.php(91): CodeIgniter\CodeIgniter->run()
INFO - 2025-08-12 14:30:04 --> Session: Class initialized using 'CodeIgniter\Session\Handlers\FileHandler' driver.
ERROR - 2025-08-12 14:30:04 --> mysqli_sql_exception: Unknown column 'pmv.product_modelvar_id' in 'ON' in /home/kukabgeu/public_html/portal.kukabg.eu/vendor/codeigniter4/framework/system/Database/MySQLi/Connection.php:306
Stack trace:
#0 /home/kukabgeu/public_html/portal.kukabg.eu/vendor/codeigniter4/framework/system/Database/MySQLi/Connection.php(306): mysqli->query('SELECT `p`.*, `...', 0)
#1 /home/kukabgeu/public_html/portal.kukabg.eu/vendor/codeigniter4/framework/system/Database/BaseConnection.php(693): CodeIgniter\Database\MySQLi\Connection->execute('SELECT `p`.*, `...')
#2 /home/kukabgeu/public_html/portal.kukabg.eu/vendor/codeigniter4/framework/system/Database/BaseConnection.php(607): CodeIgniter\Database\BaseConnection->simpleQuery('SELECT `p`.*, `...')
#3 /home/kukabgeu/public_html/portal.kukabg.eu/vendor/codeigniter4/framework/system/Database/BaseBuilder.php(1613): CodeIgniter\Database\BaseConnection->query('SELECT `p`.*, `...', Array, false)
#4 /home/kukabgeu/public_html/portal.kukabg.eu/app/Models/MODEL__product.php(205): CodeIgniter\Database\BaseBuilder->get()
#5 /home/kukabgeu/public_html/portal.kukabg.eu/app/Controllers/Shop.php(197): App\Models\MODEL__product->getProduct('952')
#6 /home/kukabgeu/public_html/portal.kukabg.eu/vendor/codeigniter4/framework/system/CodeIgniter.php(941): App\Controllers\Shop->get_single_product('952')
#7 /home/kukabgeu/public_html/portal.kukabg.eu/vendor/codeigniter4/framework/system/CodeIgniter.php(502): CodeIgniter\CodeIgniter->runController(Object(App\Controllers\Shop))
#8 /home/kukabgeu/public_html/portal.kukabg.eu/vendor/codeigniter4/framework/system/CodeIgniter.php(361): CodeIgniter\CodeIgniter->handleRequest(NULL, Object(Config\Cache), false)
#9 /home/kukabgeu/public_html/portal.kukabg.eu/index.php(91): CodeIgniter\CodeIgniter->run()
#10 {main}
CRITICAL - 2025-08-12 14:30:04 --> CodeIgniter\Database\Exceptions\DatabaseException: Unknown column 'pmv.product_modelvar_id' in 'ON'
in FCPATH/vendor/codeigniter4/framework/system/Database/BaseConnection.php on line 647.
 1 FCPATH/vendor/codeigniter4/framework/system/Database/BaseBuilder.php(1613): CodeIgniter\Database\BaseConnection->query('SELECT `p`.*, `c`.`category_name`, `sc`.`category_name` AS `subCategory_name`, `pl`.*, `b`.*, `pm`.`model`, `pmv`.`model_year`, GROUP_CONCAT(pm2.model) AS additional_models
FROM `_product` `p`
LEFT JOIN `_product_priceLevel` `pl` ON `pl`.`product_id`=`p`.`product_id`
LEFT JOIN `_brand` `b` USING (`brand_id`)
LEFT JOIN `_product_model` `pm` ON `pm`.`product_model_id`=`p`.`model_id`
LEFT JOIN `_product_model` `pm2` ON `pm2`.`product_model_id` IN ( p.model2_id, p.model3_id)
LEFT JOIN `_category` `c` USING (`category_id`)
LEFT JOIN `_category` `sc` ON `sc`.`category_id` = `p`.`category_id`
LEFT JOIN `_product_model_var` `pmv` ON `pmv`.`product_modelvar_id` = `p`.`model_var_id`
WHERE `p`.`product_id` = :p.product_id:', [...], false)
 2 APPPATH/Models/MODEL__product.php(205): CodeIgniter\Database\BaseBuilder->get()
 3 APPPATH/Controllers/Shop.php(197): App\Models\MODEL__product->getProduct('952')
 4 FCPATH/vendor/codeigniter4/framework/system/CodeIgniter.php(941): App\Controllers\Shop->get_single_product('952')
 5 FCPATH/vendor/codeigniter4/framework/system/CodeIgniter.php(502): CodeIgniter\CodeIgniter->runController(Object(App\Controllers\Shop))
 6 FCPATH/vendor/codeigniter4/framework/system/CodeIgniter.php(361): CodeIgniter\CodeIgniter->handleRequest(null, Object(Config\Cache), false)
 7 FCPATH/index.php(91): CodeIgniter\CodeIgniter->run()
CRITICAL - 2025-08-12 14:30:04 --> [Caused by] CodeIgniter\Database\Exceptions\DatabaseException: Unknown column 'pmv.product_modelvar_id' in 'ON'
in FCPATH/vendor/codeigniter4/framework/system/Database/MySQLi/Connection.php on line 311.
 1 FCPATH/vendor/codeigniter4/framework/system/Database/BaseConnection.php(693): CodeIgniter\Database\MySQLi\Connection->execute('SELECT `p`.*, `c`.`category_name`, `sc`.`category_name` AS `subCategory_name`, `pl`.*, `b`.*, `pm`.`model`, `pmv`.`model_year`, GROUP_CONCAT(pm2.model) AS additional_models
FROM `_product` `p`
LEFT JOIN `_product_priceLevel` `pl` ON `pl`.`product_id`=`p`.`product_id`
LEFT JOIN `_brand` `b` USING (`brand_id`)
LEFT JOIN `_product_model` `pm` ON `pm`.`product_model_id`=`p`.`model_id`
LEFT JOIN `_product_model` `pm2` ON `pm2`.`product_model_id` IN ( p.model2_id, p.model3_id)
LEFT JOIN `_category` `c` USING (`category_id`)
LEFT JOIN `_category` `sc` ON `sc`.`category_id` = `p`.`category_id`
LEFT JOIN `_product_model_var` `pmv` ON `pmv`.`product_modelvar_id` = `p`.`model_var_id`
WHERE `p`.`product_id` = \'952\'')
 2 FCPATH/vendor/codeigniter4/framework/system/Database/BaseConnection.php(607): CodeIgniter\Database\BaseConnection->simpleQuery('SELECT `p`.*, `c`.`category_name`, `sc`.`category_name` AS `subCategory_name`, `pl`.*, `b`.*, `pm`.`model`, `pmv`.`model_year`, GROUP_CONCAT(pm2.model) AS additional_models
FROM `_product` `p`
LEFT JOIN `_product_priceLevel` `pl` ON `pl`.`product_id`=`p`.`product_id`
LEFT JOIN `_brand` `b` USING (`brand_id`)
LEFT JOIN `_product_model` `pm` ON `pm`.`product_model_id`=`p`.`model_id`
LEFT JOIN `_product_model` `pm2` ON `pm2`.`product_model_id` IN ( p.model2_id, p.model3_id)
LEFT JOIN `_category` `c` USING (`category_id`)
LEFT JOIN `_category` `sc` ON `sc`.`category_id` = `p`.`category_id`
LEFT JOIN `_product_model_var` `pmv` ON `pmv`.`product_modelvar_id` = `p`.`model_var_id`
WHERE `p`.`product_id` = \'952\'')
 3 FCPATH/vendor/codeigniter4/framework/system/Database/BaseBuilder.php(1613): CodeIgniter\Database\BaseConnection->query('SELECT `p`.*, `c`.`category_name`, `sc`.`category_name` AS `subCategory_name`, `pl`.*, `b`.*, `pm`.`model`, `pmv`.`model_year`, GROUP_CONCAT(pm2.model) AS additional_models
FROM `_product` `p`
LEFT JOIN `_product_priceLevel` `pl` ON `pl`.`product_id`=`p`.`product_id`
LEFT JOIN `_brand` `b` USING (`brand_id`)
LEFT JOIN `_product_model` `pm` ON `pm`.`product_model_id`=`p`.`model_id`
LEFT JOIN `_product_model` `pm2` ON `pm2`.`product_model_id` IN ( p.model2_id, p.model3_id)
LEFT JOIN `_category` `c` USING (`category_id`)
LEFT JOIN `_category` `sc` ON `sc`.`category_id` = `p`.`category_id`
LEFT JOIN `_product_model_var` `pmv` ON `pmv`.`product_modelvar_id` = `p`.`model_var_id`
WHERE `p`.`product_id` = :p.product_id:', [...], false)
 4 APPPATH/Models/MODEL__product.php(205): CodeIgniter\Database\BaseBuilder->get()
 5 APPPATH/Controllers/Shop.php(197): App\Models\MODEL__product->getProduct('952')
 6 FCPATH/vendor/codeigniter4/framework/system/CodeIgniter.php(941): App\Controllers\Shop->get_single_product('952')
 7 FCPATH/vendor/codeigniter4/framework/system/CodeIgniter.php(502): CodeIgniter\CodeIgniter->runController(Object(App\Controllers\Shop))
 8 FCPATH/vendor/codeigniter4/framework/system/CodeIgniter.php(361): CodeIgniter\CodeIgniter->handleRequest(null, Object(Config\Cache), false)
 9 FCPATH/index.php(91): CodeIgniter\CodeIgniter->run()
CRITICAL - 2025-08-12 14:30:04 --> [Caused by] mysqli_sql_exception: Unknown column 'pmv.product_modelvar_id' in 'ON'
in FCPATH/vendor/codeigniter4/framework/system/Database/MySQLi/Connection.php on line 306.
 1 FCPATH/vendor/codeigniter4/framework/system/Database/MySQLi/Connection.php(306): mysqli->query('SELECT `p`.*, `c`.`category_name`, `sc`.`category_name` AS `subCategory_name`, `pl`.*, `b`.*, `pm`.`model`, `pmv`.`model_year`, GROUP_CONCAT(pm2.model) AS additional_models
FROM `_product` `p`
LEFT JOIN `_product_priceLevel` `pl` ON `pl`.`product_id`=`p`.`product_id`
LEFT JOIN `_brand` `b` USING (`brand_id`)
LEFT JOIN `_product_model` `pm` ON `pm`.`product_model_id`=`p`.`model_id`
LEFT JOIN `_product_model` `pm2` ON `pm2`.`product_model_id` IN ( p.model2_id, p.model3_id)
LEFT JOIN `_category` `c` USING (`category_id`)
LEFT JOIN `_category` `sc` ON `sc`.`category_id` = `p`.`category_id`
LEFT JOIN `_product_model_var` `pmv` ON `pmv`.`product_modelvar_id` = `p`.`model_var_id`
WHERE `p`.`product_id` = \'952\'', 0)
 2 FCPATH/vendor/codeigniter4/framework/system/Database/BaseConnection.php(693): CodeIgniter\Database\MySQLi\Connection->execute('SELECT `p`.*, `c`.`category_name`, `sc`.`category_name` AS `subCategory_name`, `pl`.*, `b`.*, `pm`.`model`, `pmv`.`model_year`, GROUP_CONCAT(pm2.model) AS additional_models
FROM `_product` `p`
LEFT JOIN `_product_priceLevel` `pl` ON `pl`.`product_id`=`p`.`product_id`
LEFT JOIN `_brand` `b` USING (`brand_id`)
LEFT JOIN `_product_model` `pm` ON `pm`.`product_model_id`=`p`.`model_id`
LEFT JOIN `_product_model` `pm2` ON `pm2`.`product_model_id` IN ( p.model2_id, p.model3_id)
LEFT JOIN `_category` `c` USING (`category_id`)
LEFT JOIN `_category` `sc` ON `sc`.`category_id` = `p`.`category_id`
LEFT JOIN `_product_model_var` `pmv` ON `pmv`.`product_modelvar_id` = `p`.`model_var_id`
WHERE `p`.`product_id` = \'952\'')
 3 FCPATH/vendor/codeigniter4/framework/system/Database/BaseConnection.php(607): CodeIgniter\Database\BaseConnection->simpleQuery('SELECT `p`.*, `c`.`category_name`, `sc`.`category_name` AS `subCategory_name`, `pl`.*, `b`.*, `pm`.`model`, `pmv`.`model_year`, GROUP_CONCAT(pm2.model) AS additional_models
FROM `_product` `p`
LEFT JOIN `_product_priceLevel` `pl` ON `pl`.`product_id`=`p`.`product_id`
LEFT JOIN `_brand` `b` USING (`brand_id`)
LEFT JOIN `_product_model` `pm` ON `pm`.`product_model_id`=`p`.`model_id`
LEFT JOIN `_product_model` `pm2` ON `pm2`.`product_model_id` IN ( p.model2_id, p.model3_id)
LEFT JOIN `_category` `c` USING (`category_id`)
LEFT JOIN `_category` `sc` ON `sc`.`category_id` = `p`.`category_id`
LEFT JOIN `_product_model_var` `pmv` ON `pmv`.`product_modelvar_id` = `p`.`model_var_id`
WHERE `p`.`product_id` = \'952\'')
 4 FCPATH/vendor/codeigniter4/framework/system/Database/BaseBuilder.php(1613): CodeIgniter\Database\BaseConnection->query('SELECT `p`.*, `c`.`category_name`, `sc`.`category_name` AS `subCategory_name`, `pl`.*, `b`.*, `pm`.`model`, `pmv`.`model_year`, GROUP_CONCAT(pm2.model) AS additional_models
FROM `_product` `p`
LEFT JOIN `_product_priceLevel` `pl` ON `pl`.`product_id`=`p`.`product_id`
LEFT JOIN `_brand` `b` USING (`brand_id`)
LEFT JOIN `_product_model` `pm` ON `pm`.`product_model_id`=`p`.`model_id`
LEFT JOIN `_product_model` `pm2` ON `pm2`.`product_model_id` IN ( p.model2_id, p.model3_id)
LEFT JOIN `_category` `c` USING (`category_id`)
LEFT JOIN `_category` `sc` ON `sc`.`category_id` = `p`.`category_id`
LEFT JOIN `_product_model_var` `pmv` ON `pmv`.`product_modelvar_id` = `p`.`model_var_id`
WHERE `p`.`product_id` = :p.product_id:', [...], false)
 5 APPPATH/Models/MODEL__product.php(205): CodeIgniter\Database\BaseBuilder->get()
 6 APPPATH/Controllers/Shop.php(197): App\Models\MODEL__product->getProduct('952')
 7 FCPATH/vendor/codeigniter4/framework/system/CodeIgniter.php(941): App\Controllers\Shop->get_single_product('952')
 8 FCPATH/vendor/codeigniter4/framework/system/CodeIgniter.php(502): CodeIgniter\CodeIgniter->runController(Object(App\Controllers\Shop))
 9 FCPATH/vendor/codeigniter4/framework/system/CodeIgniter.php(361): CodeIgniter\CodeIgniter->handleRequest(null, Object(Config\Cache), false)
10 FCPATH/index.php(91): CodeIgniter\CodeIgniter->run()
INFO - 2025-08-12 14:30:08 --> Session: Class initialized using 'CodeIgniter\Session\Handlers\FileHandler' driver.
ERROR - 2025-08-12 14:30:08 --> mysqli_sql_exception: Unknown column 'pmv.product_modelvar_id' in 'ON' in /home/kukabgeu/public_html/portal.kukabg.eu/vendor/codeigniter4/framework/system/Database/MySQLi/Connection.php:306
Stack trace:
#0 /home/kukabgeu/public_html/portal.kukabg.eu/vendor/codeigniter4/framework/system/Database/MySQLi/Connection.php(306): mysqli->query('SELECT `p`.*, `...', 0)
#1 /home/kukabgeu/public_html/portal.kukabg.eu/vendor/codeigniter4/framework/system/Database/BaseConnection.php(693): CodeIgniter\Database\MySQLi\Connection->execute('SELECT `p`.*, `...')
#2 /home/kukabgeu/public_html/portal.kukabg.eu/vendor/codeigniter4/framework/system/Database/BaseConnection.php(607): CodeIgniter\Database\BaseConnection->simpleQuery('SELECT `p`.*, `...')
#3 /home/kukabgeu/public_html/portal.kukabg.eu/vendor/codeigniter4/framework/system/Database/BaseBuilder.php(1613): CodeIgniter\Database\BaseConnection->query('SELECT `p`.*, `...', Array, false)
#4 /home/kukabgeu/public_html/portal.kukabg.eu/app/Models/MODEL__product.php(205): CodeIgniter\Database\BaseBuilder->get()
#5 /home/kukabgeu/public_html/portal.kukabg.eu/app/Controllers/Shop.php(197): App\Models\MODEL__product->getProduct('952')
#6 /home/kukabgeu/public_html/portal.kukabg.eu/vendor/codeigniter4/framework/system/CodeIgniter.php(941): App\Controllers\Shop->get_single_product('952')
#7 /home/kukabgeu/public_html/portal.kukabg.eu/vendor/codeigniter4/framework/system/CodeIgniter.php(502): CodeIgniter\CodeIgniter->runController(Object(App\Controllers\Shop))
#8 /home/kukabgeu/public_html/portal.kukabg.eu/vendor/codeigniter4/framework/system/CodeIgniter.php(361): CodeIgniter\CodeIgniter->handleRequest(NULL, Object(Config\Cache), false)
#9 /home/kukabgeu/public_html/portal.kukabg.eu/index.php(91): CodeIgniter\CodeIgniter->run()
#10 {main}
CRITICAL - 2025-08-12 14:30:08 --> CodeIgniter\Database\Exceptions\DatabaseException: Unknown column 'pmv.product_modelvar_id' in 'ON'
in FCPATH/vendor/codeigniter4/framework/system/Database/BaseConnection.php on line 647.
 1 FCPATH/vendor/codeigniter4/framework/system/Database/BaseBuilder.php(1613): CodeIgniter\Database\BaseConnection->query('SELECT `p`.*, `c`.`category_name`, `sc`.`category_name` AS `subCategory_name`, `pl`.*, `b`.*, `pm`.`model`, `pmv`.`model_year`, GROUP_CONCAT(pm2.model) AS additional_models
FROM `_product` `p`
LEFT JOIN `_product_priceLevel` `pl` ON `pl`.`product_id`=`p`.`product_id`
LEFT JOIN `_brand` `b` USING (`brand_id`)
LEFT JOIN `_product_model` `pm` ON `pm`.`product_model_id`=`p`.`model_id`
LEFT JOIN `_product_model` `pm2` ON `pm2`.`product_model_id` IN ( p.model2_id, p.model3_id)
LEFT JOIN `_category` `c` USING (`category_id`)
LEFT JOIN `_category` `sc` ON `sc`.`category_id` = `p`.`category_id`
LEFT JOIN `_product_model_var` `pmv` ON `pmv`.`product_modelvar_id` = `p`.`model_var_id`
WHERE `p`.`product_id` = :p.product_id:', [...], false)
 2 APPPATH/Models/MODEL__product.php(205): CodeIgniter\Database\BaseBuilder->get()
 3 APPPATH/Controllers/Shop.php(197): App\Models\MODEL__product->getProduct('952')
 4 FCPATH/vendor/codeigniter4/framework/system/CodeIgniter.php(941): App\Controllers\Shop->get_single_product('952')
 5 FCPATH/vendor/codeigniter4/framework/system/CodeIgniter.php(502): CodeIgniter\CodeIgniter->runController(Object(App\Controllers\Shop))
 6 FCPATH/vendor/codeigniter4/framework/system/CodeIgniter.php(361): CodeIgniter\CodeIgniter->handleRequest(null, Object(Config\Cache), false)
 7 FCPATH/index.php(91): CodeIgniter\CodeIgniter->run()
CRITICAL - 2025-08-12 14:30:08 --> [Caused by] CodeIgniter\Database\Exceptions\DatabaseException: Unknown column 'pmv.product_modelvar_id' in 'ON'
in FCPATH/vendor/codeigniter4/framework/system/Database/MySQLi/Connection.php on line 311.
 1 FCPATH/vendor/codeigniter4/framework/system/Database/BaseConnection.php(693): CodeIgniter\Database\MySQLi\Connection->execute('SELECT `p`.*, `c`.`category_name`, `sc`.`category_name` AS `subCategory_name`, `pl`.*, `b`.*, `pm`.`model`, `pmv`.`model_year`, GROUP_CONCAT(pm2.model) AS additional_models
FROM `_product` `p`
LEFT JOIN `_product_priceLevel` `pl` ON `pl`.`product_id`=`p`.`product_id`
LEFT JOIN `_brand` `b` USING (`brand_id`)
LEFT JOIN `_product_model` `pm` ON `pm`.`product_model_id`=`p`.`model_id`
LEFT JOIN `_product_model` `pm2` ON `pm2`.`product_model_id` IN ( p.model2_id, p.model3_id)
LEFT JOIN `_category` `c` USING (`category_id`)
LEFT JOIN `_category` `sc` ON `sc`.`category_id` = `p`.`category_id`
LEFT JOIN `_product_model_var` `pmv` ON `pmv`.`product_modelvar_id` = `p`.`model_var_id`
WHERE `p`.`product_id` = \'952\'')
 2 FCPATH/vendor/codeigniter4/framework/system/Database/BaseConnection.php(607): CodeIgniter\Database\BaseConnection->simpleQuery('SELECT `p`.*, `c`.`category_name`, `sc`.`category_name` AS `subCategory_name`, `pl`.*, `b`.*, `pm`.`model`, `pmv`.`model_year`, GROUP_CONCAT(pm2.model) AS additional_models
FROM `_product` `p`
LEFT JOIN `_product_priceLevel` `pl` ON `pl`.`product_id`=`p`.`product_id`
LEFT JOIN `_brand` `b` USING (`brand_id`)
LEFT JOIN `_product_model` `pm` ON `pm`.`product_model_id`=`p`.`model_id`
LEFT JOIN `_product_model` `pm2` ON `pm2`.`product_model_id` IN ( p.model2_id, p.model3_id)
LEFT JOIN `_category` `c` USING (`category_id`)
LEFT JOIN `_category` `sc` ON `sc`.`category_id` = `p`.`category_id`
LEFT JOIN `_product_model_var` `pmv` ON `pmv`.`product_modelvar_id` = `p`.`model_var_id`
WHERE `p`.`product_id` = \'952\'')
 3 FCPATH/vendor/codeigniter4/framework/system/Database/BaseBuilder.php(1613): CodeIgniter\Database\BaseConnection->query('SELECT `p`.*, `c`.`category_name`, `sc`.`category_name` AS `subCategory_name`, `pl`.*, `b`.*, `pm`.`model`, `pmv`.`model_year`, GROUP_CONCAT(pm2.model) AS additional_models
FROM `_product` `p`
LEFT JOIN `_product_priceLevel` `pl` ON `pl`.`product_id`=`p`.`product_id`
LEFT JOIN `_brand` `b` USING (`brand_id`)
LEFT JOIN `_product_model` `pm` ON `pm`.`product_model_id`=`p`.`model_id`
LEFT JOIN `_product_model` `pm2` ON `pm2`.`product_model_id` IN ( p.model2_id, p.model3_id)
LEFT JOIN `_category` `c` USING (`category_id`)
LEFT JOIN `_category` `sc` ON `sc`.`category_id` = `p`.`category_id`
LEFT JOIN `_product_model_var` `pmv` ON `pmv`.`product_modelvar_id` = `p`.`model_var_id`
WHERE `p`.`product_id` = :p.product_id:', [...], false)
 4 APPPATH/Models/MODEL__product.php(205): CodeIgniter\Database\BaseBuilder->get()
 5 APPPATH/Controllers/Shop.php(197): App\Models\MODEL__product->getProduct('952')
 6 FCPATH/vendor/codeigniter4/framework/system/CodeIgniter.php(941): App\Controllers\Shop->get_single_product('952')
 7 FCPATH/vendor/codeigniter4/framework/system/CodeIgniter.php(502): CodeIgniter\CodeIgniter->runController(Object(App\Controllers\Shop))
 8 FCPATH/vendor/codeigniter4/framework/system/CodeIgniter.php(361): CodeIgniter\CodeIgniter->handleRequest(null, Object(Config\Cache), false)
 9 FCPATH/index.php(91): CodeIgniter\CodeIgniter->run()
CRITICAL - 2025-08-12 14:30:08 --> [Caused by] mysqli_sql_exception: Unknown column 'pmv.product_modelvar_id' in 'ON'
in FCPATH/vendor/codeigniter4/framework/system/Database/MySQLi/Connection.php on line 306.
 1 FCPATH/vendor/codeigniter4/framework/system/Database/MySQLi/Connection.php(306): mysqli->query('SELECT `p`.*, `c`.`category_name`, `sc`.`category_name` AS `subCategory_name`, `pl`.*, `b`.*, `pm`.`model`, `pmv`.`model_year`, GROUP_CONCAT(pm2.model) AS additional_models
FROM `_product` `p`
LEFT JOIN `_product_priceLevel` `pl` ON `pl`.`product_id`=`p`.`product_id`
LEFT JOIN `_brand` `b` USING (`brand_id`)
LEFT JOIN `_product_model` `pm` ON `pm`.`product_model_id`=`p`.`model_id`
LEFT JOIN `_product_model` `pm2` ON `pm2`.`product_model_id` IN ( p.model2_id, p.model3_id)
LEFT JOIN `_category` `c` USING (`category_id`)
LEFT JOIN `_category` `sc` ON `sc`.`category_id` = `p`.`category_id`
LEFT JOIN `_product_model_var` `pmv` ON `pmv`.`product_modelvar_id` = `p`.`model_var_id`
WHERE `p`.`product_id` = \'952\'', 0)
 2 FCPATH/vendor/codeigniter4/framework/system/Database/BaseConnection.php(693): CodeIgniter\Database\MySQLi\Connection->execute('SELECT `p`.*, `c`.`category_name`, `sc`.`category_name` AS `subCategory_name`, `pl`.*, `b`.*, `pm`.`model`, `pmv`.`model_year`, GROUP_CONCAT(pm2.model) AS additional_models
FROM `_product` `p`
LEFT JOIN `_product_priceLevel` `pl` ON `pl`.`product_id`=`p`.`product_id`
LEFT JOIN `_brand` `b` USING (`brand_id`)
LEFT JOIN `_product_model` `pm` ON `pm`.`product_model_id`=`p`.`model_id`
LEFT JOIN `_product_model` `pm2` ON `pm2`.`product_model_id` IN ( p.model2_id, p.model3_id)
LEFT JOIN `_category` `c` USING (`category_id`)
LEFT JOIN `_category` `sc` ON `sc`.`category_id` = `p`.`category_id`
LEFT JOIN `_product_model_var` `pmv` ON `pmv`.`product_modelvar_id` = `p`.`model_var_id`
WHERE `p`.`product_id` = \'952\'')
 3 FCPATH/vendor/codeigniter4/framework/system/Database/BaseConnection.php(607): CodeIgniter\Database\BaseConnection->simpleQuery('SELECT `p`.*, `c`.`category_name`, `sc`.`category_name` AS `subCategory_name`, `pl`.*, `b`.*, `pm`.`model`, `pmv`.`model_year`, GROUP_CONCAT(pm2.model) AS additional_models
FROM `_product` `p`
LEFT JOIN `_product_priceLevel` `pl` ON `pl`.`product_id`=`p`.`product_id`
LEFT JOIN `_brand` `b` USING (`brand_id`)
LEFT JOIN `_product_model` `pm` ON `pm`.`product_model_id`=`p`.`model_id`
LEFT JOIN `_product_model` `pm2` ON `pm2`.`product_model_id` IN ( p.model2_id, p.model3_id)
LEFT JOIN `_category` `c` USING (`category_id`)
LEFT JOIN `_category` `sc` ON `sc`.`category_id` = `p`.`category_id`
LEFT JOIN `_product_model_var` `pmv` ON `pmv`.`product_modelvar_id` = `p`.`model_var_id`
WHERE `p`.`product_id` = \'952\'')
 4 FCPATH/vendor/codeigniter4/framework/system/Database/BaseBuilder.php(1613): CodeIgniter\Database\BaseConnection->query('SELECT `p`.*, `c`.`category_name`, `sc`.`category_name` AS `subCategory_name`, `pl`.*, `b`.*, `pm`.`model`, `pmv`.`model_year`, GROUP_CONCAT(pm2.model) AS additional_models
FROM `_product` `p`
LEFT JOIN `_product_priceLevel` `pl` ON `pl`.`product_id`=`p`.`product_id`
LEFT JOIN `_brand` `b` USING (`brand_id`)
LEFT JOIN `_product_model` `pm` ON `pm`.`product_model_id`=`p`.`model_id`
LEFT JOIN `_product_model` `pm2` ON `pm2`.`product_model_id` IN ( p.model2_id, p.model3_id)
LEFT JOIN `_category` `c` USING (`category_id`)
LEFT JOIN `_category` `sc` ON `sc`.`category_id` = `p`.`category_id`
LEFT JOIN `_product_model_var` `pmv` ON `pmv`.`product_modelvar_id` = `p`.`model_var_id`
WHERE `p`.`product_id` = :p.product_id:', [...], false)
 5 APPPATH/Models/MODEL__product.php(205): CodeIgniter\Database\BaseBuilder->get()
 6 APPPATH/Controllers/Shop.php(197): App\Models\MODEL__product->getProduct('952')
 7 FCPATH/vendor/codeigniter4/framework/system/CodeIgniter.php(941): App\Controllers\Shop->get_single_product('952')
 8 FCPATH/vendor/codeigniter4/framework/system/CodeIgniter.php(502): CodeIgniter\CodeIgniter->runController(Object(App\Controllers\Shop))
 9 FCPATH/vendor/codeigniter4/framework/system/CodeIgniter.php(361): CodeIgniter\CodeIgniter->handleRequest(null, Object(Config\Cache), false)
10 FCPATH/index.php(91): CodeIgniter\CodeIgniter->run()
INFO - 2025-08-12 14:30:30 --> Session: Class initialized using 'CodeIgniter\Session\Handlers\FileHandler' driver.
INFO - 2025-08-12 14:49:52 --> Session: Class initialized using 'CodeIgniter\Session\Handlers\FileHandler' driver.
ERROR - 2025-08-12 14:49:52 --> mysqli_sql_exception: Table 'kukabgeu_portal.product_model_var' doesn't exist in /home/kukabgeu/public_html/portal.kukabg.eu/vendor/codeigniter4/framework/system/Database/MySQLi/Connection.php:306
Stack trace:
#0 /home/kukabgeu/public_html/portal.kukabg.eu/vendor/codeigniter4/framework/system/Database/MySQLi/Connection.php(306): mysqli->query('SELECT `p`.*, `...', 0)
#1 /home/kukabgeu/public_html/portal.kukabg.eu/vendor/codeigniter4/framework/system/Database/BaseConnection.php(693): CodeIgniter\Database\MySQLi\Connection->execute('SELECT `p`.*, `...')
#2 /home/kukabgeu/public_html/portal.kukabg.eu/vendor/codeigniter4/framework/system/Database/BaseConnection.php(607): CodeIgniter\Database\BaseConnection->simpleQuery('SELECT `p`.*, `...')
#3 /home/kukabgeu/public_html/portal.kukabg.eu/vendor/codeigniter4/framework/system/Database/BaseBuilder.php(1613): CodeIgniter\Database\BaseConnection->query('SELECT `p`.*, `...', Array, false)
#4 /home/kukabgeu/public_html/portal.kukabg.eu/app/Models/MODEL__product.php(210): CodeIgniter\Database\BaseBuilder->get()
#5 /home/kukabgeu/public_html/portal.kukabg.eu/app/Controllers/Shop.php(197): App\Models\MODEL__product->getProduct('952')
#6 /home/kukabgeu/public_html/portal.kukabg.eu/vendor/codeigniter4/framework/system/CodeIgniter.php(941): App\Controllers\Shop->get_single_product('952')
#7 /home/kukabgeu/public_html/portal.kukabg.eu/vendor/codeigniter4/framework/system/CodeIgniter.php(502): CodeIgniter\CodeIgniter->runController(Object(App\Controllers\Shop))
#8 /home/kukabgeu/public_html/portal.kukabg.eu/vendor/codeigniter4/framework/system/CodeIgniter.php(361): CodeIgniter\CodeIgniter->handleRequest(NULL, Object(Config\Cache), false)
#9 /home/kukabgeu/public_html/portal.kukabg.eu/index.php(91): CodeIgniter\CodeIgniter->run()
#10 {main}
CRITICAL - 2025-08-12 14:49:52 --> CodeIgniter\Database\Exceptions\DatabaseException: Table 'kukabgeu_portal.product_model_var' doesn't exist
in FCPATH/vendor/codeigniter4/framework/system/Database/BaseConnection.php on line 647.
 1 FCPATH/vendor/codeigniter4/framework/system/Database/BaseBuilder.php(1613): CodeIgniter\Database\BaseConnection->query('SELECT `p`.*, `c`.`category_name`, `sc`.`category_name` AS `subCategory_name`, `pl`.*, `b`.*, `pm`.`model`, GROUP_CONCAT(pm2.model) AS additional_models, `pmv`.`model_year`
FROM `_product` `p`
LEFT JOIN `_product_priceLevel` `pl` ON `pl`.`product_id`=`p`.`product_id`
LEFT JOIN `_brand` `b` USING (`brand_id`)
LEFT JOIN `_product_model` `pm` ON `pm`.`product_model_id`=`p`.`model_id`
LEFT JOIN `_product_model` `pm2` ON `pm2`.`product_model_id` IN ( p.model2_id, p.model3_id)
LEFT JOIN `_category` `c` USING (`category_id`)
LEFT JOIN `_category` `sc` ON `sc`.`category_id` = `p`.`category_id`
LEFT JOIN `product_model_var` `pmv` ON `pmv`.`product_model_id` = `pm`.`product_model_id`
WHERE `p`.`product_id` = :p.product_id:
GROUP BY `p`.`product_id`', [...], false)
 2 APPPATH/Models/MODEL__product.php(210): CodeIgniter\Database\BaseBuilder->get()
 3 APPPATH/Controllers/Shop.php(197): App\Models\MODEL__product->getProduct('952')
 4 FCPATH/vendor/codeigniter4/framework/system/CodeIgniter.php(941): App\Controllers\Shop->get_single_product('952')
 5 FCPATH/vendor/codeigniter4/framework/system/CodeIgniter.php(502): CodeIgniter\CodeIgniter->runController(Object(App\Controllers\Shop))
 6 FCPATH/vendor/codeigniter4/framework/system/CodeIgniter.php(361): CodeIgniter\CodeIgniter->handleRequest(null, Object(Config\Cache), false)
 7 FCPATH/index.php(91): CodeIgniter\CodeIgniter->run()
CRITICAL - 2025-08-12 14:49:52 --> [Caused by] CodeIgniter\Database\Exceptions\DatabaseException: Table 'kukabgeu_portal.product_model_var' doesn't exist
in FCPATH/vendor/codeigniter4/framework/system/Database/MySQLi/Connection.php on line 311.
 1 FCPATH/vendor/codeigniter4/framework/system/Database/BaseConnection.php(693): CodeIgniter\Database\MySQLi\Connection->execute('SELECT `p`.*, `c`.`category_name`, `sc`.`category_name` AS `subCategory_name`, `pl`.*, `b`.*, `pm`.`model`, GROUP_CONCAT(pm2.model) AS additional_models, `pmv`.`model_year`
FROM `_product` `p`
LEFT JOIN `_product_priceLevel` `pl` ON `pl`.`product_id`=`p`.`product_id`
LEFT JOIN `_brand` `b` USING (`brand_id`)
LEFT JOIN `_product_model` `pm` ON `pm`.`product_model_id`=`p`.`model_id`
LEFT JOIN `_product_model` `pm2` ON `pm2`.`product_model_id` IN ( p.model2_id, p.model3_id)
LEFT JOIN `_category` `c` USING (`category_id`)
LEFT JOIN `_category` `sc` ON `sc`.`category_id` = `p`.`category_id`
LEFT JOIN `product_model_var` `pmv` ON `pmv`.`product_model_id` = `pm`.`product_model_id`
WHERE `p`.`product_id` = \'952\'
GROUP BY `p`.`product_id`')
 2 FCPATH/vendor/codeigniter4/framework/system/Database/BaseConnection.php(607): CodeIgniter\Database\BaseConnection->simpleQuery('SELECT `p`.*, `c`.`category_name`, `sc`.`category_name` AS `subCategory_name`, `pl`.*, `b`.*, `pm`.`model`, GROUP_CONCAT(pm2.model) AS additional_models, `pmv`.`model_year`
FROM `_product` `p`
LEFT JOIN `_product_priceLevel` `pl` ON `pl`.`product_id`=`p`.`product_id`
LEFT JOIN `_brand` `b` USING (`brand_id`)
LEFT JOIN `_product_model` `pm` ON `pm`.`product_model_id`=`p`.`model_id`
LEFT JOIN `_product_model` `pm2` ON `pm2`.`product_model_id` IN ( p.model2_id, p.model3_id)
LEFT JOIN `_category` `c` USING (`category_id`)
LEFT JOIN `_category` `sc` ON `sc`.`category_id` = `p`.`category_id`
LEFT JOIN `product_model_var` `pmv` ON `pmv`.`product_model_id` = `pm`.`product_model_id`
WHERE `p`.`product_id` = \'952\'
GROUP BY `p`.`product_id`')
 3 FCPATH/vendor/codeigniter4/framework/system/Database/BaseBuilder.php(1613): CodeIgniter\Database\BaseConnection->query('SELECT `p`.*, `c`.`category_name`, `sc`.`category_name` AS `subCategory_name`, `pl`.*, `b`.*, `pm`.`model`, GROUP_CONCAT(pm2.model) AS additional_models, `pmv`.`model_year`
FROM `_product` `p`
LEFT JOIN `_product_priceLevel` `pl` ON `pl`.`product_id`=`p`.`product_id`
LEFT JOIN `_brand` `b` USING (`brand_id`)
LEFT JOIN `_product_model` `pm` ON `pm`.`product_model_id`=`p`.`model_id`
LEFT JOIN `_product_model` `pm2` ON `pm2`.`product_model_id` IN ( p.model2_id, p.model3_id)
LEFT JOIN `_category` `c` USING (`category_id`)
LEFT JOIN `_category` `sc` ON `sc`.`category_id` = `p`.`category_id`
LEFT JOIN `product_model_var` `pmv` ON `pmv`.`product_model_id` = `pm`.`product_model_id`
WHERE `p`.`product_id` = :p.product_id:
GROUP BY `p`.`product_id`', [...], false)
 4 APPPATH/Models/MODEL__product.php(210): CodeIgniter\Database\BaseBuilder->get()
 5 APPPATH/Controllers/Shop.php(197): App\Models\MODEL__product->getProduct('952')
 6 FCPATH/vendor/codeigniter4/framework/system/CodeIgniter.php(941): App\Controllers\Shop->get_single_product('952')
 7 FCPATH/vendor/codeigniter4/framework/system/CodeIgniter.php(502): CodeIgniter\CodeIgniter->runController(Object(App\Controllers\Shop))
 8 FCPATH/vendor/codeigniter4/framework/system/CodeIgniter.php(361): CodeIgniter\CodeIgniter->handleRequest(null, Object(Config\Cache), false)
 9 FCPATH/index.php(91): CodeIgniter\CodeIgniter->run()
CRITICAL - 2025-08-12 14:49:52 --> [Caused by] mysqli_sql_exception: Table 'kukabgeu_portal.product_model_var' doesn't exist
in FCPATH/vendor/codeigniter4/framework/system/Database/MySQLi/Connection.php on line 306.
 1 FCPATH/vendor/codeigniter4/framework/system/Database/MySQLi/Connection.php(306): mysqli->query('SELECT `p`.*, `c`.`category_name`, `sc`.`category_name` AS `subCategory_name`, `pl`.*, `b`.*, `pm`.`model`, GROUP_CONCAT(pm2.model) AS additional_models, `pmv`.`model_year`
FROM `_product` `p`
LEFT JOIN `_product_priceLevel` `pl` ON `pl`.`product_id`=`p`.`product_id`
LEFT JOIN `_brand` `b` USING (`brand_id`)
LEFT JOIN `_product_model` `pm` ON `pm`.`product_model_id`=`p`.`model_id`
LEFT JOIN `_product_model` `pm2` ON `pm2`.`product_model_id` IN ( p.model2_id, p.model3_id)
LEFT JOIN `_category` `c` USING (`category_id`)
LEFT JOIN `_category` `sc` ON `sc`.`category_id` = `p`.`category_id`
LEFT JOIN `product_model_var` `pmv` ON `pmv`.`product_model_id` = `pm`.`product_model_id`
WHERE `p`.`product_id` = \'952\'
GROUP BY `p`.`product_id`', 0)
 2 FCPATH/vendor/codeigniter4/framework/system/Database/BaseConnection.php(693): CodeIgniter\Database\MySQLi\Connection->execute('SELECT `p`.*, `c`.`category_name`, `sc`.`category_name` AS `subCategory_name`, `pl`.*, `b`.*, `pm`.`model`, GROUP_CONCAT(pm2.model) AS additional_models, `pmv`.`model_year`
FROM `_product` `p`
LEFT JOIN `_product_priceLevel` `pl` ON `pl`.`product_id`=`p`.`product_id`
LEFT JOIN `_brand` `b` USING (`brand_id`)
LEFT JOIN `_product_model` `pm` ON `pm`.`product_model_id`=`p`.`model_id`
LEFT JOIN `_product_model` `pm2` ON `pm2`.`product_model_id` IN ( p.model2_id, p.model3_id)
LEFT JOIN `_category` `c` USING (`category_id`)
LEFT JOIN `_category` `sc` ON `sc`.`category_id` = `p`.`category_id`
LEFT JOIN `product_model_var` `pmv` ON `pmv`.`product_model_id` = `pm`.`product_model_id`
WHERE `p`.`product_id` = \'952\'
GROUP BY `p`.`product_id`')
 3 FCPATH/vendor/codeigniter4/framework/system/Database/BaseConnection.php(607): CodeIgniter\Database\BaseConnection->simpleQuery('SELECT `p`.*, `c`.`category_name`, `sc`.`category_name` AS `subCategory_name`, `pl`.*, `b`.*, `pm`.`model`, GROUP_CONCAT(pm2.model) AS additional_models, `pmv`.`model_year`
FROM `_product` `p`
LEFT JOIN `_product_priceLevel` `pl` ON `pl`.`product_id`=`p`.`product_id`
LEFT JOIN `_brand` `b` USING (`brand_id`)
LEFT JOIN `_product_model` `pm` ON `pm`.`product_model_id`=`p`.`model_id`
LEFT JOIN `_product_model` `pm2` ON `pm2`.`product_model_id` IN ( p.model2_id, p.model3_id)
LEFT JOIN `_category` `c` USING (`category_id`)
LEFT JOIN `_category` `sc` ON `sc`.`category_id` = `p`.`category_id`
LEFT JOIN `product_model_var` `pmv` ON `pmv`.`product_model_id` = `pm`.`product_model_id`
WHERE `p`.`product_id` = \'952\'
GROUP BY `p`.`product_id`')
 4 FCPATH/vendor/codeigniter4/framework/system/Database/BaseBuilder.php(1613): CodeIgniter\Database\BaseConnection->query('SELECT `p`.*, `c`.`category_name`, `sc`.`category_name` AS `subCategory_name`, `pl`.*, `b`.*, `pm`.`model`, GROUP_CONCAT(pm2.model) AS additional_models, `pmv`.`model_year`
FROM `_product` `p`
LEFT JOIN `_product_priceLevel` `pl` ON `pl`.`product_id`=`p`.`product_id`
LEFT JOIN `_brand` `b` USING (`brand_id`)
LEFT JOIN `_product_model` `pm` ON `pm`.`product_model_id`=`p`.`model_id`
LEFT JOIN `_product_model` `pm2` ON `pm2`.`product_model_id` IN ( p.model2_id, p.model3_id)
LEFT JOIN `_category` `c` USING (`category_id`)
LEFT JOIN `_category` `sc` ON `sc`.`category_id` = `p`.`category_id`
LEFT JOIN `product_model_var` `pmv` ON `pmv`.`product_model_id` = `pm`.`product_model_id`
WHERE `p`.`product_id` = :p.product_id:
GROUP BY `p`.`product_id`', [...], false)
 5 APPPATH/Models/MODEL__product.php(210): CodeIgniter\Database\BaseBuilder->get()
 6 APPPATH/Controllers/Shop.php(197): App\Models\MODEL__product->getProduct('952')
 7 FCPATH/vendor/codeigniter4/framework/system/CodeIgniter.php(941): App\Controllers\Shop->get_single_product('952')
 8 FCPATH/vendor/codeigniter4/framework/system/CodeIgniter.php(502): CodeIgniter\CodeIgniter->runController(Object(App\Controllers\Shop))
 9 FCPATH/vendor/codeigniter4/framework/system/CodeIgniter.php(361): CodeIgniter\CodeIgniter->handleRequest(null, Object(Config\Cache), false)
10 FCPATH/index.php(91): CodeIgniter\CodeIgniter->run()
INFO - 2025-08-12 14:50:06 --> Session: Class initialized using 'CodeIgniter\Session\Handlers\FileHandler' driver.
INFO - 2025-08-12 14:50:08 --> Session: Class initialized using 'CodeIgniter\Session\Handlers\FileHandler' driver.
INFO - 2025-08-12 14:50:08 --> Session: Class initialized using 'CodeIgniter\Session\Handlers\FileHandler' driver.
ERROR - 2025-08-12 14:50:08 --> mysqli_sql_exception: Table 'kukabgeu_portal.product_model_var' doesn't exist in /home/kukabgeu/public_html/portal.kukabg.eu/vendor/codeigniter4/framework/system/Database/MySQLi/Connection.php:306
Stack trace:
#0 /home/kukabgeu/public_html/portal.kukabg.eu/vendor/codeigniter4/framework/system/Database/MySQLi/Connection.php(306): mysqli->query('SELECT `p`.*, `...', 0)
#1 /home/kukabgeu/public_html/portal.kukabg.eu/vendor/codeigniter4/framework/system/Database/BaseConnection.php(693): CodeIgniter\Database\MySQLi\Connection->execute('SELECT `p`.*, `...')
#2 /home/kukabgeu/public_html/portal.kukabg.eu/vendor/codeigniter4/framework/system/Database/BaseConnection.php(607): CodeIgniter\Database\BaseConnection->simpleQuery('SELECT `p`.*, `...')
#3 /home/kukabgeu/public_html/portal.kukabg.eu/vendor/codeigniter4/framework/system/Database/BaseBuilder.php(1613): CodeIgniter\Database\BaseConnection->query('SELECT `p`.*, `...', Array, false)
#4 /home/kukabgeu/public_html/portal.kukabg.eu/app/Models/MODEL__product.php(210): CodeIgniter\Database\BaseBuilder->get()
#5 /home/kukabgeu/public_html/portal.kukabg.eu/app/Controllers/Shop.php(197): App\Models\MODEL__product->getProduct('952')
#6 /home/kukabgeu/public_html/portal.kukabg.eu/vendor/codeigniter4/framework/system/CodeIgniter.php(941): App\Controllers\Shop->get_single_product('952')
#7 /home/kukabgeu/public_html/portal.kukabg.eu/vendor/codeigniter4/framework/system/CodeIgniter.php(502): CodeIgniter\CodeIgniter->runController(Object(App\Controllers\Shop))
#8 /home/kukabgeu/public_html/portal.kukabg.eu/vendor/codeigniter4/framework/system/CodeIgniter.php(361): CodeIgniter\CodeIgniter->handleRequest(NULL, Object(Config\Cache), false)
#9 /home/kukabgeu/public_html/portal.kukabg.eu/index.php(91): CodeIgniter\CodeIgniter->run()
#10 {main}
CRITICAL - 2025-08-12 14:50:08 --> CodeIgniter\Database\Exceptions\DatabaseException: Table 'kukabgeu_portal.product_model_var' doesn't exist
in FCPATH/vendor/codeigniter4/framework/system/Database/BaseConnection.php on line 647.
 1 FCPATH/vendor/codeigniter4/framework/system/Database/BaseBuilder.php(1613): CodeIgniter\Database\BaseConnection->query('SELECT `p`.*, `c`.`category_name`, `sc`.`category_name` AS `subCategory_name`, `pl`.*, `b`.*, `pm`.`model`, GROUP_CONCAT(pm2.model) AS additional_models, `pmv`.`model_year`
FROM `_product` `p`
LEFT JOIN `_product_priceLevel` `pl` ON `pl`.`product_id`=`p`.`product_id`
LEFT JOIN `_brand` `b` USING (`brand_id`)
LEFT JOIN `_product_model` `pm` ON `pm`.`product_model_id`=`p`.`model_id`
LEFT JOIN `_product_model` `pm2` ON `pm2`.`product_model_id` IN ( p.model2_id, p.model3_id)
LEFT JOIN `_category` `c` USING (`category_id`)
LEFT JOIN `_category` `sc` ON `sc`.`category_id` = `p`.`category_id`
LEFT JOIN `product_model_var` `pmv` ON `pmv`.`product_model_id` = `pm`.`product_model_id`
WHERE `p`.`product_id` = :p.product_id:
GROUP BY `p`.`product_id`', [...], false)
 2 APPPATH/Models/MODEL__product.php(210): CodeIgniter\Database\BaseBuilder->get()
 3 APPPATH/Controllers/Shop.php(197): App\Models\MODEL__product->getProduct('952')
 4 FCPATH/vendor/codeigniter4/framework/system/CodeIgniter.php(941): App\Controllers\Shop->get_single_product('952')
 5 FCPATH/vendor/codeigniter4/framework/system/CodeIgniter.php(502): CodeIgniter\CodeIgniter->runController(Object(App\Controllers\Shop))
 6 FCPATH/vendor/codeigniter4/framework/system/CodeIgniter.php(361): CodeIgniter\CodeIgniter->handleRequest(null, Object(Config\Cache), false)
 7 FCPATH/index.php(91): CodeIgniter\CodeIgniter->run()
CRITICAL - 2025-08-12 14:50:08 --> [Caused by] CodeIgniter\Database\Exceptions\DatabaseException: Table 'kukabgeu_portal.product_model_var' doesn't exist
in FCPATH/vendor/codeigniter4/framework/system/Database/MySQLi/Connection.php on line 311.
 1 FCPATH/vendor/codeigniter4/framework/system/Database/BaseConnection.php(693): CodeIgniter\Database\MySQLi\Connection->execute('SELECT `p`.*, `c`.`category_name`, `sc`.`category_name` AS `subCategory_name`, `pl`.*, `b`.*, `pm`.`model`, GROUP_CONCAT(pm2.model) AS additional_models, `pmv`.`model_year`
FROM `_product` `p`
LEFT JOIN `_product_priceLevel` `pl` ON `pl`.`product_id`=`p`.`product_id`
LEFT JOIN `_brand` `b` USING (`brand_id`)
LEFT JOIN `_product_model` `pm` ON `pm`.`product_model_id`=`p`.`model_id`
LEFT JOIN `_product_model` `pm2` ON `pm2`.`product_model_id` IN ( p.model2_id, p.model3_id)
LEFT JOIN `_category` `c` USING (`category_id`)
LEFT JOIN `_category` `sc` ON `sc`.`category_id` = `p`.`category_id`
LEFT JOIN `product_model_var` `pmv` ON `pmv`.`product_model_id` = `pm`.`product_model_id`
WHERE `p`.`product_id` = \'952\'
GROUP BY `p`.`product_id`')
 2 FCPATH/vendor/codeigniter4/framework/system/Database/BaseConnection.php(607): CodeIgniter\Database\BaseConnection->simpleQuery('SELECT `p`.*, `c`.`category_name`, `sc`.`category_name` AS `subCategory_name`, `pl`.*, `b`.*, `pm`.`model`, GROUP_CONCAT(pm2.model) AS additional_models, `pmv`.`model_year`
FROM `_product` `p`
LEFT JOIN `_product_priceLevel` `pl` ON `pl`.`product_id`=`p`.`product_id`
LEFT JOIN `_brand` `b` USING (`brand_id`)
LEFT JOIN `_product_model` `pm` ON `pm`.`product_model_id`=`p`.`model_id`
LEFT JOIN `_product_model` `pm2` ON `pm2`.`product_model_id` IN ( p.model2_id, p.model3_id)
LEFT JOIN `_category` `c` USING (`category_id`)
LEFT JOIN `_category` `sc` ON `sc`.`category_id` = `p`.`category_id`
LEFT JOIN `product_model_var` `pmv` ON `pmv`.`product_model_id` = `pm`.`product_model_id`
WHERE `p`.`product_id` = \'952\'
GROUP BY `p`.`product_id`')
 3 FCPATH/vendor/codeigniter4/framework/system/Database/BaseBuilder.php(1613): CodeIgniter\Database\BaseConnection->query('SELECT `p`.*, `c`.`category_name`, `sc`.`category_name` AS `subCategory_name`, `pl`.*, `b`.*, `pm`.`model`, GROUP_CONCAT(pm2.model) AS additional_models, `pmv`.`model_year`
FROM `_product` `p`
LEFT JOIN `_product_priceLevel` `pl` ON `pl`.`product_id`=`p`.`product_id`
LEFT JOIN `_brand` `b` USING (`brand_id`)
LEFT JOIN `_product_model` `pm` ON `pm`.`product_model_id`=`p`.`model_id`
LEFT JOIN `_product_model` `pm2` ON `pm2`.`product_model_id` IN ( p.model2_id, p.model3_id)
LEFT JOIN `_category` `c` USING (`category_id`)
LEFT JOIN `_category` `sc` ON `sc`.`category_id` = `p`.`category_id`
LEFT JOIN `product_model_var` `pmv` ON `pmv`.`product_model_id` = `pm`.`product_model_id`
WHERE `p`.`product_id` = :p.product_id:
GROUP BY `p`.`product_id`', [...], false)
 4 APPPATH/Models/MODEL__product.php(210): CodeIgniter\Database\BaseBuilder->get()
 5 APPPATH/Controllers/Shop.php(197): App\Models\MODEL__product->getProduct('952')
 6 FCPATH/vendor/codeigniter4/framework/system/CodeIgniter.php(941): App\Controllers\Shop->get_single_product('952')
 7 FCPATH/vendor/codeigniter4/framework/system/CodeIgniter.php(502): CodeIgniter\CodeIgniter->runController(Object(App\Controllers\Shop))
 8 FCPATH/vendor/codeigniter4/framework/system/CodeIgniter.php(361): CodeIgniter\CodeIgniter->handleRequest(null, Object(Config\Cache), false)
 9 FCPATH/index.php(91): CodeIgniter\CodeIgniter->run()
CRITICAL - 2025-08-12 14:50:08 --> [Caused by] mysqli_sql_exception: Table 'kukabgeu_portal.product_model_var' doesn't exist
in FCPATH/vendor/codeigniter4/framework/system/Database/MySQLi/Connection.php on line 306.
 1 FCPATH/vendor/codeigniter4/framework/system/Database/MySQLi/Connection.php(306): mysqli->query('SELECT `p`.*, `c`.`category_name`, `sc`.`category_name` AS `subCategory_name`, `pl`.*, `b`.*, `pm`.`model`, GROUP_CONCAT(pm2.model) AS additional_models, `pmv`.`model_year`
FROM `_product` `p`
LEFT JOIN `_product_priceLevel` `pl` ON `pl`.`product_id`=`p`.`product_id`
LEFT JOIN `_brand` `b` USING (`brand_id`)
LEFT JOIN `_product_model` `pm` ON `pm`.`product_model_id`=`p`.`model_id`
LEFT JOIN `_product_model` `pm2` ON `pm2`.`product_model_id` IN ( p.model2_id, p.model3_id)
LEFT JOIN `_category` `c` USING (`category_id`)
LEFT JOIN `_category` `sc` ON `sc`.`category_id` = `p`.`category_id`
LEFT JOIN `product_model_var` `pmv` ON `pmv`.`product_model_id` = `pm`.`product_model_id`
WHERE `p`.`product_id` = \'952\'
GROUP BY `p`.`product_id`', 0)
 2 FCPATH/vendor/codeigniter4/framework/system/Database/BaseConnection.php(693): CodeIgniter\Database\MySQLi\Connection->execute('SELECT `p`.*, `c`.`category_name`, `sc`.`category_name` AS `subCategory_name`, `pl`.*, `b`.*, `pm`.`model`, GROUP_CONCAT(pm2.model) AS additional_models, `pmv`.`model_year`
FROM `_product` `p`
LEFT JOIN `_product_priceLevel` `pl` ON `pl`.`product_id`=`p`.`product_id`
LEFT JOIN `_brand` `b` USING (`brand_id`)
LEFT JOIN `_product_model` `pm` ON `pm`.`product_model_id`=`p`.`model_id`
LEFT JOIN `_product_model` `pm2` ON `pm2`.`product_model_id` IN ( p.model2_id, p.model3_id)
LEFT JOIN `_category` `c` USING (`category_id`)
LEFT JOIN `_category` `sc` ON `sc`.`category_id` = `p`.`category_id`
LEFT JOIN `product_model_var` `pmv` ON `pmv`.`product_model_id` = `pm`.`product_model_id`
WHERE `p`.`product_id` = \'952\'
GROUP BY `p`.`product_id`')
 3 FCPATH/vendor/codeigniter4/framework/system/Database/BaseConnection.php(607): CodeIgniter\Database\BaseConnection->simpleQuery('SELECT `p`.*, `c`.`category_name`, `sc`.`category_name` AS `subCategory_name`, `pl`.*, `b`.*, `pm`.`model`, GROUP_CONCAT(pm2.model) AS additional_models, `pmv`.`model_year`
FROM `_product` `p`
LEFT JOIN `_product_priceLevel` `pl` ON `pl`.`product_id`=`p`.`product_id`
LEFT JOIN `_brand` `b` USING (`brand_id`)
LEFT JOIN `_product_model` `pm` ON `pm`.`product_model_id`=`p`.`model_id`
LEFT JOIN `_product_model` `pm2` ON `pm2`.`product_model_id` IN ( p.model2_id, p.model3_id)
LEFT JOIN `_category` `c` USING (`category_id`)
LEFT JOIN `_category` `sc` ON `sc`.`category_id` = `p`.`category_id`
LEFT JOIN `product_model_var` `pmv` ON `pmv`.`product_model_id` = `pm`.`product_model_id`
WHERE `p`.`product_id` = \'952\'
GROUP BY `p`.`product_id`')
 4 FCPATH/vendor/codeigniter4/framework/system/Database/BaseBuilder.php(1613): CodeIgniter\Database\BaseConnection->query('SELECT `p`.*, `c`.`category_name`, `sc`.`category_name` AS `subCategory_name`, `pl`.*, `b`.*, `pm`.`model`, GROUP_CONCAT(pm2.model) AS additional_models, `pmv`.`model_year`
FROM `_product` `p`
LEFT JOIN `_product_priceLevel` `pl` ON `pl`.`product_id`=`p`.`product_id`
LEFT JOIN `_brand` `b` USING (`brand_id`)
LEFT JOIN `_product_model` `pm` ON `pm`.`product_model_id`=`p`.`model_id`
LEFT JOIN `_product_model` `pm2` ON `pm2`.`product_model_id` IN ( p.model2_id, p.model3_id)
LEFT JOIN `_category` `c` USING (`category_id`)
LEFT JOIN `_category` `sc` ON `sc`.`category_id` = `p`.`category_id`
LEFT JOIN `product_model_var` `pmv` ON `pmv`.`product_model_id` = `pm`.`product_model_id`
WHERE `p`.`product_id` = :p.product_id:
GROUP BY `p`.`product_id`', [...], false)
 5 APPPATH/Models/MODEL__product.php(210): CodeIgniter\Database\BaseBuilder->get()
 6 APPPATH/Controllers/Shop.php(197): App\Models\MODEL__product->getProduct('952')
 7 FCPATH/vendor/codeigniter4/framework/system/CodeIgniter.php(941): App\Controllers\Shop->get_single_product('952')
 8 FCPATH/vendor/codeigniter4/framework/system/CodeIgniter.php(502): CodeIgniter\CodeIgniter->runController(Object(App\Controllers\Shop))
 9 FCPATH/vendor/codeigniter4/framework/system/CodeIgniter.php(361): CodeIgniter\CodeIgniter->handleRequest(null, Object(Config\Cache), false)
10 FCPATH/index.php(91): CodeIgniter\CodeIgniter->run()
INFO - 2025-08-12 14:53:36 --> Session: Class initialized using 'CodeIgniter\Session\Handlers\FileHandler' driver.
INFO - 2025-08-12 14:53:37 --> Session: Class initialized using 'CodeIgniter\Session\Handlers\FileHandler' driver.
INFO - 2025-08-12 14:53:37 --> Session: Class initialized using 'CodeIgniter\Session\Handlers\FileHandler' driver.
INFO - 2025-08-12 14:53:39 --> Session: Class initialized using 'CodeIgniter\Session\Handlers\FileHandler' driver.
INFO - 2025-08-12 14:53:40 --> Session: Class initialized using 'CodeIgniter\Session\Handlers\FileHandler' driver.
INFO - 2025-08-12 14:53:43 --> Session: Class initialized using 'CodeIgniter\Session\Handlers\FileHandler' driver.
INFO - 2025-08-12 14:53:44 --> Session: Class initialized using 'CodeIgniter\Session\Handlers\FileHandler' driver.
INFO - 2025-08-12 14:53:45 --> Session: Class initialized using 'CodeIgniter\Session\Handlers\FileHandler' driver.
INFO - 2025-08-12 15:01:24 --> Session: Class initialized using 'CodeIgniter\Session\Handlers\FileHandler' driver.
INFO - 2025-08-12 15:01:24 --> Session: Class initialized using 'CodeIgniter\Session\Handlers\FileHandler' driver.
INFO - 2025-08-12 15:01:24 --> Session: Class initialized using 'CodeIgniter\Session\Handlers\FileHandler' driver.
INFO - 2025-08-12 15:03:28 --> Session: Class initialized using 'CodeIgniter\Session\Handlers\FileHandler' driver.
INFO - 2025-08-12 15:03:28 --> Session: Class initialized using 'CodeIgniter\Session\Handlers\FileHandler' driver.
INFO - 2025-08-12 15:03:28 --> Session: Class initialized using 'CodeIgniter\Session\Handlers\FileHandler' driver.
INFO - 2025-08-12 15:03:29 --> Session: Class initialized using 'CodeIgniter\Session\Handlers\FileHandler' driver.
INFO - 2025-08-12 15:03:30 --> Session: Class initialized using 'CodeIgniter\Session\Handlers\FileHandler' driver.
INFO - 2025-08-12 15:03:31 --> Session: Class initialized using 'CodeIgniter\Session\Handlers\FileHandler' driver.
INFO - 2025-08-12 15:03:31 --> Session: Class initialized using 'CodeIgniter\Session\Handlers\FileHandler' driver.
INFO - 2025-08-12 15:04:45 --> Session: Class initialized using 'CodeIgniter\Session\Handlers\FileHandler' driver.
INFO - 2025-08-12 15:04:46 --> Session: Class initialized using 'CodeIgniter\Session\Handlers\FileHandler' driver.
INFO - 2025-08-12 15:04:52 --> Session: Class initialized using 'CodeIgniter\Session\Handlers\FileHandler' driver.
INFO - 2025-08-12 15:04:52 --> Session: Class initialized using 'CodeIgniter\Session\Handlers\FileHandler' driver.
INFO - 2025-08-12 15:06:07 --> Session: Class initialized using 'CodeIgniter\Session\Handlers\FileHandler' driver.
INFO - 2025-08-12 15:06:09 --> Session: Class initialized using 'CodeIgniter\Session\Handlers\FileHandler' driver.
INFO - 2025-08-12 15:06:09 --> Session: Class initialized using 'CodeIgniter\Session\Handlers\FileHandler' driver.
INFO - 2025-08-12 15:06:10 --> Session: Class initialized using 'CodeIgniter\Session\Handlers\FileHandler' driver.
INFO - 2025-08-12 15:10:14 --> Session: Class initialized using 'CodeIgniter\Session\Handlers\FileHandler' driver.
INFO - 2025-08-12 15:10:14 --> Session: Class initialized using 'CodeIgniter\Session\Handlers\FileHandler' driver.
INFO - 2025-08-12 15:10:17 --> Session: Class initialized using 'CodeIgniter\Session\Handlers\FileHandler' driver.
INFO - 2025-08-12 15:10:17 --> Session: Class initialized using 'CodeIgniter\Session\Handlers\FileHandler' driver.
INFO - 2025-08-12 15:10:18 --> Session: Class initialized using 'CodeIgniter\Session\Handlers\FileHandler' driver.
INFO - 2025-08-12 15:10:19 --> Session: Class initialized using 'CodeIgniter\Session\Handlers\FileHandler' driver.
INFO - 2025-08-12 15:11:10 --> Session: Class initialized using 'CodeIgniter\Session\Handlers\FileHandler' driver.
INFO - 2025-08-12 15:11:10 --> Session: Class initialized using 'CodeIgniter\Session\Handlers\FileHandler' driver.
INFO - 2025-08-12 15:14:01 --> Session: Class initialized using 'CodeIgniter\Session\Handlers\FileHandler' driver.
INFO - 2025-08-12 15:14:02 --> Session: Class initialized using 'CodeIgniter\Session\Handlers\FileHandler' driver.
INFO - 2025-08-12 15:14:03 --> Session: Class initialized using 'CodeIgniter\Session\Handlers\FileHandler' driver.
INFO - 2025-08-12 15:14:04 --> Session: Class initialized using 'CodeIgniter\Session\Handlers\FileHandler' driver.
INFO - 2025-08-12 15:14:06 --> Session: Class initialized using 'CodeIgniter\Session\Handlers\FileHandler' driver.
INFO - 2025-08-12 15:14:06 --> Session: Class initialized using 'CodeIgniter\Session\Handlers\FileHandler' driver.
INFO - 2025-08-12 15:14:08 --> Session: Class initialized using 'CodeIgniter\Session\Handlers\FileHandler' driver.
INFO - 2025-08-12 15:14:08 --> Session: Class initialized using 'CodeIgniter\Session\Handlers\FileHandler' driver.
INFO - 2025-08-12 15:14:09 --> Session: Class initialized using 'CodeIgniter\Session\Handlers\FileHandler' driver.
INFO - 2025-08-12 15:14:09 --> Session: Class initialized using 'CodeIgniter\Session\Handlers\FileHandler' driver.
INFO - 2025-08-12 15:14:15 --> Session: Class initialized using 'CodeIgniter\Session\Handlers\FileHandler' driver.
INFO - 2025-08-12 15:14:17 --> Session: Class initialized using 'CodeIgniter\Session\Handlers\FileHandler' driver.
INFO - 2025-08-12 15:14:17 --> Session: Class initialized using 'CodeIgniter\Session\Handlers\FileHandler' driver.
INFO - 2025-08-12 15:14:19 --> Session: Class initialized using 'CodeIgniter\Session\Handlers\FileHandler' driver.
INFO - 2025-08-12 15:14:19 --> Session: Class initialized using 'CodeIgniter\Session\Handlers\FileHandler' driver.
INFO - 2025-08-12 15:14:20 --> Session: Class initialized using 'CodeIgniter\Session\Handlers\FileHandler' driver.
INFO - 2025-08-12 15:14:21 --> Session: Class initialized using 'CodeIgniter\Session\Handlers\FileHandler' driver.
INFO - 2025-08-12 15:14:22 --> Session: Class initialized using 'CodeIgniter\Session\Handlers\FileHandler' driver.
INFO - 2025-08-12 15:14:22 --> Session: Class initialized using 'CodeIgniter\Session\Handlers\FileHandler' driver.
INFO - 2025-08-12 15:14:23 --> Session: Class initialized using 'CodeIgniter\Session\Handlers\FileHandler' driver.
INFO - 2025-08-12 15:14:24 --> Session: Class initialized using 'CodeIgniter\Session\Handlers\FileHandler' driver.
INFO - 2025-08-12 15:14:26 --> Session: Class initialized using 'CodeIgniter\Session\Handlers\FileHandler' driver.
INFO - 2025-08-12 15:14:27 --> Session: Class initialized using 'CodeIgniter\Session\Handlers\FileHandler' driver.
INFO - 2025-08-12 15:15:20 --> Session: Class initialized using 'CodeIgniter\Session\Handlers\FileHandler' driver.
INFO - 2025-08-12 15:15:20 --> Session: Class initialized using 'CodeIgniter\Session\Handlers\FileHandler' driver.
INFO - 2025-08-12 15:16:34 --> Session: Class initialized using 'CodeIgniter\Session\Handlers\FileHandler' driver.
INFO - 2025-08-12 15:16:35 --> Session: Class initialized using 'CodeIgniter\Session\Handlers\FileHandler' driver.
INFO - 2025-08-12 15:16:50 --> Session: Class initialized using 'CodeIgniter\Session\Handlers\FileHandler' driver.
INFO - 2025-08-12 15:16:51 --> Session: Class initialized using 'CodeIgniter\Session\Handlers\FileHandler' driver.
INFO - 2025-08-12 15:16:58 --> Session: Class initialized using 'CodeIgniter\Session\Handlers\FileHandler' driver.
INFO - 2025-08-12 15:16:58 --> Session: Class initialized using 'CodeIgniter\Session\Handlers\FileHandler' driver.
INFO - 2025-08-12 15:17:05 --> Session: Class initialized using 'CodeIgniter\Session\Handlers\FileHandler' driver.
INFO - 2025-08-12 15:17:06 --> Session: Class initialized using 'CodeIgniter\Session\Handlers\FileHandler' driver.
INFO - 2025-08-12 15:17:11 --> Session: Class initialized using 'CodeIgniter\Session\Handlers\FileHandler' driver.
INFO - 2025-08-12 15:17:12 --> Session: Class initialized using 'CodeIgniter\Session\Handlers\FileHandler' driver.
INFO - 2025-08-12 15:17:19 --> Session: Class initialized using 'CodeIgniter\Session\Handlers\FileHandler' driver.
INFO - 2025-08-12 15:17:20 --> Session: Class initialized using 'CodeIgniter\Session\Handlers\FileHandler' driver.
INFO - 2025-08-12 15:17:32 --> Session: Class initialized using 'CodeIgniter\Session\Handlers\FileHandler' driver.
INFO - 2025-08-12 15:17:32 --> Session: Class initialized using 'CodeIgniter\Session\Handlers\FileHandler' driver.
INFO - 2025-08-12 15:17:45 --> Session: Class initialized using 'CodeIgniter\Session\Handlers\FileHandler' driver.
INFO - 2025-08-12 15:17:46 --> Session: Class initialized using 'CodeIgniter\Session\Handlers\FileHandler' driver.
INFO - 2025-08-12 15:17:47 --> Session: Class initialized using 'CodeIgniter\Session\Handlers\FileHandler' driver.
INFO - 2025-08-12 15:17:47 --> Session: Class initialized using 'CodeIgniter\Session\Handlers\FileHandler' driver.
INFO - 2025-08-12 15:17:53 --> Session: Class initialized using 'CodeIgniter\Session\Handlers\FileHandler' driver.
INFO - 2025-08-12 15:17:54 --> Session: Class initialized using 'CodeIgniter\Session\Handlers\FileHandler' driver.
INFO - 2025-08-12 15:17:54 --> Session: Class initialized using 'CodeIgniter\Session\Handlers\FileHandler' driver.
INFO - 2025-08-12 15:18:02 --> Session: Class initialized using 'CodeIgniter\Session\Handlers\FileHandler' driver.
INFO - 2025-08-12 15:18:03 --> Session: Class initialized using 'CodeIgniter\Session\Handlers\FileHandler' driver.
INFO - 2025-08-12 15:18:29 --> Session: Class initialized using 'CodeIgniter\Session\Handlers\FileHandler' driver.
INFO - 2025-08-12 15:18:30 --> Session: Class initialized using 'CodeIgniter\Session\Handlers\FileHandler' driver.
INFO - 2025-08-12 15:19:51 --> Session: Class initialized using 'CodeIgniter\Session\Handlers\FileHandler' driver.
INFO - 2025-08-12 15:19:51 --> Session: Class initialized using 'CodeIgniter\Session\Handlers\FileHandler' driver.
INFO - 2025-08-12 15:20:09 --> Session: Class initialized using 'CodeIgniter\Session\Handlers\FileHandler' driver.
INFO - 2025-08-12 15:20:11 --> Session: Class initialized using 'CodeIgniter\Session\Handlers\FileHandler' driver.
INFO - 2025-08-12 15:20:26 --> Session: Class initialized using 'CodeIgniter\Session\Handlers\FileHandler' driver.
INFO - 2025-08-12 15:20:26 --> Session: Class initialized using 'CodeIgniter\Session\Handlers\FileHandler' driver.
INFO - 2025-08-12 15:21:33 --> Session: Class initialized using 'CodeIgniter\Session\Handlers\FileHandler' driver.
INFO - 2025-08-12 15:21:35 --> Session: Class initialized using 'CodeIgniter\Session\Handlers\FileHandler' driver.
INFO - 2025-08-12 15:27:27 --> Session: Class initialized using 'CodeIgniter\Session\Handlers\FileHandler' driver.
INFO - 2025-08-12 15:27:29 --> Session: Class initialized using 'CodeIgniter\Session\Handlers\FileHandler' driver.
INFO - 2025-08-12 15:31:45 --> Session: Class initialized using 'CodeIgniter\Session\Handlers\FileHandler' driver.
INFO - 2025-08-12 15:31:48 --> Session: Class initialized using 'CodeIgniter\Session\Handlers\FileHandler' driver.
INFO - 2025-08-12 15:34:52 --> Session: Class initialized using 'CodeIgniter\Session\Handlers\FileHandler' driver.
INFO - 2025-08-12 15:34:53 --> Session: Class initialized using 'CodeIgniter\Session\Handlers\FileHandler' driver.
INFO - 2025-08-12 15:36:58 --> Session: Class initialized using 'CodeIgniter\Session\Handlers\FileHandler' driver.
INFO - 2025-08-12 15:37:00 --> Session: Class initialized using 'CodeIgniter\Session\Handlers\FileHandler' driver.
INFO - 2025-08-12 15:37:56 --> Session: Class initialized using 'CodeIgniter\Session\Handlers\FileHandler' driver.
INFO - 2025-08-12 15:37:58 --> Session: Class initialized using 'CodeIgniter\Session\Handlers\FileHandler' driver.
INFO - 2025-08-12 15:38:53 --> Session: Class initialized using 'CodeIgniter\Session\Handlers\FileHandler' driver.
INFO - 2025-08-12 15:38:54 --> Session: Class initialized using 'CodeIgniter\Session\Handlers\FileHandler' driver.
INFO - 2025-08-12 15:39:02 --> Session: Class initialized using 'CodeIgniter\Session\Handlers\FileHandler' driver.
INFO - 2025-08-12 15:39:03 --> Session: Class initialized using 'CodeIgniter\Session\Handlers\FileHandler' driver.
INFO - 2025-08-12 15:40:01 --> Session: Class initialized using 'CodeIgniter\Session\Handlers\FileHandler' driver.
INFO - 2025-08-12 15:40:03 --> Session: Class initialized using 'CodeIgniter\Session\Handlers\FileHandler' driver.
INFO - 2025-08-12 15:40:15 --> Session: Class initialized using 'CodeIgniter\Session\Handlers\FileHandler' driver.
INFO - 2025-08-12 15:40:16 --> Session: Class initialized using 'CodeIgniter\Session\Handlers\FileHandler' driver.
INFO - 2025-08-12 15:42:29 --> Session: Class initialized using 'CodeIgniter\Session\Handlers\FileHandler' driver.
INFO - 2025-08-12 15:42:30 --> Session: Class initialized using 'CodeIgniter\Session\Handlers\FileHandler' driver.
INFO - 2025-08-12 15:42:31 --> Session: Class initialized using 'CodeIgniter\Session\Handlers\FileHandler' driver.
INFO - 2025-08-12 15:42:32 --> Session: Class initialized using 'CodeIgniter\Session\Handlers\FileHandler' driver.
INFO - 2025-08-12 15:42:37 --> Session: Class initialized using 'CodeIgniter\Session\Handlers\FileHandler' driver.
INFO - 2025-08-12 15:42:37 --> Session: Class initialized using 'CodeIgniter\Session\Handlers\FileHandler' driver.
INFO - 2025-08-12 15:42:37 --> Session: Class initialized using 'CodeIgniter\Session\Handlers\FileHandler' driver.
INFO - 2025-08-12 15:42:43 --> Session: Class initialized using 'CodeIgniter\Session\Handlers\FileHandler' driver.
INFO - 2025-08-12 15:42:43 --> Session: Class initialized using 'CodeIgniter\Session\Handlers\FileHandler' driver.
INFO - 2025-08-12 15:42:44 --> Session: Class initialized using 'CodeIgniter\Session\Handlers\FileHandler' driver.
INFO - 2025-08-12 15:42:46 --> Session: Class initialized using 'CodeIgniter\Session\Handlers\FileHandler' driver.
INFO - 2025-08-12 15:42:47 --> Session: Class initialized using 'CodeIgniter\Session\Handlers\FileHandler' driver.
INFO - 2025-08-12 15:43:21 --> Session: Class initialized using 'CodeIgniter\Session\Handlers\FileHandler' driver.
INFO - 2025-08-12 15:43:22 --> Session: Class initialized using 'CodeIgniter\Session\Handlers\FileHandler' driver.
INFO - 2025-08-12 15:43:26 --> Session: Class initialized using 'CodeIgniter\Session\Handlers\FileHandler' driver.
INFO - 2025-08-12 15:43:27 --> Session: Class initialized using 'CodeIgniter\Session\Handlers\FileHandler' driver.
INFO - 2025-08-12 15:43:29 --> Session: Class initialized using 'CodeIgniter\Session\Handlers\FileHandler' driver.
INFO - 2025-08-12 15:43:30 --> Session: Class initialized using 'CodeIgniter\Session\Handlers\FileHandler' driver.
INFO - 2025-08-12 15:43:31 --> Session: Class initialized using 'CodeIgniter\Session\Handlers\FileHandler' driver.
INFO - 2025-08-12 15:43:32 --> Session: Class initialized using 'CodeIgniter\Session\Handlers\FileHandler' driver.
INFO - 2025-08-12 15:44:36 --> Session: Class initialized using 'CodeIgniter\Session\Handlers\FileHandler' driver.
INFO - 2025-08-12 15:44:37 --> Session: Class initialized using 'CodeIgniter\Session\Handlers\FileHandler' driver.
INFO - 2025-08-12 15:46:01 --> Session: Class initialized using 'CodeIgniter\Session\Handlers\FileHandler' driver.
INFO - 2025-08-12 15:46:02 --> Session: Class initialized using 'CodeIgniter\Session\Handlers\FileHandler' driver.
INFO - 2025-08-12 15:47:06 --> Session: Class initialized using 'CodeIgniter\Session\Handlers\FileHandler' driver.
INFO - 2025-08-12 15:47:08 --> Session: Class initialized using 'CodeIgniter\Session\Handlers\FileHandler' driver.
INFO - 2025-08-12 15:47:34 --> Session: Class initialized using 'CodeIgniter\Session\Handlers\FileHandler' driver.
INFO - 2025-08-12 15:47:35 --> Session: Class initialized using 'CodeIgniter\Session\Handlers\FileHandler' driver.
INFO - 2025-08-12 15:48:01 --> Session: Class initialized using 'CodeIgniter\Session\Handlers\FileHandler' driver.
INFO - 2025-08-12 15:48:02 --> Session: Class initialized using 'CodeIgniter\Session\Handlers\FileHandler' driver.
INFO - 2025-08-12 15:48:21 --> Session: Class initialized using 'CodeIgniter\Session\Handlers\FileHandler' driver.
INFO - 2025-08-12 15:48:21 --> Session: Class initialized using 'CodeIgniter\Session\Handlers\FileHandler' driver.
INFO - 2025-08-12 15:48:25 --> Session: Class initialized using 'CodeIgniter\Session\Handlers\FileHandler' driver.
INFO - 2025-08-12 15:48:25 --> Session: Class initialized using 'CodeIgniter\Session\Handlers\FileHandler' driver.
INFO - 2025-08-12 15:48:35 --> Session: Class initialized using 'CodeIgniter\Session\Handlers\FileHandler' driver.
INFO - 2025-08-12 15:48:37 --> Session: Class initialized using 'CodeIgniter\Session\Handlers\FileHandler' driver.
INFO - 2025-08-12 15:52:52 --> Session: Class initialized using 'CodeIgniter\Session\Handlers\FileHandler' driver.
INFO - 2025-08-12 15:52:53 --> Session: Class initialized using 'CodeIgniter\Session\Handlers\FileHandler' driver.
INFO - 2025-08-12 15:53:14 --> Session: Class initialized using 'CodeIgniter\Session\Handlers\FileHandler' driver.
INFO - 2025-08-12 15:53:15 --> Session: Class initialized using 'CodeIgniter\Session\Handlers\FileHandler' driver.
INFO - 2025-08-12 15:53:38 --> Session: Class initialized using 'CodeIgniter\Session\Handlers\FileHandler' driver.
INFO - 2025-08-12 15:53:39 --> Session: Class initialized using 'CodeIgniter\Session\Handlers\FileHandler' driver.
INFO - 2025-08-12 15:54:12 --> Session: Class initialized using 'CodeIgniter\Session\Handlers\FileHandler' driver.
INFO - 2025-08-12 15:54:14 --> Session: Class initialized using 'CodeIgniter\Session\Handlers\FileHandler' driver.
INFO - 2025-08-12 15:54:50 --> Session: Class initialized using 'CodeIgniter\Session\Handlers\FileHandler' driver.
INFO - 2025-08-12 15:54:51 --> Session: Class initialized using 'CodeIgniter\Session\Handlers\FileHandler' driver.
INFO - 2025-08-12 15:56:16 --> Session: Class initialized using 'CodeIgniter\Session\Handlers\FileHandler' driver.
INFO - 2025-08-12 15:56:17 --> Session: Class initialized using 'CodeIgniter\Session\Handlers\FileHandler' driver.
INFO - 2025-08-12 15:59:10 --> Session: Class initialized using 'CodeIgniter\Session\Handlers\FileHandler' driver.
INFO - 2025-08-12 15:59:12 --> Session: Class initialized using 'CodeIgniter\Session\Handlers\FileHandler' driver.
INFO - 2025-08-12 16:00:31 --> Session: Class initialized using 'CodeIgniter\Session\Handlers\FileHandler' driver.
INFO - 2025-08-12 16:00:33 --> Session: Class initialized using 'CodeIgniter\Session\Handlers\FileHandler' driver.
INFO - 2025-08-12 16:00:44 --> Session: Class initialized using 'CodeIgniter\Session\Handlers\FileHandler' driver.
INFO - 2025-08-12 16:00:45 --> Session: Class initialized using 'CodeIgniter\Session\Handlers\FileHandler' driver.
INFO - 2025-08-12 16:02:42 --> Session: Class initialized using 'CodeIgniter\Session\Handlers\FileHandler' driver.
INFO - 2025-08-12 16:02:43 --> Session: Class initialized using 'CodeIgniter\Session\Handlers\FileHandler' driver.
INFO - 2025-08-12 16:03:00 --> Session: Class initialized using 'CodeIgniter\Session\Handlers\FileHandler' driver.
INFO - 2025-08-12 16:03:01 --> Session: Class initialized using 'CodeIgniter\Session\Handlers\FileHandler' driver.
INFO - 2025-08-12 16:03:26 --> Session: Class initialized using 'CodeIgniter\Session\Handlers\FileHandler' driver.
INFO - 2025-08-12 16:03:27 --> Session: Class initialized using 'CodeIgniter\Session\Handlers\FileHandler' driver.
INFO - 2025-08-12 16:03:39 --> Session: Class initialized using 'CodeIgniter\Session\Handlers\FileHandler' driver.
INFO - 2025-08-12 16:03:40 --> Session: Class initialized using 'CodeIgniter\Session\Handlers\FileHandler' driver.
INFO - 2025-08-12 17:34:17 --> Session: Class initialized using 'CodeIgniter\Session\Handlers\FileHandler' driver.
INFO - 2025-08-12 17:34:18 --> Session: Class initialized using 'CodeIgniter\Session\Handlers\FileHandler' driver.
INFO - 2025-08-12 17:35:27 --> Session: Class initialized using 'CodeIgniter\Session\Handlers\FileHandler' driver.
INFO - 2025-08-12 17:35:28 --> Session: Class initialized using 'CodeIgniter\Session\Handlers\FileHandler' driver.
INFO - 2025-08-12 17:36:59 --> Session: Class initialized using 'CodeIgniter\Session\Handlers\FileHandler' driver.
INFO - 2025-08-12 17:37:00 --> Session: Class initialized using 'CodeIgniter\Session\Handlers\FileHandler' driver.
INFO - 2025-08-12 17:38:27 --> Session: Class initialized using 'CodeIgniter\Session\Handlers\FileHandler' driver.
INFO - 2025-08-12 17:41:52 --> Session: Class initialized using 'CodeIgniter\Session\Handlers\FileHandler' driver.
INFO - 2025-08-12 17:41:53 --> Session: Class initialized using 'CodeIgniter\Session\Handlers\FileHandler' driver.
INFO - 2025-08-12 17:44:56 --> Session: Class initialized using 'CodeIgniter\Session\Handlers\FileHandler' driver.
INFO - 2025-08-12 17:44:57 --> Session: Class initialized using 'CodeIgniter\Session\Handlers\FileHandler' driver.
INFO - 2025-08-12 17:45:07 --> Session: Class initialized using 'CodeIgniter\Session\Handlers\FileHandler' driver.
INFO - 2025-08-12 17:47:07 --> Session: Class initialized using 'CodeIgniter\Session\Handlers\FileHandler' driver.
INFO - 2025-08-12 17:47:09 --> Session: Class initialized using 'CodeIgniter\Session\Handlers\FileHandler' driver.
INFO - 2025-08-12 17:47:23 --> Session: Class initialized using 'CodeIgniter\Session\Handlers\FileHandler' driver.
INFO - 2025-08-12 17:47:24 --> Session: Class initialized using 'CodeIgniter\Session\Handlers\FileHandler' driver.
INFO - 2025-08-12 17:47:28 --> Session: Class initialized using 'CodeIgniter\Session\Handlers\FileHandler' driver.
INFO - 2025-08-12 17:47:28 --> Session: Class initialized using 'CodeIgniter\Session\Handlers\FileHandler' driver.
INFO - 2025-08-12 17:47:28 --> Session: Class initialized using 'CodeIgniter\Session\Handlers\FileHandler' driver.
INFO - 2025-08-12 17:47:30 --> Session: Class initialized using 'CodeIgniter\Session\Handlers\FileHandler' driver.
INFO - 2025-08-12 17:47:32 --> Session: Class initialized using 'CodeIgniter\Session\Handlers\FileHandler' driver.
INFO - 2025-08-12 17:47:35 --> Session: Class initialized using 'CodeIgniter\Session\Handlers\FileHandler' driver.
INFO - 2025-08-12 17:47:40 --> Session: Class initialized using 'CodeIgniter\Session\Handlers\FileHandler' driver.
INFO - 2025-08-12 17:47:42 --> Session: Class initialized using 'CodeIgniter\Session\Handlers\FileHandler' driver.
INFO - 2025-08-12 17:48:11 --> Session: Class initialized using 'CodeIgniter\Session\Handlers\FileHandler' driver.
INFO - 2025-08-12 17:48:12 --> Session: Class initialized using 'CodeIgniter\Session\Handlers\FileHandler' driver.
INFO - 2025-08-12 17:48:15 --> Session: Class initialized using 'CodeIgniter\Session\Handlers\FileHandler' driver.
INFO - 2025-08-12 17:49:13 --> Session: Class initialized using 'CodeIgniter\Session\Handlers\FileHandler' driver.
INFO - 2025-08-12 17:49:48 --> Session: Class initialized using 'CodeIgniter\Session\Handlers\FileHandler' driver.
INFO - 2025-08-12 17:49:50 --> Session: Class initialized using 'CodeIgniter\Session\Handlers\FileHandler' driver.
INFO - 2025-08-12 17:50:19 --> Session: Class initialized using 'CodeIgniter\Session\Handlers\FileHandler' driver.
INFO - 2025-08-12 17:51:43 --> Session: Class initialized using 'CodeIgniter\Session\Handlers\FileHandler' driver.
INFO - 2025-08-12 17:51:44 --> Session: Class initialized using 'CodeIgniter\Session\Handlers\FileHandler' driver.
INFO - 2025-08-12 17:51:45 --> Session: Class initialized using 'CodeIgniter\Session\Handlers\FileHandler' driver.
INFO - 2025-08-12 17:51:45 --> Session: Class initialized using 'CodeIgniter\Session\Handlers\FileHandler' driver.
INFO - 2025-08-12 17:51:49 --> Session: Class initialized using 'CodeIgniter\Session\Handlers\FileHandler' driver.
INFO - 2025-08-12 17:52:33 --> Session: Class initialized using 'CodeIgniter\Session\Handlers\FileHandler' driver.
INFO - 2025-08-12 17:52:34 --> Session: Class initialized using 'CodeIgniter\Session\Handlers\FileHandler' driver.
INFO - 2025-08-12 17:52:37 --> Session: Class initialized using 'CodeIgniter\Session\Handlers\FileHandler' driver.
INFO - 2025-08-12 17:52:54 --> Session: Class initialized using 'CodeIgniter\Session\Handlers\FileHandler' driver.
INFO - 2025-08-12 17:52:55 --> Session: Class initialized using 'CodeIgniter\Session\Handlers\FileHandler' driver.
INFO - 2025-08-12 17:52:59 --> Session: Class initialized using 'CodeIgniter\Session\Handlers\FileHandler' driver.
INFO - 2025-08-12 17:53:07 --> Session: Class initialized using 'CodeIgniter\Session\Handlers\FileHandler' driver.
INFO - 2025-08-12 17:53:08 --> Session: Class initialized using 'CodeIgniter\Session\Handlers\FileHandler' driver.
INFO - 2025-08-12 17:53:12 --> Session: Class initialized using 'CodeIgniter\Session\Handlers\FileHandler' driver.
INFO - 2025-08-12 17:53:50 --> Session: Class initialized using 'CodeIgniter\Session\Handlers\FileHandler' driver.
INFO - 2025-08-12 17:53:51 --> Session: Class initialized using 'CodeIgniter\Session\Handlers\FileHandler' driver.
INFO - 2025-08-12 17:53:53 --> Session: Class initialized using 'CodeIgniter\Session\Handlers\FileHandler' driver.
INFO - 2025-08-12 17:54:10 --> Session: Class initialized using 'CodeIgniter\Session\Handlers\FileHandler' driver.
INFO - 2025-08-12 17:54:11 --> Session: Class initialized using 'CodeIgniter\Session\Handlers\FileHandler' driver.
INFO - 2025-08-12 17:54:27 --> Session: Class initialized using 'CodeIgniter\Session\Handlers\FileHandler' driver.
INFO - 2025-08-12 17:54:28 --> Session: Class initialized using 'CodeIgniter\Session\Handlers\FileHandler' driver.
INFO - 2025-08-12 18:04:02 --> Session: Class initialized using 'CodeIgniter\Session\Handlers\FileHandler' driver.
INFO - 2025-08-12 18:04:03 --> Session: Class initialized using 'CodeIgniter\Session\Handlers\FileHandler' driver.
INFO - 2025-08-12 18:04:17 --> Session: Class initialized using 'CodeIgniter\Session\Handlers\FileHandler' driver.
INFO - 2025-08-12 18:04:17 --> Session: Class initialized using 'CodeIgniter\Session\Handlers\FileHandler' driver.
INFO - 2025-08-12 18:04:59 --> Session: Class initialized using 'CodeIgniter\Session\Handlers\FileHandler' driver.
CRITICAL - 2025-08-12 18:04:59 --> CodeIgniter\View\Exceptions\ViewException: Невалиден файл: themes/bestphone/pages/VIEW__offers.php
in FCPATH/vendor/codeigniter4/framework/system/Exceptions/FrameworkException.php on line 39.
 1 FCPATH/vendor/codeigniter4/framework/system/View/View.php(216): CodeIgniter\Exceptions\FrameworkException::forInvalidFile('themes/bestphone/pages/VIEW__offers.php')
 2 APPPATH/Common.php(31): CodeIgniter\View\View->render('themes/bestphone/pages/VIEW__offers', [], true)
 3 APPPATH/Controllers/Pages.php(39): view('themes/bestphone/pages/VIEW__offers', [...])
 4 FCPATH/vendor/codeigniter4/framework/system/CodeIgniter.php(941): App\Controllers\Pages->index('offers')
 5 FCPATH/vendor/codeigniter4/framework/system/CodeIgniter.php(502): CodeIgniter\CodeIgniter->runController(Object(App\Controllers\Pages))
 6 FCPATH/vendor/codeigniter4/framework/system/CodeIgniter.php(361): CodeIgniter\CodeIgniter->handleRequest(null, Object(Config\Cache), false)
 7 FCPATH/index.php(91): CodeIgniter\CodeIgniter->run()
INFO - 2025-08-12 18:05:15 --> Session: Class initialized using 'CodeIgniter\Session\Handlers\FileHandler' driver.
INFO - 2025-08-12 18:05:15 --> Session: Class initialized using 'CodeIgniter\Session\Handlers\FileHandler' driver.
INFO - 2025-08-12 18:05:17 --> Session: Class initialized using 'CodeIgniter\Session\Handlers\FileHandler' driver.
CRITICAL - 2025-08-12 18:05:17 --> CodeIgniter\View\Exceptions\ViewException: Невалиден файл: themes/bestphone/pages/VIEW__all-products.php
in FCPATH/vendor/codeigniter4/framework/system/Exceptions/FrameworkException.php on line 39.
 1 FCPATH/vendor/codeigniter4/framework/system/View/View.php(216): CodeIgniter\Exceptions\FrameworkException::forInvalidFile('themes/bestphone/pages/VIEW__all-products.php')
 2 APPPATH/Common.php(31): CodeIgniter\View\View->render('themes/bestphone/pages/VIEW__all-products', [], true)
 3 APPPATH/Controllers/Pages.php(39): view('themes/bestphone/pages/VIEW__all-products', [...])
 4 FCPATH/vendor/codeigniter4/framework/system/CodeIgniter.php(941): App\Controllers\Pages->index('all-products')
 5 FCPATH/vendor/codeigniter4/framework/system/CodeIgniter.php(502): CodeIgniter\CodeIgniter->runController(Object(App\Controllers\Pages))
 6 FCPATH/vendor/codeigniter4/framework/system/CodeIgniter.php(361): CodeIgniter\CodeIgniter->handleRequest(null, Object(Config\Cache), false)
 7 FCPATH/index.php(91): CodeIgniter\CodeIgniter->run()
INFO - 2025-08-12 18:06:19 --> Session: Class initialized using 'CodeIgniter\Session\Handlers\FileHandler' driver.
INFO - 2025-08-12 18:06:20 --> Session: Class initialized using 'CodeIgniter\Session\Handlers\FileHandler' driver.
INFO - 2025-08-12 18:06:22 --> Session: Class initialized using 'CodeIgniter\Session\Handlers\FileHandler' driver.
CRITICAL - 2025-08-12 18:06:23 --> CodeIgniter\View\Exceptions\ViewException: Невалиден файл: themes/bestphone/pages/VIEW__brands.php
in FCPATH/vendor/codeigniter4/framework/system/Exceptions/FrameworkException.php on line 39.
 1 FCPATH/vendor/codeigniter4/framework/system/View/View.php(216): CodeIgniter\Exceptions\FrameworkException::forInvalidFile('themes/bestphone/pages/VIEW__brands.php')
 2 APPPATH/Common.php(31): CodeIgniter\View\View->render('themes/bestphone/pages/VIEW__brands', [], true)
 3 APPPATH/Controllers/Pages.php(39): view('themes/bestphone/pages/VIEW__brands', [...])
 4 FCPATH/vendor/codeigniter4/framework/system/CodeIgniter.php(941): App\Controllers\Pages->index('brands')
 5 FCPATH/vendor/codeigniter4/framework/system/CodeIgniter.php(502): CodeIgniter\CodeIgniter->runController(Object(App\Controllers\Pages))
 6 FCPATH/vendor/codeigniter4/framework/system/CodeIgniter.php(361): CodeIgniter\CodeIgniter->handleRequest(null, Object(Config\Cache), false)
 7 FCPATH/index.php(91): CodeIgniter\CodeIgniter->run()
INFO - 2025-08-12 18:07:23 --> Session: Class initialized using 'CodeIgniter\Session\Handlers\FileHandler' driver.
INFO - 2025-08-12 18:07:24 --> Session: Class initialized using 'CodeIgniter\Session\Handlers\FileHandler' driver.
INFO - 2025-08-12 18:11:24 --> Session: Class initialized using 'CodeIgniter\Session\Handlers\FileHandler' driver.
INFO - 2025-08-12 18:11:25 --> Session: Class initialized using 'CodeIgniter\Session\Handlers\FileHandler' driver.
INFO - 2025-08-12 18:11:35 --> Session: Class initialized using 'CodeIgniter\Session\Handlers\FileHandler' driver.
INFO - 2025-08-12 18:11:36 --> Session: Class initialized using 'CodeIgniter\Session\Handlers\FileHandler' driver.
INFO - 2025-08-12 18:11:40 --> Session: Class initialized using 'CodeIgniter\Session\Handlers\FileHandler' driver.
INFO - 2025-08-12 18:11:40 --> Session: Class initialized using 'CodeIgniter\Session\Handlers\FileHandler' driver.
