CRITICAL - 2025-04-24 05:54:46 --> ErrorException: filesize(): stat failed for /home/bestph615/public_html/portal.bestphone.bg/writable/session/ci_sessionPortal824090653e6512a395280f636c5684794ae6b691636de041f759e71c9a7740a60af7a974
in FCPATH/vendor/codeigniter4/framework/system/Session/Handlers/FileHandler.php on line 160.
 1 [internal function]: CodeIgniter\Debug\Exceptions->errorHandler(2, 'filesize(): stat failed for /home/bestph615/public_html/portal.bestphone.bg/writable/session/ci_sessionPortal824090653e6512a395280f636c5684794ae6b691636de041f759e71c9a7740a60af7a974', '/home/bestph615/public_html/portal.bestphone.bg/vendor/codeigniter4/framework/system/Session/Handlers/FileHandler.php', 160)
 2 FCPATH/vendor/codeigniter4/framework/system/Session/Handlers/FileHandler.php(160): filesize('/home/bestph615/public_html/portal.bestphone.bg/writable/session/ci_sessionPortal824090653e6512a395280f636c5684794ae6b691636de041f759e71c9a7740a60af7a974')
 3 [internal function]: CodeIgniter\Session\Handlers\FileHandler->read('4ae6b691636de041f759e71c9a7740a60af7a974')
 4 FCPATH/vendor/codeigniter4/framework/system/Session/Session.php(919): session_start()
 5 FCPATH/vendor/codeigniter4/framework/system/Session/Session.php(241): CodeIgniter\Session\Session->startSession()
 6 SYSTEMPATH/Config/Services.php(693): CodeIgniter\Session\Session->start()
 7 SYSTEMPATH/Config/BaseService.php(258): CodeIgniter\Config\Services::session(Object(Config\Session), false)
 8 SYSTEMPATH/Config/BaseService.php(199): CodeIgniter\Config\BaseService::__callStatic('session', [...])
 9 SYSTEMPATH/Config/Services.php(664): CodeIgniter\Config\BaseService::getSharedInstance('session', null)
10 SYSTEMPATH/Config/BaseService.php(258): CodeIgniter\Config\Services::session()
11 SYSTEMPATH/Common.php(982): CodeIgniter\Config\BaseService::__callStatic('session', [])
12 APPPATH/Controllers/BaseController.php(230): session()
13 APPPATH/Controllers/BaseController.php(66): App\Controllers\BaseController->getSessionProperty()
14 APPPATH/Controllers/Shop.php(18): App\Controllers\BaseController->__construct()
15 FCPATH/vendor/codeigniter4/framework/system/CodeIgniter.php(913): App\Controllers\Shop->__construct()
16 FCPATH/vendor/codeigniter4/framework/system/CodeIgniter.php(493): CodeIgniter\CodeIgniter->createController()
17 FCPATH/vendor/codeigniter4/framework/system/CodeIgniter.php(361): CodeIgniter\CodeIgniter->handleRequest(null, Object(Config\Cache), false)
18 FCPATH/index.php(78): CodeIgniter\CodeIgniter->run()
CRITICAL - 2025-04-24 05:54:46 --> ErrorException: unlink(/home/bestph615/public_html/portal.bestphone.bg/writable/session/ci_sessionPortal824090653e6512a395280f636c5684794ae6b691636de041f759e71c9a7740a60af7a974): No such file or directory
in FCPATH/vendor/codeigniter4/framework/system/Session/Handlers/FileHandler.php on line 246.
 1 [internal function]: CodeIgniter\Debug\Exceptions->errorHandler(2, 'unlink(/home/bestph615/public_html/portal.bestphone.bg/writable/session/ci_sessionPortal824090653e6512a395280f636c5684794ae6b691636de041f759e71c9a7740a60af7a974): No such file or directory', '/home/bestph615/public_html/portal.bestphone.bg/vendor/codeigniter4/framework/system/Session/Handlers/FileHandler.php', 246)
 2 FCPATH/vendor/codeigniter4/framework/system/Session/Handlers/FileHandler.php(246): unlink('/home/bestph615/public_html/portal.bestphone.bg/writable/session/ci_sessionPortal824090653e6512a395280f636c5684794ae6b691636de041f759e71c9a7740a60af7a974')
 3 [internal function]: CodeIgniter\Session\Handlers\FileHandler->destroy('4ae6b691636de041f759e71c9a7740a60af7a974')
 4 FCPATH/vendor/codeigniter4/framework/system/Session/Session.php(400): session_regenerate_id(true)
 5 FCPATH/vendor/codeigniter4/framework/system/Session/Session.php(250): CodeIgniter\Session\Session->regenerate(true)
 6 SYSTEMPATH/Config/Services.php(693): CodeIgniter\Session\Session->start()
 7 SYSTEMPATH/Config/BaseService.php(258): CodeIgniter\Config\Services::session(Object(Config\Session), false)
 8 SYSTEMPATH/Config/BaseService.php(199): CodeIgniter\Config\BaseService::__callStatic('session', [...])
 9 SYSTEMPATH/Config/Services.php(664): CodeIgniter\Config\BaseService::getSharedInstance('session', null)
10 SYSTEMPATH/Config/BaseService.php(258): CodeIgniter\Config\Services::session()
11 SYSTEMPATH/Common.php(982): CodeIgniter\Config\BaseService::__callStatic('session', [])
12 APPPATH/Controllers/BaseController.php(230): session()
13 APPPATH/Controllers/BaseController.php(66): App\Controllers\BaseController->getSessionProperty()
14 APPPATH/Controllers/Shop.php(18): App\Controllers\BaseController->__construct()
15 FCPATH/vendor/codeigniter4/framework/system/CodeIgniter.php(913): App\Controllers\Shop->__construct()
16 FCPATH/vendor/codeigniter4/framework/system/CodeIgniter.php(493): CodeIgniter\CodeIgniter->createController()
17 FCPATH/vendor/codeigniter4/framework/system/CodeIgniter.php(361): CodeIgniter\CodeIgniter->handleRequest(null, Object(Config\Cache), false)
18 FCPATH/index.php(78): CodeIgniter\CodeIgniter->run()
CRITICAL - 2025-04-24 05:54:46 --> ErrorException: filesize(): stat failed for /home/bestph615/public_html/portal.bestphone.bg/writable/session/ci_sessionPortal824090653e6512a395280f636c5684794ae6b691636de041f759e71c9a7740a60af7a974
in FCPATH/vendor/codeigniter4/framework/system/Session/Handlers/FileHandler.php on line 160.
 1 [internal function]: CodeIgniter\Debug\Exceptions->errorHandler(2, 'filesize(): stat failed for /home/bestph615/public_html/portal.bestphone.bg/writable/session/ci_sessionPortal824090653e6512a395280f636c5684794ae6b691636de041f759e71c9a7740a60af7a974', '/home/bestph615/public_html/portal.bestphone.bg/vendor/codeigniter4/framework/system/Session/Handlers/FileHandler.php', 160)
 2 FCPATH/vendor/codeigniter4/framework/system/Session/Handlers/FileHandler.php(160): filesize('/home/bestph615/public_html/portal.bestphone.bg/writable/session/ci_sessionPortal824090653e6512a395280f636c5684794ae6b691636de041f759e71c9a7740a60af7a974')
 3 [internal function]: CodeIgniter\Session\Handlers\FileHandler->read('4ae6b691636de041f759e71c9a7740a60af7a974')
 4 FCPATH/vendor/codeigniter4/framework/system/Session/Session.php(919): session_start()
 5 FCPATH/vendor/codeigniter4/framework/system/Session/Session.php(241): CodeIgniter\Session\Session->startSession()
 6 SYSTEMPATH/Config/Services.php(693): CodeIgniter\Session\Session->start()
 7 SYSTEMPATH/Config/BaseService.php(258): CodeIgniter\Config\Services::session(Object(Config\Session), false)
 8 SYSTEMPATH/Config/BaseService.php(199): CodeIgniter\Config\BaseService::__callStatic('session', [...])
 9 SYSTEMPATH/Config/Services.php(664): CodeIgniter\Config\BaseService::getSharedInstance('session', null)
10 SYSTEMPATH/Config/BaseService.php(258): CodeIgniter\Config\Services::session()
11 SYSTEMPATH/Common.php(982): CodeIgniter\Config\BaseService::__callStatic('session', [])
12 APPPATH/Controllers/BaseController.php(230): session()
13 APPPATH/Controllers/BaseController.php(66): App\Controllers\BaseController->getSessionProperty()
14 APPPATH/Controllers/Shop.php(18): App\Controllers\BaseController->__construct()
15 FCPATH/vendor/codeigniter4/framework/system/CodeIgniter.php(913): App\Controllers\Shop->__construct()
16 FCPATH/vendor/codeigniter4/framework/system/CodeIgniter.php(493): CodeIgniter\CodeIgniter->createController()
17 FCPATH/vendor/codeigniter4/framework/system/CodeIgniter.php(361): CodeIgniter\CodeIgniter->handleRequest(null, Object(Config\Cache), false)
18 FCPATH/index.php(78): CodeIgniter\CodeIgniter->run()
CRITICAL - 2025-04-24 05:54:46 --> ErrorException: filesize(): stat failed for /home/bestph615/public_html/portal.bestphone.bg/writable/session/ci_sessionPortal824090653e6512a395280f636c5684794ae6b691636de041f759e71c9a7740a60af7a974
in FCPATH/vendor/codeigniter4/framework/system/Session/Handlers/FileHandler.php on line 160.
 1 [internal function]: CodeIgniter\Debug\Exceptions->errorHandler(2, 'filesize(): stat failed for /home/bestph615/public_html/portal.bestphone.bg/writable/session/ci_sessionPortal824090653e6512a395280f636c5684794ae6b691636de041f759e71c9a7740a60af7a974', '/home/bestph615/public_html/portal.bestphone.bg/vendor/codeigniter4/framework/system/Session/Handlers/FileHandler.php', 160)
 2 FCPATH/vendor/codeigniter4/framework/system/Session/Handlers/FileHandler.php(160): filesize('/home/bestph615/public_html/portal.bestphone.bg/writable/session/ci_sessionPortal824090653e6512a395280f636c5684794ae6b691636de041f759e71c9a7740a60af7a974')
 3 [internal function]: CodeIgniter\Session\Handlers\FileHandler->read('4ae6b691636de041f759e71c9a7740a60af7a974')
 4 FCPATH/vendor/codeigniter4/framework/system/Session/Session.php(919): session_start()
 5 FCPATH/vendor/codeigniter4/framework/system/Session/Session.php(241): CodeIgniter\Session\Session->startSession()
 6 SYSTEMPATH/Config/Services.php(693): CodeIgniter\Session\Session->start()
 7 SYSTEMPATH/Config/BaseService.php(258): CodeIgniter\Config\Services::session(Object(Config\Session), false)
 8 SYSTEMPATH/Config/BaseService.php(199): CodeIgniter\Config\BaseService::__callStatic('session', [...])
 9 SYSTEMPATH/Config/Services.php(664): CodeIgniter\Config\BaseService::getSharedInstance('session', null)
10 SYSTEMPATH/Config/BaseService.php(258): CodeIgniter\Config\Services::session()
11 SYSTEMPATH/Common.php(982): CodeIgniter\Config\BaseService::__callStatic('session', [])
12 APPPATH/Controllers/BaseController.php(230): session()
13 APPPATH/Controllers/BaseController.php(66): App\Controllers\BaseController->getSessionProperty()
14 APPPATH/Controllers/Shop.php(18): App\Controllers\BaseController->__construct()
15 FCPATH/vendor/codeigniter4/framework/system/CodeIgniter.php(913): App\Controllers\Shop->__construct()
16 FCPATH/vendor/codeigniter4/framework/system/CodeIgniter.php(493): CodeIgniter\CodeIgniter->createController()
17 FCPATH/vendor/codeigniter4/framework/system/CodeIgniter.php(361): CodeIgniter\CodeIgniter->handleRequest(null, Object(Config\Cache), false)
18 FCPATH/index.php(78): CodeIgniter\CodeIgniter->run()
CRITICAL - 2025-04-24 05:54:46 --> ErrorException: filesize(): stat failed for /home/bestph615/public_html/portal.bestphone.bg/writable/session/ci_sessionPortal824090653e6512a395280f636c5684794ae6b691636de041f759e71c9a7740a60af7a974
in FCPATH/vendor/codeigniter4/framework/system/Session/Handlers/FileHandler.php on line 160.
 1 [internal function]: CodeIgniter\Debug\Exceptions->errorHandler(2, 'filesize(): stat failed for /home/bestph615/public_html/portal.bestphone.bg/writable/session/ci_sessionPortal824090653e6512a395280f636c5684794ae6b691636de041f759e71c9a7740a60af7a974', '/home/bestph615/public_html/portal.bestphone.bg/vendor/codeigniter4/framework/system/Session/Handlers/FileHandler.php', 160)
 2 FCPATH/vendor/codeigniter4/framework/system/Session/Handlers/FileHandler.php(160): filesize('/home/bestph615/public_html/portal.bestphone.bg/writable/session/ci_sessionPortal824090653e6512a395280f636c5684794ae6b691636de041f759e71c9a7740a60af7a974')
 3 [internal function]: CodeIgniter\Session\Handlers\FileHandler->read('4ae6b691636de041f759e71c9a7740a60af7a974')
 4 FCPATH/vendor/codeigniter4/framework/system/Session/Session.php(919): session_start()
 5 FCPATH/vendor/codeigniter4/framework/system/Session/Session.php(241): CodeIgniter\Session\Session->startSession()
 6 SYSTEMPATH/Config/Services.php(693): CodeIgniter\Session\Session->start()
 7 SYSTEMPATH/Config/BaseService.php(258): CodeIgniter\Config\Services::session(Object(Config\Session), false)
 8 SYSTEMPATH/Config/BaseService.php(199): CodeIgniter\Config\BaseService::__callStatic('session', [...])
 9 SYSTEMPATH/Config/Services.php(664): CodeIgniter\Config\BaseService::getSharedInstance('session', null)
10 SYSTEMPATH/Config/BaseService.php(258): CodeIgniter\Config\Services::session()
11 SYSTEMPATH/Common.php(982): CodeIgniter\Config\BaseService::__callStatic('session', [])
12 APPPATH/Controllers/BaseController.php(230): session()
13 APPPATH/Controllers/BaseController.php(66): App\Controllers\BaseController->getSessionProperty()
14 APPPATH/Controllers/Shop.php(18): App\Controllers\BaseController->__construct()
15 FCPATH/vendor/codeigniter4/framework/system/CodeIgniter.php(913): App\Controllers\Shop->__construct()
16 FCPATH/vendor/codeigniter4/framework/system/CodeIgniter.php(493): CodeIgniter\CodeIgniter->createController()
17 FCPATH/vendor/codeigniter4/framework/system/CodeIgniter.php(361): CodeIgniter\CodeIgniter->handleRequest(null, Object(Config\Cache), false)
18 FCPATH/index.php(78): CodeIgniter\CodeIgniter->run()
CRITICAL - 2025-04-24 05:54:46 --> ErrorException: filesize(): stat failed for /home/bestph615/public_html/portal.bestphone.bg/writable/session/ci_sessionPortal824090653e6512a395280f636c5684794ae6b691636de041f759e71c9a7740a60af7a974
in FCPATH/vendor/codeigniter4/framework/system/Session/Handlers/FileHandler.php on line 160.
 1 [internal function]: CodeIgniter\Debug\Exceptions->errorHandler(2, 'filesize(): stat failed for /home/bestph615/public_html/portal.bestphone.bg/writable/session/ci_sessionPortal824090653e6512a395280f636c5684794ae6b691636de041f759e71c9a7740a60af7a974', '/home/bestph615/public_html/portal.bestphone.bg/vendor/codeigniter4/framework/system/Session/Handlers/FileHandler.php', 160)
 2 FCPATH/vendor/codeigniter4/framework/system/Session/Handlers/FileHandler.php(160): filesize('/home/bestph615/public_html/portal.bestphone.bg/writable/session/ci_sessionPortal824090653e6512a395280f636c5684794ae6b691636de041f759e71c9a7740a60af7a974')
 3 [internal function]: CodeIgniter\Session\Handlers\FileHandler->read('4ae6b691636de041f759e71c9a7740a60af7a974')
 4 FCPATH/vendor/codeigniter4/framework/system/Session/Session.php(919): session_start()
 5 FCPATH/vendor/codeigniter4/framework/system/Session/Session.php(241): CodeIgniter\Session\Session->startSession()
 6 SYSTEMPATH/Config/Services.php(693): CodeIgniter\Session\Session->start()
 7 SYSTEMPATH/Config/BaseService.php(258): CodeIgniter\Config\Services::session(Object(Config\Session), false)
 8 SYSTEMPATH/Config/BaseService.php(199): CodeIgniter\Config\BaseService::__callStatic('session', [...])
 9 SYSTEMPATH/Config/Services.php(664): CodeIgniter\Config\BaseService::getSharedInstance('session', null)
10 SYSTEMPATH/Config/BaseService.php(258): CodeIgniter\Config\Services::session()
11 SYSTEMPATH/Common.php(982): CodeIgniter\Config\BaseService::__callStatic('session', [])
12 APPPATH/Controllers/BaseController.php(230): session()
13 APPPATH/Controllers/BaseController.php(66): App\Controllers\BaseController->getSessionProperty()
14 APPPATH/Controllers/Shop.php(18): App\Controllers\BaseController->__construct()
15 FCPATH/vendor/codeigniter4/framework/system/CodeIgniter.php(913): App\Controllers\Shop->__construct()
16 FCPATH/vendor/codeigniter4/framework/system/CodeIgniter.php(493): CodeIgniter\CodeIgniter->createController()
17 FCPATH/vendor/codeigniter4/framework/system/CodeIgniter.php(361): CodeIgniter\CodeIgniter->handleRequest(null, Object(Config\Cache), false)
18 FCPATH/index.php(78): CodeIgniter\CodeIgniter->run()
CRITICAL - 2025-04-24 05:54:46 --> ErrorException: filesize(): stat failed for /home/bestph615/public_html/portal.bestphone.bg/writable/session/ci_sessionPortal824090653e6512a395280f636c5684794ae6b691636de041f759e71c9a7740a60af7a974
in FCPATH/vendor/codeigniter4/framework/system/Session/Handlers/FileHandler.php on line 160.
 1 [internal function]: CodeIgniter\Debug\Exceptions->errorHandler(2, 'filesize(): stat failed for /home/bestph615/public_html/portal.bestphone.bg/writable/session/ci_sessionPortal824090653e6512a395280f636c5684794ae6b691636de041f759e71c9a7740a60af7a974', '/home/bestph615/public_html/portal.bestphone.bg/vendor/codeigniter4/framework/system/Session/Handlers/FileHandler.php', 160)
 2 FCPATH/vendor/codeigniter4/framework/system/Session/Handlers/FileHandler.php(160): filesize('/home/bestph615/public_html/portal.bestphone.bg/writable/session/ci_sessionPortal824090653e6512a395280f636c5684794ae6b691636de041f759e71c9a7740a60af7a974')
 3 [internal function]: CodeIgniter\Session\Handlers\FileHandler->read('4ae6b691636de041f759e71c9a7740a60af7a974')
 4 FCPATH/vendor/codeigniter4/framework/system/Session/Session.php(919): session_start()
 5 FCPATH/vendor/codeigniter4/framework/system/Session/Session.php(241): CodeIgniter\Session\Session->startSession()
 6 SYSTEMPATH/Config/Services.php(693): CodeIgniter\Session\Session->start()
 7 SYSTEMPATH/Config/BaseService.php(258): CodeIgniter\Config\Services::session(Object(Config\Session), false)
 8 SYSTEMPATH/Config/BaseService.php(199): CodeIgniter\Config\BaseService::__callStatic('session', [...])
 9 SYSTEMPATH/Config/Services.php(664): CodeIgniter\Config\BaseService::getSharedInstance('session', null)
10 SYSTEMPATH/Config/BaseService.php(258): CodeIgniter\Config\Services::session()
11 SYSTEMPATH/Common.php(982): CodeIgniter\Config\BaseService::__callStatic('session', [])
12 APPPATH/Controllers/BaseController.php(230): session()
13 APPPATH/Controllers/BaseController.php(66): App\Controllers\BaseController->getSessionProperty()
14 APPPATH/Controllers/Shop.php(18): App\Controllers\BaseController->__construct()
15 FCPATH/vendor/codeigniter4/framework/system/CodeIgniter.php(913): App\Controllers\Shop->__construct()
16 FCPATH/vendor/codeigniter4/framework/system/CodeIgniter.php(493): CodeIgniter\CodeIgniter->createController()
17 FCPATH/vendor/codeigniter4/framework/system/CodeIgniter.php(361): CodeIgniter\CodeIgniter->handleRequest(null, Object(Config\Cache), false)
18 FCPATH/index.php(78): CodeIgniter\CodeIgniter->run()
CRITICAL - 2025-04-24 05:54:46 --> ErrorException: filesize(): stat failed for /home/bestph615/public_html/portal.bestphone.bg/writable/session/ci_sessionPortal824090653e6512a395280f636c5684794ae6b691636de041f759e71c9a7740a60af7a974
in FCPATH/vendor/codeigniter4/framework/system/Session/Handlers/FileHandler.php on line 160.
 1 [internal function]: CodeIgniter\Debug\Exceptions->errorHandler(2, 'filesize(): stat failed for /home/bestph615/public_html/portal.bestphone.bg/writable/session/ci_sessionPortal824090653e6512a395280f636c5684794ae6b691636de041f759e71c9a7740a60af7a974', '/home/bestph615/public_html/portal.bestphone.bg/vendor/codeigniter4/framework/system/Session/Handlers/FileHandler.php', 160)
 2 FCPATH/vendor/codeigniter4/framework/system/Session/Handlers/FileHandler.php(160): filesize('/home/bestph615/public_html/portal.bestphone.bg/writable/session/ci_sessionPortal824090653e6512a395280f636c5684794ae6b691636de041f759e71c9a7740a60af7a974')
 3 [internal function]: CodeIgniter\Session\Handlers\FileHandler->read('4ae6b691636de041f759e71c9a7740a60af7a974')
 4 FCPATH/vendor/codeigniter4/framework/system/Session/Session.php(919): session_start()
 5 FCPATH/vendor/codeigniter4/framework/system/Session/Session.php(241): CodeIgniter\Session\Session->startSession()
 6 SYSTEMPATH/Config/Services.php(693): CodeIgniter\Session\Session->start()
 7 SYSTEMPATH/Config/BaseService.php(258): CodeIgniter\Config\Services::session(Object(Config\Session), false)
 8 SYSTEMPATH/Config/BaseService.php(199): CodeIgniter\Config\BaseService::__callStatic('session', [...])
 9 SYSTEMPATH/Config/Services.php(664): CodeIgniter\Config\BaseService::getSharedInstance('session', null)
10 SYSTEMPATH/Config/BaseService.php(258): CodeIgniter\Config\Services::session()
11 SYSTEMPATH/Common.php(982): CodeIgniter\Config\BaseService::__callStatic('session', [])
12 APPPATH/Controllers/BaseController.php(230): session()
13 APPPATH/Controllers/BaseController.php(66): App\Controllers\BaseController->getSessionProperty()
14 APPPATH/Controllers/Shop.php(18): App\Controllers\BaseController->__construct()
15 FCPATH/vendor/codeigniter4/framework/system/CodeIgniter.php(913): App\Controllers\Shop->__construct()
16 FCPATH/vendor/codeigniter4/framework/system/CodeIgniter.php(493): CodeIgniter\CodeIgniter->createController()
17 FCPATH/vendor/codeigniter4/framework/system/CodeIgniter.php(361): CodeIgniter\CodeIgniter->handleRequest(null, Object(Config\Cache), false)
18 FCPATH/index.php(78): CodeIgniter\CodeIgniter->run()
CRITICAL - 2025-04-24 05:54:46 --> ErrorException: filesize(): stat failed for /home/bestph615/public_html/portal.bestphone.bg/writable/session/ci_sessionPortal824090653e6512a395280f636c5684794ae6b691636de041f759e71c9a7740a60af7a974
in FCPATH/vendor/codeigniter4/framework/system/Session/Handlers/FileHandler.php on line 160.
 1 [internal function]: CodeIgniter\Debug\Exceptions->errorHandler(2, 'filesize(): stat failed for /home/bestph615/public_html/portal.bestphone.bg/writable/session/ci_sessionPortal824090653e6512a395280f636c5684794ae6b691636de041f759e71c9a7740a60af7a974', '/home/bestph615/public_html/portal.bestphone.bg/vendor/codeigniter4/framework/system/Session/Handlers/FileHandler.php', 160)
 2 FCPATH/vendor/codeigniter4/framework/system/Session/Handlers/FileHandler.php(160): filesize('/home/bestph615/public_html/portal.bestphone.bg/writable/session/ci_sessionPortal824090653e6512a395280f636c5684794ae6b691636de041f759e71c9a7740a60af7a974')
 3 [internal function]: CodeIgniter\Session\Handlers\FileHandler->read('4ae6b691636de041f759e71c9a7740a60af7a974')
 4 FCPATH/vendor/codeigniter4/framework/system/Session/Session.php(919): session_start()
 5 FCPATH/vendor/codeigniter4/framework/system/Session/Session.php(241): CodeIgniter\Session\Session->startSession()
 6 SYSTEMPATH/Config/Services.php(693): CodeIgniter\Session\Session->start()
 7 SYSTEMPATH/Config/BaseService.php(258): CodeIgniter\Config\Services::session(Object(Config\Session), false)
 8 SYSTEMPATH/Config/BaseService.php(199): CodeIgniter\Config\BaseService::__callStatic('session', [...])
 9 SYSTEMPATH/Config/Services.php(664): CodeIgniter\Config\BaseService::getSharedInstance('session', null)
10 SYSTEMPATH/Config/BaseService.php(258): CodeIgniter\Config\Services::session()
11 SYSTEMPATH/Common.php(982): CodeIgniter\Config\BaseService::__callStatic('session', [])
12 APPPATH/Controllers/BaseController.php(230): session()
13 APPPATH/Controllers/BaseController.php(66): App\Controllers\BaseController->getSessionProperty()
14 APPPATH/Controllers/Shop.php(18): App\Controllers\BaseController->__construct()
15 FCPATH/vendor/codeigniter4/framework/system/CodeIgniter.php(913): App\Controllers\Shop->__construct()
16 FCPATH/vendor/codeigniter4/framework/system/CodeIgniter.php(493): CodeIgniter\CodeIgniter->createController()
17 FCPATH/vendor/codeigniter4/framework/system/CodeIgniter.php(361): CodeIgniter\CodeIgniter->handleRequest(null, Object(Config\Cache), false)
18 FCPATH/index.php(78): CodeIgniter\CodeIgniter->run()
CRITICAL - 2025-04-24 05:54:46 --> ErrorException: filesize(): stat failed for /home/bestph615/public_html/portal.bestphone.bg/writable/session/ci_sessionPortal824090653e6512a395280f636c5684794ae6b691636de041f759e71c9a7740a60af7a974
in FCPATH/vendor/codeigniter4/framework/system/Session/Handlers/FileHandler.php on line 160.
 1 [internal function]: CodeIgniter\Debug\Exceptions->errorHandler(2, 'filesize(): stat failed for /home/bestph615/public_html/portal.bestphone.bg/writable/session/ci_sessionPortal824090653e6512a395280f636c5684794ae6b691636de041f759e71c9a7740a60af7a974', '/home/bestph615/public_html/portal.bestphone.bg/vendor/codeigniter4/framework/system/Session/Handlers/FileHandler.php', 160)
 2 FCPATH/vendor/codeigniter4/framework/system/Session/Handlers/FileHandler.php(160): filesize('/home/bestph615/public_html/portal.bestphone.bg/writable/session/ci_sessionPortal824090653e6512a395280f636c5684794ae6b691636de041f759e71c9a7740a60af7a974')
 3 [internal function]: CodeIgniter\Session\Handlers\FileHandler->read('4ae6b691636de041f759e71c9a7740a60af7a974')
 4 FCPATH/vendor/codeigniter4/framework/system/Session/Session.php(919): session_start()
 5 FCPATH/vendor/codeigniter4/framework/system/Session/Session.php(241): CodeIgniter\Session\Session->startSession()
 6 SYSTEMPATH/Config/Services.php(693): CodeIgniter\Session\Session->start()
 7 SYSTEMPATH/Config/BaseService.php(258): CodeIgniter\Config\Services::session(Object(Config\Session), false)
 8 SYSTEMPATH/Config/BaseService.php(199): CodeIgniter\Config\BaseService::__callStatic('session', [...])
 9 SYSTEMPATH/Config/Services.php(664): CodeIgniter\Config\BaseService::getSharedInstance('session', null)
10 SYSTEMPATH/Config/BaseService.php(258): CodeIgniter\Config\Services::session()
11 SYSTEMPATH/Common.php(982): CodeIgniter\Config\BaseService::__callStatic('session', [])
12 APPPATH/Controllers/BaseController.php(230): session()
13 APPPATH/Controllers/BaseController.php(66): App\Controllers\BaseController->getSessionProperty()
14 APPPATH/Controllers/Shop.php(18): App\Controllers\BaseController->__construct()
15 FCPATH/vendor/codeigniter4/framework/system/CodeIgniter.php(913): App\Controllers\Shop->__construct()
16 FCPATH/vendor/codeigniter4/framework/system/CodeIgniter.php(493): CodeIgniter\CodeIgniter->createController()
17 FCPATH/vendor/codeigniter4/framework/system/CodeIgniter.php(361): CodeIgniter\CodeIgniter->handleRequest(null, Object(Config\Cache), false)
18 FCPATH/index.php(78): CodeIgniter\CodeIgniter->run()
CRITICAL - 2025-04-24 05:54:46 --> ErrorException: filesize(): stat failed for /home/bestph615/public_html/portal.bestphone.bg/writable/session/ci_sessionPortal824090653e6512a395280f636c5684794ae6b691636de041f759e71c9a7740a60af7a974
in FCPATH/vendor/codeigniter4/framework/system/Session/Handlers/FileHandler.php on line 160.
 1 [internal function]: CodeIgniter\Debug\Exceptions->errorHandler(2, 'filesize(): stat failed for /home/bestph615/public_html/portal.bestphone.bg/writable/session/ci_sessionPortal824090653e6512a395280f636c5684794ae6b691636de041f759e71c9a7740a60af7a974', '/home/bestph615/public_html/portal.bestphone.bg/vendor/codeigniter4/framework/system/Session/Handlers/FileHandler.php', 160)
 2 FCPATH/vendor/codeigniter4/framework/system/Session/Handlers/FileHandler.php(160): filesize('/home/bestph615/public_html/portal.bestphone.bg/writable/session/ci_sessionPortal824090653e6512a395280f636c5684794ae6b691636de041f759e71c9a7740a60af7a974')
 3 [internal function]: CodeIgniter\Session\Handlers\FileHandler->read('4ae6b691636de041f759e71c9a7740a60af7a974')
 4 FCPATH/vendor/codeigniter4/framework/system/Session/Session.php(919): session_start()
 5 FCPATH/vendor/codeigniter4/framework/system/Session/Session.php(241): CodeIgniter\Session\Session->startSession()
 6 SYSTEMPATH/Config/Services.php(693): CodeIgniter\Session\Session->start()
 7 SYSTEMPATH/Config/BaseService.php(258): CodeIgniter\Config\Services::session(Object(Config\Session), false)
 8 SYSTEMPATH/Config/BaseService.php(199): CodeIgniter\Config\BaseService::__callStatic('session', [...])
 9 SYSTEMPATH/Config/Services.php(664): CodeIgniter\Config\BaseService::getSharedInstance('session', null)
10 SYSTEMPATH/Config/BaseService.php(258): CodeIgniter\Config\Services::session()
11 SYSTEMPATH/Common.php(982): CodeIgniter\Config\BaseService::__callStatic('session', [])
12 APPPATH/Controllers/BaseController.php(230): session()
13 APPPATH/Controllers/BaseController.php(66): App\Controllers\BaseController->getSessionProperty()
14 APPPATH/Controllers/Shop.php(18): App\Controllers\BaseController->__construct()
15 FCPATH/vendor/codeigniter4/framework/system/CodeIgniter.php(913): App\Controllers\Shop->__construct()
16 FCPATH/vendor/codeigniter4/framework/system/CodeIgniter.php(493): CodeIgniter\CodeIgniter->createController()
17 FCPATH/vendor/codeigniter4/framework/system/CodeIgniter.php(361): CodeIgniter\CodeIgniter->handleRequest(null, Object(Config\Cache), false)
18 FCPATH/index.php(78): CodeIgniter\CodeIgniter->run()
CRITICAL - 2025-04-24 05:54:46 --> ErrorException: filesize(): stat failed for /home/bestph615/public_html/portal.bestphone.bg/writable/session/ci_sessionPortal824090653e6512a395280f636c5684794ae6b691636de041f759e71c9a7740a60af7a974
in FCPATH/vendor/codeigniter4/framework/system/Session/Handlers/FileHandler.php on line 160.
 1 [internal function]: CodeIgniter\Debug\Exceptions->errorHandler(2, 'filesize(): stat failed for /home/bestph615/public_html/portal.bestphone.bg/writable/session/ci_sessionPortal824090653e6512a395280f636c5684794ae6b691636de041f759e71c9a7740a60af7a974', '/home/bestph615/public_html/portal.bestphone.bg/vendor/codeigniter4/framework/system/Session/Handlers/FileHandler.php', 160)
 2 FCPATH/vendor/codeigniter4/framework/system/Session/Handlers/FileHandler.php(160): filesize('/home/bestph615/public_html/portal.bestphone.bg/writable/session/ci_sessionPortal824090653e6512a395280f636c5684794ae6b691636de041f759e71c9a7740a60af7a974')
 3 [internal function]: CodeIgniter\Session\Handlers\FileHandler->read('4ae6b691636de041f759e71c9a7740a60af7a974')
 4 FCPATH/vendor/codeigniter4/framework/system/Session/Session.php(919): session_start()
 5 FCPATH/vendor/codeigniter4/framework/system/Session/Session.php(241): CodeIgniter\Session\Session->startSession()
 6 SYSTEMPATH/Config/Services.php(693): CodeIgniter\Session\Session->start()
 7 SYSTEMPATH/Config/BaseService.php(258): CodeIgniter\Config\Services::session(Object(Config\Session), false)
 8 SYSTEMPATH/Config/BaseService.php(199): CodeIgniter\Config\BaseService::__callStatic('session', [...])
 9 SYSTEMPATH/Config/Services.php(664): CodeIgniter\Config\BaseService::getSharedInstance('session', null)
10 SYSTEMPATH/Config/BaseService.php(258): CodeIgniter\Config\Services::session()
11 SYSTEMPATH/Common.php(982): CodeIgniter\Config\BaseService::__callStatic('session', [])
12 APPPATH/Controllers/BaseController.php(230): session()
13 APPPATH/Controllers/BaseController.php(66): App\Controllers\BaseController->getSessionProperty()
14 APPPATH/Controllers/Shop.php(18): App\Controllers\BaseController->__construct()
15 FCPATH/vendor/codeigniter4/framework/system/CodeIgniter.php(913): App\Controllers\Shop->__construct()
16 FCPATH/vendor/codeigniter4/framework/system/CodeIgniter.php(493): CodeIgniter\CodeIgniter->createController()
17 FCPATH/vendor/codeigniter4/framework/system/CodeIgniter.php(361): CodeIgniter\CodeIgniter->handleRequest(null, Object(Config\Cache), false)
18 FCPATH/index.php(78): CodeIgniter\CodeIgniter->run()
CRITICAL - 2025-04-24 05:54:46 --> ErrorException: filesize(): stat failed for /home/bestph615/public_html/portal.bestphone.bg/writable/session/ci_sessionPortal824090653e6512a395280f636c5684794ae6b691636de041f759e71c9a7740a60af7a974
in FCPATH/vendor/codeigniter4/framework/system/Session/Handlers/FileHandler.php on line 160.
 1 [internal function]: CodeIgniter\Debug\Exceptions->errorHandler(2, 'filesize(): stat failed for /home/bestph615/public_html/portal.bestphone.bg/writable/session/ci_sessionPortal824090653e6512a395280f636c5684794ae6b691636de041f759e71c9a7740a60af7a974', '/home/bestph615/public_html/portal.bestphone.bg/vendor/codeigniter4/framework/system/Session/Handlers/FileHandler.php', 160)
 2 FCPATH/vendor/codeigniter4/framework/system/Session/Handlers/FileHandler.php(160): filesize('/home/bestph615/public_html/portal.bestphone.bg/writable/session/ci_sessionPortal824090653e6512a395280f636c5684794ae6b691636de041f759e71c9a7740a60af7a974')
 3 [internal function]: CodeIgniter\Session\Handlers\FileHandler->read('4ae6b691636de041f759e71c9a7740a60af7a974')
 4 FCPATH/vendor/codeigniter4/framework/system/Session/Session.php(919): session_start()
 5 FCPATH/vendor/codeigniter4/framework/system/Session/Session.php(241): CodeIgniter\Session\Session->startSession()
 6 SYSTEMPATH/Config/Services.php(693): CodeIgniter\Session\Session->start()
 7 SYSTEMPATH/Config/BaseService.php(258): CodeIgniter\Config\Services::session(Object(Config\Session), false)
 8 SYSTEMPATH/Config/BaseService.php(199): CodeIgniter\Config\BaseService::__callStatic('session', [...])
 9 SYSTEMPATH/Config/Services.php(664): CodeIgniter\Config\BaseService::getSharedInstance('session', null)
10 SYSTEMPATH/Config/BaseService.php(258): CodeIgniter\Config\Services::session()
11 SYSTEMPATH/Common.php(982): CodeIgniter\Config\BaseService::__callStatic('session', [])
12 APPPATH/Controllers/BaseController.php(230): session()
13 APPPATH/Controllers/BaseController.php(66): App\Controllers\BaseController->getSessionProperty()
14 APPPATH/Controllers/Shop.php(18): App\Controllers\BaseController->__construct()
15 FCPATH/vendor/codeigniter4/framework/system/CodeIgniter.php(913): App\Controllers\Shop->__construct()
16 FCPATH/vendor/codeigniter4/framework/system/CodeIgniter.php(493): CodeIgniter\CodeIgniter->createController()
17 FCPATH/vendor/codeigniter4/framework/system/CodeIgniter.php(361): CodeIgniter\CodeIgniter->handleRequest(null, Object(Config\Cache), false)
18 FCPATH/index.php(78): CodeIgniter\CodeIgniter->run()
