INFO - 2025-10-27 00:28:48 --> Session: Class initialized using 'CodeIgniter\Session\Handlers\FileHandler' driver.
INFO - 2025-10-27 09:09:46 --> Session: Class initialized using 'CodeIgniter\Session\Handlers\FileHandler' driver.
INFO - 2025-10-27 12:52:32 --> Session: Class initialized using 'CodeIgniter\Session\Handlers\FileHandler' driver.
INFO - 2025-10-27 12:52:33 --> Session: Class initialized using 'CodeIgniter\Session\Handlers\FileHandler' driver.
CRITICAL - 2025-10-27 12:52:33 --> CodeIgniter\View\Exceptions\ViewException: Невалиден файл: themes/bestphone/pages/VIEW__assets.php
in FCPATH/vendor/codeigniter4/framework/system/Exceptions/FrameworkException.php on line 39.
 1 FCPATH/vendor/codeigniter4/framework/system/View/View.php(216): CodeIgniter\Exceptions\FrameworkException::forInvalidFile('themes/bestphone/pages/VIEW__assets.php')
 2 APPPATH/Common.php(31): CodeIgniter\View\View->render('themes/bestphone/pages/VIEW__assets', [], true)
 3 APPPATH/Controllers/Pages.php(39): view('themes/bestphone/pages/VIEW__assets', [...])
 4 FCPATH/vendor/codeigniter4/framework/system/CodeIgniter.php(941): App\Controllers\Pages->index('assets', 'js', 'theme', 'electro', 'pagePreloader.js')
 5 FCPATH/vendor/codeigniter4/framework/system/CodeIgniter.php(502): CodeIgniter\CodeIgniter->runController(Object(App\Controllers\Pages))
 6 FCPATH/vendor/codeigniter4/framework/system/CodeIgniter.php(361): CodeIgniter\CodeIgniter->handleRequest(null, Object(Config\Cache), false)
 7 FCPATH/index.php(91): CodeIgniter\CodeIgniter->run()
INFO - 2025-10-27 12:52:33 --> Session: Class initialized using 'CodeIgniter\Session\Handlers\FileHandler' driver.
CRITICAL - 2025-10-27 12:52:33 --> CodeIgniter\View\Exceptions\ViewException: Невалиден файл: themes/bestphone/pages/VIEW__assets.php
in FCPATH/vendor/codeigniter4/framework/system/Exceptions/FrameworkException.php on line 39.
 1 FCPATH/vendor/codeigniter4/framework/system/View/View.php(216): CodeIgniter\Exceptions\FrameworkException::forInvalidFile('themes/bestphone/pages/VIEW__assets.php')
 2 APPPATH/Common.php(31): CodeIgniter\View\View->render('themes/bestphone/pages/VIEW__assets', [], true)
 3 APPPATH/Controllers/Pages.php(39): view('themes/bestphone/pages/VIEW__assets', [...])
 4 FCPATH/vendor/codeigniter4/framework/system/CodeIgniter.php(941): App\Controllers\Pages->index('assets', 'js', 'theme', 'electro', 'pagePreloader.js')
 5 FCPATH/vendor/codeigniter4/framework/system/CodeIgniter.php(502): CodeIgniter\CodeIgniter->runController(Object(App\Controllers\Pages))
 6 FCPATH/vendor/codeigniter4/framework/system/CodeIgniter.php(361): CodeIgniter\CodeIgniter->handleRequest(null, Object(Config\Cache), false)
 7 FCPATH/index.php(91): CodeIgniter\CodeIgniter->run()
INFO - 2025-10-27 12:52:35 --> Session: Class initialized using 'CodeIgniter\Session\Handlers\FileHandler' driver.
INFO - 2025-10-27 12:52:42 --> Session: Class initialized using 'CodeIgniter\Session\Handlers\FileHandler' driver.
INFO - 2025-10-27 12:52:42 --> Session: Class initialized using 'CodeIgniter\Session\Handlers\FileHandler' driver.
INFO - 2025-10-27 15:23:25 --> Session: Class initialized using 'CodeIgniter\Session\Handlers\FileHandler' driver.
INFO - 2025-10-27 15:23:25 --> Session: Class initialized using 'CodeIgniter\Session\Handlers\FileHandler' driver.
CRITICAL - 2025-10-27 15:23:25 --> CodeIgniter\View\Exceptions\ViewException: Невалиден файл: themes/bestphone/pages/VIEW__assets.php
in FCPATH/vendor/codeigniter4/framework/system/Exceptions/FrameworkException.php on line 39.
 1 FCPATH/vendor/codeigniter4/framework/system/View/View.php(216): CodeIgniter\Exceptions\FrameworkException::forInvalidFile('themes/bestphone/pages/VIEW__assets.php')
 2 APPPATH/Common.php(31): CodeIgniter\View\View->render('themes/bestphone/pages/VIEW__assets', [], true)
 3 APPPATH/Controllers/Pages.php(39): view('themes/bestphone/pages/VIEW__assets', [...])
 4 FCPATH/vendor/codeigniter4/framework/system/CodeIgniter.php(941): App\Controllers\Pages->index('assets', 'js', 'theme', 'electro', 'pagePreloader.js')
 5 FCPATH/vendor/codeigniter4/framework/system/CodeIgniter.php(502): CodeIgniter\CodeIgniter->runController(Object(App\Controllers\Pages))
 6 FCPATH/vendor/codeigniter4/framework/system/CodeIgniter.php(361): CodeIgniter\CodeIgniter->handleRequest(null, Object(Config\Cache), false)
 7 FCPATH/index.php(91): CodeIgniter\CodeIgniter->run()
INFO - 2025-10-27 15:23:25 --> Session: Class initialized using 'CodeIgniter\Session\Handlers\FileHandler' driver.
CRITICAL - 2025-10-27 15:23:25 --> CodeIgniter\View\Exceptions\ViewException: Невалиден файл: themes/bestphone/pages/VIEW__assets.php
in FCPATH/vendor/codeigniter4/framework/system/Exceptions/FrameworkException.php on line 39.
 1 FCPATH/vendor/codeigniter4/framework/system/View/View.php(216): CodeIgniter\Exceptions\FrameworkException::forInvalidFile('themes/bestphone/pages/VIEW__assets.php')
 2 APPPATH/Common.php(31): CodeIgniter\View\View->render('themes/bestphone/pages/VIEW__assets', [], true)
 3 APPPATH/Controllers/Pages.php(39): view('themes/bestphone/pages/VIEW__assets', [...])
 4 FCPATH/vendor/codeigniter4/framework/system/CodeIgniter.php(941): App\Controllers\Pages->index('assets', 'js', 'theme', 'electro', 'pagePreloader.js')
 5 FCPATH/vendor/codeigniter4/framework/system/CodeIgniter.php(502): CodeIgniter\CodeIgniter->runController(Object(App\Controllers\Pages))
 6 FCPATH/vendor/codeigniter4/framework/system/CodeIgniter.php(361): CodeIgniter\CodeIgniter->handleRequest(null, Object(Config\Cache), false)
 7 FCPATH/index.php(91): CodeIgniter\CodeIgniter->run()
INFO - 2025-10-27 15:23:26 --> Session: Class initialized using 'CodeIgniter\Session\Handlers\FileHandler' driver.
INFO - 2025-10-27 15:26:40 --> Session: Class initialized using 'CodeIgniter\Session\Handlers\FileHandler' driver.
INFO - 2025-10-27 15:26:40 --> Session: Class initialized using 'CodeIgniter\Session\Handlers\FileHandler' driver.
CRITICAL - 2025-10-27 15:26:40 --> CodeIgniter\View\Exceptions\ViewException: Невалиден файл: themes/bestphone/pages/VIEW__assets.php
in FCPATH/vendor/codeigniter4/framework/system/Exceptions/FrameworkException.php on line 39.
 1 FCPATH/vendor/codeigniter4/framework/system/View/View.php(216): CodeIgniter\Exceptions\FrameworkException::forInvalidFile('themes/bestphone/pages/VIEW__assets.php')
 2 APPPATH/Common.php(31): CodeIgniter\View\View->render('themes/bestphone/pages/VIEW__assets', [], true)
 3 APPPATH/Controllers/Pages.php(39): view('themes/bestphone/pages/VIEW__assets', [...])
 4 FCPATH/vendor/codeigniter4/framework/system/CodeIgniter.php(941): App\Controllers\Pages->index('assets', 'js', 'theme', 'electro', 'pagePreloader.js')
 5 FCPATH/vendor/codeigniter4/framework/system/CodeIgniter.php(502): CodeIgniter\CodeIgniter->runController(Object(App\Controllers\Pages))
 6 FCPATH/vendor/codeigniter4/framework/system/CodeIgniter.php(361): CodeIgniter\CodeIgniter->handleRequest(null, Object(Config\Cache), false)
 7 FCPATH/index.php(91): CodeIgniter\CodeIgniter->run()
INFO - 2025-10-27 15:26:41 --> Session: Class initialized using 'CodeIgniter\Session\Handlers\FileHandler' driver.
CRITICAL - 2025-10-27 15:26:41 --> CodeIgniter\View\Exceptions\ViewException: Невалиден файл: themes/bestphone/pages/VIEW__assets.php
in FCPATH/vendor/codeigniter4/framework/system/Exceptions/FrameworkException.php on line 39.
 1 FCPATH/vendor/codeigniter4/framework/system/View/View.php(216): CodeIgniter\Exceptions\FrameworkException::forInvalidFile('themes/bestphone/pages/VIEW__assets.php')
 2 APPPATH/Common.php(31): CodeIgniter\View\View->render('themes/bestphone/pages/VIEW__assets', [], true)
 3 APPPATH/Controllers/Pages.php(39): view('themes/bestphone/pages/VIEW__assets', [...])
 4 FCPATH/vendor/codeigniter4/framework/system/CodeIgniter.php(941): App\Controllers\Pages->index('assets', 'js', 'theme', 'electro', 'pagePreloader.js')
 5 FCPATH/vendor/codeigniter4/framework/system/CodeIgniter.php(502): CodeIgniter\CodeIgniter->runController(Object(App\Controllers\Pages))
 6 FCPATH/vendor/codeigniter4/framework/system/CodeIgniter.php(361): CodeIgniter\CodeIgniter->handleRequest(null, Object(Config\Cache), false)
 7 FCPATH/index.php(91): CodeIgniter\CodeIgniter->run()
INFO - 2025-10-27 15:26:42 --> Session: Class initialized using 'CodeIgniter\Session\Handlers\FileHandler' driver.
INFO - 2025-10-27 15:27:18 --> Session: Class initialized using 'CodeIgniter\Session\Handlers\FileHandler' driver.
INFO - 2025-10-27 15:27:21 --> Session: Class initialized using 'CodeIgniter\Session\Handlers\FileHandler' driver.
INFO - 2025-10-27 15:27:21 --> Session: Class initialized using 'CodeIgniter\Session\Handlers\FileHandler' driver.
